[ 2015-05-12T15:14:44+08:00 ] 127.0.0.1 /
INFO: [ app_init ] --START--
INFO: Run Behavior\BuildLiteBehavior [ RunTime:0.000036s ]
INFO: [ app_init ] --END-- [ RunTime:0.029060s ]
INFO: [ app_begin ] --START--
INFO: Run Behavior\ReadHtmlCacheBehavior [ RunTime:0.023175s ]
INFO: [ app_begin ] --END-- [ RunTime:0.023373s ]
SQL: SHOW COLUMNS FROM `yzclub_site` [ RunTime:0.0694s ]
SQL: SELECT `value` FROM `yzclub_site` WHERE `name` = 'status' LIMIT 1   [ RunTime:0.0180s ]
SQL: SELECT `value` FROM `yzclub_site` WHERE `name` = 'title' LIMIT 1   [ RunTime:0.0003s ]
SQL: SELECT `value` FROM `yzclub_site` WHERE `name` = 'keywords' LIMIT 1   [ RunTime:0.0005s ]
SQL: SELECT `value` FROM `yzclub_site` WHERE `name` = 'description' LIMIT 1   [ RunTime:0.0003s ]
SQL: SHOW COLUMNS FROM `yzclub_nav` [ RunTime:0.0727s ]
SQL: SELECT * FROM `yzclub_nav` WHERE `type` = '顶部导航'  [ RunTime:0.0006s ]
SQL: SELECT * FROM `yzclub_nav` WHERE `type` = '底部导航'  [ RunTime:0.0004s ]
SQL: SELECT * FROM `yzclub_site` WHERE `name` = 'copyright' LIMIT 1   [ RunTime:0.0004s ]
SQL: SHOW COLUMNS FROM `yzclub_friendlink` [ RunTime:0.0373s ]
SQL: SELECT * FROM `yzclub_friendlink`  [ RunTime:0.0005s ]
SQL: SHOW COLUMNS FROM `yzclub_news` [ RunTime:0.0414s ]
SQL: SELECT * FROM `yzclub_news` WHERE `type` = 1 AND `status` = 1 AND `is_top` = 1  [ RunTime:0.0074s ]
SQL: SHOW COLUMNS FROM `new`.`news_article` [ RunTime:0.4086s ]
SQL: SELECT * FROM new.news_article WHERE `id` = 4631 LIMIT 1   [ RunTime:0.0006s ]
NOTIC: [8] Undefined variable: k E:\server\Apache2.4\htdocs\club\Application\Home\Controller\IndexController.class.php 第 17 行.
SQL: SELECT * FROM new.news_article WHERE `id` = 4950 LIMIT 1   [ RunTime:0.0003s ]
NOTIC: [8] Undefined variable: k E:\server\Apache2.4\htdocs\club\Application\Home\Controller\IndexController.class.php 第 17 行.
SQL: SELECT * FROM new.news_article WHERE `id` = 4951 LIMIT 1   [ RunTime:0.0002s ]
NOTIC: [8] Undefined variable: k E:\server\Apache2.4\htdocs\club\Application\Home\Controller\IndexController.class.php 第 17 行.
SQL: SELECT * FROM new.news_article WHERE `id` = 52 LIMIT 1   [ RunTime:0.0002s ]
NOTIC: [8] Undefined variable: k E:\server\Apache2.4\htdocs\club\Application\Home\Controller\IndexController.class.php 第 17 行.
SQL: SELECT * FROM new.news_article WHERE `id` = 81 LIMIT 1   [ RunTime:0.0002s ]
NOTIC: [8] Undefined variable: k E:\server\Apache2.4\htdocs\club\Application\Home\Controller\IndexController.class.php 第 17 行.
SQL: SELECT * FROM new.news_article WHERE `id` = 107 LIMIT 1   [ RunTime:0.0002s ]
NOTIC: [8] Undefined variable: k E:\server\Apache2.4\htdocs\club\Application\Home\Controller\IndexController.class.php 第 17 行.
SQL: SELECT * FROM `yzclub_news` WHERE `type` = 2 AND `status` = 1 AND `is_top` = 1  [ RunTime:0.0002s ]
SQL: SELECT * FROM new.news_article WHERE `id` = 4952 LIMIT 1   [ RunTime:0.0002s ]
SQL: SELECT * FROM new.news_article WHERE `id` = 74 LIMIT 1   [ RunTime:0.0002s ]
SQL: SELECT * FROM new.news_article WHERE `id` = 51 LIMIT 1   [ RunTime:0.0002s ]
SQL: SHOW COLUMNS FROM `yzclub_adv` [ RunTime:0.0118s ]
SQL: SELECT * FROM `yzclub_adv` WHERE `adv_id` = 1 AND `status` = 1  [ RunTime:0.0004s ]
INFO: [ view_parse ] --START--
INFO: [ template_filter ] --START--
INFO: Run Behavior\ContentReplaceBehavior [ RunTime:0.000598s ]
INFO: [ template_filter ] --END-- [ RunTime:0.000743s ]
NOTIC: [8] Undefined variable: keywords E:\server\Apache2.4\htdocs\club\Application\Runtime\Cache\Home\2a94b8bda04ff446dcedd42276fc99ee.php 第 6 行.
NOTIC: [8] Undefined offset: 0 E:\server\Apache2.4\htdocs\club\Application\Runtime\Cache\Home\2a94b8bda04ff446dcedd42276fc99ee.php 第 30 行.
NOTIC: [8] Undefined offset: 0 E:\server\Apache2.4\htdocs\club\Application\Runtime\Cache\Home\2a94b8bda04ff446dcedd42276fc99ee.php 第 31 行.
NOTIC: [8] Undefined offset: 0 E:\server\Apache2.4\htdocs\club\Application\Runtime\Cache\Home\2a94b8bda04ff446dcedd42276fc99ee.php 第 30 行.
NOTIC: [8] Undefined offset: 0 E:\server\Apache2.4\htdocs\club\Application\Runtime\Cache\Home\2a94b8bda04ff446dcedd42276fc99ee.php 第 31 行.
NOTIC: [8] Undefined offset: 0 E:\server\Apache2.4\htdocs\club\Application\Runtime\Cache\Home\2a94b8bda04ff446dcedd42276fc99ee.php 第 30 行.
NOTIC: [8] Undefined offset: 0 E:\server\Apache2.4\htdocs\club\Application\Runtime\Cache\Home\2a94b8bda04ff446dcedd42276fc99ee.php 第 31 行.
NOTIC: [8] Undefined offset: 0 E:\server\Apache2.4\htdocs\club\Application\Runtime\Cache\Home\2a94b8bda04ff446dcedd42276fc99ee.php 第 30 行.
NOTIC: [8] Undefined offset: 0 E:\server\Apache2.4\htdocs\club\Application\Runtime\Cache\Home\2a94b8bda04ff446dcedd42276fc99ee.php 第 31 行.
NOTIC: [8] Undefined index: title E:\server\Apache2.4\htdocs\club\Application\Runtime\Cache\Home\2a94b8bda04ff446dcedd42276fc99ee.php 第 72 行.
NOTIC: [8] Undefined index: title E:\server\Apache2.4\htdocs\club\Application\Runtime\Cache\Home\2a94b8bda04ff446dcedd42276fc99ee.php 第 72 行.
INFO: Run Behavior\ParseTemplateBehavior [ RunTime:0.417203s ]
INFO: [ view_parse ] --END-- [ RunTime:0.417309s ]
INFO: [ view_filter ] --START--
INFO: Run Behavior\WriteHtmlCacheBehavior [ RunTime:0.016462s ]
INFO: [ view_filter ] --END-- [ RunTime:0.016559s ]
INFO: [ app_end ] --START--
INFO: Run Behavior\ShowPageTraceBehavior [ RunTime:0.041746s ]
INFO: [ app_end ] --END-- [ RunTime:0.041864s ]

[ 2015-05-12T15:14:45+08:00 ] 127.0.0.1 /favicon.ico
INFO: [ app_init ] --START--
INFO: Run Behavior\BuildLiteBehavior [ RunTime:0.000021s ]
INFO: [ app_init ] --END-- [ RunTime:0.000469s ]

