[ 2015-05-05T11:21:52+08:00 ] 127.0.0.1 /
INFO: [ app_init ] --START--
INFO: Run Behavior\BuildLiteBehavior [ RunTime:0.000073s ]
INFO: [ app_init ] --END-- [ RunTime:0.007173s ]
INFO: [ app_begin ] --START--
INFO: Run Behavior\ReadHtmlCacheBehavior [ RunTime:0.027537s ]
INFO: [ app_begin ] --END-- [ RunTime:0.027818s ]
SQL: SHOW COLUMNS FROM `yzclub_nav` [ RunTime:0.0310s ]
SQL: SELECT * FROM `yzclub_nav` WHERE `type` = '顶部导航'  [ RunTime:0.0008s ]
SQL: SELECT * FROM `yzclub_nav` WHERE `type` = '底部导航'  [ RunTime:0.0324s ]
SQL: SHOW COLUMNS FROM `yzclub_site` [ RunTime:0.0391s ]
SQL: SELECT * FROM `yzclub_site` WHERE `name` = 'copyright' LIMIT 1   [ RunTime:0.0241s ]
SQL: SHOW COLUMNS FROM `yzclub_friendlink` [ RunTime:0.0275s ]
SQL: SELECT * FROM `yzclub_friendlink`  [ RunTime:0.0007s ]
SQL: SHOW COLUMNS FROM `yzclub_news` [ RunTime:0.0487s ]
SQL: SELECT * FROM `yzclub_news` WHERE `type` = 1 AND `status` = 1 AND `is_top` = 1  [ RunTime:0.0085s ]
SQL: SHOW COLUMNS FROM `new`.`news_article` [ RunTime:0.0164s ]
SQL: SELECT * FROM new.news_article WHERE `id` = 4631 LIMIT 1   [ RunTime:0.0227s ]
NOTIC: [8] Undefined variable: k E:\server\Apache2.4\htdocs\club\Application\Home\Controller\IndexController.class.php 第 17 行.
SQL: SELECT * FROM new.news_article WHERE `id` = 4950 LIMIT 1   [ RunTime:0.0009s ]
NOTIC: [8] Undefined variable: k E:\server\Apache2.4\htdocs\club\Application\Home\Controller\IndexController.class.php 第 17 行.
SQL: SELECT * FROM new.news_article WHERE `id` = 4951 LIMIT 1   [ RunTime:0.0006s ]
NOTIC: [8] Undefined variable: k E:\server\Apache2.4\htdocs\club\Application\Home\Controller\IndexController.class.php 第 17 行.
SQL: SELECT * FROM new.news_article WHERE `id` = 52 LIMIT 1   [ RunTime:0.0008s ]
NOTIC: [8] Undefined variable: k E:\server\Apache2.4\htdocs\club\Application\Home\Controller\IndexController.class.php 第 17 行.
SQL: SELECT * FROM new.news_article WHERE `id` = 81 LIMIT 1   [ RunTime:0.0011s ]
NOTIC: [8] Undefined variable: k E:\server\Apache2.4\htdocs\club\Application\Home\Controller\IndexController.class.php 第 17 行.
SQL: SELECT * FROM new.news_article WHERE `id` = 107 LIMIT 1   [ RunTime:0.0009s ]
NOTIC: [8] Undefined variable: k E:\server\Apache2.4\htdocs\club\Application\Home\Controller\IndexController.class.php 第 17 行.
SQL: SELECT * FROM `yzclub_news` WHERE `type` = 2 AND `status` = 1 AND `is_top` = 1  [ RunTime:0.0007s ]
SQL: SELECT * FROM new.news_article WHERE `id` = 4952 LIMIT 1   [ RunTime:0.0006s ]
SQL: SELECT * FROM new.news_article WHERE `id` = 74 LIMIT 1   [ RunTime:0.0008s ]
SQL: SELECT * FROM new.news_article WHERE `id` = 51 LIMIT 1   [ RunTime:0.0005s ]
INFO: [ view_parse ] --START--
INFO: [ template_filter ] --START--
INFO: Run Behavior\ContentReplaceBehavior [ RunTime:0.000584s ]
INFO: [ template_filter ] --END-- [ RunTime:0.000962s ]
NOTIC: [8] Undefined offset: 0 E:\server\Apache2.4\htdocs\club\Application\Runtime\Cache\Home\2a94b8bda04ff446dcedd42276fc99ee.php 第 28 行.
NOTIC: [8] Undefined offset: 0 E:\server\Apache2.4\htdocs\club\Application\Runtime\Cache\Home\2a94b8bda04ff446dcedd42276fc99ee.php 第 29 行.
NOTIC: [8] Undefined offset: 0 E:\server\Apache2.4\htdocs\club\Application\Runtime\Cache\Home\2a94b8bda04ff446dcedd42276fc99ee.php 第 28 行.
NOTIC: [8] Undefined offset: 0 E:\server\Apache2.4\htdocs\club\Application\Runtime\Cache\Home\2a94b8bda04ff446dcedd42276fc99ee.php 第 29 行.
NOTIC: [8] Undefined offset: 0 E:\server\Apache2.4\htdocs\club\Application\Runtime\Cache\Home\2a94b8bda04ff446dcedd42276fc99ee.php 第 28 行.
NOTIC: [8] Undefined offset: 0 E:\server\Apache2.4\htdocs\club\Application\Runtime\Cache\Home\2a94b8bda04ff446dcedd42276fc99ee.php 第 29 行.
NOTIC: [8] Undefined offset: 0 E:\server\Apache2.4\htdocs\club\Application\Runtime\Cache\Home\2a94b8bda04ff446dcedd42276fc99ee.php 第 28 行.
NOTIC: [8] Undefined offset: 0 E:\server\Apache2.4\htdocs\club\Application\Runtime\Cache\Home\2a94b8bda04ff446dcedd42276fc99ee.php 第 29 行.
NOTIC: [8] Undefined index: title E:\server\Apache2.4\htdocs\club\Application\Runtime\Cache\Home\2a94b8bda04ff446dcedd42276fc99ee.php 第 72 行.
NOTIC: [8] Undefined index: title E:\server\Apache2.4\htdocs\club\Application\Runtime\Cache\Home\2a94b8bda04ff446dcedd42276fc99ee.php 第 72 行.
INFO: Run Behavior\ParseTemplateBehavior [ RunTime:0.295470s ]
INFO: [ view_parse ] --END-- [ RunTime:0.295971s ]
INFO: [ view_filter ] --START--
INFO: Run Behavior\WriteHtmlCacheBehavior [ RunTime:0.035312s ]
INFO: [ view_filter ] --END-- [ RunTime:0.035767s ]
INFO: [ app_end ] --START--
INFO: Run Behavior\ShowPageTraceBehavior [ RunTime:0.080166s ]
INFO: [ app_end ] --END-- [ RunTime:0.080691s ]

[ 2015-05-05T11:21:53+08:00 ] 127.0.0.1 /favicon.ico
INFO: [ app_init ] --START--
INFO: Run Behavior\BuildLiteBehavior [ RunTime:0.000065s ]
INFO: [ app_init ] --END-- [ RunTime:0.000848s ]

[ 2015-05-05T11:35:37+08:00 ] 127.0.0.1 /upload?action=config&&noCache=1430796937275
INFO: [ app_init ] --START--
INFO: Run Behavior\BuildLiteBehavior [ RunTime:0.000052s ]
INFO: [ app_init ] --END-- [ RunTime:0.000707s ]
INFO: [ app_begin ] --START--
INFO: Run Behavior\ReadHtmlCacheBehavior [ RunTime:0.000693s ]
INFO: [ app_begin ] --END-- [ RunTime:0.000928s ]
SQL: SHOW COLUMNS FROM `yzclub_nav` [ RunTime:0.0134s ]
SQL: SELECT * FROM `yzclub_nav` WHERE `type` = '顶部导航'  [ RunTime:0.0008s ]
SQL: SELECT * FROM `yzclub_nav` WHERE `type` = '底部导航'  [ RunTime:0.0007s ]
SQL: SHOW COLUMNS FROM `yzclub_site` [ RunTime:0.0098s ]
SQL: SELECT * FROM `yzclub_site` WHERE `name` = 'copyright' LIMIT 1   [ RunTime:0.0006s ]
SQL: SHOW COLUMNS FROM `yzclub_friendlink` [ RunTime:0.0109s ]
SQL: SELECT * FROM `yzclub_friendlink`  [ RunTime:0.0004s ]
NOTIC: [8] Constant OSS_ACCESS_ID already defined E:\server\Apache2.4\htdocs\club\oss_php_sdk\conf.inc.php 第 4 行.
NOTIC: [8] Constant OSS_ACCESS_KEY already defined E:\server\Apache2.4\htdocs\club\oss_php_sdk\conf.inc.php 第 7 行.
NOTIC: [8] Constant ALI_LOG already defined E:\server\Apache2.4\htdocs\club\oss_php_sdk\conf.inc.php 第 11 行.
NOTIC: [8] Constant ALI_DISPLAY_LOG already defined E:\server\Apache2.4\htdocs\club\oss_php_sdk\conf.inc.php 第 17 行.
NOTIC: [8] Constant ALI_LANG already defined E:\server\Apache2.4\htdocs\club\oss_php_sdk\conf.inc.php 第 20 行.
NOTIC: [8] Constant BUCKET already defined E:\server\Apache2.4\htdocs\club\oss_php_sdk\conf.inc.php 第 23 行.
NOTIC: [8] Constant URL already defined E:\server\Apache2.4\htdocs\club\oss_php_sdk\conf.inc.php 第 26 行.
INFO: [ app_end ] --START--
INFO: Run Behavior\ShowPageTraceBehavior [ RunTime:0.002369s ]
INFO: [ app_end ] --END-- [ RunTime:0.002715s ]

[ 2015-05-05T11:38:54+08:00 ] 127.0.0.1 /
INFO: [ app_init ] --START--
INFO: Run Behavior\BuildLiteBehavior [ RunTime:0.000049s ]
INFO: [ app_init ] --END-- [ RunTime:0.000631s ]
INFO: [ app_begin ] --START--
INFO: Run Behavior\ReadHtmlCacheBehavior [ RunTime:0.000705s ]
INFO: [ app_begin ] --END-- [ RunTime:0.000938s ]
SQL: SHOW COLUMNS FROM `yzclub_nav` [ RunTime:0.0199s ]
SQL: SELECT * FROM `yzclub_nav` WHERE `type` = '顶部导航'  [ RunTime:0.0005s ]
SQL: SELECT * FROM `yzclub_nav` WHERE `type` = '底部导航'  [ RunTime:0.0005s ]
SQL: SHOW COLUMNS FROM `yzclub_site` [ RunTime:0.0093s ]
SQL: SELECT * FROM `yzclub_site` WHERE `name` = 'copyright' LIMIT 1   [ RunTime:0.0006s ]
SQL: SHOW COLUMNS FROM `yzclub_friendlink` [ RunTime:0.0514s ]
SQL: SELECT * FROM `yzclub_friendlink`  [ RunTime:0.0006s ]
SQL: SHOW COLUMNS FROM `yzclub_news` [ RunTime:0.0096s ]
SQL: SELECT * FROM `yzclub_news` WHERE `type` = 1 AND `status` = 1 AND `is_top` = 1  [ RunTime:0.0006s ]
SQL: SHOW COLUMNS FROM `new`.`news_article` [ RunTime:0.0185s ]
SQL: SELECT * FROM new.news_article WHERE `id` = 4631 LIMIT 1   [ RunTime:0.0006s ]
NOTIC: [8] Undefined variable: k E:\server\Apache2.4\htdocs\club\Application\Home\Controller\IndexController.class.php 第 17 行.
SQL: SELECT * FROM new.news_article WHERE `id` = 4950 LIMIT 1   [ RunTime:0.0004s ]
NOTIC: [8] Undefined variable: k E:\server\Apache2.4\htdocs\club\Application\Home\Controller\IndexController.class.php 第 17 行.
SQL: SELECT * FROM new.news_article WHERE `id` = 4951 LIMIT 1   [ RunTime:0.0006s ]
NOTIC: [8] Undefined variable: k E:\server\Apache2.4\htdocs\club\Application\Home\Controller\IndexController.class.php 第 17 行.
SQL: SELECT * FROM new.news_article WHERE `id` = 52 LIMIT 1   [ RunTime:0.0006s ]
NOTIC: [8] Undefined variable: k E:\server\Apache2.4\htdocs\club\Application\Home\Controller\IndexController.class.php 第 17 行.
SQL: SELECT * FROM new.news_article WHERE `id` = 81 LIMIT 1   [ RunTime:0.0005s ]
NOTIC: [8] Undefined variable: k E:\server\Apache2.4\htdocs\club\Application\Home\Controller\IndexController.class.php 第 17 行.
SQL: SELECT * FROM new.news_article WHERE `id` = 107 LIMIT 1   [ RunTime:0.0007s ]
NOTIC: [8] Undefined variable: k E:\server\Apache2.4\htdocs\club\Application\Home\Controller\IndexController.class.php 第 17 行.
SQL: SELECT * FROM `yzclub_news` WHERE `type` = 2 AND `status` = 1 AND `is_top` = 1  [ RunTime:0.0003s ]
SQL: SELECT * FROM new.news_article WHERE `id` = 4952 LIMIT 1   [ RunTime:0.0003s ]
SQL: SELECT * FROM new.news_article WHERE `id` = 74 LIMIT 1   [ RunTime:0.0007s ]
SQL: SELECT * FROM new.news_article WHERE `id` = 51 LIMIT 1   [ RunTime:0.0006s ]
INFO: [ view_parse ] --START--
INFO: [ template_filter ] --START--
INFO: Run Behavior\ContentReplaceBehavior [ RunTime:0.000324s ]
INFO: [ template_filter ] --END-- [ RunTime:0.000592s ]
NOTIC: [8] Undefined offset: 0 E:\server\Apache2.4\htdocs\club\Application\Runtime\Cache\Home\2a94b8bda04ff446dcedd42276fc99ee.php 第 28 行.
NOTIC: [8] Undefined offset: 0 E:\server\Apache2.4\htdocs\club\Application\Runtime\Cache\Home\2a94b8bda04ff446dcedd42276fc99ee.php 第 29 行.
NOTIC: [8] Undefined offset: 0 E:\server\Apache2.4\htdocs\club\Application\Runtime\Cache\Home\2a94b8bda04ff446dcedd42276fc99ee.php 第 28 行.
NOTIC: [8] Undefined offset: 0 E:\server\Apache2.4\htdocs\club\Application\Runtime\Cache\Home\2a94b8bda04ff446dcedd42276fc99ee.php 第 29 行.
NOTIC: [8] Undefined offset: 0 E:\server\Apache2.4\htdocs\club\Application\Runtime\Cache\Home\2a94b8bda04ff446dcedd42276fc99ee.php 第 28 行.
NOTIC: [8] Undefined offset: 0 E:\server\Apache2.4\htdocs\club\Application\Runtime\Cache\Home\2a94b8bda04ff446dcedd42276fc99ee.php 第 29 行.
NOTIC: [8] Undefined offset: 0 E:\server\Apache2.4\htdocs\club\Application\Runtime\Cache\Home\2a94b8bda04ff446dcedd42276fc99ee.php 第 28 行.
NOTIC: [8] Undefined offset: 0 E:\server\Apache2.4\htdocs\club\Application\Runtime\Cache\Home\2a94b8bda04ff446dcedd42276fc99ee.php 第 29 行.
NOTIC: [8] Undefined index: title E:\server\Apache2.4\htdocs\club\Application\Runtime\Cache\Home\2a94b8bda04ff446dcedd42276fc99ee.php 第 72 行.
NOTIC: [8] Undefined index: title E:\server\Apache2.4\htdocs\club\Application\Runtime\Cache\Home\2a94b8bda04ff446dcedd42276fc99ee.php 第 72 行.
INFO: Run Behavior\ParseTemplateBehavior [ RunTime:0.054721s ]
INFO: [ view_parse ] --END-- [ RunTime:0.054961s ]
INFO: [ view_filter ] --START--
INFO: Run Behavior\WriteHtmlCacheBehavior [ RunTime:0.000625s ]
INFO: [ view_filter ] --END-- [ RunTime:0.000852s ]
INFO: [ app_end ] --START--
INFO: Run Behavior\ShowPageTraceBehavior [ RunTime:0.001455s ]
INFO: [ app_end ] --END-- [ RunTime:0.001788s ]

[ 2015-05-05T11:42:47+08:00 ] 127.0.0.1 /index/introduction.html
INFO: [ app_init ] --START--
INFO: Run Behavior\BuildLiteBehavior [ RunTime:0.000067s ]
INFO: [ app_init ] --END-- [ RunTime:0.000947s ]
INFO: [ app_begin ] --START--
INFO: Run Behavior\ReadHtmlCacheBehavior [ RunTime:0.000547s ]
INFO: [ app_begin ] --END-- [ RunTime:0.000781s ]
SQL: SHOW COLUMNS FROM `yzclub_nav` [ RunTime:0.1175s ]
SQL: SELECT * FROM `yzclub_nav` WHERE `type` = '顶部导航'  [ RunTime:0.0006s ]
SQL: SELECT * FROM `yzclub_nav` WHERE `type` = '底部导航'  [ RunTime:0.0006s ]
SQL: SHOW COLUMNS FROM `yzclub_site` [ RunTime:0.0805s ]
SQL: SELECT * FROM `yzclub_site` WHERE `name` = 'copyright' LIMIT 1   [ RunTime:0.0005s ]
SQL: SHOW COLUMNS FROM `yzclub_friendlink` [ RunTime:0.0831s ]
SQL: SELECT * FROM `yzclub_friendlink`  [ RunTime:0.0003s ]
INFO: [ view_parse ] --START--
INFO: [ template_filter ] --START--
INFO: Run Behavior\ContentReplaceBehavior [ RunTime:0.000319s ]
INFO: [ template_filter ] --END-- [ RunTime:0.000563s ]
NOTIC: [8] Undefined offset: 0 E:\server\Apache2.4\htdocs\club\Application\Runtime\Cache\Home\5941d6446379a4a50e980a139ca5299f.php 第 34 行.
NOTIC: [8] Undefined offset: 0 E:\server\Apache2.4\htdocs\club\Application\Runtime\Cache\Home\5941d6446379a4a50e980a139ca5299f.php 第 35 行.
NOTIC: [8] Undefined offset: 0 E:\server\Apache2.4\htdocs\club\Application\Runtime\Cache\Home\5941d6446379a4a50e980a139ca5299f.php 第 34 行.
NOTIC: [8] Undefined offset: 0 E:\server\Apache2.4\htdocs\club\Application\Runtime\Cache\Home\5941d6446379a4a50e980a139ca5299f.php 第 35 行.
NOTIC: [8] Undefined offset: 0 E:\server\Apache2.4\htdocs\club\Application\Runtime\Cache\Home\5941d6446379a4a50e980a139ca5299f.php 第 34 行.
NOTIC: [8] Undefined offset: 0 E:\server\Apache2.4\htdocs\club\Application\Runtime\Cache\Home\5941d6446379a4a50e980a139ca5299f.php 第 35 行.
NOTIC: [8] Undefined offset: 0 E:\server\Apache2.4\htdocs\club\Application\Runtime\Cache\Home\5941d6446379a4a50e980a139ca5299f.php 第 34 行.
NOTIC: [8] Undefined offset: 0 E:\server\Apache2.4\htdocs\club\Application\Runtime\Cache\Home\5941d6446379a4a50e980a139ca5299f.php 第 35 行.
INFO: Run Behavior\ParseTemplateBehavior [ RunTime:0.355985s ]
INFO: [ view_parse ] --END-- [ RunTime:0.356233s ]
INFO: [ view_filter ] --START--
INFO: Run Behavior\WriteHtmlCacheBehavior [ RunTime:0.000564s ]
INFO: [ view_filter ] --END-- [ RunTime:0.000802s ]
INFO: [ app_end ] --START--
INFO: Run Behavior\ShowPageTraceBehavior [ RunTime:0.002909s ]
INFO: [ app_end ] --END-- [ RunTime:0.003369s ]

[ 2015-05-05T11:43:50+08:00 ] 127.0.0.1 /index/active.html
INFO: [ app_init ] --START--
INFO: Run Behavior\BuildLiteBehavior [ RunTime:0.000051s ]
INFO: [ app_init ] --END-- [ RunTime:0.000631s ]
INFO: [ app_begin ] --START--
INFO: Run Behavior\ReadHtmlCacheBehavior [ RunTime:0.000692s ]
INFO: [ app_begin ] --END-- [ RunTime:0.000992s ]
SQL: SHOW COLUMNS FROM `yzclub_nav` [ RunTime:0.0111s ]
SQL: SELECT * FROM `yzclub_nav` WHERE `type` = '顶部导航'  [ RunTime:0.0007s ]
SQL: SELECT * FROM `yzclub_nav` WHERE `type` = '底部导航'  [ RunTime:0.0006s ]
SQL: SHOW COLUMNS FROM `yzclub_site` [ RunTime:0.0085s ]
SQL: SELECT * FROM `yzclub_site` WHERE `name` = 'copyright' LIMIT 1   [ RunTime:0.0005s ]
SQL: SHOW COLUMNS FROM `yzclub_friendlink` [ RunTime:0.0093s ]
SQL: SELECT * FROM `yzclub_friendlink`  [ RunTime:0.0004s ]
SQL: SHOW COLUMNS FROM `yzclub_news` [ RunTime:0.0091s ]
SQL: SELECT COUNT(*) AS tp_count FROM `yzclub_news` WHERE `status` = 1 AND `type` = 2 LIMIT 1   [ RunTime:0.0400s ]
SQL: SELECT * FROM `yzclub_news` WHERE `status` = 1 AND `type` = 2 LIMIT 0,5   [ RunTime:0.0005s ]
SQL: SHOW COLUMNS FROM `new`.`news_article` [ RunTime:0.0125s ]
SQL: SELECT * FROM new.news_article WHERE `id` = 4952 LIMIT 1   [ RunTime:0.0008s ]
SQL: SELECT * FROM new.news_article WHERE `id` = 74 LIMIT 1   [ RunTime:0.0008s ]
SQL: SELECT * FROM new.news_article WHERE `id` = 51 LIMIT 1   [ RunTime:0.0005s ]
INFO: [ view_parse ] --START--
INFO: [ template_filter ] --START--
INFO: Run Behavior\ContentReplaceBehavior [ RunTime:0.000233s ]
INFO: [ template_filter ] --END-- [ RunTime:0.000494s ]
NOTIC: [8] Undefined offset: 0 E:\server\Apache2.4\htdocs\club\Application\Runtime\Cache\Home\38eb7b5e3a630fe1dfd7d3bc46661510.php 第 34 行.
NOTIC: [8] Undefined offset: 0 E:\server\Apache2.4\htdocs\club\Application\Runtime\Cache\Home\38eb7b5e3a630fe1dfd7d3bc46661510.php 第 35 行.
NOTIC: [8] Undefined offset: 0 E:\server\Apache2.4\htdocs\club\Application\Runtime\Cache\Home\38eb7b5e3a630fe1dfd7d3bc46661510.php 第 34 行.
NOTIC: [8] Undefined offset: 0 E:\server\Apache2.4\htdocs\club\Application\Runtime\Cache\Home\38eb7b5e3a630fe1dfd7d3bc46661510.php 第 35 行.
NOTIC: [8] Undefined offset: 0 E:\server\Apache2.4\htdocs\club\Application\Runtime\Cache\Home\38eb7b5e3a630fe1dfd7d3bc46661510.php 第 34 行.
NOTIC: [8] Undefined offset: 0 E:\server\Apache2.4\htdocs\club\Application\Runtime\Cache\Home\38eb7b5e3a630fe1dfd7d3bc46661510.php 第 35 行.
NOTIC: [8] Undefined offset: 0 E:\server\Apache2.4\htdocs\club\Application\Runtime\Cache\Home\38eb7b5e3a630fe1dfd7d3bc46661510.php 第 34 行.
NOTIC: [8] Undefined offset: 0 E:\server\Apache2.4\htdocs\club\Application\Runtime\Cache\Home\38eb7b5e3a630fe1dfd7d3bc46661510.php 第 35 行.
INFO: Run Behavior\ParseTemplateBehavior [ RunTime:0.096402s ]
INFO: [ view_parse ] --END-- [ RunTime:0.096759s ]
INFO: [ view_filter ] --START--
INFO: Run Behavior\WriteHtmlCacheBehavior [ RunTime:0.000684s ]
INFO: [ view_filter ] --END-- [ RunTime:0.000985s ]
INFO: [ app_end ] --START--
INFO: Run Behavior\ShowPageTraceBehavior [ RunTime:0.001012s ]
INFO: [ app_end ] --END-- [ RunTime:0.001325s ]

[ 2015-05-05T11:43:53+08:00 ] 127.0.0.1 /index/news.html
INFO: [ app_init ] --START--
INFO: Run Behavior\BuildLiteBehavior [ RunTime:0.000049s ]
INFO: [ app_init ] --END-- [ RunTime:0.000657s ]
INFO: [ app_begin ] --START--
INFO: Run Behavior\ReadHtmlCacheBehavior [ RunTime:0.000552s ]
INFO: [ app_begin ] --END-- [ RunTime:0.000786s ]
SQL: SHOW COLUMNS FROM `yzclub_nav` [ RunTime:0.0125s ]
SQL: SELECT * FROM `yzclub_nav` WHERE `type` = '顶部导航'  [ RunTime:0.0006s ]
SQL: SELECT * FROM `yzclub_nav` WHERE `type` = '底部导航'  [ RunTime:0.0005s ]
SQL: SHOW COLUMNS FROM `yzclub_site` [ RunTime:0.0090s ]
SQL: SELECT * FROM `yzclub_site` WHERE `name` = 'copyright' LIMIT 1   [ RunTime:0.0005s ]
SQL: SHOW COLUMNS FROM `yzclub_friendlink` [ RunTime:0.0098s ]
SQL: SELECT * FROM `yzclub_friendlink`  [ RunTime:0.0005s ]
SQL: SHOW COLUMNS FROM `yzclub_news` [ RunTime:0.0106s ]
SQL: SELECT COUNT(*) AS tp_count FROM `yzclub_news` WHERE `status` = 1 AND `type` = 1 LIMIT 1   [ RunTime:0.0005s ]
SQL: SELECT * FROM `yzclub_news` WHERE `status` = 1 AND `type` = 1 LIMIT 0,5   [ RunTime:0.0005s ]
SQL: SHOW COLUMNS FROM `new`.`news_article` [ RunTime:0.0122s ]
SQL: SELECT * FROM new.news_article WHERE `id` = 4631 LIMIT 1   [ RunTime:0.0261s ]
SQL: SELECT * FROM new.news_article WHERE `id` = 4950 LIMIT 1   [ RunTime:0.0009s ]
SQL: SELECT * FROM new.news_article WHERE `id` = 4951 LIMIT 1   [ RunTime:0.0006s ]
SQL: SELECT * FROM new.news_article WHERE `id` = 52 LIMIT 1   [ RunTime:0.0007s ]
SQL: SELECT * FROM new.news_article WHERE `id` = 81 LIMIT 1   [ RunTime:0.0006s ]
INFO: [ view_parse ] --START--
INFO: [ template_filter ] --START--
INFO: Run Behavior\ContentReplaceBehavior [ RunTime:0.000224s ]
INFO: [ template_filter ] --END-- [ RunTime:0.000473s ]
NOTIC: [8] Undefined offset: 0 E:\server\Apache2.4\htdocs\club\Application\Runtime\Cache\Home\cecb45903f8aa0e33f62e7ce7ef7b49f.php 第 34 行.
NOTIC: [8] Undefined offset: 0 E:\server\Apache2.4\htdocs\club\Application\Runtime\Cache\Home\cecb45903f8aa0e33f62e7ce7ef7b49f.php 第 35 行.
NOTIC: [8] Undefined offset: 0 E:\server\Apache2.4\htdocs\club\Application\Runtime\Cache\Home\cecb45903f8aa0e33f62e7ce7ef7b49f.php 第 34 行.
NOTIC: [8] Undefined offset: 0 E:\server\Apache2.4\htdocs\club\Application\Runtime\Cache\Home\cecb45903f8aa0e33f62e7ce7ef7b49f.php 第 35 行.
NOTIC: [8] Undefined offset: 0 E:\server\Apache2.4\htdocs\club\Application\Runtime\Cache\Home\cecb45903f8aa0e33f62e7ce7ef7b49f.php 第 34 行.
NOTIC: [8] Undefined offset: 0 E:\server\Apache2.4\htdocs\club\Application\Runtime\Cache\Home\cecb45903f8aa0e33f62e7ce7ef7b49f.php 第 35 行.
NOTIC: [8] Undefined offset: 0 E:\server\Apache2.4\htdocs\club\Application\Runtime\Cache\Home\cecb45903f8aa0e33f62e7ce7ef7b49f.php 第 34 行.
NOTIC: [8] Undefined offset: 0 E:\server\Apache2.4\htdocs\club\Application\Runtime\Cache\Home\cecb45903f8aa0e33f62e7ce7ef7b49f.php 第 35 行.
INFO: Run Behavior\ParseTemplateBehavior [ RunTime:0.071287s ]
INFO: [ view_parse ] --END-- [ RunTime:0.071572s ]
INFO: [ view_filter ] --START--
INFO: Run Behavior\WriteHtmlCacheBehavior [ RunTime:0.000558s ]
INFO: [ view_filter ] --END-- [ RunTime:0.000799s ]
INFO: [ app_end ] --START--
INFO: Run Behavior\ShowPageTraceBehavior [ RunTime:0.001667s ]
INFO: [ app_end ] --END-- [ RunTime:0.002029s ]

[ 2015-05-05T11:43:56+08:00 ] 127.0.0.1 /index/active.html
INFO: [ app_init ] --START--
INFO: Run Behavior\BuildLiteBehavior [ RunTime:0.000053s ]
INFO: [ app_init ] --END-- [ RunTime:0.000624s ]
INFO: [ app_begin ] --START--
INFO: Run Behavior\ReadHtmlCacheBehavior [ RunTime:0.000573s ]
INFO: [ app_begin ] --END-- [ RunTime:0.000804s ]
SQL: SHOW COLUMNS FROM `yzclub_nav` [ RunTime:0.0120s ]
SQL: SELECT * FROM `yzclub_nav` WHERE `type` = '顶部导航'  [ RunTime:0.0006s ]
SQL: SELECT * FROM `yzclub_nav` WHERE `type` = '底部导航'  [ RunTime:0.0005s ]
SQL: SHOW COLUMNS FROM `yzclub_site` [ RunTime:0.0091s ]
SQL: SELECT * FROM `yzclub_site` WHERE `name` = 'copyright' LIMIT 1   [ RunTime:0.0005s ]
SQL: SHOW COLUMNS FROM `yzclub_friendlink` [ RunTime:0.0091s ]
SQL: SELECT * FROM `yzclub_friendlink`  [ RunTime:0.0004s ]
SQL: SHOW COLUMNS FROM `yzclub_news` [ RunTime:0.0108s ]
SQL: SELECT COUNT(*) AS tp_count FROM `yzclub_news` WHERE `status` = 1 AND `type` = 2 LIMIT 1   [ RunTime:0.0004s ]
SQL: SELECT * FROM `yzclub_news` WHERE `status` = 1 AND `type` = 2 LIMIT 0,5   [ RunTime:0.0006s ]
SQL: SHOW COLUMNS FROM `new`.`news_article` [ RunTime:0.0116s ]
SQL: SELECT * FROM new.news_article WHERE `id` = 4952 LIMIT 1   [ RunTime:0.0006s ]
SQL: SELECT * FROM new.news_article WHERE `id` = 74 LIMIT 1   [ RunTime:0.0007s ]
SQL: SELECT * FROM new.news_article WHERE `id` = 51 LIMIT 1   [ RunTime:0.0006s ]
INFO: [ view_parse ] --START--
INFO: [ template_filter ] --START--
INFO: Run Behavior\ContentReplaceBehavior [ RunTime:0.000281s ]
INFO: [ template_filter ] --END-- [ RunTime:0.000615s ]
NOTIC: [8] Undefined offset: 0 E:\server\Apache2.4\htdocs\club\Application\Runtime\Cache\Home\38eb7b5e3a630fe1dfd7d3bc46661510.php 第 34 行.
NOTIC: [8] Undefined offset: 0 E:\server\Apache2.4\htdocs\club\Application\Runtime\Cache\Home\38eb7b5e3a630fe1dfd7d3bc46661510.php 第 35 行.
NOTIC: [8] Undefined offset: 0 E:\server\Apache2.4\htdocs\club\Application\Runtime\Cache\Home\38eb7b5e3a630fe1dfd7d3bc46661510.php 第 34 行.
NOTIC: [8] Undefined offset: 0 E:\server\Apache2.4\htdocs\club\Application\Runtime\Cache\Home\38eb7b5e3a630fe1dfd7d3bc46661510.php 第 35 行.
NOTIC: [8] Undefined offset: 0 E:\server\Apache2.4\htdocs\club\Application\Runtime\Cache\Home\38eb7b5e3a630fe1dfd7d3bc46661510.php 第 34 行.
NOTIC: [8] Undefined offset: 0 E:\server\Apache2.4\htdocs\club\Application\Runtime\Cache\Home\38eb7b5e3a630fe1dfd7d3bc46661510.php 第 35 行.
NOTIC: [8] Undefined offset: 0 E:\server\Apache2.4\htdocs\club\Application\Runtime\Cache\Home\38eb7b5e3a630fe1dfd7d3bc46661510.php 第 34 行.
NOTIC: [8] Undefined offset: 0 E:\server\Apache2.4\htdocs\club\Application\Runtime\Cache\Home\38eb7b5e3a630fe1dfd7d3bc46661510.php 第 35 行.
INFO: Run Behavior\ParseTemplateBehavior [ RunTime:0.027420s ]
INFO: [ view_parse ] --END-- [ RunTime:0.027695s ]
INFO: [ view_filter ] --START--
INFO: Run Behavior\WriteHtmlCacheBehavior [ RunTime:0.000554s ]
INFO: [ view_filter ] --END-- [ RunTime:0.000782s ]
INFO: [ app_end ] --START--
INFO: Run Behavior\ShowPageTraceBehavior [ RunTime:0.000743s ]
INFO: [ app_end ] --END-- [ RunTime:0.000992s ]

[ 2015-05-05T11:43:57+08:00 ] 127.0.0.1 /index/news.html
INFO: [ app_init ] --START--
INFO: Run Behavior\BuildLiteBehavior [ RunTime:0.000051s ]
INFO: [ app_init ] --END-- [ RunTime:0.000652s ]
INFO: [ app_begin ] --START--
INFO: Run Behavior\ReadHtmlCacheBehavior [ RunTime:0.000642s ]
INFO: [ app_begin ] --END-- [ RunTime:0.000897s ]
SQL: SHOW COLUMNS FROM `yzclub_nav` [ RunTime:0.0182s ]
SQL: SELECT * FROM `yzclub_nav` WHERE `type` = '顶部导航'  [ RunTime:0.0013s ]
SQL: SELECT * FROM `yzclub_nav` WHERE `type` = '底部导航'  [ RunTime:0.0015s ]
SQL: SHOW COLUMNS FROM `yzclub_site` [ RunTime:0.0120s ]
SQL: SELECT * FROM `yzclub_site` WHERE `name` = 'copyright' LIMIT 1   [ RunTime:0.0006s ]
SQL: SHOW COLUMNS FROM `yzclub_friendlink` [ RunTime:0.0108s ]
SQL: SELECT * FROM `yzclub_friendlink`  [ RunTime:0.0004s ]
SQL: SHOW COLUMNS FROM `yzclub_news` [ RunTime:0.0119s ]
SQL: SELECT COUNT(*) AS tp_count FROM `yzclub_news` WHERE `status` = 1 AND `type` = 1 LIMIT 1   [ RunTime:0.0005s ]
SQL: SELECT * FROM `yzclub_news` WHERE `status` = 1 AND `type` = 1 LIMIT 0,5   [ RunTime:0.0005s ]
SQL: SHOW COLUMNS FROM `new`.`news_article` [ RunTime:0.0144s ]
SQL: SELECT * FROM new.news_article WHERE `id` = 4631 LIMIT 1   [ RunTime:0.0006s ]
SQL: SELECT * FROM new.news_article WHERE `id` = 4950 LIMIT 1   [ RunTime:0.0004s ]
SQL: SELECT * FROM new.news_article WHERE `id` = 4951 LIMIT 1   [ RunTime:0.0004s ]
SQL: SELECT * FROM new.news_article WHERE `id` = 52 LIMIT 1   [ RunTime:0.0005s ]
SQL: SELECT * FROM new.news_article WHERE `id` = 81 LIMIT 1   [ RunTime:0.0006s ]
INFO: [ view_parse ] --START--
INFO: [ template_filter ] --START--
INFO: Run Behavior\ContentReplaceBehavior [ RunTime:0.000233s ]
INFO: [ template_filter ] --END-- [ RunTime:0.000479s ]
NOTIC: [8] Undefined offset: 0 E:\server\Apache2.4\htdocs\club\Application\Runtime\Cache\Home\cecb45903f8aa0e33f62e7ce7ef7b49f.php 第 34 行.
NOTIC: [8] Undefined offset: 0 E:\server\Apache2.4\htdocs\club\Application\Runtime\Cache\Home\cecb45903f8aa0e33f62e7ce7ef7b49f.php 第 35 行.
NOTIC: [8] Undefined offset: 0 E:\server\Apache2.4\htdocs\club\Application\Runtime\Cache\Home\cecb45903f8aa0e33f62e7ce7ef7b49f.php 第 34 行.
NOTIC: [8] Undefined offset: 0 E:\server\Apache2.4\htdocs\club\Application\Runtime\Cache\Home\cecb45903f8aa0e33f62e7ce7ef7b49f.php 第 35 行.
NOTIC: [8] Undefined offset: 0 E:\server\Apache2.4\htdocs\club\Application\Runtime\Cache\Home\cecb45903f8aa0e33f62e7ce7ef7b49f.php 第 34 行.
NOTIC: [8] Undefined offset: 0 E:\server\Apache2.4\htdocs\club\Application\Runtime\Cache\Home\cecb45903f8aa0e33f62e7ce7ef7b49f.php 第 35 行.
NOTIC: [8] Undefined offset: 0 E:\server\Apache2.4\htdocs\club\Application\Runtime\Cache\Home\cecb45903f8aa0e33f62e7ce7ef7b49f.php 第 34 行.
NOTIC: [8] Undefined offset: 0 E:\server\Apache2.4\htdocs\club\Application\Runtime\Cache\Home\cecb45903f8aa0e33f62e7ce7ef7b49f.php 第 35 行.
INFO: Run Behavior\ParseTemplateBehavior [ RunTime:0.077923s ]
INFO: [ view_parse ] --END-- [ RunTime:0.078200s ]
INFO: [ view_filter ] --START--
INFO: Run Behavior\WriteHtmlCacheBehavior [ RunTime:0.000639s ]
INFO: [ view_filter ] --END-- [ RunTime:0.000925s ]
INFO: [ app_end ] --START--
INFO: Run Behavior\ShowPageTraceBehavior [ RunTime:0.002004s ]
INFO: [ app_end ] --END-- [ RunTime:0.002362s ]

[ 2015-05-05T11:44:02+08:00 ] 127.0.0.1 /index/member.html
INFO: [ app_init ] --START--
INFO: Run Behavior\BuildLiteBehavior [ RunTime:0.000065s ]
INFO: [ app_init ] --END-- [ RunTime:0.000704s ]
INFO: [ app_begin ] --START--
INFO: Run Behavior\ReadHtmlCacheBehavior [ RunTime:0.000578s ]
INFO: [ app_begin ] --END-- [ RunTime:0.000821s ]
SQL: SHOW COLUMNS FROM `yzclub_nav` [ RunTime:0.0111s ]
SQL: SELECT * FROM `yzclub_nav` WHERE `type` = '顶部导航'  [ RunTime:0.0006s ]
SQL: SELECT * FROM `yzclub_nav` WHERE `type` = '底部导航'  [ RunTime:0.0005s ]
SQL: SHOW COLUMNS FROM `yzclub_site` [ RunTime:0.0101s ]
SQL: SELECT * FROM `yzclub_site` WHERE `name` = 'copyright' LIMIT 1   [ RunTime:0.0006s ]
SQL: SHOW COLUMNS FROM `yzclub_friendlink` [ RunTime:0.0090s ]
SQL: SELECT * FROM `yzclub_friendlink`  [ RunTime:0.0005s ]
INFO: [ view_parse ] --START--
INFO: [ template_filter ] --START--
INFO: Run Behavior\ContentReplaceBehavior [ RunTime:0.000284s ]
INFO: [ template_filter ] --END-- [ RunTime:0.000533s ]
NOTIC: [8] Undefined offset: 0 E:\server\Apache2.4\htdocs\club\Application\Runtime\Cache\Home\0034c409d5ac2c07ac3f17b1b2ad5d84.php 第 34 行.
NOTIC: [8] Undefined offset: 0 E:\server\Apache2.4\htdocs\club\Application\Runtime\Cache\Home\0034c409d5ac2c07ac3f17b1b2ad5d84.php 第 35 行.
NOTIC: [8] Undefined offset: 0 E:\server\Apache2.4\htdocs\club\Application\Runtime\Cache\Home\0034c409d5ac2c07ac3f17b1b2ad5d84.php 第 34 行.
NOTIC: [8] Undefined offset: 0 E:\server\Apache2.4\htdocs\club\Application\Runtime\Cache\Home\0034c409d5ac2c07ac3f17b1b2ad5d84.php 第 35 行.
NOTIC: [8] Undefined offset: 0 E:\server\Apache2.4\htdocs\club\Application\Runtime\Cache\Home\0034c409d5ac2c07ac3f17b1b2ad5d84.php 第 34 行.
NOTIC: [8] Undefined offset: 0 E:\server\Apache2.4\htdocs\club\Application\Runtime\Cache\Home\0034c409d5ac2c07ac3f17b1b2ad5d84.php 第 35 行.
NOTIC: [8] Undefined offset: 0 E:\server\Apache2.4\htdocs\club\Application\Runtime\Cache\Home\0034c409d5ac2c07ac3f17b1b2ad5d84.php 第 34 行.
NOTIC: [8] Undefined offset: 0 E:\server\Apache2.4\htdocs\club\Application\Runtime\Cache\Home\0034c409d5ac2c07ac3f17b1b2ad5d84.php 第 35 行.
INFO: Run Behavior\ParseTemplateBehavior [ RunTime:0.078272s ]
INFO: [ view_parse ] --END-- [ RunTime:0.078516s ]
INFO: [ view_filter ] --START--
INFO: Run Behavior\WriteHtmlCacheBehavior [ RunTime:0.000743s ]
INFO: [ view_filter ] --END-- [ RunTime:0.000992s ]
INFO: [ app_end ] --START--
INFO: Run Behavior\ShowPageTraceBehavior [ RunTime:0.001352s ]
INFO: [ app_end ] --END-- [ RunTime:0.001647s ]

[ 2015-05-05T11:44:04+08:00 ] 127.0.0.1 /index/apply.html
INFO: [ app_init ] --START--
INFO: Run Behavior\BuildLiteBehavior [ RunTime:0.000051s ]
INFO: [ app_init ] --END-- [ RunTime:0.000824s ]
INFO: [ app_begin ] --START--
INFO: Run Behavior\ReadHtmlCacheBehavior [ RunTime:0.000751s ]
INFO: [ app_begin ] --END-- [ RunTime:0.000988s ]
SQL: SHOW COLUMNS FROM `yzclub_nav` [ RunTime:0.0128s ]
SQL: SELECT * FROM `yzclub_nav` WHERE `type` = '顶部导航'  [ RunTime:0.0006s ]
SQL: SELECT * FROM `yzclub_nav` WHERE `type` = '底部导航'  [ RunTime:0.0005s ]
SQL: SHOW COLUMNS FROM `yzclub_site` [ RunTime:0.0105s ]
SQL: SELECT * FROM `yzclub_site` WHERE `name` = 'copyright' LIMIT 1   [ RunTime:0.0006s ]
SQL: SHOW COLUMNS FROM `yzclub_friendlink` [ RunTime:0.0094s ]
SQL: SELECT * FROM `yzclub_friendlink`  [ RunTime:0.0008s ]
INFO: [ view_parse ] --START--
INFO: [ template_filter ] --START--
INFO: Run Behavior\ContentReplaceBehavior [ RunTime:0.000292s ]
INFO: [ template_filter ] --END-- [ RunTime:0.000562s ]
NOTIC: [8] Undefined offset: 0 E:\server\Apache2.4\htdocs\club\Application\Runtime\Cache\Home\3c6f036e7c898ef0af57c371dc3e85be.php 第 34 行.
NOTIC: [8] Undefined offset: 0 E:\server\Apache2.4\htdocs\club\Application\Runtime\Cache\Home\3c6f036e7c898ef0af57c371dc3e85be.php 第 35 行.
NOTIC: [8] Undefined offset: 0 E:\server\Apache2.4\htdocs\club\Application\Runtime\Cache\Home\3c6f036e7c898ef0af57c371dc3e85be.php 第 34 行.
NOTIC: [8] Undefined offset: 0 E:\server\Apache2.4\htdocs\club\Application\Runtime\Cache\Home\3c6f036e7c898ef0af57c371dc3e85be.php 第 35 行.
NOTIC: [8] Undefined offset: 0 E:\server\Apache2.4\htdocs\club\Application\Runtime\Cache\Home\3c6f036e7c898ef0af57c371dc3e85be.php 第 34 行.
NOTIC: [8] Undefined offset: 0 E:\server\Apache2.4\htdocs\club\Application\Runtime\Cache\Home\3c6f036e7c898ef0af57c371dc3e85be.php 第 35 行.
NOTIC: [8] Undefined offset: 0 E:\server\Apache2.4\htdocs\club\Application\Runtime\Cache\Home\3c6f036e7c898ef0af57c371dc3e85be.php 第 34 行.
NOTIC: [8] Undefined offset: 0 E:\server\Apache2.4\htdocs\club\Application\Runtime\Cache\Home\3c6f036e7c898ef0af57c371dc3e85be.php 第 35 行.
INFO: Run Behavior\ParseTemplateBehavior [ RunTime:0.105301s ]
INFO: [ view_parse ] --END-- [ RunTime:0.105577s ]
INFO: [ view_filter ] --START--
INFO: Run Behavior\WriteHtmlCacheBehavior [ RunTime:0.000594s ]
INFO: [ view_filter ] --END-- [ RunTime:0.000821s ]
INFO: [ app_end ] --START--
INFO: Run Behavior\ShowPageTraceBehavior [ RunTime:0.000725s ]
INFO: [ app_end ] --END-- [ RunTime:0.000961s ]

[ 2015-05-05T11:44:07+08:00 ] 127.0.0.1 /index/apy.html
INFO: [ app_init ] --START--
INFO: Run Behavior\BuildLiteBehavior [ RunTime:0.000049s ]
INFO: [ app_init ] --END-- [ RunTime:0.000569s ]
INFO: [ app_begin ] --START--
INFO: Run Behavior\ReadHtmlCacheBehavior [ RunTime:0.000519s ]
INFO: [ app_begin ] --END-- [ RunTime:0.000751s ]
SQL: SHOW COLUMNS FROM `yzclub_nav` [ RunTime:0.0122s ]
SQL: SELECT * FROM `yzclub_nav` WHERE `type` = '顶部导航'  [ RunTime:0.0006s ]
SQL: SELECT * FROM `yzclub_nav` WHERE `type` = '底部导航'  [ RunTime:0.0005s ]
SQL: SHOW COLUMNS FROM `yzclub_site` [ RunTime:0.0130s ]
SQL: SELECT * FROM `yzclub_site` WHERE `name` = 'copyright' LIMIT 1   [ RunTime:0.0006s ]
SQL: SHOW COLUMNS FROM `yzclub_friendlink` [ RunTime:0.0091s ]
SQL: SELECT * FROM `yzclub_friendlink`  [ RunTime:0.0004s ]
INFO: [ view_parse ] --START--
INFO: [ template_filter ] --START--
INFO: Run Behavior\ContentReplaceBehavior [ RunTime:0.000258s ]
INFO: [ template_filter ] --END-- [ RunTime:0.000506s ]
NOTIC: [8] Undefined offset: 0 E:\server\Apache2.4\htdocs\club\Application\Runtime\Cache\Home\34b9ce8c2819759e9b51f27b003b3b09.php 第 32 行.
NOTIC: [8] Undefined offset: 0 E:\server\Apache2.4\htdocs\club\Application\Runtime\Cache\Home\34b9ce8c2819759e9b51f27b003b3b09.php 第 33 行.
NOTIC: [8] Undefined offset: 0 E:\server\Apache2.4\htdocs\club\Application\Runtime\Cache\Home\34b9ce8c2819759e9b51f27b003b3b09.php 第 32 行.
NOTIC: [8] Undefined offset: 0 E:\server\Apache2.4\htdocs\club\Application\Runtime\Cache\Home\34b9ce8c2819759e9b51f27b003b3b09.php 第 33 行.
NOTIC: [8] Undefined offset: 0 E:\server\Apache2.4\htdocs\club\Application\Runtime\Cache\Home\34b9ce8c2819759e9b51f27b003b3b09.php 第 32 行.
NOTIC: [8] Undefined offset: 0 E:\server\Apache2.4\htdocs\club\Application\Runtime\Cache\Home\34b9ce8c2819759e9b51f27b003b3b09.php 第 33 行.
NOTIC: [8] Undefined offset: 0 E:\server\Apache2.4\htdocs\club\Application\Runtime\Cache\Home\34b9ce8c2819759e9b51f27b003b3b09.php 第 32 行.
NOTIC: [8] Undefined offset: 0 E:\server\Apache2.4\htdocs\club\Application\Runtime\Cache\Home\34b9ce8c2819759e9b51f27b003b3b09.php 第 33 行.
INFO: Run Behavior\ParseTemplateBehavior [ RunTime:0.090511s ]
INFO: [ view_parse ] --END-- [ RunTime:0.090933s ]
INFO: [ view_filter ] --START--
INFO: Run Behavior\WriteHtmlCacheBehavior [ RunTime:0.000550s ]
INFO: [ view_filter ] --END-- [ RunTime:0.000968s ]
INFO: [ app_end ] --START--
INFO: Run Behavior\ShowPageTraceBehavior [ RunTime:0.000924s ]
INFO: [ app_end ] --END-- [ RunTime:0.001227s ]

[ 2015-05-05T11:44:11+08:00 ] 127.0.0.1 /index/constitution.html
INFO: [ app_init ] --START--
INFO: Run Behavior\BuildLiteBehavior [ RunTime:0.000050s ]
INFO: [ app_init ] --END-- [ RunTime:0.000636s ]
INFO: [ app_begin ] --START--
INFO: Run Behavior\ReadHtmlCacheBehavior [ RunTime:0.000730s ]
INFO: [ app_begin ] --END-- [ RunTime:0.000962s ]
SQL: SHOW COLUMNS FROM `yzclub_nav` [ RunTime:0.0118s ]
SQL: SELECT * FROM `yzclub_nav` WHERE `type` = '顶部导航'  [ RunTime:0.0006s ]
SQL: SELECT * FROM `yzclub_nav` WHERE `type` = '底部导航'  [ RunTime:0.0005s ]
SQL: SHOW COLUMNS FROM `yzclub_site` [ RunTime:0.0085s ]
SQL: SELECT * FROM `yzclub_site` WHERE `name` = 'copyright' LIMIT 1   [ RunTime:0.0006s ]
SQL: SHOW COLUMNS FROM `yzclub_friendlink` [ RunTime:0.0106s ]
SQL: SELECT * FROM `yzclub_friendlink`  [ RunTime:0.0005s ]
INFO: [ view_parse ] --START--
INFO: [ template_filter ] --START--
INFO: Run Behavior\ContentReplaceBehavior [ RunTime:0.000532s ]
INFO: [ template_filter ] --END-- [ RunTime:0.000772s ]
NOTIC: [8] Undefined offset: 0 E:\server\Apache2.4\htdocs\club\Application\Runtime\Cache\Home\52645753f5446fa3a08c0159ac07f2e9.php 第 34 行.
NOTIC: [8] Undefined offset: 0 E:\server\Apache2.4\htdocs\club\Application\Runtime\Cache\Home\52645753f5446fa3a08c0159ac07f2e9.php 第 35 行.
NOTIC: [8] Undefined offset: 0 E:\server\Apache2.4\htdocs\club\Application\Runtime\Cache\Home\52645753f5446fa3a08c0159ac07f2e9.php 第 34 行.
NOTIC: [8] Undefined offset: 0 E:\server\Apache2.4\htdocs\club\Application\Runtime\Cache\Home\52645753f5446fa3a08c0159ac07f2e9.php 第 35 行.
NOTIC: [8] Undefined offset: 0 E:\server\Apache2.4\htdocs\club\Application\Runtime\Cache\Home\52645753f5446fa3a08c0159ac07f2e9.php 第 34 行.
NOTIC: [8] Undefined offset: 0 E:\server\Apache2.4\htdocs\club\Application\Runtime\Cache\Home\52645753f5446fa3a08c0159ac07f2e9.php 第 35 行.
NOTIC: [8] Undefined offset: 0 E:\server\Apache2.4\htdocs\club\Application\Runtime\Cache\Home\52645753f5446fa3a08c0159ac07f2e9.php 第 34 行.
NOTIC: [8] Undefined offset: 0 E:\server\Apache2.4\htdocs\club\Application\Runtime\Cache\Home\52645753f5446fa3a08c0159ac07f2e9.php 第 35 行.
INFO: Run Behavior\ParseTemplateBehavior [ RunTime:0.121411s ]
INFO: [ view_parse ] --END-- [ RunTime:0.121684s ]
INFO: [ view_filter ] --START--
INFO: Run Behavior\WriteHtmlCacheBehavior [ RunTime:0.000534s ]
INFO: [ view_filter ] --END-- [ RunTime:0.000758s ]
INFO: [ app_end ] --START--
INFO: Run Behavior\ShowPageTraceBehavior [ RunTime:0.003010s ]
INFO: [ app_end ] --END-- [ RunTime:0.003337s ]

[ 2015-05-05T11:44:13+08:00 ] 127.0.0.1 /index/contactUs.html
INFO: [ app_init ] --START--
INFO: Run Behavior\BuildLiteBehavior [ RunTime:0.000048s ]
INFO: [ app_init ] --END-- [ RunTime:0.000599s ]
INFO: [ app_begin ] --START--
INFO: Run Behavior\ReadHtmlCacheBehavior [ RunTime:0.000540s ]
INFO: [ app_begin ] --END-- [ RunTime:0.000769s ]
SQL: SHOW COLUMNS FROM `yzclub_nav` [ RunTime:0.0123s ]
SQL: SELECT * FROM `yzclub_nav` WHERE `type` = '顶部导航'  [ RunTime:0.0007s ]
SQL: SELECT * FROM `yzclub_nav` WHERE `type` = '底部导航'  [ RunTime:0.0005s ]
SQL: SHOW COLUMNS FROM `yzclub_site` [ RunTime:0.0119s ]
SQL: SELECT * FROM `yzclub_site` WHERE `name` = 'copyright' LIMIT 1   [ RunTime:0.0006s ]
SQL: SHOW COLUMNS FROM `yzclub_friendlink` [ RunTime:0.0090s ]
SQL: SELECT * FROM `yzclub_friendlink`  [ RunTime:0.0006s ]
INFO: [ view_parse ] --START--
INFO: [ template_filter ] --START--
INFO: Run Behavior\ContentReplaceBehavior [ RunTime:0.000237s ]
INFO: [ template_filter ] --END-- [ RunTime:0.000618s ]
NOTIC: [8] Undefined offset: 0 E:\server\Apache2.4\htdocs\club\Application\Runtime\Cache\Home\41c049b8f0a9355f7f99d43d9c1479dc.php 第 34 行.
NOTIC: [8] Undefined offset: 0 E:\server\Apache2.4\htdocs\club\Application\Runtime\Cache\Home\41c049b8f0a9355f7f99d43d9c1479dc.php 第 35 行.
NOTIC: [8] Undefined offset: 0 E:\server\Apache2.4\htdocs\club\Application\Runtime\Cache\Home\41c049b8f0a9355f7f99d43d9c1479dc.php 第 34 行.
NOTIC: [8] Undefined offset: 0 E:\server\Apache2.4\htdocs\club\Application\Runtime\Cache\Home\41c049b8f0a9355f7f99d43d9c1479dc.php 第 35 行.
NOTIC: [8] Undefined offset: 0 E:\server\Apache2.4\htdocs\club\Application\Runtime\Cache\Home\41c049b8f0a9355f7f99d43d9c1479dc.php 第 34 行.
NOTIC: [8] Undefined offset: 0 E:\server\Apache2.4\htdocs\club\Application\Runtime\Cache\Home\41c049b8f0a9355f7f99d43d9c1479dc.php 第 35 行.
NOTIC: [8] Undefined offset: 0 E:\server\Apache2.4\htdocs\club\Application\Runtime\Cache\Home\41c049b8f0a9355f7f99d43d9c1479dc.php 第 34 行.
NOTIC: [8] Undefined offset: 0 E:\server\Apache2.4\htdocs\club\Application\Runtime\Cache\Home\41c049b8f0a9355f7f99d43d9c1479dc.php 第 35 行.
INFO: Run Behavior\ParseTemplateBehavior [ RunTime:0.082114s ]
INFO: [ view_parse ] --END-- [ RunTime:0.082419s ]
INFO: [ view_filter ] --START--
INFO: Run Behavior\WriteHtmlCacheBehavior [ RunTime:0.000594s ]
INFO: [ view_filter ] --END-- [ RunTime:0.000847s ]
INFO: [ app_end ] --START--
INFO: Run Behavior\ShowPageTraceBehavior [ RunTime:0.000937s ]
INFO: [ app_end ] --END-- [ RunTime:0.001206s ]

[ 2015-05-05T14:42:35+08:00 ] 127.0.0.1 /
INFO: [ app_init ] --START--
INFO: Run Behavior\BuildLiteBehavior [ RunTime:0.000054s ]
INFO: [ app_init ] --END-- [ RunTime:0.073824s ]
INFO: [ app_begin ] --START--
INFO: Run Behavior\ReadHtmlCacheBehavior [ RunTime:0.003694s ]
INFO: [ app_begin ] --END-- [ RunTime:0.004026s ]
SQL: SHOW COLUMNS FROM `yzclub_nav` [ RunTime:0.1186s ]
SQL: SELECT * FROM `yzclub_nav` WHERE `type` = '顶部导航'  [ RunTime:0.0271s ]
SQL: SELECT * FROM `yzclub_nav` WHERE `type` = '底部导航'  [ RunTime:0.0014s ]
SQL: SHOW COLUMNS FROM `yzclub_site` [ RunTime:0.0234s ]
SQL: SELECT * FROM `yzclub_site` WHERE `name` = 'copyright' LIMIT 1   [ RunTime:0.0222s ]
SQL: SHOW COLUMNS FROM `yzclub_friendlink` [ RunTime:0.0233s ]
SQL: SELECT * FROM `yzclub_friendlink`  [ RunTime:0.0495s ]
SQL: SHOW COLUMNS FROM `yzclub_news` [ RunTime:0.0228s ]
SQL: SELECT * FROM `yzclub_news` WHERE `type` = 1 AND `status` = 1 AND `is_top` = 1  [ RunTime:0.0008s ]
SQL: SHOW COLUMNS FROM `new`.`news_article` [ RunTime:0.0297s ]
SQL: SELECT * FROM new.news_article WHERE `id` = 4631 LIMIT 1   [ RunTime:0.0154s ]
NOTIC: [8] Undefined variable: k E:\server\Apache2.4\htdocs\club\Application\Home\Controller\IndexController.class.php 第 17 行.
SQL: SELECT * FROM new.news_article WHERE `id` = 4950 LIMIT 1   [ RunTime:0.0014s ]
NOTIC: [8] Undefined variable: k E:\server\Apache2.4\htdocs\club\Application\Home\Controller\IndexController.class.php 第 17 行.
SQL: SELECT * FROM new.news_article WHERE `id` = 4951 LIMIT 1   [ RunTime:0.0005s ]
NOTIC: [8] Undefined variable: k E:\server\Apache2.4\htdocs\club\Application\Home\Controller\IndexController.class.php 第 17 行.
SQL: SELECT * FROM new.news_article WHERE `id` = 52 LIMIT 1   [ RunTime:0.0009s ]
NOTIC: [8] Undefined variable: k E:\server\Apache2.4\htdocs\club\Application\Home\Controller\IndexController.class.php 第 17 行.
SQL: SELECT * FROM new.news_article WHERE `id` = 81 LIMIT 1   [ RunTime:0.0011s ]
NOTIC: [8] Undefined variable: k E:\server\Apache2.4\htdocs\club\Application\Home\Controller\IndexController.class.php 第 17 行.
SQL: SELECT * FROM new.news_article WHERE `id` = 107 LIMIT 1   [ RunTime:0.0010s ]
NOTIC: [8] Undefined variable: k E:\server\Apache2.4\htdocs\club\Application\Home\Controller\IndexController.class.php 第 17 行.
SQL: SELECT * FROM `yzclub_news` WHERE `type` = 2 AND `status` = 1 AND `is_top` = 1  [ RunTime:0.0006s ]
SQL: SELECT * FROM new.news_article WHERE `id` = 4952 LIMIT 1   [ RunTime:0.0008s ]
SQL: SELECT * FROM new.news_article WHERE `id` = 74 LIMIT 1   [ RunTime:0.0009s ]
SQL: SELECT * FROM new.news_article WHERE `id` = 51 LIMIT 1   [ RunTime:0.0009s ]
INFO: [ view_parse ] --START--
INFO: [ template_filter ] --START--
INFO: Run Behavior\ContentReplaceBehavior [ RunTime:0.000392s ]
INFO: [ template_filter ] --END-- [ RunTime:0.000641s ]
NOTIC: [8] Undefined offset: 0 E:\server\Apache2.4\htdocs\club\Application\Runtime\Cache\Home\2a94b8bda04ff446dcedd42276fc99ee.php 第 28 行.
NOTIC: [8] Undefined offset: 0 E:\server\Apache2.4\htdocs\club\Application\Runtime\Cache\Home\2a94b8bda04ff446dcedd42276fc99ee.php 第 29 行.
NOTIC: [8] Undefined offset: 0 E:\server\Apache2.4\htdocs\club\Application\Runtime\Cache\Home\2a94b8bda04ff446dcedd42276fc99ee.php 第 28 行.
NOTIC: [8] Undefined offset: 0 E:\server\Apache2.4\htdocs\club\Application\Runtime\Cache\Home\2a94b8bda04ff446dcedd42276fc99ee.php 第 29 行.
NOTIC: [8] Undefined offset: 0 E:\server\Apache2.4\htdocs\club\Application\Runtime\Cache\Home\2a94b8bda04ff446dcedd42276fc99ee.php 第 28 行.
NOTIC: [8] Undefined offset: 0 E:\server\Apache2.4\htdocs\club\Application\Runtime\Cache\Home\2a94b8bda04ff446dcedd42276fc99ee.php 第 29 行.
NOTIC: [8] Undefined offset: 0 E:\server\Apache2.4\htdocs\club\Application\Runtime\Cache\Home\2a94b8bda04ff446dcedd42276fc99ee.php 第 28 行.
NOTIC: [8] Undefined offset: 0 E:\server\Apache2.4\htdocs\club\Application\Runtime\Cache\Home\2a94b8bda04ff446dcedd42276fc99ee.php 第 29 行.
NOTIC: [8] Undefined index: title E:\server\Apache2.4\htdocs\club\Application\Runtime\Cache\Home\2a94b8bda04ff446dcedd42276fc99ee.php 第 72 行.
NOTIC: [8] Undefined index: title E:\server\Apache2.4\htdocs\club\Application\Runtime\Cache\Home\2a94b8bda04ff446dcedd42276fc99ee.php 第 72 行.
INFO: Run Behavior\ParseTemplateBehavior [ RunTime:0.426027s ]
INFO: [ view_parse ] --END-- [ RunTime:0.426323s ]
INFO: [ view_filter ] --START--
INFO: Run Behavior\WriteHtmlCacheBehavior [ RunTime:0.033775s ]
INFO: [ view_filter ] --END-- [ RunTime:0.034055s ]
INFO: [ app_end ] --START--
INFO: Run Behavior\ShowPageTraceBehavior [ RunTime:0.049320s ]
INFO: [ app_end ] --END-- [ RunTime:0.049692s ]

[ 2015-05-05T14:42:36+08:00 ] 127.0.0.1 /favicon.ico
INFO: [ app_init ] --START--
INFO: Run Behavior\BuildLiteBehavior [ RunTime:0.000051s ]
INFO: [ app_init ] --END-- [ RunTime:0.001217s ]

