[ 2015-06-05T10:44:47+08:00 ] 10.159.43.143 /favicon.ico
INFO: [ app_init ] --START--
INFO: Run Behavior\BuildLiteBehavior [ RunTime:0.000017s ]
INFO: [ app_init ] --END-- [ RunTime:0.008286s ]

[ 2015-06-05T10:44:48+08:00 ] 10.159.63.104 /
INFO: [ app_init ] --START--
INFO: Run Behavior\BuildLiteBehavior [ RunTime:0.000036s ]
INFO: [ app_init ] --END-- [ RunTime:0.005209s ]
INFO: [ app_begin ] --START--
INFO: Run Behavior\ReadHtmlCacheBehavior [ RunTime:0.009798s ]
INFO: [ app_begin ] --END-- [ RunTime:0.009895s ]
SQL: SHOW COLUMNS FROM `yzclub_site` [ RunTime:0.0024s ]
SQL: SELECT `value` FROM `yzclub_site` WHERE `name` = 'status' LIMIT 1   [ RunTime:0.0018s ]
SQL: SELECT `value` FROM `yzclub_site` WHERE `name` = 'title' LIMIT 1   [ RunTime:0.0030s ]
SQL: SELECT `value` FROM `yzclub_site` WHERE `name` = 'keywords' LIMIT 1   [ RunTime:0.0009s ]
SQL: SELECT `value` FROM `yzclub_site` WHERE `name` = 'description' LIMIT 1   [ RunTime:0.0029s ]
SQL: SHOW COLUMNS FROM `yzclub_nav` [ RunTime:0.0037s ]
SQL: SELECT * FROM `yzclub_nav` WHERE `type` = '顶部导航'  [ RunTime:0.0036s ]
SQL: SELECT * FROM `yzclub_nav` WHERE `type` = '底部导航'  [ RunTime:0.0010s ]
SQL: SELECT * FROM `yzclub_site` WHERE `name` = 'copyright' LIMIT 1   [ RunTime:0.0007s ]
SQL: SHOW COLUMNS FROM `yzclub_friendlink` [ RunTime:0.0019s ]
SQL: SELECT * FROM `yzclub_friendlink`  [ RunTime:0.0008s ]
SQL: SHOW COLUMNS FROM `yzclub_news` [ RunTime:0.0022s ]
SQL: SELECT * FROM `yzclub_news` WHERE `type` = 1 AND `status` = 1 AND `is_top` = 1  [ RunTime:0.0015s ]
SQL: SHOW COLUMNS FROM `new`.`news_article` [ RunTime:0.0054s ]
SQL: SELECT * FROM new.news_article WHERE `id` = 4631 LIMIT 1   [ RunTime:0.0062s ]
NOTIC: [8] Undefined variable: k /alidata/www/club.yaozh.com/Application/Home/Controller/IndexController.class.php 第 17 行.
SQL: SELECT * FROM new.news_article WHERE `id` = 4950 LIMIT 1   [ RunTime:0.0070s ]
NOTIC: [8] Undefined variable: k /alidata/www/club.yaozh.com/Application/Home/Controller/IndexController.class.php 第 17 行.
SQL: SELECT * FROM new.news_article WHERE `id` = 4951 LIMIT 1   [ RunTime:0.0015s ]
NOTIC: [8] Undefined variable: k /alidata/www/club.yaozh.com/Application/Home/Controller/IndexController.class.php 第 17 行.
SQL: SELECT * FROM new.news_article WHERE `id` = 52 LIMIT 1   [ RunTime:0.0061s ]
NOTIC: [8] Undefined variable: k /alidata/www/club.yaozh.com/Application/Home/Controller/IndexController.class.php 第 17 行.
SQL: SELECT * FROM new.news_article WHERE `id` = 81 LIMIT 1   [ RunTime:0.0066s ]
NOTIC: [8] Undefined variable: k /alidata/www/club.yaozh.com/Application/Home/Controller/IndexController.class.php 第 17 行.
SQL: SELECT * FROM new.news_article WHERE `id` = 107 LIMIT 1   [ RunTime:0.0014s ]
NOTIC: [8] Undefined variable: k /alidata/www/club.yaozh.com/Application/Home/Controller/IndexController.class.php 第 17 行.
SQL: SELECT * FROM `yzclub_news` WHERE `type` = 2 AND `status` = 1 AND `is_top` = 1  [ RunTime:0.0009s ]
SQL: SELECT * FROM new.news_article WHERE `id` = 4952 LIMIT 1   [ RunTime:0.0029s ]
SQL: SELECT * FROM new.news_article WHERE `id` = 74 LIMIT 1   [ RunTime:0.0020s ]
SQL: SELECT * FROM new.news_article WHERE `id` = 51 LIMIT 1   [ RunTime:0.0014s ]
SQL: SHOW COLUMNS FROM `yzclub_adv` [ RunTime:0.0042s ]
SQL: SELECT * FROM `yzclub_adv` WHERE `adv_id` = 1 AND `status` = 1  [ RunTime:0.0014s ]
INFO: [ view_parse ] --START--
INFO: [ template_filter ] --START--
INFO: Run Behavior\ContentReplaceBehavior [ RunTime:0.000107s ]
INFO: [ template_filter ] --END-- [ RunTime:0.000205s ]
NOTIC: [8] Undefined variable: keywords /alidata/www/club.yaozh.com/Application/Runtime/Cache/Home/2a94b8bda04ff446dcedd42276fc99ee.php 第 6 行.
NOTIC: [8] Undefined offset: 0 /alidata/www/club.yaozh.com/Application/Runtime/Cache/Home/2a94b8bda04ff446dcedd42276fc99ee.php 第 30 行.
NOTIC: [8] Undefined offset: 0 /alidata/www/club.yaozh.com/Application/Runtime/Cache/Home/2a94b8bda04ff446dcedd42276fc99ee.php 第 31 行.
NOTIC: [8] Undefined offset: 0 /alidata/www/club.yaozh.com/Application/Runtime/Cache/Home/2a94b8bda04ff446dcedd42276fc99ee.php 第 30 行.
NOTIC: [8] Undefined offset: 0 /alidata/www/club.yaozh.com/Application/Runtime/Cache/Home/2a94b8bda04ff446dcedd42276fc99ee.php 第 31 行.
NOTIC: [8] Undefined offset: 0 /alidata/www/club.yaozh.com/Application/Runtime/Cache/Home/2a94b8bda04ff446dcedd42276fc99ee.php 第 30 行.
NOTIC: [8] Undefined offset: 0 /alidata/www/club.yaozh.com/Application/Runtime/Cache/Home/2a94b8bda04ff446dcedd42276fc99ee.php 第 31 行.
NOTIC: [8] Undefined offset: 0 /alidata/www/club.yaozh.com/Application/Runtime/Cache/Home/2a94b8bda04ff446dcedd42276fc99ee.php 第 30 行.
NOTIC: [8] Undefined offset: 0 /alidata/www/club.yaozh.com/Application/Runtime/Cache/Home/2a94b8bda04ff446dcedd42276fc99ee.php 第 31 行.
NOTIC: [8] Undefined index: title /alidata/www/club.yaozh.com/Application/Runtime/Cache/Home/2a94b8bda04ff446dcedd42276fc99ee.php 第 72 行.
NOTIC: [8] Undefined index: title /alidata/www/club.yaozh.com/Application/Runtime/Cache/Home/2a94b8bda04ff446dcedd42276fc99ee.php 第 72 行.
INFO: Run Behavior\ParseTemplateBehavior [ RunTime:0.310545s ]
INFO: [ view_parse ] --END-- [ RunTime:0.310612s ]
INFO: [ view_filter ] --START--
INFO: Run Behavior\WriteHtmlCacheBehavior [ RunTime:0.004073s ]
INFO: [ view_filter ] --END-- [ RunTime:0.004133s ]
INFO: [ app_end ] --START--
INFO: Run Behavior\ShowPageTraceBehavior [ RunTime:0.003127s ]
INFO: [ app_end ] --END-- [ RunTime:0.003199s ]

[ 2015-06-05T10:44:48+08:00 ] 10.159.63.172 /
INFO: [ app_init ] --START--
INFO: Run Behavior\BuildLiteBehavior [ RunTime:0.000024s ]
INFO: [ app_init ] --END-- [ RunTime:0.005228s ]
INFO: [ app_begin ] --START--
INFO: Run Behavior\ReadHtmlCacheBehavior [ RunTime:0.009391s ]
INFO: [ app_begin ] --END-- [ RunTime:0.009475s ]
SQL: SHOW COLUMNS FROM `yzclub_site` [ RunTime:0.0022s ]
SQL: SELECT `value` FROM `yzclub_site` WHERE `name` = 'status' LIMIT 1   [ RunTime:0.0016s ]
SQL: SELECT `value` FROM `yzclub_site` WHERE `name` = 'title' LIMIT 1   [ RunTime:0.0030s ]
SQL: SELECT `value` FROM `yzclub_site` WHERE `name` = 'keywords' LIMIT 1   [ RunTime:0.0009s ]
SQL: SELECT `value` FROM `yzclub_site` WHERE `name` = 'description' LIMIT 1   [ RunTime:0.0024s ]
SQL: SHOW COLUMNS FROM `yzclub_nav` [ RunTime:0.0035s ]
SQL: SELECT * FROM `yzclub_nav` WHERE `type` = '顶部导航'  [ RunTime:0.0044s ]
SQL: SELECT * FROM `yzclub_nav` WHERE `type` = '底部导航'  [ RunTime:0.0010s ]
SQL: SELECT * FROM `yzclub_site` WHERE `name` = 'copyright' LIMIT 1   [ RunTime:0.0011s ]
SQL: SHOW COLUMNS FROM `yzclub_friendlink` [ RunTime:0.0017s ]
SQL: SELECT * FROM `yzclub_friendlink`  [ RunTime:0.0012s ]
SQL: SHOW COLUMNS FROM `yzclub_news` [ RunTime:0.0021s ]
SQL: SELECT * FROM `yzclub_news` WHERE `type` = 1 AND `status` = 1 AND `is_top` = 1  [ RunTime:0.0066s ]
SQL: SHOW COLUMNS FROM `new`.`news_article` [ RunTime:0.0063s ]
SQL: SELECT * FROM new.news_article WHERE `id` = 4631 LIMIT 1   [ RunTime:0.0063s ]
NOTIC: [8] Undefined variable: k /alidata/www/club.yaozh.com/Application/Home/Controller/IndexController.class.php 第 17 行.
SQL: SELECT * FROM new.news_article WHERE `id` = 4950 LIMIT 1   [ RunTime:0.0071s ]
NOTIC: [8] Undefined variable: k /alidata/www/club.yaozh.com/Application/Home/Controller/IndexController.class.php 第 17 行.
SQL: SELECT * FROM new.news_article WHERE `id` = 4951 LIMIT 1   [ RunTime:0.0015s ]
NOTIC: [8] Undefined variable: k /alidata/www/club.yaozh.com/Application/Home/Controller/IndexController.class.php 第 17 行.
SQL: SELECT * FROM new.news_article WHERE `id` = 52 LIMIT 1   [ RunTime:0.0019s ]
NOTIC: [8] Undefined variable: k /alidata/www/club.yaozh.com/Application/Home/Controller/IndexController.class.php 第 17 行.
SQL: SELECT * FROM new.news_article WHERE `id` = 81 LIMIT 1   [ RunTime:0.0093s ]
NOTIC: [8] Undefined variable: k /alidata/www/club.yaozh.com/Application/Home/Controller/IndexController.class.php 第 17 行.
SQL: SELECT * FROM new.news_article WHERE `id` = 107 LIMIT 1   [ RunTime:0.0028s ]
NOTIC: [8] Undefined variable: k /alidata/www/club.yaozh.com/Application/Home/Controller/IndexController.class.php 第 17 行.
SQL: SELECT * FROM `yzclub_news` WHERE `type` = 2 AND `status` = 1 AND `is_top` = 1  [ RunTime:0.0033s ]
SQL: SELECT * FROM new.news_article WHERE `id` = 4952 LIMIT 1   [ RunTime:0.0030s ]
SQL: SELECT * FROM new.news_article WHERE `id` = 74 LIMIT 1   [ RunTime:0.0047s ]
SQL: SELECT * FROM new.news_article WHERE `id` = 51 LIMIT 1   [ RunTime:0.0016s ]
SQL: SHOW COLUMNS FROM `yzclub_adv` [ RunTime:0.0071s ]
SQL: SELECT * FROM `yzclub_adv` WHERE `adv_id` = 1 AND `status` = 1  [ RunTime:0.0016s ]
INFO: [ view_parse ] --START--
INFO: [ template_filter ] --START--
INFO: Run Behavior\ContentReplaceBehavior [ RunTime:0.000083s ]
INFO: [ template_filter ] --END-- [ RunTime:0.000151s ]
NOTIC: [8] Undefined variable: keywords /alidata/www/club.yaozh.com/Application/Runtime/Cache/Home/2a94b8bda04ff446dcedd42276fc99ee.php 第 6 行.
NOTIC: [8] Undefined offset: 0 /alidata/www/club.yaozh.com/Application/Runtime/Cache/Home/2a94b8bda04ff446dcedd42276fc99ee.php 第 30 行.
NOTIC: [8] Undefined offset: 0 /alidata/www/club.yaozh.com/Application/Runtime/Cache/Home/2a94b8bda04ff446dcedd42276fc99ee.php 第 31 行.
NOTIC: [8] Undefined offset: 0 /alidata/www/club.yaozh.com/Application/Runtime/Cache/Home/2a94b8bda04ff446dcedd42276fc99ee.php 第 30 行.
NOTIC: [8] Undefined offset: 0 /alidata/www/club.yaozh.com/Application/Runtime/Cache/Home/2a94b8bda04ff446dcedd42276fc99ee.php 第 31 行.
NOTIC: [8] Undefined offset: 0 /alidata/www/club.yaozh.com/Application/Runtime/Cache/Home/2a94b8bda04ff446dcedd42276fc99ee.php 第 30 行.
NOTIC: [8] Undefined offset: 0 /alidata/www/club.yaozh.com/Application/Runtime/Cache/Home/2a94b8bda04ff446dcedd42276fc99ee.php 第 31 行.
NOTIC: [8] Undefined offset: 0 /alidata/www/club.yaozh.com/Application/Runtime/Cache/Home/2a94b8bda04ff446dcedd42276fc99ee.php 第 30 行.
NOTIC: [8] Undefined offset: 0 /alidata/www/club.yaozh.com/Application/Runtime/Cache/Home/2a94b8bda04ff446dcedd42276fc99ee.php 第 31 行.
NOTIC: [8] Undefined index: title /alidata/www/club.yaozh.com/Application/Runtime/Cache/Home/2a94b8bda04ff446dcedd42276fc99ee.php 第 72 行.
NOTIC: [8] Undefined index: title /alidata/www/club.yaozh.com/Application/Runtime/Cache/Home/2a94b8bda04ff446dcedd42276fc99ee.php 第 72 行.
INFO: Run Behavior\ParseTemplateBehavior [ RunTime:0.310837s ]
INFO: [ view_parse ] --END-- [ RunTime:0.310899s ]
INFO: [ view_filter ] --START--
INFO: Run Behavior\WriteHtmlCacheBehavior [ RunTime:0.002495s ]
INFO: [ view_filter ] --END-- [ RunTime:0.002560s ]
INFO: [ app_end ] --START--
INFO: Run Behavior\ShowPageTraceBehavior [ RunTime:0.004568s ]
INFO: [ app_end ] --END-- [ RunTime:0.004639s ]

[ 2015-06-05T10:45:18+08:00 ] 10.159.63.101 /index/member.html
INFO: [ app_init ] --START--
INFO: Run Behavior\BuildLiteBehavior [ RunTime:0.000023s ]
INFO: [ app_init ] --END-- [ RunTime:0.000567s ]
INFO: [ app_begin ] --START--
INFO: Run Behavior\ReadHtmlCacheBehavior [ RunTime:0.000376s ]
INFO: [ app_begin ] --END-- [ RunTime:0.000429s ]
SQL: SHOW COLUMNS FROM `yzclub_site` [ RunTime:0.0027s ]
SQL: SELECT `value` FROM `yzclub_site` WHERE `name` = 'status' LIMIT 1   [ RunTime:0.0011s ]
SQL: SELECT `value` FROM `yzclub_site` WHERE `name` = 'title' LIMIT 1   [ RunTime:0.0024s ]
SQL: SELECT `value` FROM `yzclub_site` WHERE `name` = 'keywords' LIMIT 1   [ RunTime:0.0010s ]
SQL: SELECT `value` FROM `yzclub_site` WHERE `name` = 'description' LIMIT 1   [ RunTime:0.0017s ]
SQL: SHOW COLUMNS FROM `yzclub_nav` [ RunTime:0.0018s ]
SQL: SELECT * FROM `yzclub_nav` WHERE `type` = '顶部导航'  [ RunTime:0.0009s ]
SQL: SELECT * FROM `yzclub_nav` WHERE `type` = '底部导航'  [ RunTime:0.0035s ]
SQL: SELECT * FROM `yzclub_site` WHERE `name` = 'copyright' LIMIT 1   [ RunTime:0.0012s ]
SQL: SHOW COLUMNS FROM `yzclub_friendlink` [ RunTime:0.0024s ]
SQL: SELECT * FROM `yzclub_friendlink`  [ RunTime:0.0027s ]
SQL: SHOW COLUMNS FROM `yzclub_adv` [ RunTime:0.0018s ]
SQL: SELECT `pic` FROM `yzclub_adv` WHERE `adv_id` = 5 AND `status` = 1 LIMIT 1   [ RunTime:0.0012s ]
INFO: [ view_parse ] --START--
INFO: [ template_filter ] --START--
INFO: Run Behavior\ContentReplaceBehavior [ RunTime:0.000089s ]
INFO: [ template_filter ] --END-- [ RunTime:0.000382s ]
NOTIC: [8] Undefined variable: keywords /alidata/www/club.yaozh.com/Application/Runtime/Cache/Home/0034c409d5ac2c07ac3f17b1b2ad5d84.php 第 6 行.
NOTIC: [8] Undefined offset: 0 /alidata/www/club.yaozh.com/Application/Runtime/Cache/Home/0034c409d5ac2c07ac3f17b1b2ad5d84.php 第 36 行.
NOTIC: [8] Undefined offset: 0 /alidata/www/club.yaozh.com/Application/Runtime/Cache/Home/0034c409d5ac2c07ac3f17b1b2ad5d84.php 第 37 行.
NOTIC: [8] Undefined offset: 0 /alidata/www/club.yaozh.com/Application/Runtime/Cache/Home/0034c409d5ac2c07ac3f17b1b2ad5d84.php 第 36 行.
NOTIC: [8] Undefined offset: 0 /alidata/www/club.yaozh.com/Application/Runtime/Cache/Home/0034c409d5ac2c07ac3f17b1b2ad5d84.php 第 37 行.
NOTIC: [8] Undefined offset: 0 /alidata/www/club.yaozh.com/Application/Runtime/Cache/Home/0034c409d5ac2c07ac3f17b1b2ad5d84.php 第 36 行.
NOTIC: [8] Undefined offset: 0 /alidata/www/club.yaozh.com/Application/Runtime/Cache/Home/0034c409d5ac2c07ac3f17b1b2ad5d84.php 第 37 行.
NOTIC: [8] Undefined offset: 0 /alidata/www/club.yaozh.com/Application/Runtime/Cache/Home/0034c409d5ac2c07ac3f17b1b2ad5d84.php 第 36 行.
NOTIC: [8] Undefined offset: 0 /alidata/www/club.yaozh.com/Application/Runtime/Cache/Home/0034c409d5ac2c07ac3f17b1b2ad5d84.php 第 37 行.
INFO: Run Behavior\ParseTemplateBehavior [ RunTime:0.040780s ]
INFO: [ view_parse ] --END-- [ RunTime:0.040867s ]
INFO: [ view_filter ] --START--
INFO: Run Behavior\WriteHtmlCacheBehavior [ RunTime:0.000457s ]
INFO: [ view_filter ] --END-- [ RunTime:0.000514s ]
INFO: [ app_end ] --START--
INFO: Run Behavior\ShowPageTraceBehavior [ RunTime:0.000499s ]
INFO: [ app_end ] --END-- [ RunTime:0.000561s ]

[ 2015-06-05T10:45:21+08:00 ] 10.159.63.58 /index/member.html
INFO: [ app_init ] --START--
INFO: Run Behavior\BuildLiteBehavior [ RunTime:0.000017s ]
INFO: [ app_init ] --END-- [ RunTime:0.000128s ]
INFO: [ app_begin ] --START--
INFO: Run Behavior\ReadHtmlCacheBehavior [ RunTime:0.000082s ]
INFO: [ app_begin ] --END-- [ RunTime:0.000134s ]
SQL: SHOW COLUMNS FROM `yzclub_site` [ RunTime:0.0014s ]
SQL: SELECT `value` FROM `yzclub_site` WHERE `name` = 'status' LIMIT 1   [ RunTime:0.0008s ]
SQL: SELECT `value` FROM `yzclub_site` WHERE `name` = 'title' LIMIT 1   [ RunTime:0.0008s ]
SQL: SELECT `value` FROM `yzclub_site` WHERE `name` = 'keywords' LIMIT 1   [ RunTime:0.0006s ]
SQL: SELECT `value` FROM `yzclub_site` WHERE `name` = 'description' LIMIT 1   [ RunTime:0.0007s ]
SQL: SHOW COLUMNS FROM `yzclub_nav` [ RunTime:0.0016s ]
SQL: SELECT * FROM `yzclub_nav` WHERE `type` = '顶部导航'  [ RunTime:0.0010s ]
SQL: SELECT * FROM `yzclub_nav` WHERE `type` = '底部导航'  [ RunTime:0.0011s ]
SQL: SELECT * FROM `yzclub_site` WHERE `name` = 'copyright' LIMIT 1   [ RunTime:0.0008s ]
SQL: SHOW COLUMNS FROM `yzclub_friendlink` [ RunTime:0.0016s ]
SQL: SELECT * FROM `yzclub_friendlink`  [ RunTime:0.0009s ]
SQL: SHOW COLUMNS FROM `yzclub_adv` [ RunTime:0.0013s ]
SQL: SELECT `pic` FROM `yzclub_adv` WHERE `adv_id` = 5 AND `status` = 1 LIMIT 1   [ RunTime:0.0008s ]
INFO: [ view_parse ] --START--
INFO: [ template_filter ] --START--
INFO: Run Behavior\ContentReplaceBehavior [ RunTime:0.000068s ]
INFO: [ template_filter ] --END-- [ RunTime:0.000120s ]
NOTIC: [8] Undefined variable: keywords /alidata/www/club.yaozh.com/Application/Runtime/Cache/Home/0034c409d5ac2c07ac3f17b1b2ad5d84.php 第 6 行.
NOTIC: [8] Undefined offset: 0 /alidata/www/club.yaozh.com/Application/Runtime/Cache/Home/0034c409d5ac2c07ac3f17b1b2ad5d84.php 第 36 行.
NOTIC: [8] Undefined offset: 0 /alidata/www/club.yaozh.com/Application/Runtime/Cache/Home/0034c409d5ac2c07ac3f17b1b2ad5d84.php 第 37 行.
NOTIC: [8] Undefined offset: 0 /alidata/www/club.yaozh.com/Application/Runtime/Cache/Home/0034c409d5ac2c07ac3f17b1b2ad5d84.php 第 36 行.
NOTIC: [8] Undefined offset: 0 /alidata/www/club.yaozh.com/Application/Runtime/Cache/Home/0034c409d5ac2c07ac3f17b1b2ad5d84.php 第 37 行.
NOTIC: [8] Undefined offset: 0 /alidata/www/club.yaozh.com/Application/Runtime/Cache/Home/0034c409d5ac2c07ac3f17b1b2ad5d84.php 第 36 行.
NOTIC: [8] Undefined offset: 0 /alidata/www/club.yaozh.com/Application/Runtime/Cache/Home/0034c409d5ac2c07ac3f17b1b2ad5d84.php 第 37 行.
NOTIC: [8] Undefined offset: 0 /alidata/www/club.yaozh.com/Application/Runtime/Cache/Home/0034c409d5ac2c07ac3f17b1b2ad5d84.php 第 36 行.
NOTIC: [8] Undefined offset: 0 /alidata/www/club.yaozh.com/Application/Runtime/Cache/Home/0034c409d5ac2c07ac3f17b1b2ad5d84.php 第 37 行.
INFO: Run Behavior\ParseTemplateBehavior [ RunTime:0.022667s ]
INFO: [ view_parse ] --END-- [ RunTime:0.022735s ]
INFO: [ view_filter ] --START--
INFO: Run Behavior\WriteHtmlCacheBehavior [ RunTime:0.000168s ]
INFO: [ view_filter ] --END-- [ RunTime:0.000210s ]
INFO: [ app_end ] --START--
INFO: Run Behavior\ShowPageTraceBehavior [ RunTime:0.000078s ]
INFO: [ app_end ] --END-- [ RunTime:0.000132s ]

[ 2015-06-05T10:45:34+08:00 ] 10.159.63.155 /index/apply.html
INFO: [ app_init ] --START--
INFO: Run Behavior\BuildLiteBehavior [ RunTime:0.000017s ]
INFO: [ app_init ] --END-- [ RunTime:0.000126s ]
INFO: [ app_begin ] --START--
INFO: Run Behavior\ReadHtmlCacheBehavior [ RunTime:0.000100s ]
INFO: [ app_begin ] --END-- [ RunTime:0.000170s ]
SQL: SHOW COLUMNS FROM `yzclub_site` [ RunTime:0.0024s ]
SQL: SELECT `value` FROM `yzclub_site` WHERE `name` = 'status' LIMIT 1   [ RunTime:0.0009s ]
SQL: SELECT `value` FROM `yzclub_site` WHERE `name` = 'title' LIMIT 1   [ RunTime:0.0023s ]
SQL: SELECT `value` FROM `yzclub_site` WHERE `name` = 'keywords' LIMIT 1   [ RunTime:0.0010s ]
SQL: SELECT `value` FROM `yzclub_site` WHERE `name` = 'description' LIMIT 1   [ RunTime:0.0009s ]
SQL: SHOW COLUMNS FROM `yzclub_nav` [ RunTime:0.0019s ]
SQL: SELECT * FROM `yzclub_nav` WHERE `type` = '顶部导航'  [ RunTime:0.0012s ]
SQL: SELECT * FROM `yzclub_nav` WHERE `type` = '底部导航'  [ RunTime:0.0013s ]
SQL: SELECT * FROM `yzclub_site` WHERE `name` = 'copyright' LIMIT 1   [ RunTime:0.0013s ]
SQL: SHOW COLUMNS FROM `yzclub_friendlink` [ RunTime:0.0028s ]
SQL: SELECT * FROM `yzclub_friendlink`  [ RunTime:0.0018s ]
INFO: [ view_parse ] --START--
INFO: [ template_filter ] --START--
INFO: Run Behavior\ContentReplaceBehavior [ RunTime:0.000061s ]
INFO: [ template_filter ] --END-- [ RunTime:0.000124s ]
NOTIC: [8] Undefined variable: keywords /alidata/www/club.yaozh.com/Application/Runtime/Cache/Home/3c6f036e7c898ef0af57c371dc3e85be.php 第 6 行.
NOTIC: [8] Undefined offset: 0 /alidata/www/club.yaozh.com/Application/Runtime/Cache/Home/3c6f036e7c898ef0af57c371dc3e85be.php 第 36 行.
NOTIC: [8] Undefined offset: 0 /alidata/www/club.yaozh.com/Application/Runtime/Cache/Home/3c6f036e7c898ef0af57c371dc3e85be.php 第 37 行.
NOTIC: [8] Undefined offset: 0 /alidata/www/club.yaozh.com/Application/Runtime/Cache/Home/3c6f036e7c898ef0af57c371dc3e85be.php 第 36 行.
NOTIC: [8] Undefined offset: 0 /alidata/www/club.yaozh.com/Application/Runtime/Cache/Home/3c6f036e7c898ef0af57c371dc3e85be.php 第 37 行.
NOTIC: [8] Undefined offset: 0 /alidata/www/club.yaozh.com/Application/Runtime/Cache/Home/3c6f036e7c898ef0af57c371dc3e85be.php 第 36 行.
NOTIC: [8] Undefined offset: 0 /alidata/www/club.yaozh.com/Application/Runtime/Cache/Home/3c6f036e7c898ef0af57c371dc3e85be.php 第 37 行.
NOTIC: [8] Undefined offset: 0 /alidata/www/club.yaozh.com/Application/Runtime/Cache/Home/3c6f036e7c898ef0af57c371dc3e85be.php 第 36 行.
NOTIC: [8] Undefined offset: 0 /alidata/www/club.yaozh.com/Application/Runtime/Cache/Home/3c6f036e7c898ef0af57c371dc3e85be.php 第 37 行.
NOTIC: [8] Undefined variable: banner /alidata/www/club.yaozh.com/Application/Runtime/Cache/Home/3c6f036e7c898ef0af57c371dc3e85be.php 第 59 行.
INFO: Run Behavior\ParseTemplateBehavior [ RunTime:0.026826s ]
INFO: [ view_parse ] --END-- [ RunTime:0.026947s ]
INFO: [ view_filter ] --START--
INFO: Run Behavior\WriteHtmlCacheBehavior [ RunTime:0.000145s ]
INFO: [ view_filter ] --END-- [ RunTime:0.000206s ]
INFO: [ app_end ] --START--
INFO: Run Behavior\ShowPageTraceBehavior [ RunTime:0.000119s ]
INFO: [ app_end ] --END-- [ RunTime:0.000190s ]

[ 2015-06-05T10:45:51+08:00 ] 10.159.43.53 /index/member.html
INFO: [ app_init ] --START--
INFO: Run Behavior\BuildLiteBehavior [ RunTime:0.000018s ]
INFO: [ app_init ] --END-- [ RunTime:0.000129s ]
INFO: [ app_begin ] --START--
INFO: Run Behavior\ReadHtmlCacheBehavior [ RunTime:0.000147s ]
INFO: [ app_begin ] --END-- [ RunTime:0.000247s ]
SQL: SHOW COLUMNS FROM `yzclub_site` [ RunTime:0.0019s ]
SQL: SELECT `value` FROM `yzclub_site` WHERE `name` = 'status' LIMIT 1   [ RunTime:0.0009s ]
SQL: SELECT `value` FROM `yzclub_site` WHERE `name` = 'title' LIMIT 1   [ RunTime:0.0011s ]
SQL: SELECT `value` FROM `yzclub_site` WHERE `name` = 'keywords' LIMIT 1   [ RunTime:0.0009s ]
SQL: SELECT `value` FROM `yzclub_site` WHERE `name` = 'description' LIMIT 1   [ RunTime:0.0008s ]
SQL: SHOW COLUMNS FROM `yzclub_nav` [ RunTime:0.0020s ]
SQL: SELECT * FROM `yzclub_nav` WHERE `type` = '顶部导航'  [ RunTime:0.0019s ]
SQL: SELECT * FROM `yzclub_nav` WHERE `type` = '底部导航'  [ RunTime:0.0008s ]
SQL: SELECT * FROM `yzclub_site` WHERE `name` = 'copyright' LIMIT 1   [ RunTime:0.0013s ]
SQL: SHOW COLUMNS FROM `yzclub_friendlink` [ RunTime:0.0018s ]
SQL: SELECT * FROM `yzclub_friendlink`  [ RunTime:0.0008s ]
SQL: SHOW COLUMNS FROM `yzclub_adv` [ RunTime:0.0015s ]
SQL: SELECT `pic` FROM `yzclub_adv` WHERE `adv_id` = 5 AND `status` = 1 LIMIT 1   [ RunTime:0.0035s ]
INFO: [ view_parse ] --START--
INFO: [ template_filter ] --START--
INFO: Run Behavior\ContentReplaceBehavior [ RunTime:0.000069s ]
INFO: [ template_filter ] --END-- [ RunTime:0.000126s ]
NOTIC: [8] Undefined variable: keywords /alidata/www/club.yaozh.com/Application/Runtime/Cache/Home/0034c409d5ac2c07ac3f17b1b2ad5d84.php 第 6 行.
NOTIC: [8] Undefined offset: 0 /alidata/www/club.yaozh.com/Application/Runtime/Cache/Home/0034c409d5ac2c07ac3f17b1b2ad5d84.php 第 36 行.
NOTIC: [8] Undefined offset: 0 /alidata/www/club.yaozh.com/Application/Runtime/Cache/Home/0034c409d5ac2c07ac3f17b1b2ad5d84.php 第 37 行.
NOTIC: [8] Undefined offset: 0 /alidata/www/club.yaozh.com/Application/Runtime/Cache/Home/0034c409d5ac2c07ac3f17b1b2ad5d84.php 第 36 行.
NOTIC: [8] Undefined offset: 0 /alidata/www/club.yaozh.com/Application/Runtime/Cache/Home/0034c409d5ac2c07ac3f17b1b2ad5d84.php 第 37 行.
NOTIC: [8] Undefined offset: 0 /alidata/www/club.yaozh.com/Application/Runtime/Cache/Home/0034c409d5ac2c07ac3f17b1b2ad5d84.php 第 36 行.
NOTIC: [8] Undefined offset: 0 /alidata/www/club.yaozh.com/Application/Runtime/Cache/Home/0034c409d5ac2c07ac3f17b1b2ad5d84.php 第 37 行.
NOTIC: [8] Undefined offset: 0 /alidata/www/club.yaozh.com/Application/Runtime/Cache/Home/0034c409d5ac2c07ac3f17b1b2ad5d84.php 第 36 行.
NOTIC: [8] Undefined offset: 0 /alidata/www/club.yaozh.com/Application/Runtime/Cache/Home/0034c409d5ac2c07ac3f17b1b2ad5d84.php 第 37 行.
INFO: Run Behavior\ParseTemplateBehavior [ RunTime:0.043768s ]
INFO: [ view_parse ] --END-- [ RunTime:0.043839s ]
INFO: [ view_filter ] --START--
INFO: Run Behavior\WriteHtmlCacheBehavior [ RunTime:0.000103s ]
INFO: [ view_filter ] --END-- [ RunTime:0.000142s ]
INFO: [ app_end ] --START--
INFO: Run Behavior\ShowPageTraceBehavior [ RunTime:0.000093s ]
INFO: [ app_end ] --END-- [ RunTime:0.000138s ]

[ 2015-06-05T10:45:57+08:00 ] 10.159.43.205 /index/introduction.html
INFO: [ app_init ] --START--
INFO: Run Behavior\BuildLiteBehavior [ RunTime:0.000018s ]
INFO: [ app_init ] --END-- [ RunTime:0.000131s ]
INFO: [ app_begin ] --START--
INFO: Run Behavior\ReadHtmlCacheBehavior [ RunTime:0.000087s ]
INFO: [ app_begin ] --END-- [ RunTime:0.000144s ]
SQL: SHOW COLUMNS FROM `yzclub_site` [ RunTime:0.0015s ]
SQL: SELECT `value` FROM `yzclub_site` WHERE `name` = 'status' LIMIT 1   [ RunTime:0.0006s ]
SQL: SELECT `value` FROM `yzclub_site` WHERE `name` = 'title' LIMIT 1   [ RunTime:0.0008s ]
SQL: SELECT `value` FROM `yzclub_site` WHERE `name` = 'keywords' LIMIT 1   [ RunTime:0.0010s ]
SQL: SELECT `value` FROM `yzclub_site` WHERE `name` = 'description' LIMIT 1   [ RunTime:0.0007s ]
SQL: SHOW COLUMNS FROM `yzclub_nav` [ RunTime:0.0018s ]
SQL: SELECT * FROM `yzclub_nav` WHERE `type` = '顶部导航'  [ RunTime:0.0024s ]
SQL: SELECT * FROM `yzclub_nav` WHERE `type` = '底部导航'  [ RunTime:0.0061s ]
SQL: SELECT * FROM `yzclub_site` WHERE `name` = 'copyright' LIMIT 1   [ RunTime:0.0019s ]
SQL: SHOW COLUMNS FROM `yzclub_friendlink` [ RunTime:0.0016s ]
SQL: SELECT * FROM `yzclub_friendlink`  [ RunTime:0.0008s ]
SQL: SHOW COLUMNS FROM `yzclub_adv` [ RunTime:0.0016s ]
SQL: SELECT `pic` FROM `yzclub_adv` WHERE `adv_id` = 2 AND `status` = 1 LIMIT 1   [ RunTime:0.0036s ]
INFO: [ view_parse ] --START--
INFO: [ template_filter ] --START--
INFO: Run Behavior\ContentReplaceBehavior [ RunTime:0.000083s ]
INFO: [ template_filter ] --END-- [ RunTime:0.000153s ]
NOTIC: [8] Undefined variable: keywords /alidata/www/club.yaozh.com/Application/Runtime/Cache/Home/5941d6446379a4a50e980a139ca5299f.php 第 6 行.
NOTIC: [8] Undefined offset: 0 /alidata/www/club.yaozh.com/Application/Runtime/Cache/Home/5941d6446379a4a50e980a139ca5299f.php 第 36 行.
NOTIC: [8] Undefined offset: 0 /alidata/www/club.yaozh.com/Application/Runtime/Cache/Home/5941d6446379a4a50e980a139ca5299f.php 第 37 行.
NOTIC: [8] Undefined offset: 0 /alidata/www/club.yaozh.com/Application/Runtime/Cache/Home/5941d6446379a4a50e980a139ca5299f.php 第 36 行.
NOTIC: [8] Undefined offset: 0 /alidata/www/club.yaozh.com/Application/Runtime/Cache/Home/5941d6446379a4a50e980a139ca5299f.php 第 37 行.
NOTIC: [8] Undefined offset: 0 /alidata/www/club.yaozh.com/Application/Runtime/Cache/Home/5941d6446379a4a50e980a139ca5299f.php 第 36 行.
NOTIC: [8] Undefined offset: 0 /alidata/www/club.yaozh.com/Application/Runtime/Cache/Home/5941d6446379a4a50e980a139ca5299f.php 第 37 行.
NOTIC: [8] Undefined offset: 0 /alidata/www/club.yaozh.com/Application/Runtime/Cache/Home/5941d6446379a4a50e980a139ca5299f.php 第 36 行.
NOTIC: [8] Undefined offset: 0 /alidata/www/club.yaozh.com/Application/Runtime/Cache/Home/5941d6446379a4a50e980a139ca5299f.php 第 37 行.
INFO: Run Behavior\ParseTemplateBehavior [ RunTime:0.051184s ]
INFO: [ view_parse ] --END-- [ RunTime:0.051277s ]
INFO: [ view_filter ] --START--
INFO: Run Behavior\WriteHtmlCacheBehavior [ RunTime:0.000106s ]
INFO: [ view_filter ] --END-- [ RunTime:0.000145s ]
INFO: [ app_end ] --START--
INFO: Run Behavior\ShowPageTraceBehavior [ RunTime:0.000097s ]
INFO: [ app_end ] --END-- [ RunTime:0.000160s ]

[ 2015-06-05T10:45:57+08:00 ] 10.159.61.226 /index/introduction.html
INFO: [ app_init ] --START--
INFO: Run Behavior\BuildLiteBehavior [ RunTime:0.000015s ]
INFO: [ app_init ] --END-- [ RunTime:0.000106s ]
INFO: [ app_begin ] --START--
INFO: Run Behavior\ReadHtmlCacheBehavior [ RunTime:0.000078s ]
INFO: [ app_begin ] --END-- [ RunTime:0.000152s ]
SQL: SHOW COLUMNS FROM `yzclub_site` [ RunTime:0.0018s ]
SQL: SELECT `value` FROM `yzclub_site` WHERE `name` = 'status' LIMIT 1   [ RunTime:0.0008s ]
SQL: SELECT `value` FROM `yzclub_site` WHERE `name` = 'title' LIMIT 1   [ RunTime:0.0008s ]
SQL: SELECT `value` FROM `yzclub_site` WHERE `name` = 'keywords' LIMIT 1   [ RunTime:0.0009s ]
SQL: SELECT `value` FROM `yzclub_site` WHERE `name` = 'description' LIMIT 1   [ RunTime:0.0008s ]
SQL: SHOW COLUMNS FROM `yzclub_nav` [ RunTime:0.0019s ]
SQL: SELECT * FROM `yzclub_nav` WHERE `type` = '顶部导航'  [ RunTime:0.0015s ]
SQL: SELECT * FROM `yzclub_nav` WHERE `type` = '底部导航'  [ RunTime:0.0008s ]
SQL: SELECT * FROM `yzclub_site` WHERE `name` = 'copyright' LIMIT 1   [ RunTime:0.0009s ]
SQL: SHOW COLUMNS FROM `yzclub_friendlink` [ RunTime:0.0020s ]
SQL: SELECT * FROM `yzclub_friendlink`  [ RunTime:0.0008s ]
SQL: SHOW COLUMNS FROM `yzclub_adv` [ RunTime:0.0017s ]
SQL: SELECT `pic` FROM `yzclub_adv` WHERE `adv_id` = 2 AND `status` = 1 LIMIT 1   [ RunTime:0.0008s ]
INFO: [ view_parse ] --START--
INFO: [ template_filter ] --START--
INFO: Run Behavior\ContentReplaceBehavior [ RunTime:0.000077s ]
INFO: [ template_filter ] --END-- [ RunTime:0.000159s ]
NOTIC: [8] Undefined variable: keywords /alidata/www/club.yaozh.com/Application/Runtime/Cache/Home/5941d6446379a4a50e980a139ca5299f.php 第 6 行.
NOTIC: [8] Undefined offset: 0 /alidata/www/club.yaozh.com/Application/Runtime/Cache/Home/5941d6446379a4a50e980a139ca5299f.php 第 36 行.
NOTIC: [8] Undefined offset: 0 /alidata/www/club.yaozh.com/Application/Runtime/Cache/Home/5941d6446379a4a50e980a139ca5299f.php 第 37 行.
NOTIC: [8] Undefined offset: 0 /alidata/www/club.yaozh.com/Application/Runtime/Cache/Home/5941d6446379a4a50e980a139ca5299f.php 第 36 行.
NOTIC: [8] Undefined offset: 0 /alidata/www/club.yaozh.com/Application/Runtime/Cache/Home/5941d6446379a4a50e980a139ca5299f.php 第 37 行.
NOTIC: [8] Undefined offset: 0 /alidata/www/club.yaozh.com/Application/Runtime/Cache/Home/5941d6446379a4a50e980a139ca5299f.php 第 36 行.
NOTIC: [8] Undefined offset: 0 /alidata/www/club.yaozh.com/Application/Runtime/Cache/Home/5941d6446379a4a50e980a139ca5299f.php 第 37 行.
NOTIC: [8] Undefined offset: 0 /alidata/www/club.yaozh.com/Application/Runtime/Cache/Home/5941d6446379a4a50e980a139ca5299f.php 第 36 行.
NOTIC: [8] Undefined offset: 0 /alidata/www/club.yaozh.com/Application/Runtime/Cache/Home/5941d6446379a4a50e980a139ca5299f.php 第 37 行.
INFO: Run Behavior\ParseTemplateBehavior [ RunTime:0.025676s ]
INFO: [ view_parse ] --END-- [ RunTime:0.025740s ]
INFO: [ view_filter ] --START--
INFO: Run Behavior\WriteHtmlCacheBehavior [ RunTime:0.000074s ]
INFO: [ view_filter ] --END-- [ RunTime:0.000136s ]
INFO: [ app_end ] --START--
INFO: Run Behavior\ShowPageTraceBehavior [ RunTime:0.000081s ]
INFO: [ app_end ] --END-- [ RunTime:0.000142s ]

[ 2015-06-05T10:46:01+08:00 ] 10.159.43.186 /index/active.html
INFO: [ app_init ] --START--
INFO: Run Behavior\BuildLiteBehavior [ RunTime:0.000015s ]
INFO: [ app_init ] --END-- [ RunTime:0.000118s ]
INFO: [ app_begin ] --START--
INFO: Run Behavior\ReadHtmlCacheBehavior [ RunTime:0.000079s ]
INFO: [ app_begin ] --END-- [ RunTime:0.000155s ]
SQL: SHOW COLUMNS FROM `yzclub_site` [ RunTime:0.0021s ]
SQL: SELECT `value` FROM `yzclub_site` WHERE `name` = 'status' LIMIT 1   [ RunTime:0.0009s ]
SQL: SELECT `value` FROM `yzclub_site` WHERE `name` = 'title' LIMIT 1   [ RunTime:0.0009s ]
SQL: SELECT `value` FROM `yzclub_site` WHERE `name` = 'keywords' LIMIT 1   [ RunTime:0.0008s ]
SQL: SELECT `value` FROM `yzclub_site` WHERE `name` = 'description' LIMIT 1   [ RunTime:0.0012s ]
SQL: SHOW COLUMNS FROM `yzclub_nav` [ RunTime:0.0019s ]
SQL: SELECT * FROM `yzclub_nav` WHERE `type` = '顶部导航'  [ RunTime:0.0011s ]
SQL: SELECT * FROM `yzclub_nav` WHERE `type` = '底部导航'  [ RunTime:0.0033s ]
SQL: SELECT * FROM `yzclub_site` WHERE `name` = 'copyright' LIMIT 1   [ RunTime:0.0012s ]
SQL: SHOW COLUMNS FROM `yzclub_friendlink` [ RunTime:0.0020s ]
SQL: SELECT * FROM `yzclub_friendlink`  [ RunTime:0.0015s ]
SQL: SHOW COLUMNS FROM `yzclub_news` [ RunTime:0.0028s ]
SQL: SELECT COUNT(*) AS tp_count FROM `yzclub_news` WHERE `status` = 1 AND `type` = 2 LIMIT 1   [ RunTime:0.0012s ]
SQL: SELECT * FROM `yzclub_news` WHERE `status` = 1 AND `type` = 2 LIMIT 0,5   [ RunTime:0.0069s ]
SQL: SHOW COLUMNS FROM `new`.`news_article` [ RunTime:0.0051s ]
SQL: SELECT * FROM new.news_article WHERE `id` = 4952 LIMIT 1   [ RunTime:0.0052s ]
SQL: SELECT * FROM new.news_article WHERE `id` = 74 LIMIT 1   [ RunTime:0.0033s ]
SQL: SELECT * FROM new.news_article WHERE `id` = 51 LIMIT 1   [ RunTime:0.0016s ]
SQL: SHOW COLUMNS FROM `yzclub_adv` [ RunTime:0.0033s ]
SQL: SELECT `pic` FROM `yzclub_adv` WHERE `adv_id` = 3 AND `status` = 1 LIMIT 1   [ RunTime:0.0017s ]
INFO: [ view_parse ] --START--
INFO: [ template_filter ] --START--
INFO: Run Behavior\ContentReplaceBehavior [ RunTime:0.000065s ]
INFO: [ template_filter ] --END-- [ RunTime:0.000157s ]
NOTIC: [8] Undefined variable: keywords /alidata/www/club.yaozh.com/Application/Runtime/Cache/Home/38eb7b5e3a630fe1dfd7d3bc46661510.php 第 6 行.
NOTIC: [8] Undefined offset: 0 /alidata/www/club.yaozh.com/Application/Runtime/Cache/Home/38eb7b5e3a630fe1dfd7d3bc46661510.php 第 36 行.
NOTIC: [8] Undefined offset: 0 /alidata/www/club.yaozh.com/Application/Runtime/Cache/Home/38eb7b5e3a630fe1dfd7d3bc46661510.php 第 37 行.
NOTIC: [8] Undefined offset: 0 /alidata/www/club.yaozh.com/Application/Runtime/Cache/Home/38eb7b5e3a630fe1dfd7d3bc46661510.php 第 36 行.
NOTIC: [8] Undefined offset: 0 /alidata/www/club.yaozh.com/Application/Runtime/Cache/Home/38eb7b5e3a630fe1dfd7d3bc46661510.php 第 37 行.
NOTIC: [8] Undefined offset: 0 /alidata/www/club.yaozh.com/Application/Runtime/Cache/Home/38eb7b5e3a630fe1dfd7d3bc46661510.php 第 36 行.
NOTIC: [8] Undefined offset: 0 /alidata/www/club.yaozh.com/Application/Runtime/Cache/Home/38eb7b5e3a630fe1dfd7d3bc46661510.php 第 37 行.
NOTIC: [8] Undefined offset: 0 /alidata/www/club.yaozh.com/Application/Runtime/Cache/Home/38eb7b5e3a630fe1dfd7d3bc46661510.php 第 36 行.
NOTIC: [8] Undefined offset: 0 /alidata/www/club.yaozh.com/Application/Runtime/Cache/Home/38eb7b5e3a630fe1dfd7d3bc46661510.php 第 37 行.
INFO: Run Behavior\ParseTemplateBehavior [ RunTime:0.043018s ]
INFO: [ view_parse ] --END-- [ RunTime:0.043085s ]
INFO: [ view_filter ] --START--
INFO: Run Behavior\WriteHtmlCacheBehavior [ RunTime:0.000099s ]
INFO: [ view_filter ] --END-- [ RunTime:0.000156s ]
INFO: [ app_end ] --START--
INFO: Run Behavior\ShowPageTraceBehavior [ RunTime:0.000081s ]
INFO: [ app_end ] --END-- [ RunTime:0.000129s ]

[ 2015-06-05T10:46:21+08:00 ] 10.159.63.48 /index/introduction.html
INFO: [ app_init ] --START--
INFO: Run Behavior\BuildLiteBehavior [ RunTime:0.000017s ]
INFO: [ app_init ] --END-- [ RunTime:0.000149s ]
INFO: [ app_begin ] --START--
INFO: Run Behavior\ReadHtmlCacheBehavior [ RunTime:0.000119s ]
INFO: [ app_begin ] --END-- [ RunTime:0.000191s ]
SQL: SHOW COLUMNS FROM `yzclub_site` [ RunTime:0.0025s ]
SQL: SELECT `value` FROM `yzclub_site` WHERE `name` = 'status' LIMIT 1   [ RunTime:0.0007s ]
SQL: SELECT `value` FROM `yzclub_site` WHERE `name` = 'title' LIMIT 1   [ RunTime:0.0013s ]
SQL: SELECT `value` FROM `yzclub_site` WHERE `name` = 'keywords' LIMIT 1   [ RunTime:0.0007s ]
SQL: SELECT `value` FROM `yzclub_site` WHERE `name` = 'description' LIMIT 1   [ RunTime:0.0007s ]
SQL: SHOW COLUMNS FROM `yzclub_nav` [ RunTime:0.0018s ]
SQL: SELECT * FROM `yzclub_nav` WHERE `type` = '顶部导航'  [ RunTime:0.0009s ]
SQL: SELECT * FROM `yzclub_nav` WHERE `type` = '底部导航'  [ RunTime:0.0008s ]
SQL: SELECT * FROM `yzclub_site` WHERE `name` = 'copyright' LIMIT 1   [ RunTime:0.0008s ]
SQL: SHOW COLUMNS FROM `yzclub_friendlink` [ RunTime:0.0015s ]
SQL: SELECT * FROM `yzclub_friendlink`  [ RunTime:0.0011s ]
SQL: SHOW COLUMNS FROM `yzclub_adv` [ RunTime:0.0016s ]
SQL: SELECT `pic` FROM `yzclub_adv` WHERE `adv_id` = 2 AND `status` = 1 LIMIT 1   [ RunTime:0.0007s ]
INFO: [ view_parse ] --START--
INFO: [ template_filter ] --START--
INFO: Run Behavior\ContentReplaceBehavior [ RunTime:0.000065s ]
INFO: [ template_filter ] --END-- [ RunTime:0.000118s ]
NOTIC: [8] Undefined variable: keywords /alidata/www/club.yaozh.com/Application/Runtime/Cache/Home/5941d6446379a4a50e980a139ca5299f.php 第 6 行.
NOTIC: [8] Undefined offset: 0 /alidata/www/club.yaozh.com/Application/Runtime/Cache/Home/5941d6446379a4a50e980a139ca5299f.php 第 36 行.
NOTIC: [8] Undefined offset: 0 /alidata/www/club.yaozh.com/Application/Runtime/Cache/Home/5941d6446379a4a50e980a139ca5299f.php 第 37 行.
NOTIC: [8] Undefined offset: 0 /alidata/www/club.yaozh.com/Application/Runtime/Cache/Home/5941d6446379a4a50e980a139ca5299f.php 第 36 行.
NOTIC: [8] Undefined offset: 0 /alidata/www/club.yaozh.com/Application/Runtime/Cache/Home/5941d6446379a4a50e980a139ca5299f.php 第 37 行.
NOTIC: [8] Undefined offset: 0 /alidata/www/club.yaozh.com/Application/Runtime/Cache/Home/5941d6446379a4a50e980a139ca5299f.php 第 36 行.
NOTIC: [8] Undefined offset: 0 /alidata/www/club.yaozh.com/Application/Runtime/Cache/Home/5941d6446379a4a50e980a139ca5299f.php 第 37 行.
NOTIC: [8] Undefined offset: 0 /alidata/www/club.yaozh.com/Application/Runtime/Cache/Home/5941d6446379a4a50e980a139ca5299f.php 第 36 行.
NOTIC: [8] Undefined offset: 0 /alidata/www/club.yaozh.com/Application/Runtime/Cache/Home/5941d6446379a4a50e980a139ca5299f.php 第 37 行.
INFO: Run Behavior\ParseTemplateBehavior [ RunTime:0.030522s ]
INFO: [ view_parse ] --END-- [ RunTime:0.030593s ]
INFO: [ view_filter ] --START--
INFO: Run Behavior\WriteHtmlCacheBehavior [ RunTime:0.000109s ]
INFO: [ view_filter ] --END-- [ RunTime:0.000154s ]
INFO: [ app_end ] --START--
INFO: Run Behavior\ShowPageTraceBehavior [ RunTime:0.000079s ]
INFO: [ app_end ] --END-- [ RunTime:0.000122s ]

[ 2015-06-05T10:46:25+08:00 ] 10.159.63.126 /
INFO: [ app_init ] --START--
INFO: Run Behavior\BuildLiteBehavior [ RunTime:0.000013s ]
INFO: [ app_init ] --END-- [ RunTime:0.000113s ]
INFO: [ app_begin ] --START--
INFO: Run Behavior\ReadHtmlCacheBehavior [ RunTime:0.000090s ]
INFO: [ app_begin ] --END-- [ RunTime:0.000166s ]
SQL: SHOW COLUMNS FROM `yzclub_site` [ RunTime:0.0018s ]
SQL: SELECT `value` FROM `yzclub_site` WHERE `name` = 'status' LIMIT 1   [ RunTime:0.0012s ]
SQL: SELECT `value` FROM `yzclub_site` WHERE `name` = 'title' LIMIT 1   [ RunTime:0.0010s ]
SQL: SELECT `value` FROM `yzclub_site` WHERE `name` = 'keywords' LIMIT 1   [ RunTime:0.0010s ]
SQL: SELECT `value` FROM `yzclub_site` WHERE `name` = 'description' LIMIT 1   [ RunTime:0.0010s ]
SQL: SHOW COLUMNS FROM `yzclub_nav` [ RunTime:0.0017s ]
SQL: SELECT * FROM `yzclub_nav` WHERE `type` = '顶部导航'  [ RunTime:0.0013s ]
SQL: SELECT * FROM `yzclub_nav` WHERE `type` = '底部导航'  [ RunTime:0.0011s ]
SQL: SELECT * FROM `yzclub_site` WHERE `name` = 'copyright' LIMIT 1   [ RunTime:0.0008s ]
SQL: SHOW COLUMNS FROM `yzclub_friendlink` [ RunTime:0.0016s ]
SQL: SELECT * FROM `yzclub_friendlink`  [ RunTime:0.0012s ]
SQL: SHOW COLUMNS FROM `yzclub_news` [ RunTime:0.0027s ]
SQL: SELECT * FROM `yzclub_news` WHERE `type` = 1 AND `status` = 1 AND `is_top` = 1  [ RunTime:0.0009s ]
SQL: SHOW COLUMNS FROM `new`.`news_article` [ RunTime:0.0023s ]
SQL: SELECT * FROM new.news_article WHERE `id` = 4631 LIMIT 1   [ RunTime:0.0025s ]
NOTIC: [8] Undefined variable: k /alidata/www/club.yaozh.com/Application/Home/Controller/IndexController.class.php 第 17 行.
SQL: SELECT * FROM new.news_article WHERE `id` = 4950 LIMIT 1   [ RunTime:0.0024s ]
NOTIC: [8] Undefined variable: k /alidata/www/club.yaozh.com/Application/Home/Controller/IndexController.class.php 第 17 行.
SQL: SELECT * FROM new.news_article WHERE `id` = 4951 LIMIT 1   [ RunTime:0.0013s ]
NOTIC: [8] Undefined variable: k /alidata/www/club.yaozh.com/Application/Home/Controller/IndexController.class.php 第 17 行.
SQL: SELECT * FROM new.news_article WHERE `id` = 52 LIMIT 1   [ RunTime:0.0019s ]
NOTIC: [8] Undefined variable: k /alidata/www/club.yaozh.com/Application/Home/Controller/IndexController.class.php 第 17 行.
SQL: SELECT * FROM new.news_article WHERE `id` = 81 LIMIT 1   [ RunTime:0.0012s ]
NOTIC: [8] Undefined variable: k /alidata/www/club.yaozh.com/Application/Home/Controller/IndexController.class.php 第 17 行.
SQL: SELECT * FROM new.news_article WHERE `id` = 107 LIMIT 1   [ RunTime:0.0013s ]
NOTIC: [8] Undefined variable: k /alidata/www/club.yaozh.com/Application/Home/Controller/IndexController.class.php 第 17 行.
SQL: SELECT * FROM `yzclub_news` WHERE `type` = 2 AND `status` = 1 AND `is_top` = 1  [ RunTime:0.0010s ]
SQL: SELECT * FROM new.news_article WHERE `id` = 4952 LIMIT 1   [ RunTime:0.0015s ]
SQL: SELECT * FROM new.news_article WHERE `id` = 74 LIMIT 1   [ RunTime:0.0022s ]
SQL: SELECT * FROM new.news_article WHERE `id` = 51 LIMIT 1   [ RunTime:0.0016s ]
SQL: SHOW COLUMNS FROM `yzclub_adv` [ RunTime:0.0026s ]
SQL: SELECT * FROM `yzclub_adv` WHERE `adv_id` = 1 AND `status` = 1  [ RunTime:0.0011s ]
INFO: [ view_parse ] --START--
INFO: [ template_filter ] --START--
INFO: Run Behavior\ContentReplaceBehavior [ RunTime:0.000072s ]
INFO: [ template_filter ] --END-- [ RunTime:0.000129s ]
NOTIC: [8] Undefined variable: keywords /alidata/www/club.yaozh.com/Application/Runtime/Cache/Home/2a94b8bda04ff446dcedd42276fc99ee.php 第 6 行.
NOTIC: [8] Undefined offset: 0 /alidata/www/club.yaozh.com/Application/Runtime/Cache/Home/2a94b8bda04ff446dcedd42276fc99ee.php 第 30 行.
NOTIC: [8] Undefined offset: 0 /alidata/www/club.yaozh.com/Application/Runtime/Cache/Home/2a94b8bda04ff446dcedd42276fc99ee.php 第 31 行.
NOTIC: [8] Undefined offset: 0 /alidata/www/club.yaozh.com/Application/Runtime/Cache/Home/2a94b8bda04ff446dcedd42276fc99ee.php 第 30 行.
NOTIC: [8] Undefined offset: 0 /alidata/www/club.yaozh.com/Application/Runtime/Cache/Home/2a94b8bda04ff446dcedd42276fc99ee.php 第 31 行.
NOTIC: [8] Undefined offset: 0 /alidata/www/club.yaozh.com/Application/Runtime/Cache/Home/2a94b8bda04ff446dcedd42276fc99ee.php 第 30 行.
NOTIC: [8] Undefined offset: 0 /alidata/www/club.yaozh.com/Application/Runtime/Cache/Home/2a94b8bda04ff446dcedd42276fc99ee.php 第 31 行.
NOTIC: [8] Undefined offset: 0 /alidata/www/club.yaozh.com/Application/Runtime/Cache/Home/2a94b8bda04ff446dcedd42276fc99ee.php 第 30 行.
NOTIC: [8] Undefined offset: 0 /alidata/www/club.yaozh.com/Application/Runtime/Cache/Home/2a94b8bda04ff446dcedd42276fc99ee.php 第 31 行.
NOTIC: [8] Undefined index: title /alidata/www/club.yaozh.com/Application/Runtime/Cache/Home/2a94b8bda04ff446dcedd42276fc99ee.php 第 72 行.
NOTIC: [8] Undefined index: title /alidata/www/club.yaozh.com/Application/Runtime/Cache/Home/2a94b8bda04ff446dcedd42276fc99ee.php 第 72 行.
INFO: Run Behavior\ParseTemplateBehavior [ RunTime:0.042518s ]
INFO: [ view_parse ] --END-- [ RunTime:0.042606s ]
INFO: [ view_filter ] --START--
INFO: Run Behavior\WriteHtmlCacheBehavior [ RunTime:0.000096s ]
INFO: [ view_filter ] --END-- [ RunTime:0.000135s ]
INFO: [ app_end ] --START--
INFO: Run Behavior\ShowPageTraceBehavior [ RunTime:0.000134s ]
INFO: [ app_end ] --END-- [ RunTime:0.000208s ]

[ 2015-06-05T10:46:49+08:00 ] 10.159.63.227 /index/contactUs.html
INFO: [ app_init ] --START--
INFO: Run Behavior\BuildLiteBehavior [ RunTime:0.000017s ]
INFO: [ app_init ] --END-- [ RunTime:0.000134s ]
INFO: [ app_begin ] --START--
INFO: Run Behavior\ReadHtmlCacheBehavior [ RunTime:0.000068s ]
INFO: [ app_begin ] --END-- [ RunTime:0.000116s ]
SQL: SHOW COLUMNS FROM `yzclub_site` [ RunTime:0.0024s ]
SQL: SELECT `value` FROM `yzclub_site` WHERE `name` = 'status' LIMIT 1   [ RunTime:0.0010s ]
SQL: SELECT `value` FROM `yzclub_site` WHERE `name` = 'title' LIMIT 1   [ RunTime:0.0008s ]
SQL: SELECT `value` FROM `yzclub_site` WHERE `name` = 'keywords' LIMIT 1   [ RunTime:0.0010s ]
SQL: SELECT `value` FROM `yzclub_site` WHERE `name` = 'description' LIMIT 1   [ RunTime:0.0011s ]
SQL: SHOW COLUMNS FROM `yzclub_nav` [ RunTime:0.0017s ]
SQL: SELECT * FROM `yzclub_nav` WHERE `type` = '顶部导航'  [ RunTime:0.0010s ]
SQL: SELECT * FROM `yzclub_nav` WHERE `type` = '底部导航'  [ RunTime:0.0008s ]
SQL: SELECT * FROM `yzclub_site` WHERE `name` = 'copyright' LIMIT 1   [ RunTime:0.0007s ]
SQL: SHOW COLUMNS FROM `yzclub_friendlink` [ RunTime:0.0020s ]
SQL: SELECT * FROM `yzclub_friendlink`  [ RunTime:0.0010s ]
SQL: SHOW COLUMNS FROM `yzclub_adv` [ RunTime:0.0020s ]
SQL: SELECT `pic` FROM `yzclub_adv` WHERE `adv_id` = 6 AND `status` = 1 LIMIT 1   [ RunTime:0.0014s ]
INFO: [ view_parse ] --START--
INFO: [ template_filter ] --START--
INFO: Run Behavior\ContentReplaceBehavior [ RunTime:0.000063s ]
INFO: [ template_filter ] --END-- [ RunTime:0.000149s ]
NOTIC: [8] Undefined variable: keywords /alidata/www/club.yaozh.com/Application/Runtime/Cache/Home/41c049b8f0a9355f7f99d43d9c1479dc.php 第 6 行.
NOTIC: [8] Undefined offset: 0 /alidata/www/club.yaozh.com/Application/Runtime/Cache/Home/41c049b8f0a9355f7f99d43d9c1479dc.php 第 36 行.
NOTIC: [8] Undefined offset: 0 /alidata/www/club.yaozh.com/Application/Runtime/Cache/Home/41c049b8f0a9355f7f99d43d9c1479dc.php 第 37 行.
NOTIC: [8] Undefined offset: 0 /alidata/www/club.yaozh.com/Application/Runtime/Cache/Home/41c049b8f0a9355f7f99d43d9c1479dc.php 第 36 行.
NOTIC: [8] Undefined offset: 0 /alidata/www/club.yaozh.com/Application/Runtime/Cache/Home/41c049b8f0a9355f7f99d43d9c1479dc.php 第 37 行.
NOTIC: [8] Undefined offset: 0 /alidata/www/club.yaozh.com/Application/Runtime/Cache/Home/41c049b8f0a9355f7f99d43d9c1479dc.php 第 36 行.
NOTIC: [8] Undefined offset: 0 /alidata/www/club.yaozh.com/Application/Runtime/Cache/Home/41c049b8f0a9355f7f99d43d9c1479dc.php 第 37 行.
NOTIC: [8] Undefined offset: 0 /alidata/www/club.yaozh.com/Application/Runtime/Cache/Home/41c049b8f0a9355f7f99d43d9c1479dc.php 第 36 行.
NOTIC: [8] Undefined offset: 0 /alidata/www/club.yaozh.com/Application/Runtime/Cache/Home/41c049b8f0a9355f7f99d43d9c1479dc.php 第 37 行.
INFO: Run Behavior\ParseTemplateBehavior [ RunTime:0.032257s ]
INFO: [ view_parse ] --END-- [ RunTime:0.032330s ]
INFO: [ view_filter ] --START--
INFO: Run Behavior\WriteHtmlCacheBehavior [ RunTime:0.000096s ]
INFO: [ view_filter ] --END-- [ RunTime:0.000137s ]
INFO: [ app_end ] --START--
INFO: Run Behavior\ShowPageTraceBehavior [ RunTime:0.000087s ]
INFO: [ app_end ] --END-- [ RunTime:0.000142s ]

[ 2015-06-05T10:55:04+08:00 ] 10.159.58.45 /index/JS/IE6.js
INFO: [ app_init ] --START--
INFO: Run Behavior\BuildLiteBehavior [ RunTime:0.000016s ]
INFO: [ app_init ] --END-- [ RunTime:0.001937s ]
INFO: [ app_begin ] --START--
INFO: Run Behavior\ReadHtmlCacheBehavior [ RunTime:0.002532s ]
INFO: [ app_begin ] --END-- [ RunTime:0.002596s ]
SQL: SHOW COLUMNS FROM `yzclub_site` [ RunTime:0.0029s ]
SQL: SELECT `value` FROM `yzclub_site` WHERE `name` = 'status' LIMIT 1   [ RunTime:0.0015s ]
SQL: SELECT `value` FROM `yzclub_site` WHERE `name` = 'title' LIMIT 1   [ RunTime:0.0013s ]
SQL: SELECT `value` FROM `yzclub_site` WHERE `name` = 'keywords' LIMIT 1   [ RunTime:0.0009s ]
SQL: SELECT `value` FROM `yzclub_site` WHERE `name` = 'description' LIMIT 1   [ RunTime:0.0008s ]
SQL: SHOW COLUMNS FROM `yzclub_nav` [ RunTime:0.0040s ]
SQL: SELECT * FROM `yzclub_nav` WHERE `type` = '顶部导航'  [ RunTime:0.0010s ]
SQL: SELECT * FROM `yzclub_nav` WHERE `type` = '底部导航'  [ RunTime:0.0013s ]
SQL: SELECT * FROM `yzclub_site` WHERE `name` = 'copyright' LIMIT 1   [ RunTime:0.0010s ]
SQL: SHOW COLUMNS FROM `yzclub_friendlink` [ RunTime:0.0031s ]
SQL: SELECT * FROM `yzclub_friendlink`  [ RunTime:0.0014s ]
ERR: 非法操作:JS

[ 2015-06-05T10:59:01+08:00 ] 10.159.47.168 /index/apply.html
INFO: [ app_init ] --START--
INFO: Run Behavior\BuildLiteBehavior [ RunTime:0.000028s ]
INFO: [ app_init ] --END-- [ RunTime:0.000859s ]
INFO: [ app_begin ] --START--
INFO: Run Behavior\ReadHtmlCacheBehavior [ RunTime:0.000365s ]
INFO: [ app_begin ] --END-- [ RunTime:0.000441s ]
SQL: SHOW COLUMNS FROM `yzclub_site` [ RunTime:0.0019s ]
SQL: SELECT `value` FROM `yzclub_site` WHERE `name` = 'status' LIMIT 1   [ RunTime:0.0010s ]
SQL: SELECT `value` FROM `yzclub_site` WHERE `name` = 'title' LIMIT 1   [ RunTime:0.0013s ]
SQL: SELECT `value` FROM `yzclub_site` WHERE `name` = 'keywords' LIMIT 1   [ RunTime:0.0012s ]
SQL: SELECT `value` FROM `yzclub_site` WHERE `name` = 'description' LIMIT 1   [ RunTime:0.0025s ]
SQL: SHOW COLUMNS FROM `yzclub_nav` [ RunTime:0.0020s ]
SQL: SELECT * FROM `yzclub_nav` WHERE `type` = '顶部导航'  [ RunTime:0.0025s ]
SQL: SELECT * FROM `yzclub_nav` WHERE `type` = '底部导航'  [ RunTime:0.0017s ]
SQL: SELECT * FROM `yzclub_site` WHERE `name` = 'copyright' LIMIT 1   [ RunTime:0.0027s ]
SQL: SHOW COLUMNS FROM `yzclub_friendlink` [ RunTime:0.0019s ]
SQL: SELECT * FROM `yzclub_friendlink`  [ RunTime:0.0013s ]
INFO: [ view_parse ] --START--
INFO: [ template_filter ] --START--
INFO: Run Behavior\ContentReplaceBehavior [ RunTime:0.000132s ]
INFO: [ template_filter ] --END-- [ RunTime:0.000211s ]
NOTIC: [8] Undefined variable: keywords /alidata/www/club.yaozh.com/Application/Runtime/Cache/Home/3c6f036e7c898ef0af57c371dc3e85be.php 第 6 行.
NOTIC: [8] Undefined offset: 0 /alidata/www/club.yaozh.com/Application/Runtime/Cache/Home/3c6f036e7c898ef0af57c371dc3e85be.php 第 36 行.
NOTIC: [8] Undefined offset: 0 /alidata/www/club.yaozh.com/Application/Runtime/Cache/Home/3c6f036e7c898ef0af57c371dc3e85be.php 第 37 行.
NOTIC: [8] Undefined offset: 0 /alidata/www/club.yaozh.com/Application/Runtime/Cache/Home/3c6f036e7c898ef0af57c371dc3e85be.php 第 36 行.
NOTIC: [8] Undefined offset: 0 /alidata/www/club.yaozh.com/Application/Runtime/Cache/Home/3c6f036e7c898ef0af57c371dc3e85be.php 第 37 行.
NOTIC: [8] Undefined offset: 0 /alidata/www/club.yaozh.com/Application/Runtime/Cache/Home/3c6f036e7c898ef0af57c371dc3e85be.php 第 36 行.
NOTIC: [8] Undefined offset: 0 /alidata/www/club.yaozh.com/Application/Runtime/Cache/Home/3c6f036e7c898ef0af57c371dc3e85be.php 第 37 行.
NOTIC: [8] Undefined offset: 0 /alidata/www/club.yaozh.com/Application/Runtime/Cache/Home/3c6f036e7c898ef0af57c371dc3e85be.php 第 36 行.
NOTIC: [8] Undefined offset: 0 /alidata/www/club.yaozh.com/Application/Runtime/Cache/Home/3c6f036e7c898ef0af57c371dc3e85be.php 第 37 行.
NOTIC: [8] Undefined variable: banner /alidata/www/club.yaozh.com/Application/Runtime/Cache/Home/3c6f036e7c898ef0af57c371dc3e85be.php 第 59 行.
INFO: Run Behavior\ParseTemplateBehavior [ RunTime:0.070736s ]
INFO: [ view_parse ] --END-- [ RunTime:0.070810s ]
INFO: [ view_filter ] --START--
INFO: Run Behavior\WriteHtmlCacheBehavior [ RunTime:0.002104s ]
INFO: [ view_filter ] --END-- [ RunTime:0.002200s ]
INFO: [ app_end ] --START--
INFO: Run Behavior\ShowPageTraceBehavior [ RunTime:0.003549s ]
INFO: [ app_end ] --END-- [ RunTime:0.003624s ]

[ 2015-06-05T11:08:18+08:00 ] 10.159.63.235 /index/JS/IE6.js
INFO: [ app_init ] --START--
INFO: Run Behavior\BuildLiteBehavior [ RunTime:0.000015s ]
INFO: [ app_init ] --END-- [ RunTime:0.000415s ]
INFO: [ app_begin ] --START--
INFO: Run Behavior\ReadHtmlCacheBehavior [ RunTime:0.000381s ]
INFO: [ app_begin ] --END-- [ RunTime:0.000443s ]
SQL: SHOW COLUMNS FROM `yzclub_site` [ RunTime:0.0022s ]
SQL: SELECT `value` FROM `yzclub_site` WHERE `name` = 'status' LIMIT 1   [ RunTime:0.0031s ]
SQL: SELECT `value` FROM `yzclub_site` WHERE `name` = 'title' LIMIT 1   [ RunTime:0.0010s ]
SQL: SELECT `value` FROM `yzclub_site` WHERE `name` = 'keywords' LIMIT 1   [ RunTime:0.0034s ]
SQL: SELECT `value` FROM `yzclub_site` WHERE `name` = 'description' LIMIT 1   [ RunTime:0.0016s ]
SQL: SHOW COLUMNS FROM `yzclub_nav` [ RunTime:0.0019s ]
SQL: SELECT * FROM `yzclub_nav` WHERE `type` = '顶部导航'  [ RunTime:0.0012s ]
SQL: SELECT * FROM `yzclub_nav` WHERE `type` = '底部导航'  [ RunTime:0.0011s ]
SQL: SELECT * FROM `yzclub_site` WHERE `name` = 'copyright' LIMIT 1   [ RunTime:0.0010s ]
SQL: SHOW COLUMNS FROM `yzclub_friendlink` [ RunTime:0.0035s ]
SQL: SELECT * FROM `yzclub_friendlink`  [ RunTime:0.0085s ]
ERR: 非法操作:JS

[ 2015-06-05T11:09:22+08:00 ] 10.159.63.171 /
INFO: [ app_init ] --START--
INFO: Run Behavior\BuildLiteBehavior [ RunTime:0.000020s ]
INFO: [ app_init ] --END-- [ RunTime:0.000442s ]
INFO: [ app_begin ] --START--
INFO: Run Behavior\ReadHtmlCacheBehavior [ RunTime:0.000408s ]
INFO: [ app_begin ] --END-- [ RunTime:0.000472s ]
SQL: SHOW COLUMNS FROM `yzclub_site` [ RunTime:0.0018s ]
SQL: SELECT `value` FROM `yzclub_site` WHERE `name` = 'status' LIMIT 1   [ RunTime:0.0009s ]
SQL: SELECT `value` FROM `yzclub_site` WHERE `name` = 'title' LIMIT 1   [ RunTime:0.0008s ]
SQL: SELECT `value` FROM `yzclub_site` WHERE `name` = 'keywords' LIMIT 1   [ RunTime:0.0009s ]
SQL: SELECT `value` FROM `yzclub_site` WHERE `name` = 'description' LIMIT 1   [ RunTime:0.0009s ]
SQL: SHOW COLUMNS FROM `yzclub_nav` [ RunTime:0.0016s ]
SQL: SELECT * FROM `yzclub_nav` WHERE `type` = '顶部导航'  [ RunTime:0.0010s ]
SQL: SELECT * FROM `yzclub_nav` WHERE `type` = '底部导航'  [ RunTime:0.0008s ]
SQL: SELECT * FROM `yzclub_site` WHERE `name` = 'copyright' LIMIT 1   [ RunTime:0.0009s ]
SQL: SHOW COLUMNS FROM `yzclub_friendlink` [ RunTime:0.0014s ]
SQL: SELECT * FROM `yzclub_friendlink`  [ RunTime:0.0009s ]
SQL: SHOW COLUMNS FROM `yzclub_news` [ RunTime:0.0019s ]
SQL: SELECT * FROM `yzclub_news` WHERE `type` = 1 AND `status` = 1 AND `is_top` = 1  [ RunTime:0.0011s ]
SQL: SHOW COLUMNS FROM `new`.`news_article` [ RunTime:0.0018s ]
SQL: SELECT * FROM new.news_article WHERE `id` = 4631 LIMIT 1   [ RunTime:0.0030s ]
NOTIC: [8] Undefined variable: k /alidata/www/club.yaozh.com/Application/Home/Controller/IndexController.class.php 第 17 行.
SQL: SELECT * FROM new.news_article WHERE `id` = 4950 LIMIT 1   [ RunTime:0.0021s ]
NOTIC: [8] Undefined variable: k /alidata/www/club.yaozh.com/Application/Home/Controller/IndexController.class.php 第 17 行.
SQL: SELECT * FROM new.news_article WHERE `id` = 4951 LIMIT 1   [ RunTime:0.0013s ]
NOTIC: [8] Undefined variable: k /alidata/www/club.yaozh.com/Application/Home/Controller/IndexController.class.php 第 17 行.
SQL: SELECT * FROM new.news_article WHERE `id` = 52 LIMIT 1   [ RunTime:0.0018s ]
NOTIC: [8] Undefined variable: k /alidata/www/club.yaozh.com/Application/Home/Controller/IndexController.class.php 第 17 行.
SQL: SELECT * FROM new.news_article WHERE `id` = 81 LIMIT 1   [ RunTime:0.0013s ]
NOTIC: [8] Undefined variable: k /alidata/www/club.yaozh.com/Application/Home/Controller/IndexController.class.php 第 17 行.
SQL: SELECT * FROM new.news_article WHERE `id` = 107 LIMIT 1   [ RunTime:0.0016s ]
NOTIC: [8] Undefined variable: k /alidata/www/club.yaozh.com/Application/Home/Controller/IndexController.class.php 第 17 行.
SQL: SELECT * FROM `yzclub_news` WHERE `type` = 2 AND `status` = 1 AND `is_top` = 1  [ RunTime:0.0011s ]
SQL: SELECT * FROM new.news_article WHERE `id` = 4952 LIMIT 1   [ RunTime:0.0015s ]
SQL: SELECT * FROM new.news_article WHERE `id` = 74 LIMIT 1   [ RunTime:0.0026s ]
SQL: SELECT * FROM new.news_article WHERE `id` = 51 LIMIT 1   [ RunTime:0.0017s ]
SQL: SHOW COLUMNS FROM `yzclub_adv` [ RunTime:0.0016s ]
SQL: SELECT * FROM `yzclub_adv` WHERE `adv_id` = 1 AND `status` = 1  [ RunTime:0.0016s ]
INFO: [ view_parse ] --START--
INFO: [ template_filter ] --START--
INFO: Run Behavior\ContentReplaceBehavior [ RunTime:0.000075s ]
INFO: [ template_filter ] --END-- [ RunTime:0.000141s ]
NOTIC: [8] Undefined variable: keywords /alidata/www/club.yaozh.com/Application/Runtime/Cache/Home/2a94b8bda04ff446dcedd42276fc99ee.php 第 6 行.
NOTIC: [8] Undefined offset: 0 /alidata/www/club.yaozh.com/Application/Runtime/Cache/Home/2a94b8bda04ff446dcedd42276fc99ee.php 第 30 行.
NOTIC: [8] Undefined offset: 0 /alidata/www/club.yaozh.com/Application/Runtime/Cache/Home/2a94b8bda04ff446dcedd42276fc99ee.php 第 31 行.
NOTIC: [8] Undefined offset: 0 /alidata/www/club.yaozh.com/Application/Runtime/Cache/Home/2a94b8bda04ff446dcedd42276fc99ee.php 第 30 行.
NOTIC: [8] Undefined offset: 0 /alidata/www/club.yaozh.com/Application/Runtime/Cache/Home/2a94b8bda04ff446dcedd42276fc99ee.php 第 31 行.
NOTIC: [8] Undefined offset: 0 /alidata/www/club.yaozh.com/Application/Runtime/Cache/Home/2a94b8bda04ff446dcedd42276fc99ee.php 第 30 行.
NOTIC: [8] Undefined offset: 0 /alidata/www/club.yaozh.com/Application/Runtime/Cache/Home/2a94b8bda04ff446dcedd42276fc99ee.php 第 31 行.
NOTIC: [8] Undefined offset: 0 /alidata/www/club.yaozh.com/Application/Runtime/Cache/Home/2a94b8bda04ff446dcedd42276fc99ee.php 第 30 行.
NOTIC: [8] Undefined offset: 0 /alidata/www/club.yaozh.com/Application/Runtime/Cache/Home/2a94b8bda04ff446dcedd42276fc99ee.php 第 31 行.
NOTIC: [8] Undefined index: title /alidata/www/club.yaozh.com/Application/Runtime/Cache/Home/2a94b8bda04ff446dcedd42276fc99ee.php 第 72 行.
NOTIC: [8] Undefined index: title /alidata/www/club.yaozh.com/Application/Runtime/Cache/Home/2a94b8bda04ff446dcedd42276fc99ee.php 第 72 行.
INFO: Run Behavior\ParseTemplateBehavior [ RunTime:0.070205s ]
INFO: [ view_parse ] --END-- [ RunTime:0.070269s ]
INFO: [ view_filter ] --START--
INFO: Run Behavior\WriteHtmlCacheBehavior [ RunTime:0.000446s ]
INFO: [ view_filter ] --END-- [ RunTime:0.000490s ]
INFO: [ app_end ] --START--
INFO: Run Behavior\ShowPageTraceBehavior [ RunTime:0.000482s ]
INFO: [ app_end ] --END-- [ RunTime:0.000533s ]

[ 2015-06-05T13:05:41+08:00 ] 10.159.61.208 /favicon.ico
INFO: [ app_init ] --START--
INFO: Run Behavior\BuildLiteBehavior [ RunTime:0.000018s ]
INFO: [ app_init ] --END-- [ RunTime:0.000623s ]

[ 2015-06-05T13:23:11+08:00 ] 10.159.63.38 /
INFO: [ app_init ] --START--
INFO: Run Behavior\BuildLiteBehavior [ RunTime:0.000068s ]
INFO: [ app_init ] --END-- [ RunTime:0.000785s ]
INFO: [ app_begin ] --START--
INFO: Run Behavior\ReadHtmlCacheBehavior [ RunTime:0.001353s ]
INFO: [ app_begin ] --END-- [ RunTime:0.001448s ]
SQL: SHOW COLUMNS FROM `yzclub_site` [ RunTime:0.0026s ]
SQL: SELECT `value` FROM `yzclub_site` WHERE `name` = 'status' LIMIT 1   [ RunTime:0.0014s ]
SQL: SELECT `value` FROM `yzclub_site` WHERE `name` = 'title' LIMIT 1   [ RunTime:0.0015s ]
SQL: SELECT `value` FROM `yzclub_site` WHERE `name` = 'keywords' LIMIT 1   [ RunTime:0.0012s ]
SQL: SELECT `value` FROM `yzclub_site` WHERE `name` = 'description' LIMIT 1   [ RunTime:0.0035s ]
SQL: SHOW COLUMNS FROM `yzclub_nav` [ RunTime:0.0040s ]
SQL: SELECT * FROM `yzclub_nav` WHERE `type` = '顶部导航'  [ RunTime:0.0014s ]
SQL: SELECT * FROM `yzclub_nav` WHERE `type` = '底部导航'  [ RunTime:0.0014s ]
SQL: SELECT * FROM `yzclub_site` WHERE `name` = 'copyright' LIMIT 1   [ RunTime:0.0014s ]
SQL: SHOW COLUMNS FROM `yzclub_friendlink` [ RunTime:0.0020s ]
SQL: SELECT * FROM `yzclub_friendlink`  [ RunTime:0.0011s ]
SQL: SHOW COLUMNS FROM `yzclub_news` [ RunTime:0.0020s ]
SQL: SELECT * FROM `yzclub_news` WHERE `type` = 1 AND `status` = 1 AND `is_top` = 1  [ RunTime:0.0013s ]
SQL: SHOW COLUMNS FROM `new`.`news_article` [ RunTime:0.0028s ]
SQL: SELECT * FROM new.news_article WHERE `id` = 4631 LIMIT 1   [ RunTime:0.0050s ]
NOTIC: [8] Undefined variable: k /alidata/www/club.yaozh.com/Application/Home/Controller/IndexController.class.php 第 17 行.
SQL: SELECT * FROM new.news_article WHERE `id` = 4950 LIMIT 1   [ RunTime:0.0031s ]
NOTIC: [8] Undefined variable: k /alidata/www/club.yaozh.com/Application/Home/Controller/IndexController.class.php 第 17 行.
SQL: SELECT * FROM new.news_article WHERE `id` = 4951 LIMIT 1   [ RunTime:0.0022s ]
NOTIC: [8] Undefined variable: k /alidata/www/club.yaozh.com/Application/Home/Controller/IndexController.class.php 第 17 行.
SQL: SELECT * FROM new.news_article WHERE `id` = 52 LIMIT 1   [ RunTime:0.0022s ]
NOTIC: [8] Undefined variable: k /alidata/www/club.yaozh.com/Application/Home/Controller/IndexController.class.php 第 17 行.
SQL: SELECT * FROM new.news_article WHERE `id` = 81 LIMIT 1   [ RunTime:0.0017s ]
NOTIC: [8] Undefined variable: k /alidata/www/club.yaozh.com/Application/Home/Controller/IndexController.class.php 第 17 行.
SQL: SELECT * FROM new.news_article WHERE `id` = 107 LIMIT 1   [ RunTime:0.0019s ]
NOTIC: [8] Undefined variable: k /alidata/www/club.yaozh.com/Application/Home/Controller/IndexController.class.php 第 17 行.
SQL: SELECT * FROM `yzclub_news` WHERE `type` = 2 AND `status` = 1 AND `is_top` = 1  [ RunTime:0.0014s ]
SQL: SELECT * FROM new.news_article WHERE `id` = 4952 LIMIT 1   [ RunTime:0.0017s ]
SQL: SELECT * FROM new.news_article WHERE `id` = 74 LIMIT 1   [ RunTime:0.0029s ]
SQL: SELECT * FROM new.news_article WHERE `id` = 51 LIMIT 1   [ RunTime:0.0016s ]
SQL: SHOW COLUMNS FROM `yzclub_adv` [ RunTime:0.0039s ]
SQL: SELECT * FROM `yzclub_adv` WHERE `adv_id` = 1 AND `status` = 1  [ RunTime:0.0012s ]
INFO: [ view_parse ] --START--
INFO: [ template_filter ] --START--
INFO: Run Behavior\ContentReplaceBehavior [ RunTime:0.000100s ]
INFO: [ template_filter ] --END-- [ RunTime:0.000175s ]
NOTIC: [8] Undefined variable: keywords /alidata/www/club.yaozh.com/Application/Runtime/Cache/Home/2a94b8bda04ff446dcedd42276fc99ee.php 第 6 行.
NOTIC: [8] Undefined offset: 0 /alidata/www/club.yaozh.com/Application/Runtime/Cache/Home/2a94b8bda04ff446dcedd42276fc99ee.php 第 30 行.
NOTIC: [8] Undefined offset: 0 /alidata/www/club.yaozh.com/Application/Runtime/Cache/Home/2a94b8bda04ff446dcedd42276fc99ee.php 第 31 行.
NOTIC: [8] Undefined offset: 0 /alidata/www/club.yaozh.com/Application/Runtime/Cache/Home/2a94b8bda04ff446dcedd42276fc99ee.php 第 30 行.
NOTIC: [8] Undefined offset: 0 /alidata/www/club.yaozh.com/Application/Runtime/Cache/Home/2a94b8bda04ff446dcedd42276fc99ee.php 第 31 行.
NOTIC: [8] Undefined offset: 0 /alidata/www/club.yaozh.com/Application/Runtime/Cache/Home/2a94b8bda04ff446dcedd42276fc99ee.php 第 30 行.
NOTIC: [8] Undefined offset: 0 /alidata/www/club.yaozh.com/Application/Runtime/Cache/Home/2a94b8bda04ff446dcedd42276fc99ee.php 第 31 行.
NOTIC: [8] Undefined offset: 0 /alidata/www/club.yaozh.com/Application/Runtime/Cache/Home/2a94b8bda04ff446dcedd42276fc99ee.php 第 30 行.
NOTIC: [8] Undefined offset: 0 /alidata/www/club.yaozh.com/Application/Runtime/Cache/Home/2a94b8bda04ff446dcedd42276fc99ee.php 第 31 行.
NOTIC: [8] Undefined index: title /alidata/www/club.yaozh.com/Application/Runtime/Cache/Home/2a94b8bda04ff446dcedd42276fc99ee.php 第 72 行.
NOTIC: [8] Undefined index: title /alidata/www/club.yaozh.com/Application/Runtime/Cache/Home/2a94b8bda04ff446dcedd42276fc99ee.php 第 72 行.
INFO: Run Behavior\ParseTemplateBehavior [ RunTime:0.119528s ]
INFO: [ view_parse ] --END-- [ RunTime:0.119616s ]
INFO: [ view_filter ] --START--
INFO: Run Behavior\WriteHtmlCacheBehavior [ RunTime:0.000553s ]
INFO: [ view_filter ] --END-- [ RunTime:0.000621s ]
INFO: [ app_end ] --START--
INFO: Run Behavior\ShowPageTraceBehavior [ RunTime:0.000560s ]
INFO: [ app_end ] --END-- [ RunTime:0.000637s ]

[ 2015-06-05T13:32:04+08:00 ] 10.159.61.184 /
INFO: [ app_init ] --START--
INFO: Run Behavior\BuildLiteBehavior [ RunTime:0.000023s ]
INFO: [ app_init ] --END-- [ RunTime:0.000397s ]
INFO: [ app_begin ] --START--
INFO: Run Behavior\ReadHtmlCacheBehavior [ RunTime:0.000342s ]
INFO: [ app_begin ] --END-- [ RunTime:0.000403s ]
SQL: SHOW COLUMNS FROM `yzclub_site` [ RunTime:0.0029s ]
SQL: SELECT `value` FROM `yzclub_site` WHERE `name` = 'status' LIMIT 1   [ RunTime:0.0014s ]
SQL: SELECT `value` FROM `yzclub_site` WHERE `name` = 'title' LIMIT 1   [ RunTime:0.0019s ]
SQL: SELECT `value` FROM `yzclub_site` WHERE `name` = 'keywords' LIMIT 1   [ RunTime:0.0009s ]
SQL: SELECT `value` FROM `yzclub_site` WHERE `name` = 'description' LIMIT 1   [ RunTime:0.0007s ]
SQL: SHOW COLUMNS FROM `yzclub_nav` [ RunTime:0.0052s ]
SQL: SELECT * FROM `yzclub_nav` WHERE `type` = '顶部导航'  [ RunTime:0.0013s ]
SQL: SELECT * FROM `yzclub_nav` WHERE `type` = '底部导航'  [ RunTime:0.0011s ]
SQL: SELECT * FROM `yzclub_site` WHERE `name` = 'copyright' LIMIT 1   [ RunTime:0.0008s ]
SQL: SHOW COLUMNS FROM `yzclub_friendlink` [ RunTime:0.0032s ]
SQL: SELECT * FROM `yzclub_friendlink`  [ RunTime:0.0012s ]
SQL: SHOW COLUMNS FROM `yzclub_news` [ RunTime:0.0028s ]
SQL: SELECT * FROM `yzclub_news` WHERE `type` = 1 AND `status` = 1 AND `is_top` = 1  [ RunTime:0.0011s ]
SQL: SHOW COLUMNS FROM `new`.`news_article` [ RunTime:0.0023s ]
SQL: SELECT * FROM new.news_article WHERE `id` = 4631 LIMIT 1   [ RunTime:0.0046s ]
NOTIC: [8] Undefined variable: k /alidata/www/club.yaozh.com/Application/Home/Controller/IndexController.class.php 第 17 行.
SQL: SELECT * FROM new.news_article WHERE `id` = 4950 LIMIT 1   [ RunTime:0.0040s ]
NOTIC: [8] Undefined variable: k /alidata/www/club.yaozh.com/Application/Home/Controller/IndexController.class.php 第 17 行.
SQL: SELECT * FROM new.news_article WHERE `id` = 4951 LIMIT 1   [ RunTime:0.0014s ]
NOTIC: [8] Undefined variable: k /alidata/www/club.yaozh.com/Application/Home/Controller/IndexController.class.php 第 17 行.
SQL: SELECT * FROM new.news_article WHERE `id` = 52 LIMIT 1   [ RunTime:0.0014s ]
NOTIC: [8] Undefined variable: k /alidata/www/club.yaozh.com/Application/Home/Controller/IndexController.class.php 第 17 行.
SQL: SELECT * FROM new.news_article WHERE `id` = 81 LIMIT 1   [ RunTime:0.0018s ]
NOTIC: [8] Undefined variable: k /alidata/www/club.yaozh.com/Application/Home/Controller/IndexController.class.php 第 17 行.
SQL: SELECT * FROM new.news_article WHERE `id` = 107 LIMIT 1   [ RunTime:0.0013s ]
NOTIC: [8] Undefined variable: k /alidata/www/club.yaozh.com/Application/Home/Controller/IndexController.class.php 第 17 行.
SQL: SELECT * FROM `yzclub_news` WHERE `type` = 2 AND `status` = 1 AND `is_top` = 1  [ RunTime:0.0009s ]
SQL: SELECT * FROM new.news_article WHERE `id` = 4952 LIMIT 1   [ RunTime:0.0026s ]
SQL: SELECT * FROM new.news_article WHERE `id` = 74 LIMIT 1   [ RunTime:0.0028s ]
SQL: SELECT * FROM new.news_article WHERE `id` = 51 LIMIT 1   [ RunTime:0.0020s ]
SQL: SHOW COLUMNS FROM `yzclub_adv` [ RunTime:0.0036s ]
SQL: SELECT * FROM `yzclub_adv` WHERE `adv_id` = 1 AND `status` = 1  [ RunTime:0.0011s ]
INFO: [ view_parse ] --START--
INFO: [ template_filter ] --START--
INFO: Run Behavior\ContentReplaceBehavior [ RunTime:0.000082s ]
INFO: [ template_filter ] --END-- [ RunTime:0.000152s ]
NOTIC: [8] Undefined variable: keywords /alidata/www/club.yaozh.com/Application/Runtime/Cache/Home/2a94b8bda04ff446dcedd42276fc99ee.php 第 6 行.
NOTIC: [8] Undefined offset: 0 /alidata/www/club.yaozh.com/Application/Runtime/Cache/Home/2a94b8bda04ff446dcedd42276fc99ee.php 第 30 行.
NOTIC: [8] Undefined offset: 0 /alidata/www/club.yaozh.com/Application/Runtime/Cache/Home/2a94b8bda04ff446dcedd42276fc99ee.php 第 31 行.
NOTIC: [8] Undefined offset: 0 /alidata/www/club.yaozh.com/Application/Runtime/Cache/Home/2a94b8bda04ff446dcedd42276fc99ee.php 第 30 行.
NOTIC: [8] Undefined offset: 0 /alidata/www/club.yaozh.com/Application/Runtime/Cache/Home/2a94b8bda04ff446dcedd42276fc99ee.php 第 31 行.
NOTIC: [8] Undefined offset: 0 /alidata/www/club.yaozh.com/Application/Runtime/Cache/Home/2a94b8bda04ff446dcedd42276fc99ee.php 第 30 行.
NOTIC: [8] Undefined offset: 0 /alidata/www/club.yaozh.com/Application/Runtime/Cache/Home/2a94b8bda04ff446dcedd42276fc99ee.php 第 31 行.
NOTIC: [8] Undefined offset: 0 /alidata/www/club.yaozh.com/Application/Runtime/Cache/Home/2a94b8bda04ff446dcedd42276fc99ee.php 第 30 行.
NOTIC: [8] Undefined offset: 0 /alidata/www/club.yaozh.com/Application/Runtime/Cache/Home/2a94b8bda04ff446dcedd42276fc99ee.php 第 31 行.
NOTIC: [8] Undefined index: title /alidata/www/club.yaozh.com/Application/Runtime/Cache/Home/2a94b8bda04ff446dcedd42276fc99ee.php 第 72 行.
NOTIC: [8] Undefined index: title /alidata/www/club.yaozh.com/Application/Runtime/Cache/Home/2a94b8bda04ff446dcedd42276fc99ee.php 第 72 行.
INFO: Run Behavior\ParseTemplateBehavior [ RunTime:0.037342s ]
INFO: [ view_parse ] --END-- [ RunTime:0.037404s ]
INFO: [ view_filter ] --START--
INFO: Run Behavior\WriteHtmlCacheBehavior [ RunTime:0.000418s ]
INFO: [ view_filter ] --END-- [ RunTime:0.000464s ]
INFO: [ app_end ] --START--
INFO: Run Behavior\ShowPageTraceBehavior [ RunTime:0.004320s ]
INFO: [ app_end ] --END-- [ RunTime:0.004371s ]

[ 2015-06-05T15:20:11+08:00 ] 10.159.63.45 /
INFO: [ app_init ] --START--
INFO: Run Behavior\BuildLiteBehavior [ RunTime:0.000019s ]
INFO: [ app_init ] --END-- [ RunTime:0.000487s ]
INFO: [ app_begin ] --START--
INFO: Run Behavior\ReadHtmlCacheBehavior [ RunTime:0.000512s ]
INFO: [ app_begin ] --END-- [ RunTime:0.000568s ]
SQL: SHOW COLUMNS FROM `yzclub_site` [ RunTime:0.0057s ]
SQL: SELECT `value` FROM `yzclub_site` WHERE `name` = 'status' LIMIT 1   [ RunTime:0.0009s ]
SQL: SELECT `value` FROM `yzclub_site` WHERE `name` = 'title' LIMIT 1   [ RunTime:0.0009s ]
SQL: SELECT `value` FROM `yzclub_site` WHERE `name` = 'keywords' LIMIT 1   [ RunTime:0.0008s ]
SQL: SELECT `value` FROM `yzclub_site` WHERE `name` = 'description' LIMIT 1   [ RunTime:0.0012s ]
SQL: SHOW COLUMNS FROM `yzclub_nav` [ RunTime:0.0015s ]
SQL: SELECT * FROM `yzclub_nav` WHERE `type` = '顶部导航'  [ RunTime:0.0012s ]
SQL: SELECT * FROM `yzclub_nav` WHERE `type` = '底部导航'  [ RunTime:0.0011s ]
SQL: SELECT * FROM `yzclub_site` WHERE `name` = 'copyright' LIMIT 1   [ RunTime:0.0012s ]
SQL: SHOW COLUMNS FROM `yzclub_friendlink` [ RunTime:0.0017s ]
SQL: SELECT * FROM `yzclub_friendlink`  [ RunTime:0.0041s ]
SQL: SHOW COLUMNS FROM `yzclub_news` [ RunTime:0.0021s ]
SQL: SELECT * FROM `yzclub_news` WHERE `type` = 1 AND `status` = 1 AND `is_top` = 1  [ RunTime:0.0011s ]
SQL: SHOW COLUMNS FROM `new`.`news_article` [ RunTime:0.0021s ]
SQL: SELECT * FROM new.news_article WHERE `id` = 4631 LIMIT 1   [ RunTime:0.0032s ]
NOTIC: [8] Undefined variable: k /alidata/www/club.yaozh.com/Application/Home/Controller/IndexController.class.php 第 17 行.
SQL: SELECT * FROM new.news_article WHERE `id` = 4950 LIMIT 1   [ RunTime:0.0020s ]
NOTIC: [8] Undefined variable: k /alidata/www/club.yaozh.com/Application/Home/Controller/IndexController.class.php 第 17 行.
SQL: SELECT * FROM new.news_article WHERE `id` = 4951 LIMIT 1   [ RunTime:0.0016s ]
NOTIC: [8] Undefined variable: k /alidata/www/club.yaozh.com/Application/Home/Controller/IndexController.class.php 第 17 行.
SQL: SELECT * FROM new.news_article WHERE `id` = 52 LIMIT 1   [ RunTime:0.0026s ]
NOTIC: [8] Undefined variable: k /alidata/www/club.yaozh.com/Application/Home/Controller/IndexController.class.php 第 17 行.
SQL: SELECT * FROM new.news_article WHERE `id` = 81 LIMIT 1   [ RunTime:0.0017s ]
NOTIC: [8] Undefined variable: k /alidata/www/club.yaozh.com/Application/Home/Controller/IndexController.class.php 第 17 行.
SQL: SELECT * FROM new.news_article WHERE `id` = 107 LIMIT 1   [ RunTime:0.0021s ]
NOTIC: [8] Undefined variable: k /alidata/www/club.yaozh.com/Application/Home/Controller/IndexController.class.php 第 17 行.
SQL: SELECT * FROM `yzclub_news` WHERE `type` = 2 AND `status` = 1 AND `is_top` = 1  [ RunTime:0.0013s ]
SQL: SELECT * FROM new.news_article WHERE `id` = 4952 LIMIT 1   [ RunTime:0.0026s ]
SQL: SELECT * FROM new.news_article WHERE `id` = 74 LIMIT 1   [ RunTime:0.0065s ]
SQL: SELECT * FROM new.news_article WHERE `id` = 51 LIMIT 1   [ RunTime:0.0021s ]
SQL: SHOW COLUMNS FROM `yzclub_adv` [ RunTime:0.0023s ]
SQL: SELECT * FROM `yzclub_adv` WHERE `adv_id` = 1 AND `status` = 1  [ RunTime:0.0011s ]
INFO: [ view_parse ] --START--
INFO: [ template_filter ] --START--
INFO: Run Behavior\ContentReplaceBehavior [ RunTime:0.000096s ]
INFO: [ template_filter ] --END-- [ RunTime:0.000166s ]
NOTIC: [8] Undefined variable: keywords /alidata/www/club.yaozh.com/Application/Runtime/Cache/Home/2a94b8bda04ff446dcedd42276fc99ee.php 第 6 行.
NOTIC: [8] Undefined offset: 0 /alidata/www/club.yaozh.com/Application/Runtime/Cache/Home/2a94b8bda04ff446dcedd42276fc99ee.php 第 30 行.
NOTIC: [8] Undefined offset: 0 /alidata/www/club.yaozh.com/Application/Runtime/Cache/Home/2a94b8bda04ff446dcedd42276fc99ee.php 第 31 行.
NOTIC: [8] Undefined offset: 0 /alidata/www/club.yaozh.com/Application/Runtime/Cache/Home/2a94b8bda04ff446dcedd42276fc99ee.php 第 30 行.
NOTIC: [8] Undefined offset: 0 /alidata/www/club.yaozh.com/Application/Runtime/Cache/Home/2a94b8bda04ff446dcedd42276fc99ee.php 第 31 行.
NOTIC: [8] Undefined offset: 0 /alidata/www/club.yaozh.com/Application/Runtime/Cache/Home/2a94b8bda04ff446dcedd42276fc99ee.php 第 30 行.
NOTIC: [8] Undefined offset: 0 /alidata/www/club.yaozh.com/Application/Runtime/Cache/Home/2a94b8bda04ff446dcedd42276fc99ee.php 第 31 行.
NOTIC: [8] Undefined offset: 0 /alidata/www/club.yaozh.com/Application/Runtime/Cache/Home/2a94b8bda04ff446dcedd42276fc99ee.php 第 30 行.
NOTIC: [8] Undefined offset: 0 /alidata/www/club.yaozh.com/Application/Runtime/Cache/Home/2a94b8bda04ff446dcedd42276fc99ee.php 第 31 行.
NOTIC: [8] Undefined index: title /alidata/www/club.yaozh.com/Application/Runtime/Cache/Home/2a94b8bda04ff446dcedd42276fc99ee.php 第 72 行.
NOTIC: [8] Undefined index: title /alidata/www/club.yaozh.com/Application/Runtime/Cache/Home/2a94b8bda04ff446dcedd42276fc99ee.php 第 72 行.
INFO: Run Behavior\ParseTemplateBehavior [ RunTime:0.108921s ]
INFO: [ view_parse ] --END-- [ RunTime:0.108996s ]
INFO: [ view_filter ] --START--
INFO: Run Behavior\WriteHtmlCacheBehavior [ RunTime:0.000691s ]
INFO: [ view_filter ] --END-- [ RunTime:0.000734s ]
INFO: [ app_end ] --START--
INFO: Run Behavior\ShowPageTraceBehavior [ RunTime:0.001847s ]
INFO: [ app_end ] --END-- [ RunTime:0.001897s ]

[ 2015-06-05T15:20:12+08:00 ] 10.159.47.213 /favicon.ico
INFO: [ app_init ] --START--
INFO: Run Behavior\BuildLiteBehavior [ RunTime:0.000017s ]
INFO: [ app_init ] --END-- [ RunTime:0.000118s ]

