[ 2015-05-27T11:10:48+08:00 ] 127.0.0.1 /
INFO: [ app_init ] --START--
INFO: Run Behavior\BuildLiteBehavior [ RunTime:0.000017s ]
INFO: [ app_init ] --END-- [ RunTime:0.007944s ]
INFO: [ app_begin ] --START--
INFO: Run Behavior\ReadHtmlCacheBehavior [ RunTime:0.007050s ]
INFO: [ app_begin ] --END-- [ RunTime:0.007158s ]
SQL: SHOW COLUMNS FROM `yzclub_site` [ RunTime:0.2353s ]
SQL: SELECT `value` FROM `yzclub_site` WHERE `name` = 'status' LIMIT 1   [ RunTime:0.0320s ]
SQL: SELECT `value` FROM `yzclub_site` WHERE `name` = 'title' LIMIT 1   [ RunTime:0.0006s ]
SQL: SELECT `value` FROM `yzclub_site` WHERE `name` = 'keywords' LIMIT 1   [ RunTime:0.0007s ]
SQL: SELECT `value` FROM `yzclub_site` WHERE `name` = 'description' LIMIT 1   [ RunTime:0.0007s ]
SQL: SHOW COLUMNS FROM `yzclub_nav` [ RunTime:0.0858s ]
SQL: SELECT * FROM `yzclub_nav` WHERE `type` = '顶部导航'  [ RunTime:0.0014s ]
SQL: SELECT * FROM `yzclub_nav` WHERE `type` = '底部导航'  [ RunTime:0.0008s ]
SQL: SELECT * FROM `yzclub_site` WHERE `name` = 'copyright' LIMIT 1   [ RunTime:0.0005s ]
SQL: SHOW COLUMNS FROM `yzclub_friendlink` [ RunTime:0.2742s ]
SQL: SELECT * FROM `yzclub_friendlink`  [ RunTime:0.0011s ]
SQL: SHOW COLUMNS FROM `yzclub_news` [ RunTime:0.0917s ]
SQL: SELECT * FROM `yzclub_news` WHERE `type` = 1 AND `status` = 1 AND `is_top` = 1  [ RunTime:0.0321s ]
SQL: SHOW COLUMNS FROM `new`.`news_article` [ RunTime:0.5384s ]
SQL: SELECT * FROM new.news_article WHERE `id` = 4631 LIMIT 1   [ RunTime:0.0007s ]
NOTIC: [8] Undefined variable: k E:\server\Apache2.4\htdocs\club\Application\Home\Controller\IndexController.class.php 第 17 行.
SQL: SELECT * FROM new.news_article WHERE `id` = 4950 LIMIT 1   [ RunTime:0.0003s ]
NOTIC: [8] Undefined variable: k E:\server\Apache2.4\htdocs\club\Application\Home\Controller\IndexController.class.php 第 17 行.
SQL: SELECT * FROM new.news_article WHERE `id` = 4951 LIMIT 1   [ RunTime:0.0002s ]
NOTIC: [8] Undefined variable: k E:\server\Apache2.4\htdocs\club\Application\Home\Controller\IndexController.class.php 第 17 行.
SQL: SELECT * FROM new.news_article WHERE `id` = 52 LIMIT 1   [ RunTime:0.0002s ]
NOTIC: [8] Undefined variable: k E:\server\Apache2.4\htdocs\club\Application\Home\Controller\IndexController.class.php 第 17 行.
SQL: SELECT * FROM new.news_article WHERE `id` = 81 LIMIT 1   [ RunTime:0.0002s ]
NOTIC: [8] Undefined variable: k E:\server\Apache2.4\htdocs\club\Application\Home\Controller\IndexController.class.php 第 17 行.
SQL: SELECT * FROM new.news_article WHERE `id` = 107 LIMIT 1   [ RunTime:0.0002s ]
NOTIC: [8] Undefined variable: k E:\server\Apache2.4\htdocs\club\Application\Home\Controller\IndexController.class.php 第 17 行.
SQL: SELECT * FROM `yzclub_news` WHERE `type` = 2 AND `status` = 1 AND `is_top` = 1  [ RunTime:0.0002s ]
SQL: SELECT * FROM new.news_article WHERE `id` = 4952 LIMIT 1   [ RunTime:0.0002s ]
SQL: SELECT * FROM new.news_article WHERE `id` = 74 LIMIT 1   [ RunTime:0.0002s ]
SQL: SELECT * FROM new.news_article WHERE `id` = 51 LIMIT 1   [ RunTime:0.0002s ]
SQL: SHOW COLUMNS FROM `yzclub_adv` [ RunTime:0.0939s ]
SQL: SELECT * FROM `yzclub_adv` WHERE `adv_id` = 1 AND `status` = 1  [ RunTime:0.0005s ]
INFO: [ view_parse ] --START--
INFO: [ template_filter ] --START--
INFO: Run Behavior\ContentReplaceBehavior [ RunTime:0.000253s ]
INFO: [ template_filter ] --END-- [ RunTime:0.000304s ]
NOTIC: [8] Undefined variable: keywords E:\server\Apache2.4\htdocs\club\Application\Runtime\Cache\Home\2a94b8bda04ff446dcedd42276fc99ee.php 第 6 行.
NOTIC: [8] Undefined offset: 0 E:\server\Apache2.4\htdocs\club\Application\Runtime\Cache\Home\2a94b8bda04ff446dcedd42276fc99ee.php 第 30 行.
NOTIC: [8] Undefined offset: 0 E:\server\Apache2.4\htdocs\club\Application\Runtime\Cache\Home\2a94b8bda04ff446dcedd42276fc99ee.php 第 31 行.
NOTIC: [8] Undefined offset: 0 E:\server\Apache2.4\htdocs\club\Application\Runtime\Cache\Home\2a94b8bda04ff446dcedd42276fc99ee.php 第 30 行.
NOTIC: [8] Undefined offset: 0 E:\server\Apache2.4\htdocs\club\Application\Runtime\Cache\Home\2a94b8bda04ff446dcedd42276fc99ee.php 第 31 行.
NOTIC: [8] Undefined offset: 0 E:\server\Apache2.4\htdocs\club\Application\Runtime\Cache\Home\2a94b8bda04ff446dcedd42276fc99ee.php 第 30 行.
NOTIC: [8] Undefined offset: 0 E:\server\Apache2.4\htdocs\club\Application\Runtime\Cache\Home\2a94b8bda04ff446dcedd42276fc99ee.php 第 31 行.
NOTIC: [8] Undefined offset: 0 E:\server\Apache2.4\htdocs\club\Application\Runtime\Cache\Home\2a94b8bda04ff446dcedd42276fc99ee.php 第 30 行.
NOTIC: [8] Undefined offset: 0 E:\server\Apache2.4\htdocs\club\Application\Runtime\Cache\Home\2a94b8bda04ff446dcedd42276fc99ee.php 第 31 行.
NOTIC: [8] Undefined index: title E:\server\Apache2.4\htdocs\club\Application\Runtime\Cache\Home\2a94b8bda04ff446dcedd42276fc99ee.php 第 72 行.
NOTIC: [8] Undefined index: title E:\server\Apache2.4\htdocs\club\Application\Runtime\Cache\Home\2a94b8bda04ff446dcedd42276fc99ee.php 第 72 行.
INFO: Run Behavior\ParseTemplateBehavior [ RunTime:0.338812s ]
INFO: [ view_parse ] --END-- [ RunTime:0.338925s ]
INFO: [ view_filter ] --START--
INFO: Run Behavior\WriteHtmlCacheBehavior [ RunTime:0.014588s ]
INFO: [ view_filter ] --END-- [ RunTime:0.014672s ]
INFO: [ app_end ] --START--
INFO: Run Behavior\ShowPageTraceBehavior [ RunTime:0.035163s ]
INFO: [ app_end ] --END-- [ RunTime:0.035263s ]

[ 2015-05-27T11:10:49+08:00 ] 127.0.0.1 /favicon.ico
INFO: [ app_init ] --START--
INFO: Run Behavior\BuildLiteBehavior [ RunTime:0.000022s ]
INFO: [ app_init ] --END-- [ RunTime:0.000519s ]

[ 2015-05-27T11:11:13+08:00 ] 192.168.1.137 /club/
INFO: [ app_init ] --START--
INFO: Run Behavior\BuildLiteBehavior [ RunTime:0.000013s ]
INFO: [ app_init ] --END-- [ RunTime:0.000408s ]
INFO: [ app_begin ] --START--
INFO: Run Behavior\ReadHtmlCacheBehavior [ RunTime:0.000613s ]
INFO: [ app_begin ] --END-- [ RunTime:0.000656s ]
SQL: SHOW COLUMNS FROM `yzclub_site` [ RunTime:0.0181s ]
SQL: SELECT `value` FROM `yzclub_site` WHERE `name` = 'status' LIMIT 1   [ RunTime:0.0004s ]
SQL: SELECT `value` FROM `yzclub_site` WHERE `name` = 'title' LIMIT 1   [ RunTime:0.0002s ]
SQL: SELECT `value` FROM `yzclub_site` WHERE `name` = 'keywords' LIMIT 1   [ RunTime:0.0001s ]
SQL: SELECT `value` FROM `yzclub_site` WHERE `name` = 'description' LIMIT 1   [ RunTime:0.0002s ]
SQL: SHOW COLUMNS FROM `yzclub_nav` [ RunTime:0.0092s ]
SQL: SELECT * FROM `yzclub_nav` WHERE `type` = '顶部导航'  [ RunTime:0.0004s ]
SQL: SELECT * FROM `yzclub_nav` WHERE `type` = '底部导航'  [ RunTime:0.0003s ]
SQL: SELECT * FROM `yzclub_site` WHERE `name` = 'copyright' LIMIT 1   [ RunTime:0.0003s ]
SQL: SHOW COLUMNS FROM `yzclub_friendlink` [ RunTime:0.0090s ]
SQL: SELECT * FROM `yzclub_friendlink`  [ RunTime:0.0004s ]
SQL: SHOW COLUMNS FROM `yzclub_news` [ RunTime:0.0095s ]
SQL: SELECT * FROM `yzclub_news` WHERE `type` = 1 AND `status` = 1 AND `is_top` = 1  [ RunTime:0.0005s ]
SQL: SHOW COLUMNS FROM `new`.`news_article` [ RunTime:0.0103s ]
SQL: SELECT * FROM new.news_article WHERE `id` = 4631 LIMIT 1   [ RunTime:0.0006s ]
NOTIC: [8] Undefined variable: k E:\server\Apache2.4\htdocs\club\Application\Home\Controller\IndexController.class.php 第 17 行.
SQL: SELECT * FROM new.news_article WHERE `id` = 4950 LIMIT 1   [ RunTime:0.0006s ]
NOTIC: [8] Undefined variable: k E:\server\Apache2.4\htdocs\club\Application\Home\Controller\IndexController.class.php 第 17 行.
SQL: SELECT * FROM new.news_article WHERE `id` = 4951 LIMIT 1   [ RunTime:0.0005s ]
NOTIC: [8] Undefined variable: k E:\server\Apache2.4\htdocs\club\Application\Home\Controller\IndexController.class.php 第 17 行.
SQL: SELECT * FROM new.news_article WHERE `id` = 52 LIMIT 1   [ RunTime:0.0005s ]
NOTIC: [8] Undefined variable: k E:\server\Apache2.4\htdocs\club\Application\Home\Controller\IndexController.class.php 第 17 行.
SQL: SELECT * FROM new.news_article WHERE `id` = 81 LIMIT 1   [ RunTime:0.0005s ]
NOTIC: [8] Undefined variable: k E:\server\Apache2.4\htdocs\club\Application\Home\Controller\IndexController.class.php 第 17 行.
SQL: SELECT * FROM new.news_article WHERE `id` = 107 LIMIT 1   [ RunTime:0.0003s ]
NOTIC: [8] Undefined variable: k E:\server\Apache2.4\htdocs\club\Application\Home\Controller\IndexController.class.php 第 17 行.
SQL: SELECT * FROM `yzclub_news` WHERE `type` = 2 AND `status` = 1 AND `is_top` = 1  [ RunTime:0.0004s ]
SQL: SELECT * FROM new.news_article WHERE `id` = 4952 LIMIT 1   [ RunTime:0.0007s ]
SQL: SELECT * FROM new.news_article WHERE `id` = 74 LIMIT 1   [ RunTime:0.0003s ]
SQL: SELECT * FROM new.news_article WHERE `id` = 51 LIMIT 1   [ RunTime:0.0002s ]
SQL: SHOW COLUMNS FROM `yzclub_adv` [ RunTime:0.0090s ]
SQL: SELECT * FROM `yzclub_adv` WHERE `adv_id` = 1 AND `status` = 1  [ RunTime:0.0004s ]
INFO: [ view_parse ] --START--
INFO: [ template_filter ] --START--
INFO: Run Behavior\ContentReplaceBehavior [ RunTime:0.000294s ]
INFO: [ template_filter ] --END-- [ RunTime:0.000343s ]
NOTIC: [8] Undefined variable: keywords E:\server\Apache2.4\htdocs\club\Application\Runtime\Cache\Home\2a94b8bda04ff446dcedd42276fc99ee.php 第 6 行.
NOTIC: [8] Undefined offset: 0 E:\server\Apache2.4\htdocs\club\Application\Runtime\Cache\Home\2a94b8bda04ff446dcedd42276fc99ee.php 第 30 行.
NOTIC: [8] Undefined offset: 0 E:\server\Apache2.4\htdocs\club\Application\Runtime\Cache\Home\2a94b8bda04ff446dcedd42276fc99ee.php 第 31 行.
NOTIC: [8] Undefined offset: 0 E:\server\Apache2.4\htdocs\club\Application\Runtime\Cache\Home\2a94b8bda04ff446dcedd42276fc99ee.php 第 30 行.
NOTIC: [8] Undefined offset: 0 E:\server\Apache2.4\htdocs\club\Application\Runtime\Cache\Home\2a94b8bda04ff446dcedd42276fc99ee.php 第 31 行.
NOTIC: [8] Undefined offset: 0 E:\server\Apache2.4\htdocs\club\Application\Runtime\Cache\Home\2a94b8bda04ff446dcedd42276fc99ee.php 第 30 行.
NOTIC: [8] Undefined offset: 0 E:\server\Apache2.4\htdocs\club\Application\Runtime\Cache\Home\2a94b8bda04ff446dcedd42276fc99ee.php 第 31 行.
NOTIC: [8] Undefined offset: 0 E:\server\Apache2.4\htdocs\club\Application\Runtime\Cache\Home\2a94b8bda04ff446dcedd42276fc99ee.php 第 30 行.
NOTIC: [8] Undefined offset: 0 E:\server\Apache2.4\htdocs\club\Application\Runtime\Cache\Home\2a94b8bda04ff446dcedd42276fc99ee.php 第 31 行.
NOTIC: [8] Undefined index: title E:\server\Apache2.4\htdocs\club\Application\Runtime\Cache\Home\2a94b8bda04ff446dcedd42276fc99ee.php 第 72 行.
NOTIC: [8] Undefined index: title E:\server\Apache2.4\htdocs\club\Application\Runtime\Cache\Home\2a94b8bda04ff446dcedd42276fc99ee.php 第 72 行.
INFO: Run Behavior\ParseTemplateBehavior [ RunTime:0.063852s ]
INFO: [ view_parse ] --END-- [ RunTime:0.063899s ]
INFO: [ view_filter ] --START--
INFO: Run Behavior\WriteHtmlCacheBehavior [ RunTime:0.000352s ]
INFO: [ view_filter ] --END-- [ RunTime:0.000389s ]
INFO: [ app_end ] --START--
INFO: Run Behavior\ShowPageTraceBehavior [ RunTime:0.001207s ]
INFO: [ app_end ] --END-- [ RunTime:0.001335s ]

[ 2015-05-27T11:12:14+08:00 ] 192.168.1.205 /club/
INFO: [ app_init ] --START--
INFO: Run Behavior\BuildLiteBehavior [ RunTime:0.000067s ]
INFO: [ app_init ] --END-- [ RunTime:0.001094s ]
INFO: [ app_begin ] --START--
INFO: Run Behavior\ReadHtmlCacheBehavior [ RunTime:0.001618s ]
INFO: [ app_begin ] --END-- [ RunTime:0.001784s ]
SQL: SHOW COLUMNS FROM `yzclub_site` [ RunTime:0.0155s ]
SQL: SELECT `value` FROM `yzclub_site` WHERE `name` = 'status' LIMIT 1   [ RunTime:0.0005s ]
SQL: SELECT `value` FROM `yzclub_site` WHERE `name` = 'title' LIMIT 1   [ RunTime:0.0003s ]
SQL: SELECT `value` FROM `yzclub_site` WHERE `name` = 'keywords' LIMIT 1   [ RunTime:0.0003s ]
SQL: SELECT `value` FROM `yzclub_site` WHERE `name` = 'description' LIMIT 1   [ RunTime:0.0003s ]
SQL: SHOW COLUMNS FROM `yzclub_nav` [ RunTime:0.0119s ]
SQL: SELECT * FROM `yzclub_nav` WHERE `type` = '顶部导航'  [ RunTime:0.0006s ]
SQL: SELECT * FROM `yzclub_nav` WHERE `type` = '底部导航'  [ RunTime:0.0007s ]
SQL: SELECT * FROM `yzclub_site` WHERE `name` = 'copyright' LIMIT 1   [ RunTime:0.0004s ]
SQL: SHOW COLUMNS FROM `yzclub_friendlink` [ RunTime:0.0122s ]
SQL: SELECT * FROM `yzclub_friendlink`  [ RunTime:0.0005s ]
SQL: SHOW COLUMNS FROM `yzclub_news` [ RunTime:0.0142s ]
SQL: SELECT * FROM `yzclub_news` WHERE `type` = 1 AND `status` = 1 AND `is_top` = 1  [ RunTime:0.0007s ]
SQL: SHOW COLUMNS FROM `new`.`news_article` [ RunTime:0.0143s ]
SQL: SELECT * FROM new.news_article WHERE `id` = 4631 LIMIT 1   [ RunTime:0.0009s ]
NOTIC: [8] Undefined variable: k E:\server\Apache2.4\htdocs\club\Application\Home\Controller\IndexController.class.php 第 17 行.
SQL: SELECT * FROM new.news_article WHERE `id` = 4950 LIMIT 1   [ RunTime:0.0006s ]
NOTIC: [8] Undefined variable: k E:\server\Apache2.4\htdocs\club\Application\Home\Controller\IndexController.class.php 第 17 行.
SQL: SELECT * FROM new.news_article WHERE `id` = 4951 LIMIT 1   [ RunTime:0.0003s ]
NOTIC: [8] Undefined variable: k E:\server\Apache2.4\htdocs\club\Application\Home\Controller\IndexController.class.php 第 17 行.
SQL: SELECT * FROM new.news_article WHERE `id` = 52 LIMIT 1   [ RunTime:0.0004s ]
NOTIC: [8] Undefined variable: k E:\server\Apache2.4\htdocs\club\Application\Home\Controller\IndexController.class.php 第 17 行.
SQL: SELECT * FROM new.news_article WHERE `id` = 81 LIMIT 1   [ RunTime:0.0004s ]
NOTIC: [8] Undefined variable: k E:\server\Apache2.4\htdocs\club\Application\Home\Controller\IndexController.class.php 第 17 行.
SQL: SELECT * FROM new.news_article WHERE `id` = 107 LIMIT 1   [ RunTime:0.0003s ]
NOTIC: [8] Undefined variable: k E:\server\Apache2.4\htdocs\club\Application\Home\Controller\IndexController.class.php 第 17 行.
SQL: SELECT * FROM `yzclub_news` WHERE `type` = 2 AND `status` = 1 AND `is_top` = 1  [ RunTime:0.0005s ]
SQL: SELECT * FROM new.news_article WHERE `id` = 4952 LIMIT 1   [ RunTime:0.0005s ]
SQL: SELECT * FROM new.news_article WHERE `id` = 74 LIMIT 1   [ RunTime:0.0004s ]
SQL: SELECT * FROM new.news_article WHERE `id` = 51 LIMIT 1   [ RunTime:0.0005s ]
SQL: SHOW COLUMNS FROM `yzclub_adv` [ RunTime:0.0123s ]
SQL: SELECT * FROM `yzclub_adv` WHERE `adv_id` = 1 AND `status` = 1  [ RunTime:0.0005s ]
INFO: [ view_parse ] --START--
INFO: [ template_filter ] --START--
INFO: Run Behavior\ContentReplaceBehavior [ RunTime:0.000279s ]
INFO: [ template_filter ] --END-- [ RunTime:0.000333s ]
NOTIC: [8] Undefined variable: keywords E:\server\Apache2.4\htdocs\club\Application\Runtime\Cache\Home\2a94b8bda04ff446dcedd42276fc99ee.php 第 6 行.
NOTIC: [8] Undefined offset: 0 E:\server\Apache2.4\htdocs\club\Application\Runtime\Cache\Home\2a94b8bda04ff446dcedd42276fc99ee.php 第 30 行.
NOTIC: [8] Undefined offset: 0 E:\server\Apache2.4\htdocs\club\Application\Runtime\Cache\Home\2a94b8bda04ff446dcedd42276fc99ee.php 第 31 行.
NOTIC: [8] Undefined offset: 0 E:\server\Apache2.4\htdocs\club\Application\Runtime\Cache\Home\2a94b8bda04ff446dcedd42276fc99ee.php 第 30 行.
NOTIC: [8] Undefined offset: 0 E:\server\Apache2.4\htdocs\club\Application\Runtime\Cache\Home\2a94b8bda04ff446dcedd42276fc99ee.php 第 31 行.
NOTIC: [8] Undefined offset: 0 E:\server\Apache2.4\htdocs\club\Application\Runtime\Cache\Home\2a94b8bda04ff446dcedd42276fc99ee.php 第 30 行.
NOTIC: [8] Undefined offset: 0 E:\server\Apache2.4\htdocs\club\Application\Runtime\Cache\Home\2a94b8bda04ff446dcedd42276fc99ee.php 第 31 行.
NOTIC: [8] Undefined offset: 0 E:\server\Apache2.4\htdocs\club\Application\Runtime\Cache\Home\2a94b8bda04ff446dcedd42276fc99ee.php 第 30 行.
NOTIC: [8] Undefined offset: 0 E:\server\Apache2.4\htdocs\club\Application\Runtime\Cache\Home\2a94b8bda04ff446dcedd42276fc99ee.php 第 31 行.
NOTIC: [8] Undefined index: title E:\server\Apache2.4\htdocs\club\Application\Runtime\Cache\Home\2a94b8bda04ff446dcedd42276fc99ee.php 第 72 行.
NOTIC: [8] Undefined index: title E:\server\Apache2.4\htdocs\club\Application\Runtime\Cache\Home\2a94b8bda04ff446dcedd42276fc99ee.php 第 72 行.
INFO: Run Behavior\ParseTemplateBehavior [ RunTime:0.041408s ]
INFO: [ view_parse ] --END-- [ RunTime:0.041472s ]
INFO: [ view_filter ] --START--
INFO: Run Behavior\WriteHtmlCacheBehavior [ RunTime:0.000495s ]
INFO: [ view_filter ] --END-- [ RunTime:0.000533s ]
INFO: [ app_end ] --START--
INFO: Run Behavior\ShowPageTraceBehavior [ RunTime:0.000706s ]
INFO: [ app_end ] --END-- [ RunTime:0.000758s ]

[ 2015-05-27T11:34:47+08:00 ] 192.168.1.137 /club/index.php/index/member.html
INFO: [ app_init ] --START--
INFO: Run Behavior\BuildLiteBehavior [ RunTime:0.000017s ]
INFO: [ app_init ] --END-- [ RunTime:0.000479s ]
INFO: [ app_begin ] --START--
INFO: Run Behavior\ReadHtmlCacheBehavior [ RunTime:0.000615s ]
INFO: [ app_begin ] --END-- [ RunTime:0.000668s ]
SQL: SHOW COLUMNS FROM `yzclub_site` [ RunTime:0.0244s ]
SQL: SELECT `value` FROM `yzclub_site` WHERE `name` = 'status' LIMIT 1   [ RunTime:0.0005s ]
SQL: SELECT `value` FROM `yzclub_site` WHERE `name` = 'title' LIMIT 1   [ RunTime:0.0002s ]
SQL: SELECT `value` FROM `yzclub_site` WHERE `name` = 'keywords' LIMIT 1   [ RunTime:0.0002s ]
SQL: SELECT `value` FROM `yzclub_site` WHERE `name` = 'description' LIMIT 1   [ RunTime:0.0002s ]
SQL: SHOW COLUMNS FROM `yzclub_nav` [ RunTime:0.0090s ]
SQL: SELECT * FROM `yzclub_nav` WHERE `type` = '顶部导航'  [ RunTime:0.0004s ]
SQL: SELECT * FROM `yzclub_nav` WHERE `type` = '底部导航'  [ RunTime:0.0002s ]
SQL: SELECT * FROM `yzclub_site` WHERE `name` = 'copyright' LIMIT 1   [ RunTime:0.0002s ]
SQL: SHOW COLUMNS FROM `yzclub_friendlink` [ RunTime:0.0111s ]
SQL: SELECT * FROM `yzclub_friendlink`  [ RunTime:0.0004s ]
SQL: SHOW COLUMNS FROM `yzclub_adv` [ RunTime:0.0391s ]
SQL: SELECT `pic` FROM `yzclub_adv` WHERE `adv_id` = 5 AND `status` = 1 LIMIT 1   [ RunTime:0.0004s ]
INFO: [ view_parse ] --START--
INFO: [ template_filter ] --START--
INFO: Run Behavior\ContentReplaceBehavior [ RunTime:0.000173s ]
INFO: [ template_filter ] --END-- [ RunTime:0.000225s ]
NOTIC: [8] Undefined variable: keywords E:\server\Apache2.4\htdocs\club\Application\Runtime\Cache\Home\0034c409d5ac2c07ac3f17b1b2ad5d84.php 第 6 行.
NOTIC: [8] Undefined offset: 0 E:\server\Apache2.4\htdocs\club\Application\Runtime\Cache\Home\0034c409d5ac2c07ac3f17b1b2ad5d84.php 第 36 行.
NOTIC: [8] Undefined offset: 0 E:\server\Apache2.4\htdocs\club\Application\Runtime\Cache\Home\0034c409d5ac2c07ac3f17b1b2ad5d84.php 第 37 行.
NOTIC: [8] Undefined offset: 0 E:\server\Apache2.4\htdocs\club\Application\Runtime\Cache\Home\0034c409d5ac2c07ac3f17b1b2ad5d84.php 第 36 行.
NOTIC: [8] Undefined offset: 0 E:\server\Apache2.4\htdocs\club\Application\Runtime\Cache\Home\0034c409d5ac2c07ac3f17b1b2ad5d84.php 第 37 行.
NOTIC: [8] Undefined offset: 0 E:\server\Apache2.4\htdocs\club\Application\Runtime\Cache\Home\0034c409d5ac2c07ac3f17b1b2ad5d84.php 第 36 行.
NOTIC: [8] Undefined offset: 0 E:\server\Apache2.4\htdocs\club\Application\Runtime\Cache\Home\0034c409d5ac2c07ac3f17b1b2ad5d84.php 第 37 行.
NOTIC: [8] Undefined offset: 0 E:\server\Apache2.4\htdocs\club\Application\Runtime\Cache\Home\0034c409d5ac2c07ac3f17b1b2ad5d84.php 第 36 行.
NOTIC: [8] Undefined offset: 0 E:\server\Apache2.4\htdocs\club\Application\Runtime\Cache\Home\0034c409d5ac2c07ac3f17b1b2ad5d84.php 第 37 行.
INFO: Run Behavior\ParseTemplateBehavior [ RunTime:0.104494s ]
INFO: [ view_parse ] --END-- [ RunTime:0.104613s ]
INFO: [ view_filter ] --START--
INFO: Run Behavior\WriteHtmlCacheBehavior [ RunTime:0.000856s ]
INFO: [ view_filter ] --END-- [ RunTime:0.000980s ]
INFO: [ app_end ] --START--
INFO: Run Behavior\ShowPageTraceBehavior [ RunTime:0.007055s ]
INFO: [ app_end ] --END-- [ RunTime:0.007464s ]

