[ 2015-06-02T08:35:28+08:00 ] 10.159.63.7 /
INFO: [ app_init ] --START--
INFO: Run Behavior\BuildLiteBehavior [ RunTime:0.000022s ]
INFO: [ app_init ] --END-- [ RunTime:0.004137s ]
INFO: [ app_begin ] --START--
INFO: Run Behavior\ReadHtmlCacheBehavior [ RunTime:0.003978s ]
INFO: [ app_begin ] --END-- [ RunTime:0.004081s ]
SQL: SHOW COLUMNS FROM `yzclub_site` [ RunTime:0.0032s ]
SQL: SELECT `value` FROM `yzclub_site` WHERE `name` = 'status' LIMIT 1   [ RunTime:0.0016s ]
SQL: SELECT `value` FROM `yzclub_site` WHERE `name` = 'title' LIMIT 1   [ RunTime:0.0009s ]
SQL: SELECT `value` FROM `yzclub_site` WHERE `name` = 'keywords' LIMIT 1   [ RunTime:0.0009s ]
SQL: SELECT `value` FROM `yzclub_site` WHERE `name` = 'description' LIMIT 1   [ RunTime:0.0008s ]
SQL: SHOW COLUMNS FROM `yzclub_nav` [ RunTime:0.0025s ]
SQL: SELECT * FROM `yzclub_nav` WHERE `type` = '顶部导航'  [ RunTime:0.0015s ]
SQL: SELECT * FROM `yzclub_nav` WHERE `type` = '底部导航'  [ RunTime:0.0011s ]
SQL: SELECT * FROM `yzclub_site` WHERE `name` = 'copyright' LIMIT 1   [ RunTime:0.0010s ]
SQL: SHOW COLUMNS FROM `yzclub_friendlink` [ RunTime:0.0023s ]
SQL: SELECT * FROM `yzclub_friendlink`  [ RunTime:0.0012s ]
SQL: SHOW COLUMNS FROM `yzclub_news` [ RunTime:0.0026s ]
SQL: SELECT * FROM `yzclub_news` WHERE `type` = 1 AND `status` = 1 AND `is_top` = 1  [ RunTime:0.0017s ]
SQL: SHOW COLUMNS FROM `new`.`news_article` [ RunTime:0.0023s ]
SQL: SELECT * FROM new.news_article WHERE `id` = 4631 LIMIT 1   [ RunTime:0.0049s ]
NOTIC: [8] Undefined variable: k /alidata/www/club.yaozh.com/Application/Home/Controller/IndexController.class.php 第 17 行.
SQL: SELECT * FROM new.news_article WHERE `id` = 4950 LIMIT 1   [ RunTime:0.0047s ]
NOTIC: [8] Undefined variable: k /alidata/www/club.yaozh.com/Application/Home/Controller/IndexController.class.php 第 17 行.
SQL: SELECT * FROM new.news_article WHERE `id` = 4951 LIMIT 1   [ RunTime:0.0024s ]
NOTIC: [8] Undefined variable: k /alidata/www/club.yaozh.com/Application/Home/Controller/IndexController.class.php 第 17 行.
SQL: SELECT * FROM new.news_article WHERE `id` = 52 LIMIT 1   [ RunTime:0.0030s ]
NOTIC: [8] Undefined variable: k /alidata/www/club.yaozh.com/Application/Home/Controller/IndexController.class.php 第 17 行.
SQL: SELECT * FROM new.news_article WHERE `id` = 81 LIMIT 1   [ RunTime:0.0015s ]
NOTIC: [8] Undefined variable: k /alidata/www/club.yaozh.com/Application/Home/Controller/IndexController.class.php 第 17 行.
SQL: SELECT * FROM new.news_article WHERE `id` = 107 LIMIT 1   [ RunTime:0.0016s ]
NOTIC: [8] Undefined variable: k /alidata/www/club.yaozh.com/Application/Home/Controller/IndexController.class.php 第 17 行.
SQL: SELECT * FROM `yzclub_news` WHERE `type` = 2 AND `status` = 1 AND `is_top` = 1  [ RunTime:0.0029s ]
SQL: SELECT * FROM new.news_article WHERE `id` = 4952 LIMIT 1   [ RunTime:0.0084s ]
SQL: SELECT * FROM new.news_article WHERE `id` = 74 LIMIT 1   [ RunTime:0.0100s ]
SQL: SELECT * FROM new.news_article WHERE `id` = 51 LIMIT 1   [ RunTime:0.0155s ]
SQL: SHOW COLUMNS FROM `yzclub_adv` [ RunTime:0.0047s ]
SQL: SELECT * FROM `yzclub_adv` WHERE `adv_id` = 1 AND `status` = 1  [ RunTime:0.0018s ]
INFO: [ view_parse ] --START--
INFO: [ template_filter ] --START--
INFO: Run Behavior\ContentReplaceBehavior [ RunTime:0.000077s ]
INFO: [ template_filter ] --END-- [ RunTime:0.000144s ]
NOTIC: [8] Undefined variable: keywords /alidata/www/club.yaozh.com/Application/Runtime/Cache/Home/2a94b8bda04ff446dcedd42276fc99ee.php 第 6 行.
NOTIC: [8] Undefined offset: 0 /alidata/www/club.yaozh.com/Application/Runtime/Cache/Home/2a94b8bda04ff446dcedd42276fc99ee.php 第 30 行.
NOTIC: [8] Undefined offset: 0 /alidata/www/club.yaozh.com/Application/Runtime/Cache/Home/2a94b8bda04ff446dcedd42276fc99ee.php 第 31 行.
NOTIC: [8] Undefined offset: 0 /alidata/www/club.yaozh.com/Application/Runtime/Cache/Home/2a94b8bda04ff446dcedd42276fc99ee.php 第 30 行.
NOTIC: [8] Undefined offset: 0 /alidata/www/club.yaozh.com/Application/Runtime/Cache/Home/2a94b8bda04ff446dcedd42276fc99ee.php 第 31 行.
NOTIC: [8] Undefined offset: 0 /alidata/www/club.yaozh.com/Application/Runtime/Cache/Home/2a94b8bda04ff446dcedd42276fc99ee.php 第 30 行.
NOTIC: [8] Undefined offset: 0 /alidata/www/club.yaozh.com/Application/Runtime/Cache/Home/2a94b8bda04ff446dcedd42276fc99ee.php 第 31 行.
NOTIC: [8] Undefined offset: 0 /alidata/www/club.yaozh.com/Application/Runtime/Cache/Home/2a94b8bda04ff446dcedd42276fc99ee.php 第 30 行.
NOTIC: [8] Undefined offset: 0 /alidata/www/club.yaozh.com/Application/Runtime/Cache/Home/2a94b8bda04ff446dcedd42276fc99ee.php 第 31 行.
NOTIC: [8] Undefined index: title /alidata/www/club.yaozh.com/Application/Runtime/Cache/Home/2a94b8bda04ff446dcedd42276fc99ee.php 第 72 行.
NOTIC: [8] Undefined index: title /alidata/www/club.yaozh.com/Application/Runtime/Cache/Home/2a94b8bda04ff446dcedd42276fc99ee.php 第 72 行.
INFO: Run Behavior\ParseTemplateBehavior [ RunTime:0.126277s ]
INFO: [ view_parse ] --END-- [ RunTime:0.126340s ]
INFO: [ view_filter ] --START--
INFO: Run Behavior\WriteHtmlCacheBehavior [ RunTime:0.208034s ]
INFO: [ view_filter ] --END-- [ RunTime:0.208127s ]
INFO: [ app_end ] --START--
INFO: Run Behavior\ShowPageTraceBehavior [ RunTime:0.004093s ]
INFO: [ app_end ] --END-- [ RunTime:0.004163s ]

[ 2015-06-02T08:35:29+08:00 ] 10.159.63.174 /favicon.ico
INFO: [ app_init ] --START--
INFO: Run Behavior\BuildLiteBehavior [ RunTime:0.000019s ]
INFO: [ app_init ] --END-- [ RunTime:0.000176s ]

[ 2015-06-02T08:45:04+08:00 ] 10.159.63.116 /index/introduction.html
INFO: [ app_init ] --START--
INFO: Run Behavior\BuildLiteBehavior [ RunTime:0.000017s ]
INFO: [ app_init ] --END-- [ RunTime:0.000418s ]
INFO: [ app_begin ] --START--
INFO: Run Behavior\ReadHtmlCacheBehavior [ RunTime:0.000364s ]
INFO: [ app_begin ] --END-- [ RunTime:0.000416s ]
SQL: SHOW COLUMNS FROM `yzclub_site` [ RunTime:0.0017s ]
SQL: SELECT `value` FROM `yzclub_site` WHERE `name` = 'status' LIMIT 1   [ RunTime:0.0016s ]
SQL: SELECT `value` FROM `yzclub_site` WHERE `name` = 'title' LIMIT 1   [ RunTime:0.0013s ]
SQL: SELECT `value` FROM `yzclub_site` WHERE `name` = 'keywords' LIMIT 1   [ RunTime:0.0009s ]
SQL: SELECT `value` FROM `yzclub_site` WHERE `name` = 'description' LIMIT 1   [ RunTime:0.0011s ]
SQL: SHOW COLUMNS FROM `yzclub_nav` [ RunTime:0.0020s ]
SQL: SELECT * FROM `yzclub_nav` WHERE `type` = '顶部导航'  [ RunTime:0.0019s ]
SQL: SELECT * FROM `yzclub_nav` WHERE `type` = '底部导航'  [ RunTime:0.0015s ]
SQL: SELECT * FROM `yzclub_site` WHERE `name` = 'copyright' LIMIT 1   [ RunTime:0.0012s ]
SQL: SHOW COLUMNS FROM `yzclub_friendlink` [ RunTime:0.0021s ]
SQL: SELECT * FROM `yzclub_friendlink`  [ RunTime:0.0015s ]
SQL: SHOW COLUMNS FROM `yzclub_adv` [ RunTime:0.0020s ]
SQL: SELECT `pic` FROM `yzclub_adv` WHERE `adv_id` = 2 AND `status` = 1 LIMIT 1   [ RunTime:0.0015s ]
INFO: [ view_parse ] --START--
INFO: [ template_filter ] --START--
INFO: Run Behavior\ContentReplaceBehavior [ RunTime:0.000077s ]
INFO: [ template_filter ] --END-- [ RunTime:0.000146s ]
NOTIC: [8] Undefined variable: keywords /alidata/www/club.yaozh.com/Application/Runtime/Cache/Home/5941d6446379a4a50e980a139ca5299f.php 第 6 行.
NOTIC: [8] Undefined offset: 0 /alidata/www/club.yaozh.com/Application/Runtime/Cache/Home/5941d6446379a4a50e980a139ca5299f.php 第 36 行.
NOTIC: [8] Undefined offset: 0 /alidata/www/club.yaozh.com/Application/Runtime/Cache/Home/5941d6446379a4a50e980a139ca5299f.php 第 37 行.
NOTIC: [8] Undefined offset: 0 /alidata/www/club.yaozh.com/Application/Runtime/Cache/Home/5941d6446379a4a50e980a139ca5299f.php 第 36 行.
NOTIC: [8] Undefined offset: 0 /alidata/www/club.yaozh.com/Application/Runtime/Cache/Home/5941d6446379a4a50e980a139ca5299f.php 第 37 行.
NOTIC: [8] Undefined offset: 0 /alidata/www/club.yaozh.com/Application/Runtime/Cache/Home/5941d6446379a4a50e980a139ca5299f.php 第 36 行.
NOTIC: [8] Undefined offset: 0 /alidata/www/club.yaozh.com/Application/Runtime/Cache/Home/5941d6446379a4a50e980a139ca5299f.php 第 37 行.
NOTIC: [8] Undefined offset: 0 /alidata/www/club.yaozh.com/Application/Runtime/Cache/Home/5941d6446379a4a50e980a139ca5299f.php 第 36 行.
NOTIC: [8] Undefined offset: 0 /alidata/www/club.yaozh.com/Application/Runtime/Cache/Home/5941d6446379a4a50e980a139ca5299f.php 第 37 行.
INFO: Run Behavior\ParseTemplateBehavior [ RunTime:0.056564s ]
INFO: [ view_parse ] --END-- [ RunTime:0.056632s ]
INFO: [ view_filter ] --START--
INFO: Run Behavior\WriteHtmlCacheBehavior [ RunTime:0.000395s ]
INFO: [ view_filter ] --END-- [ RunTime:0.000439s ]
INFO: [ app_end ] --START--
INFO: Run Behavior\ShowPageTraceBehavior [ RunTime:0.000415s ]
INFO: [ app_end ] --END-- [ RunTime:0.000462s ]

[ 2015-06-02T08:45:55+08:00 ] 10.159.63.57 /
INFO: [ app_init ] --START--
INFO: Run Behavior\BuildLiteBehavior [ RunTime:0.000019s ]
INFO: [ app_init ] --END-- [ RunTime:0.000470s ]
INFO: [ app_begin ] --START--
INFO: Run Behavior\ReadHtmlCacheBehavior [ RunTime:0.000410s ]
INFO: [ app_begin ] --END-- [ RunTime:0.000463s ]
SQL: SHOW COLUMNS FROM `yzclub_site` [ RunTime:0.0016s ]
SQL: SELECT `value` FROM `yzclub_site` WHERE `name` = 'status' LIMIT 1   [ RunTime:0.0007s ]
SQL: SELECT `value` FROM `yzclub_site` WHERE `name` = 'title' LIMIT 1   [ RunTime:0.0018s ]
SQL: SELECT `value` FROM `yzclub_site` WHERE `name` = 'keywords' LIMIT 1   [ RunTime:0.0010s ]
SQL: SELECT `value` FROM `yzclub_site` WHERE `name` = 'description' LIMIT 1   [ RunTime:0.0019s ]
SQL: SHOW COLUMNS FROM `yzclub_nav` [ RunTime:0.0019s ]
SQL: SELECT * FROM `yzclub_nav` WHERE `type` = '顶部导航'  [ RunTime:0.0011s ]
SQL: SELECT * FROM `yzclub_nav` WHERE `type` = '底部导航'  [ RunTime:0.0010s ]
SQL: SELECT * FROM `yzclub_site` WHERE `name` = 'copyright' LIMIT 1   [ RunTime:0.0011s ]
SQL: SHOW COLUMNS FROM `yzclub_friendlink` [ RunTime:0.0040s ]
SQL: SELECT * FROM `yzclub_friendlink`  [ RunTime:0.0011s ]
SQL: SHOW COLUMNS FROM `yzclub_news` [ RunTime:0.0026s ]
SQL: SELECT * FROM `yzclub_news` WHERE `type` = 1 AND `status` = 1 AND `is_top` = 1  [ RunTime:0.0013s ]
SQL: SHOW COLUMNS FROM `new`.`news_article` [ RunTime:0.0024s ]
SQL: SELECT * FROM new.news_article WHERE `id` = 4631 LIMIT 1   [ RunTime:0.0032s ]
NOTIC: [8] Undefined variable: k /alidata/www/club.yaozh.com/Application/Home/Controller/IndexController.class.php 第 17 行.
SQL: SELECT * FROM new.news_article WHERE `id` = 4950 LIMIT 1   [ RunTime:0.0025s ]
NOTIC: [8] Undefined variable: k /alidata/www/club.yaozh.com/Application/Home/Controller/IndexController.class.php 第 17 行.
SQL: SELECT * FROM new.news_article WHERE `id` = 4951 LIMIT 1   [ RunTime:0.0015s ]
NOTIC: [8] Undefined variable: k /alidata/www/club.yaozh.com/Application/Home/Controller/IndexController.class.php 第 17 行.
SQL: SELECT * FROM new.news_article WHERE `id` = 52 LIMIT 1   [ RunTime:0.0018s ]
NOTIC: [8] Undefined variable: k /alidata/www/club.yaozh.com/Application/Home/Controller/IndexController.class.php 第 17 行.
SQL: SELECT * FROM new.news_article WHERE `id` = 81 LIMIT 1   [ RunTime:0.0016s ]
NOTIC: [8] Undefined variable: k /alidata/www/club.yaozh.com/Application/Home/Controller/IndexController.class.php 第 17 行.
SQL: SELECT * FROM new.news_article WHERE `id` = 107 LIMIT 1   [ RunTime:0.0011s ]
NOTIC: [8] Undefined variable: k /alidata/www/club.yaozh.com/Application/Home/Controller/IndexController.class.php 第 17 行.
SQL: SELECT * FROM `yzclub_news` WHERE `type` = 2 AND `status` = 1 AND `is_top` = 1  [ RunTime:0.0011s ]
SQL: SELECT * FROM new.news_article WHERE `id` = 4952 LIMIT 1   [ RunTime:0.0013s ]
SQL: SELECT * FROM new.news_article WHERE `id` = 74 LIMIT 1   [ RunTime:0.0015s ]
SQL: SELECT * FROM new.news_article WHERE `id` = 51 LIMIT 1   [ RunTime:0.0040s ]
SQL: SHOW COLUMNS FROM `yzclub_adv` [ RunTime:0.0022s ]
SQL: SELECT * FROM `yzclub_adv` WHERE `adv_id` = 1 AND `status` = 1  [ RunTime:0.0012s ]
INFO: [ view_parse ] --START--
INFO: [ template_filter ] --START--
INFO: Run Behavior\ContentReplaceBehavior [ RunTime:0.000098s ]
INFO: [ template_filter ] --END-- [ RunTime:0.000181s ]
NOTIC: [8] Undefined variable: keywords /alidata/www/club.yaozh.com/Application/Runtime/Cache/Home/2a94b8bda04ff446dcedd42276fc99ee.php 第 6 行.
NOTIC: [8] Undefined offset: 0 /alidata/www/club.yaozh.com/Application/Runtime/Cache/Home/2a94b8bda04ff446dcedd42276fc99ee.php 第 30 行.
NOTIC: [8] Undefined offset: 0 /alidata/www/club.yaozh.com/Application/Runtime/Cache/Home/2a94b8bda04ff446dcedd42276fc99ee.php 第 31 行.
NOTIC: [8] Undefined offset: 0 /alidata/www/club.yaozh.com/Application/Runtime/Cache/Home/2a94b8bda04ff446dcedd42276fc99ee.php 第 30 行.
NOTIC: [8] Undefined offset: 0 /alidata/www/club.yaozh.com/Application/Runtime/Cache/Home/2a94b8bda04ff446dcedd42276fc99ee.php 第 31 行.
NOTIC: [8] Undefined offset: 0 /alidata/www/club.yaozh.com/Application/Runtime/Cache/Home/2a94b8bda04ff446dcedd42276fc99ee.php 第 30 行.
NOTIC: [8] Undefined offset: 0 /alidata/www/club.yaozh.com/Application/Runtime/Cache/Home/2a94b8bda04ff446dcedd42276fc99ee.php 第 31 行.
NOTIC: [8] Undefined offset: 0 /alidata/www/club.yaozh.com/Application/Runtime/Cache/Home/2a94b8bda04ff446dcedd42276fc99ee.php 第 30 行.
NOTIC: [8] Undefined offset: 0 /alidata/www/club.yaozh.com/Application/Runtime/Cache/Home/2a94b8bda04ff446dcedd42276fc99ee.php 第 31 行.
NOTIC: [8] Undefined index: title /alidata/www/club.yaozh.com/Application/Runtime/Cache/Home/2a94b8bda04ff446dcedd42276fc99ee.php 第 72 行.
NOTIC: [8] Undefined index: title /alidata/www/club.yaozh.com/Application/Runtime/Cache/Home/2a94b8bda04ff446dcedd42276fc99ee.php 第 72 行.
INFO: Run Behavior\ParseTemplateBehavior [ RunTime:0.052862s ]
INFO: [ view_parse ] --END-- [ RunTime:0.052926s ]
INFO: [ view_filter ] --START--
INFO: Run Behavior\WriteHtmlCacheBehavior [ RunTime:0.000592s ]
INFO: [ view_filter ] --END-- [ RunTime:0.000653s ]
INFO: [ app_end ] --START--
INFO: Run Behavior\ShowPageTraceBehavior [ RunTime:0.000477s ]
INFO: [ app_end ] --END-- [ RunTime:0.000550s ]

[ 2015-06-02T08:46:00+08:00 ] 10.159.63.58 /index/introduction.html
INFO: [ app_init ] --START--
INFO: Run Behavior\BuildLiteBehavior [ RunTime:0.000015s ]
INFO: [ app_init ] --END-- [ RunTime:0.000135s ]
INFO: [ app_begin ] --START--
INFO: Run Behavior\ReadHtmlCacheBehavior [ RunTime:0.000082s ]
INFO: [ app_begin ] --END-- [ RunTime:0.000130s ]
SQL: SHOW COLUMNS FROM `yzclub_site` [ RunTime:0.0016s ]
SQL: SELECT `value` FROM `yzclub_site` WHERE `name` = 'status' LIMIT 1   [ RunTime:0.0006s ]
SQL: SELECT `value` FROM `yzclub_site` WHERE `name` = 'title' LIMIT 1   [ RunTime:0.0008s ]
SQL: SELECT `value` FROM `yzclub_site` WHERE `name` = 'keywords' LIMIT 1   [ RunTime:0.0007s ]
SQL: SELECT `value` FROM `yzclub_site` WHERE `name` = 'description' LIMIT 1   [ RunTime:0.0007s ]
SQL: SHOW COLUMNS FROM `yzclub_nav` [ RunTime:0.0017s ]
SQL: SELECT * FROM `yzclub_nav` WHERE `type` = '顶部导航'  [ RunTime:0.0008s ]
SQL: SELECT * FROM `yzclub_nav` WHERE `type` = '底部导航'  [ RunTime:0.0007s ]
SQL: SELECT * FROM `yzclub_site` WHERE `name` = 'copyright' LIMIT 1   [ RunTime:0.0007s ]
SQL: SHOW COLUMNS FROM `yzclub_friendlink` [ RunTime:0.0014s ]
SQL: SELECT * FROM `yzclub_friendlink`  [ RunTime:0.0007s ]
SQL: SHOW COLUMNS FROM `yzclub_adv` [ RunTime:0.0012s ]
SQL: SELECT `pic` FROM `yzclub_adv` WHERE `adv_id` = 2 AND `status` = 1 LIMIT 1   [ RunTime:0.0006s ]
INFO: [ view_parse ] --START--
INFO: [ template_filter ] --START--
INFO: Run Behavior\ContentReplaceBehavior [ RunTime:0.000073s ]
INFO: [ template_filter ] --END-- [ RunTime:0.000142s ]
NOTIC: [8] Undefined variable: keywords /alidata/www/club.yaozh.com/Application/Runtime/Cache/Home/5941d6446379a4a50e980a139ca5299f.php 第 6 行.
NOTIC: [8] Undefined offset: 0 /alidata/www/club.yaozh.com/Application/Runtime/Cache/Home/5941d6446379a4a50e980a139ca5299f.php 第 36 行.
NOTIC: [8] Undefined offset: 0 /alidata/www/club.yaozh.com/Application/Runtime/Cache/Home/5941d6446379a4a50e980a139ca5299f.php 第 37 行.
NOTIC: [8] Undefined offset: 0 /alidata/www/club.yaozh.com/Application/Runtime/Cache/Home/5941d6446379a4a50e980a139ca5299f.php 第 36 行.
NOTIC: [8] Undefined offset: 0 /alidata/www/club.yaozh.com/Application/Runtime/Cache/Home/5941d6446379a4a50e980a139ca5299f.php 第 37 行.
NOTIC: [8] Undefined offset: 0 /alidata/www/club.yaozh.com/Application/Runtime/Cache/Home/5941d6446379a4a50e980a139ca5299f.php 第 36 行.
NOTIC: [8] Undefined offset: 0 /alidata/www/club.yaozh.com/Application/Runtime/Cache/Home/5941d6446379a4a50e980a139ca5299f.php 第 37 行.
NOTIC: [8] Undefined offset: 0 /alidata/www/club.yaozh.com/Application/Runtime/Cache/Home/5941d6446379a4a50e980a139ca5299f.php 第 36 行.
NOTIC: [8] Undefined offset: 0 /alidata/www/club.yaozh.com/Application/Runtime/Cache/Home/5941d6446379a4a50e980a139ca5299f.php 第 37 行.
INFO: Run Behavior\ParseTemplateBehavior [ RunTime:0.025451s ]
INFO: [ view_parse ] --END-- [ RunTime:0.025520s ]
INFO: [ view_filter ] --START--
INFO: Run Behavior\WriteHtmlCacheBehavior [ RunTime:0.000087s ]
INFO: [ view_filter ] --END-- [ RunTime:0.000128s ]
INFO: [ app_end ] --START--
INFO: Run Behavior\ShowPageTraceBehavior [ RunTime:0.000098s ]
INFO: [ app_end ] --END-- [ RunTime:0.000143s ]

[ 2015-06-02T09:59:39+08:00 ] 10.159.63.162 /
INFO: [ app_init ] --START--
INFO: Run Behavior\BuildLiteBehavior [ RunTime:0.000023s ]
INFO: [ app_init ] --END-- [ RunTime:0.001953s ]
INFO: [ app_begin ] --START--
INFO: Run Behavior\ReadHtmlCacheBehavior [ RunTime:0.002976s ]
INFO: [ app_begin ] --END-- [ RunTime:0.003044s ]
SQL: SHOW COLUMNS FROM `yzclub_site` [ RunTime:0.0032s ]
SQL: SELECT `value` FROM `yzclub_site` WHERE `name` = 'status' LIMIT 1   [ RunTime:0.0010s ]
SQL: SELECT `value` FROM `yzclub_site` WHERE `name` = 'title' LIMIT 1   [ RunTime:0.0009s ]
SQL: SELECT `value` FROM `yzclub_site` WHERE `name` = 'keywords' LIMIT 1   [ RunTime:0.0013s ]
SQL: SELECT `value` FROM `yzclub_site` WHERE `name` = 'description' LIMIT 1   [ RunTime:0.0014s ]
SQL: SHOW COLUMNS FROM `yzclub_nav` [ RunTime:0.0020s ]
SQL: SELECT * FROM `yzclub_nav` WHERE `type` = '顶部导航'  [ RunTime:0.0015s ]
SQL: SELECT * FROM `yzclub_nav` WHERE `type` = '底部导航'  [ RunTime:0.0013s ]
SQL: SELECT * FROM `yzclub_site` WHERE `name` = 'copyright' LIMIT 1   [ RunTime:0.0012s ]
SQL: SHOW COLUMNS FROM `yzclub_friendlink` [ RunTime:0.0026s ]
SQL: SELECT * FROM `yzclub_friendlink`  [ RunTime:0.0018s ]
SQL: SHOW COLUMNS FROM `yzclub_news` [ RunTime:0.0019s ]
SQL: SELECT * FROM `yzclub_news` WHERE `type` = 1 AND `status` = 1 AND `is_top` = 1  [ RunTime:0.0012s ]
SQL: SHOW COLUMNS FROM `new`.`news_article` [ RunTime:0.0030s ]
SQL: SELECT * FROM new.news_article WHERE `id` = 4631 LIMIT 1   [ RunTime:0.0049s ]
NOTIC: [8] Undefined variable: k /alidata/www/club.yaozh.com/Application/Home/Controller/IndexController.class.php 第 17 行.
SQL: SELECT * FROM new.news_article WHERE `id` = 4950 LIMIT 1   [ RunTime:0.0019s ]
NOTIC: [8] Undefined variable: k /alidata/www/club.yaozh.com/Application/Home/Controller/IndexController.class.php 第 17 行.
SQL: SELECT * FROM new.news_article WHERE `id` = 4951 LIMIT 1   [ RunTime:0.0018s ]
NOTIC: [8] Undefined variable: k /alidata/www/club.yaozh.com/Application/Home/Controller/IndexController.class.php 第 17 行.
SQL: SELECT * FROM new.news_article WHERE `id` = 52 LIMIT 1   [ RunTime:0.0031s ]
NOTIC: [8] Undefined variable: k /alidata/www/club.yaozh.com/Application/Home/Controller/IndexController.class.php 第 17 行.
SQL: SELECT * FROM new.news_article WHERE `id` = 81 LIMIT 1   [ RunTime:0.0019s ]
NOTIC: [8] Undefined variable: k /alidata/www/club.yaozh.com/Application/Home/Controller/IndexController.class.php 第 17 行.
SQL: SELECT * FROM new.news_article WHERE `id` = 107 LIMIT 1   [ RunTime:0.0018s ]
NOTIC: [8] Undefined variable: k /alidata/www/club.yaozh.com/Application/Home/Controller/IndexController.class.php 第 17 行.
SQL: SELECT * FROM `yzclub_news` WHERE `type` = 2 AND `status` = 1 AND `is_top` = 1  [ RunTime:0.0021s ]
SQL: SELECT * FROM new.news_article WHERE `id` = 4952 LIMIT 1   [ RunTime:0.0027s ]
SQL: SELECT * FROM new.news_article WHERE `id` = 74 LIMIT 1   [ RunTime:0.0020s ]
SQL: SELECT * FROM new.news_article WHERE `id` = 51 LIMIT 1   [ RunTime:0.0019s ]
SQL: SHOW COLUMNS FROM `yzclub_adv` [ RunTime:0.0025s ]
SQL: SELECT * FROM `yzclub_adv` WHERE `adv_id` = 1 AND `status` = 1  [ RunTime:0.0013s ]
INFO: [ view_parse ] --START--
INFO: [ template_filter ] --START--
INFO: Run Behavior\ContentReplaceBehavior [ RunTime:0.000078s ]
INFO: [ template_filter ] --END-- [ RunTime:0.000144s ]
NOTIC: [8] Undefined variable: keywords /alidata/www/club.yaozh.com/Application/Runtime/Cache/Home/2a94b8bda04ff446dcedd42276fc99ee.php 第 6 行.
NOTIC: [8] Undefined offset: 0 /alidata/www/club.yaozh.com/Application/Runtime/Cache/Home/2a94b8bda04ff446dcedd42276fc99ee.php 第 30 行.
NOTIC: [8] Undefined offset: 0 /alidata/www/club.yaozh.com/Application/Runtime/Cache/Home/2a94b8bda04ff446dcedd42276fc99ee.php 第 31 行.
NOTIC: [8] Undefined offset: 0 /alidata/www/club.yaozh.com/Application/Runtime/Cache/Home/2a94b8bda04ff446dcedd42276fc99ee.php 第 30 行.
NOTIC: [8] Undefined offset: 0 /alidata/www/club.yaozh.com/Application/Runtime/Cache/Home/2a94b8bda04ff446dcedd42276fc99ee.php 第 31 行.
NOTIC: [8] Undefined offset: 0 /alidata/www/club.yaozh.com/Application/Runtime/Cache/Home/2a94b8bda04ff446dcedd42276fc99ee.php 第 30 行.
NOTIC: [8] Undefined offset: 0 /alidata/www/club.yaozh.com/Application/Runtime/Cache/Home/2a94b8bda04ff446dcedd42276fc99ee.php 第 31 行.
NOTIC: [8] Undefined offset: 0 /alidata/www/club.yaozh.com/Application/Runtime/Cache/Home/2a94b8bda04ff446dcedd42276fc99ee.php 第 30 行.
NOTIC: [8] Undefined offset: 0 /alidata/www/club.yaozh.com/Application/Runtime/Cache/Home/2a94b8bda04ff446dcedd42276fc99ee.php 第 31 行.
NOTIC: [8] Undefined index: title /alidata/www/club.yaozh.com/Application/Runtime/Cache/Home/2a94b8bda04ff446dcedd42276fc99ee.php 第 72 行.
NOTIC: [8] Undefined index: title /alidata/www/club.yaozh.com/Application/Runtime/Cache/Home/2a94b8bda04ff446dcedd42276fc99ee.php 第 72 行.
INFO: Run Behavior\ParseTemplateBehavior [ RunTime:0.071809s ]
INFO: [ view_parse ] --END-- [ RunTime:0.071882s ]
INFO: [ view_filter ] --START--
INFO: Run Behavior\WriteHtmlCacheBehavior [ RunTime:0.001774s ]
INFO: [ view_filter ] --END-- [ RunTime:0.001823s ]
INFO: [ app_end ] --START--
INFO: Run Behavior\ShowPageTraceBehavior [ RunTime:0.002759s ]
INFO: [ app_end ] --END-- [ RunTime:0.002834s ]

[ 2015-06-02T13:59:48+08:00 ] 10.159.63.190 /
INFO: [ app_init ] --START--
INFO: Run Behavior\BuildLiteBehavior [ RunTime:0.000026s ]
INFO: [ app_init ] --END-- [ RunTime:0.000632s ]
INFO: [ app_begin ] --START--
INFO: Run Behavior\ReadHtmlCacheBehavior [ RunTime:0.000496s ]
INFO: [ app_begin ] --END-- [ RunTime:0.000570s ]
SQL: SHOW COLUMNS FROM `yzclub_site` [ RunTime:0.0019s ]
SQL: SELECT `value` FROM `yzclub_site` WHERE `name` = 'status' LIMIT 1   [ RunTime:0.0010s ]
SQL: SELECT `value` FROM `yzclub_site` WHERE `name` = 'title' LIMIT 1   [ RunTime:0.0010s ]
SQL: SELECT `value` FROM `yzclub_site` WHERE `name` = 'keywords' LIMIT 1   [ RunTime:0.0014s ]
SQL: SELECT `value` FROM `yzclub_site` WHERE `name` = 'description' LIMIT 1   [ RunTime:0.0009s ]
SQL: SHOW COLUMNS FROM `yzclub_nav` [ RunTime:0.0018s ]
SQL: SELECT * FROM `yzclub_nav` WHERE `type` = '顶部导航'  [ RunTime:0.0010s ]
SQL: SELECT * FROM `yzclub_nav` WHERE `type` = '底部导航'  [ RunTime:0.0010s ]
SQL: SELECT * FROM `yzclub_site` WHERE `name` = 'copyright' LIMIT 1   [ RunTime:0.0011s ]
SQL: SHOW COLUMNS FROM `yzclub_friendlink` [ RunTime:0.0018s ]
SQL: SELECT * FROM `yzclub_friendlink`  [ RunTime:0.0016s ]
SQL: SHOW COLUMNS FROM `yzclub_news` [ RunTime:0.0019s ]
SQL: SELECT * FROM `yzclub_news` WHERE `type` = 1 AND `status` = 1 AND `is_top` = 1  [ RunTime:0.0010s ]
SQL: SHOW COLUMNS FROM `new`.`news_article` [ RunTime:0.0023s ]
SQL: SELECT * FROM new.news_article WHERE `id` = 4631 LIMIT 1   [ RunTime:0.0025s ]
NOTIC: [8] Undefined variable: k /alidata/www/club.yaozh.com/Application/Home/Controller/IndexController.class.php 第 17 行.
SQL: SELECT * FROM new.news_article WHERE `id` = 4950 LIMIT 1   [ RunTime:0.0018s ]
NOTIC: [8] Undefined variable: k /alidata/www/club.yaozh.com/Application/Home/Controller/IndexController.class.php 第 17 行.
SQL: SELECT * FROM new.news_article WHERE `id` = 4951 LIMIT 1   [ RunTime:0.0012s ]
NOTIC: [8] Undefined variable: k /alidata/www/club.yaozh.com/Application/Home/Controller/IndexController.class.php 第 17 行.
SQL: SELECT * FROM new.news_article WHERE `id` = 52 LIMIT 1   [ RunTime:0.0015s ]
NOTIC: [8] Undefined variable: k /alidata/www/club.yaozh.com/Application/Home/Controller/IndexController.class.php 第 17 行.
SQL: SELECT * FROM new.news_article WHERE `id` = 81 LIMIT 1   [ RunTime:0.0012s ]
NOTIC: [8] Undefined variable: k /alidata/www/club.yaozh.com/Application/Home/Controller/IndexController.class.php 第 17 行.
SQL: SELECT * FROM new.news_article WHERE `id` = 107 LIMIT 1   [ RunTime:0.0012s ]
NOTIC: [8] Undefined variable: k /alidata/www/club.yaozh.com/Application/Home/Controller/IndexController.class.php 第 17 行.
SQL: SELECT * FROM `yzclub_news` WHERE `type` = 2 AND `status` = 1 AND `is_top` = 1  [ RunTime:0.0016s ]
SQL: SELECT * FROM new.news_article WHERE `id` = 4952 LIMIT 1   [ RunTime:0.0021s ]
SQL: SELECT * FROM new.news_article WHERE `id` = 74 LIMIT 1   [ RunTime:0.0017s ]
SQL: SELECT * FROM new.news_article WHERE `id` = 51 LIMIT 1   [ RunTime:0.0016s ]
SQL: SHOW COLUMNS FROM `yzclub_adv` [ RunTime:0.0021s ]
SQL: SELECT * FROM `yzclub_adv` WHERE `adv_id` = 1 AND `status` = 1  [ RunTime:0.0009s ]
INFO: [ view_parse ] --START--
INFO: [ template_filter ] --START--
INFO: Run Behavior\ContentReplaceBehavior [ RunTime:0.000090s ]
INFO: [ template_filter ] --END-- [ RunTime:0.000162s ]
NOTIC: [8] Undefined variable: keywords /alidata/www/club.yaozh.com/Application/Runtime/Cache/Home/2a94b8bda04ff446dcedd42276fc99ee.php 第 6 行.
NOTIC: [8] Undefined offset: 0 /alidata/www/club.yaozh.com/Application/Runtime/Cache/Home/2a94b8bda04ff446dcedd42276fc99ee.php 第 30 行.
NOTIC: [8] Undefined offset: 0 /alidata/www/club.yaozh.com/Application/Runtime/Cache/Home/2a94b8bda04ff446dcedd42276fc99ee.php 第 31 行.
NOTIC: [8] Undefined offset: 0 /alidata/www/club.yaozh.com/Application/Runtime/Cache/Home/2a94b8bda04ff446dcedd42276fc99ee.php 第 30 行.
NOTIC: [8] Undefined offset: 0 /alidata/www/club.yaozh.com/Application/Runtime/Cache/Home/2a94b8bda04ff446dcedd42276fc99ee.php 第 31 行.
NOTIC: [8] Undefined offset: 0 /alidata/www/club.yaozh.com/Application/Runtime/Cache/Home/2a94b8bda04ff446dcedd42276fc99ee.php 第 30 行.
NOTIC: [8] Undefined offset: 0 /alidata/www/club.yaozh.com/Application/Runtime/Cache/Home/2a94b8bda04ff446dcedd42276fc99ee.php 第 31 行.
NOTIC: [8] Undefined offset: 0 /alidata/www/club.yaozh.com/Application/Runtime/Cache/Home/2a94b8bda04ff446dcedd42276fc99ee.php 第 30 行.
NOTIC: [8] Undefined offset: 0 /alidata/www/club.yaozh.com/Application/Runtime/Cache/Home/2a94b8bda04ff446dcedd42276fc99ee.php 第 31 行.
NOTIC: [8] Undefined index: title /alidata/www/club.yaozh.com/Application/Runtime/Cache/Home/2a94b8bda04ff446dcedd42276fc99ee.php 第 72 行.
NOTIC: [8] Undefined index: title /alidata/www/club.yaozh.com/Application/Runtime/Cache/Home/2a94b8bda04ff446dcedd42276fc99ee.php 第 72 行.
INFO: Run Behavior\ParseTemplateBehavior [ RunTime:0.062258s ]
INFO: [ view_parse ] --END-- [ RunTime:0.062339s ]
INFO: [ view_filter ] --START--
INFO: Run Behavior\WriteHtmlCacheBehavior [ RunTime:0.000448s ]
INFO: [ view_filter ] --END-- [ RunTime:0.000493s ]
INFO: [ app_end ] --START--
INFO: Run Behavior\ShowPageTraceBehavior [ RunTime:0.000471s ]
INFO: [ app_end ] --END-- [ RunTime:0.000529s ]

[ 2015-06-02T14:00:36+08:00 ] 10.159.63.149 /favicon.ico
INFO: [ app_init ] --START--
INFO: Run Behavior\BuildLiteBehavior [ RunTime:0.000027s ]
INFO: [ app_init ] --END-- [ RunTime:0.000865s ]

[ 2015-06-02T14:00:36+08:00 ] 10.159.58.218 /
INFO: [ app_init ] --START--
INFO: Run Behavior\BuildLiteBehavior [ RunTime:0.000019s ]
INFO: [ app_init ] --END-- [ RunTime:0.000504s ]
INFO: [ app_begin ] --START--
INFO: Run Behavior\ReadHtmlCacheBehavior [ RunTime:0.000487s ]
INFO: [ app_begin ] --END-- [ RunTime:0.000571s ]
SQL: SHOW COLUMNS FROM `yzclub_site` [ RunTime:0.0047s ]
SQL: SELECT `value` FROM `yzclub_site` WHERE `name` = 'status' LIMIT 1   [ RunTime:0.0012s ]
SQL: SELECT `value` FROM `yzclub_site` WHERE `name` = 'title' LIMIT 1   [ RunTime:0.0012s ]
SQL: SELECT `value` FROM `yzclub_site` WHERE `name` = 'keywords' LIMIT 1   [ RunTime:0.0009s ]
SQL: SELECT `value` FROM `yzclub_site` WHERE `name` = 'description' LIMIT 1   [ RunTime:0.0010s ]
SQL: SHOW COLUMNS FROM `yzclub_nav` [ RunTime:0.0021s ]
SQL: SELECT * FROM `yzclub_nav` WHERE `type` = '顶部导航'  [ RunTime:0.0011s ]
SQL: SELECT * FROM `yzclub_nav` WHERE `type` = '底部导航'  [ RunTime:0.0011s ]
SQL: SELECT * FROM `yzclub_site` WHERE `name` = 'copyright' LIMIT 1   [ RunTime:0.0012s ]
SQL: SHOW COLUMNS FROM `yzclub_friendlink` [ RunTime:0.0159s ]
SQL: SELECT * FROM `yzclub_friendlink`  [ RunTime:0.0019s ]
SQL: SHOW COLUMNS FROM `yzclub_news` [ RunTime:0.0316s ]
SQL: SELECT * FROM `yzclub_news` WHERE `type` = 1 AND `status` = 1 AND `is_top` = 1  [ RunTime:0.0070s ]
SQL: SHOW COLUMNS FROM `new`.`news_article` [ RunTime:0.0055s ]
SQL: SELECT * FROM new.news_article WHERE `id` = 4631 LIMIT 1   [ RunTime:0.0106s ]
NOTIC: [8] Undefined variable: k /alidata/www/club.yaozh.com/Application/Home/Controller/IndexController.class.php 第 17 行.
SQL: SELECT * FROM new.news_article WHERE `id` = 4950 LIMIT 1   [ RunTime:0.0029s ]
NOTIC: [8] Undefined variable: k /alidata/www/club.yaozh.com/Application/Home/Controller/IndexController.class.php 第 17 行.
SQL: SELECT * FROM new.news_article WHERE `id` = 4951 LIMIT 1   [ RunTime:0.0018s ]
NOTIC: [8] Undefined variable: k /alidata/www/club.yaozh.com/Application/Home/Controller/IndexController.class.php 第 17 行.
SQL: SELECT * FROM new.news_article WHERE `id` = 52 LIMIT 1   [ RunTime:0.0036s ]
NOTIC: [8] Undefined variable: k /alidata/www/club.yaozh.com/Application/Home/Controller/IndexController.class.php 第 17 行.
SQL: SELECT * FROM new.news_article WHERE `id` = 81 LIMIT 1   [ RunTime:0.0014s ]
NOTIC: [8] Undefined variable: k /alidata/www/club.yaozh.com/Application/Home/Controller/IndexController.class.php 第 17 行.
SQL: SELECT * FROM new.news_article WHERE `id` = 107 LIMIT 1   [ RunTime:0.0012s ]
NOTIC: [8] Undefined variable: k /alidata/www/club.yaozh.com/Application/Home/Controller/IndexController.class.php 第 17 行.
SQL: SELECT * FROM `yzclub_news` WHERE `type` = 2 AND `status` = 1 AND `is_top` = 1  [ RunTime:0.0022s ]
SQL: SELECT * FROM new.news_article WHERE `id` = 4952 LIMIT 1   [ RunTime:0.0014s ]
SQL: SELECT * FROM new.news_article WHERE `id` = 74 LIMIT 1   [ RunTime:0.0018s ]
SQL: SELECT * FROM new.news_article WHERE `id` = 51 LIMIT 1   [ RunTime:0.0015s ]
SQL: SHOW COLUMNS FROM `yzclub_adv` [ RunTime:0.0036s ]
SQL: SELECT * FROM `yzclub_adv` WHERE `adv_id` = 1 AND `status` = 1  [ RunTime:0.0014s ]
INFO: [ view_parse ] --START--
INFO: [ template_filter ] --START--
INFO: Run Behavior\ContentReplaceBehavior [ RunTime:0.000106s ]
INFO: [ template_filter ] --END-- [ RunTime:0.000165s ]
NOTIC: [8] Undefined variable: keywords /alidata/www/club.yaozh.com/Application/Runtime/Cache/Home/2a94b8bda04ff446dcedd42276fc99ee.php 第 6 行.
NOTIC: [8] Undefined offset: 0 /alidata/www/club.yaozh.com/Application/Runtime/Cache/Home/2a94b8bda04ff446dcedd42276fc99ee.php 第 30 行.
NOTIC: [8] Undefined offset: 0 /alidata/www/club.yaozh.com/Application/Runtime/Cache/Home/2a94b8bda04ff446dcedd42276fc99ee.php 第 31 行.
NOTIC: [8] Undefined offset: 0 /alidata/www/club.yaozh.com/Application/Runtime/Cache/Home/2a94b8bda04ff446dcedd42276fc99ee.php 第 30 行.
NOTIC: [8] Undefined offset: 0 /alidata/www/club.yaozh.com/Application/Runtime/Cache/Home/2a94b8bda04ff446dcedd42276fc99ee.php 第 31 行.
NOTIC: [8] Undefined offset: 0 /alidata/www/club.yaozh.com/Application/Runtime/Cache/Home/2a94b8bda04ff446dcedd42276fc99ee.php 第 30 行.
NOTIC: [8] Undefined offset: 0 /alidata/www/club.yaozh.com/Application/Runtime/Cache/Home/2a94b8bda04ff446dcedd42276fc99ee.php 第 31 行.
NOTIC: [8] Undefined offset: 0 /alidata/www/club.yaozh.com/Application/Runtime/Cache/Home/2a94b8bda04ff446dcedd42276fc99ee.php 第 30 行.
NOTIC: [8] Undefined offset: 0 /alidata/www/club.yaozh.com/Application/Runtime/Cache/Home/2a94b8bda04ff446dcedd42276fc99ee.php 第 31 行.
NOTIC: [8] Undefined index: title /alidata/www/club.yaozh.com/Application/Runtime/Cache/Home/2a94b8bda04ff446dcedd42276fc99ee.php 第 72 行.
NOTIC: [8] Undefined index: title /alidata/www/club.yaozh.com/Application/Runtime/Cache/Home/2a94b8bda04ff446dcedd42276fc99ee.php 第 72 行.
INFO: Run Behavior\ParseTemplateBehavior [ RunTime:0.046977s ]
INFO: [ view_parse ] --END-- [ RunTime:0.047051s ]
INFO: [ view_filter ] --START--
INFO: Run Behavior\WriteHtmlCacheBehavior [ RunTime:0.000458s ]
INFO: [ view_filter ] --END-- [ RunTime:0.000513s ]
INFO: [ app_end ] --START--
INFO: Run Behavior\ShowPageTraceBehavior [ RunTime:0.000542s ]
INFO: [ app_end ] --END-- [ RunTime:0.000591s ]

[ 2015-06-02T14:00:36+08:00 ] 10.159.63.156 /
INFO: [ app_init ] --START--
INFO: Run Behavior\BuildLiteBehavior [ RunTime:0.000018s ]
INFO: [ app_init ] --END-- [ RunTime:0.000127s ]
INFO: [ app_begin ] --START--
INFO: Run Behavior\ReadHtmlCacheBehavior [ RunTime:0.000063s ]
INFO: [ app_begin ] --END-- [ RunTime:0.000109s ]
SQL: SHOW COLUMNS FROM `yzclub_site` [ RunTime:0.0023s ]
SQL: SELECT `value` FROM `yzclub_site` WHERE `name` = 'status' LIMIT 1   [ RunTime:0.0019s ]
SQL: SELECT `value` FROM `yzclub_site` WHERE `name` = 'title' LIMIT 1   [ RunTime:0.0028s ]
SQL: SELECT `value` FROM `yzclub_site` WHERE `name` = 'keywords' LIMIT 1   [ RunTime:0.0018s ]
SQL: SELECT `value` FROM `yzclub_site` WHERE `name` = 'description' LIMIT 1   [ RunTime:0.0021s ]
SQL: SHOW COLUMNS FROM `yzclub_nav` [ RunTime:0.0023s ]
SQL: SELECT * FROM `yzclub_nav` WHERE `type` = '顶部导航'  [ RunTime:0.0012s ]
SQL: SELECT * FROM `yzclub_nav` WHERE `type` = '底部导航'  [ RunTime:0.0016s ]
SQL: SELECT * FROM `yzclub_site` WHERE `name` = 'copyright' LIMIT 1   [ RunTime:0.0022s ]
SQL: SHOW COLUMNS FROM `yzclub_friendlink` [ RunTime:0.0021s ]
SQL: SELECT * FROM `yzclub_friendlink`  [ RunTime:0.0011s ]
SQL: SHOW COLUMNS FROM `yzclub_news` [ RunTime:0.0024s ]
SQL: SELECT * FROM `yzclub_news` WHERE `type` = 1 AND `status` = 1 AND `is_top` = 1  [ RunTime:0.0012s ]
SQL: SHOW COLUMNS FROM `new`.`news_article` [ RunTime:0.0026s ]
SQL: SELECT * FROM new.news_article WHERE `id` = 4631 LIMIT 1   [ RunTime:0.0023s ]
NOTIC: [8] Undefined variable: k /alidata/www/club.yaozh.com/Application/Home/Controller/IndexController.class.php 第 17 行.
SQL: SELECT * FROM new.news_article WHERE `id` = 4950 LIMIT 1   [ RunTime:0.0026s ]
NOTIC: [8] Undefined variable: k /alidata/www/club.yaozh.com/Application/Home/Controller/IndexController.class.php 第 17 行.
SQL: SELECT * FROM new.news_article WHERE `id` = 4951 LIMIT 1   [ RunTime:0.0016s ]
NOTIC: [8] Undefined variable: k /alidata/www/club.yaozh.com/Application/Home/Controller/IndexController.class.php 第 17 行.
SQL: SELECT * FROM new.news_article WHERE `id` = 52 LIMIT 1   [ RunTime:0.0024s ]
NOTIC: [8] Undefined variable: k /alidata/www/club.yaozh.com/Application/Home/Controller/IndexController.class.php 第 17 行.
SQL: SELECT * FROM new.news_article WHERE `id` = 81 LIMIT 1   [ RunTime:0.0048s ]
NOTIC: [8] Undefined variable: k /alidata/www/club.yaozh.com/Application/Home/Controller/IndexController.class.php 第 17 行.
SQL: SELECT * FROM new.news_article WHERE `id` = 107 LIMIT 1   [ RunTime:0.0020s ]
NOTIC: [8] Undefined variable: k /alidata/www/club.yaozh.com/Application/Home/Controller/IndexController.class.php 第 17 行.
SQL: SELECT * FROM `yzclub_news` WHERE `type` = 2 AND `status` = 1 AND `is_top` = 1  [ RunTime:0.0012s ]
SQL: SELECT * FROM new.news_article WHERE `id` = 4952 LIMIT 1   [ RunTime:0.0019s ]
SQL: SELECT * FROM new.news_article WHERE `id` = 74 LIMIT 1   [ RunTime:0.0022s ]
SQL: SELECT * FROM new.news_article WHERE `id` = 51 LIMIT 1   [ RunTime:0.0016s ]
SQL: SHOW COLUMNS FROM `yzclub_adv` [ RunTime:0.0017s ]
SQL: SELECT * FROM `yzclub_adv` WHERE `adv_id` = 1 AND `status` = 1  [ RunTime:0.0014s ]
INFO: [ view_parse ] --START--
INFO: [ template_filter ] --START--
INFO: Run Behavior\ContentReplaceBehavior [ RunTime:0.000080s ]
INFO: [ template_filter ] --END-- [ RunTime:0.000131s ]
NOTIC: [8] Undefined variable: keywords /alidata/www/club.yaozh.com/Application/Runtime/Cache/Home/2a94b8bda04ff446dcedd42276fc99ee.php 第 6 行.
NOTIC: [8] Undefined offset: 0 /alidata/www/club.yaozh.com/Application/Runtime/Cache/Home/2a94b8bda04ff446dcedd42276fc99ee.php 第 30 行.
NOTIC: [8] Undefined offset: 0 /alidata/www/club.yaozh.com/Application/Runtime/Cache/Home/2a94b8bda04ff446dcedd42276fc99ee.php 第 31 行.
NOTIC: [8] Undefined offset: 0 /alidata/www/club.yaozh.com/Application/Runtime/Cache/Home/2a94b8bda04ff446dcedd42276fc99ee.php 第 30 行.
NOTIC: [8] Undefined offset: 0 /alidata/www/club.yaozh.com/Application/Runtime/Cache/Home/2a94b8bda04ff446dcedd42276fc99ee.php 第 31 行.
NOTIC: [8] Undefined offset: 0 /alidata/www/club.yaozh.com/Application/Runtime/Cache/Home/2a94b8bda04ff446dcedd42276fc99ee.php 第 30 行.
NOTIC: [8] Undefined offset: 0 /alidata/www/club.yaozh.com/Application/Runtime/Cache/Home/2a94b8bda04ff446dcedd42276fc99ee.php 第 31 行.
NOTIC: [8] Undefined offset: 0 /alidata/www/club.yaozh.com/Application/Runtime/Cache/Home/2a94b8bda04ff446dcedd42276fc99ee.php 第 30 行.
NOTIC: [8] Undefined offset: 0 /alidata/www/club.yaozh.com/Application/Runtime/Cache/Home/2a94b8bda04ff446dcedd42276fc99ee.php 第 31 行.
NOTIC: [8] Undefined index: title /alidata/www/club.yaozh.com/Application/Runtime/Cache/Home/2a94b8bda04ff446dcedd42276fc99ee.php 第 72 行.
NOTIC: [8] Undefined index: title /alidata/www/club.yaozh.com/Application/Runtime/Cache/Home/2a94b8bda04ff446dcedd42276fc99ee.php 第 72 行.
INFO: Run Behavior\ParseTemplateBehavior [ RunTime:0.039696s ]
INFO: [ view_parse ] --END-- [ RunTime:0.039753s ]
INFO: [ view_filter ] --START--
INFO: Run Behavior\WriteHtmlCacheBehavior [ RunTime:0.000073s ]
INFO: [ view_filter ] --END-- [ RunTime:0.000113s ]
INFO: [ app_end ] --START--
INFO: Run Behavior\ShowPageTraceBehavior [ RunTime:0.000063s ]
INFO: [ app_end ] --END-- [ RunTime:0.000120s ]

[ 2015-06-02T16:37:23+08:00 ] 10.159.63.174 /
INFO: [ app_init ] --START--
INFO: Run Behavior\BuildLiteBehavior [ RunTime:0.000020s ]
INFO: [ app_init ] --END-- [ RunTime:0.000419s ]
INFO: [ app_begin ] --START--
INFO: Run Behavior\ReadHtmlCacheBehavior [ RunTime:0.000404s ]
INFO: [ app_begin ] --END-- [ RunTime:0.000501s ]
SQL: SHOW COLUMNS FROM `yzclub_site` [ RunTime:0.0018s ]
SQL: SELECT `value` FROM `yzclub_site` WHERE `name` = 'status' LIMIT 1   [ RunTime:0.0014s ]
SQL: SELECT `value` FROM `yzclub_site` WHERE `name` = 'title' LIMIT 1   [ RunTime:0.0021s ]
SQL: SELECT `value` FROM `yzclub_site` WHERE `name` = 'keywords' LIMIT 1   [ RunTime:0.0020s ]
SQL: SELECT `value` FROM `yzclub_site` WHERE `name` = 'description' LIMIT 1   [ RunTime:0.0012s ]
SQL: SHOW COLUMNS FROM `yzclub_nav` [ RunTime:0.0023s ]
SQL: SELECT * FROM `yzclub_nav` WHERE `type` = '顶部导航'  [ RunTime:0.0019s ]
SQL: SELECT * FROM `yzclub_nav` WHERE `type` = '底部导航'  [ RunTime:0.0010s ]
SQL: SELECT * FROM `yzclub_site` WHERE `name` = 'copyright' LIMIT 1   [ RunTime:0.0014s ]
SQL: SHOW COLUMNS FROM `yzclub_friendlink` [ RunTime:0.0021s ]
SQL: SELECT * FROM `yzclub_friendlink`  [ RunTime:0.0018s ]
SQL: SHOW COLUMNS FROM `yzclub_news` [ RunTime:0.0024s ]
SQL: SELECT * FROM `yzclub_news` WHERE `type` = 1 AND `status` = 1 AND `is_top` = 1  [ RunTime:0.0019s ]
SQL: SHOW COLUMNS FROM `new`.`news_article` [ RunTime:0.0026s ]
SQL: SELECT * FROM new.news_article WHERE `id` = 4631 LIMIT 1   [ RunTime:0.0094s ]
NOTIC: [8] Undefined variable: k /alidata/www/club.yaozh.com/Application/Home/Controller/IndexController.class.php 第 17 行.
SQL: SELECT * FROM new.news_article WHERE `id` = 4950 LIMIT 1   [ RunTime:0.0023s ]
NOTIC: [8] Undefined variable: k /alidata/www/club.yaozh.com/Application/Home/Controller/IndexController.class.php 第 17 行.
SQL: SELECT * FROM new.news_article WHERE `id` = 4951 LIMIT 1   [ RunTime:0.0027s ]
NOTIC: [8] Undefined variable: k /alidata/www/club.yaozh.com/Application/Home/Controller/IndexController.class.php 第 17 行.
SQL: SELECT * FROM new.news_article WHERE `id` = 52 LIMIT 1   [ RunTime:0.0021s ]
NOTIC: [8] Undefined variable: k /alidata/www/club.yaozh.com/Application/Home/Controller/IndexController.class.php 第 17 行.
SQL: SELECT * FROM new.news_article WHERE `id` = 81 LIMIT 1   [ RunTime:0.0021s ]
NOTIC: [8] Undefined variable: k /alidata/www/club.yaozh.com/Application/Home/Controller/IndexController.class.php 第 17 行.
SQL: SELECT * FROM new.news_article WHERE `id` = 107 LIMIT 1   [ RunTime:0.0018s ]
NOTIC: [8] Undefined variable: k /alidata/www/club.yaozh.com/Application/Home/Controller/IndexController.class.php 第 17 行.
SQL: SELECT * FROM `yzclub_news` WHERE `type` = 2 AND `status` = 1 AND `is_top` = 1  [ RunTime:0.0017s ]
SQL: SELECT * FROM new.news_article WHERE `id` = 4952 LIMIT 1   [ RunTime:0.0025s ]
SQL: SELECT * FROM new.news_article WHERE `id` = 74 LIMIT 1   [ RunTime:0.0027s ]
SQL: SELECT * FROM new.news_article WHERE `id` = 51 LIMIT 1   [ RunTime:0.0023s ]
SQL: SHOW COLUMNS FROM `yzclub_adv` [ RunTime:0.0022s ]
SQL: SELECT * FROM `yzclub_adv` WHERE `adv_id` = 1 AND `status` = 1  [ RunTime:0.0012s ]
INFO: [ view_parse ] --START--
INFO: [ template_filter ] --START--
INFO: Run Behavior\ContentReplaceBehavior [ RunTime:0.000088s ]
INFO: [ template_filter ] --END-- [ RunTime:0.000153s ]
NOTIC: [8] Undefined variable: keywords /alidata/www/club.yaozh.com/Application/Runtime/Cache/Home/2a94b8bda04ff446dcedd42276fc99ee.php 第 6 行.
NOTIC: [8] Undefined offset: 0 /alidata/www/club.yaozh.com/Application/Runtime/Cache/Home/2a94b8bda04ff446dcedd42276fc99ee.php 第 30 行.
NOTIC: [8] Undefined offset: 0 /alidata/www/club.yaozh.com/Application/Runtime/Cache/Home/2a94b8bda04ff446dcedd42276fc99ee.php 第 31 行.
NOTIC: [8] Undefined offset: 0 /alidata/www/club.yaozh.com/Application/Runtime/Cache/Home/2a94b8bda04ff446dcedd42276fc99ee.php 第 30 行.
NOTIC: [8] Undefined offset: 0 /alidata/www/club.yaozh.com/Application/Runtime/Cache/Home/2a94b8bda04ff446dcedd42276fc99ee.php 第 31 行.
NOTIC: [8] Undefined offset: 0 /alidata/www/club.yaozh.com/Application/Runtime/Cache/Home/2a94b8bda04ff446dcedd42276fc99ee.php 第 30 行.
NOTIC: [8] Undefined offset: 0 /alidata/www/club.yaozh.com/Application/Runtime/Cache/Home/2a94b8bda04ff446dcedd42276fc99ee.php 第 31 行.
NOTIC: [8] Undefined offset: 0 /alidata/www/club.yaozh.com/Application/Runtime/Cache/Home/2a94b8bda04ff446dcedd42276fc99ee.php 第 30 行.
NOTIC: [8] Undefined offset: 0 /alidata/www/club.yaozh.com/Application/Runtime/Cache/Home/2a94b8bda04ff446dcedd42276fc99ee.php 第 31 行.
NOTIC: [8] Undefined index: title /alidata/www/club.yaozh.com/Application/Runtime/Cache/Home/2a94b8bda04ff446dcedd42276fc99ee.php 第 72 行.
NOTIC: [8] Undefined index: title /alidata/www/club.yaozh.com/Application/Runtime/Cache/Home/2a94b8bda04ff446dcedd42276fc99ee.php 第 72 行.
INFO: Run Behavior\ParseTemplateBehavior [ RunTime:0.052300s ]
INFO: [ view_parse ] --END-- [ RunTime:0.052364s ]
INFO: [ view_filter ] --START--
INFO: Run Behavior\WriteHtmlCacheBehavior [ RunTime:0.000445s ]
INFO: [ view_filter ] --END-- [ RunTime:0.000518s ]
INFO: [ app_end ] --START--
INFO: Run Behavior\ShowPageTraceBehavior [ RunTime:0.000425s ]
INFO: [ app_end ] --END-- [ RunTime:0.000473s ]

[ 2015-06-02T16:37:24+08:00 ] 10.159.63.136 /favicon.ico
INFO: [ app_init ] --START--
INFO: Run Behavior\BuildLiteBehavior [ RunTime:0.000016s ]
INFO: [ app_init ] --END-- [ RunTime:0.000130s ]

[ 2015-06-02T16:51:59+08:00 ] 10.159.47.33 /
INFO: [ app_init ] --START--
INFO: Run Behavior\BuildLiteBehavior [ RunTime:0.000018s ]
INFO: [ app_init ] --END-- [ RunTime:0.000427s ]
INFO: [ app_begin ] --START--
INFO: Run Behavior\ReadHtmlCacheBehavior [ RunTime:0.001102s ]
INFO: [ app_begin ] --END-- [ RunTime:0.001165s ]
SQL: SHOW COLUMNS FROM `yzclub_site` [ RunTime:0.0023s ]
SQL: SELECT `value` FROM `yzclub_site` WHERE `name` = 'status' LIMIT 1   [ RunTime:0.0017s ]
SQL: SELECT `value` FROM `yzclub_site` WHERE `name` = 'title' LIMIT 1   [ RunTime:0.0029s ]
SQL: SELECT `value` FROM `yzclub_site` WHERE `name` = 'keywords' LIMIT 1   [ RunTime:0.0016s ]
SQL: SELECT `value` FROM `yzclub_site` WHERE `name` = 'description' LIMIT 1   [ RunTime:0.0015s ]
SQL: SHOW COLUMNS FROM `yzclub_nav` [ RunTime:0.0041s ]
SQL: SELECT * FROM `yzclub_nav` WHERE `type` = '顶部导航'  [ RunTime:0.0016s ]
SQL: SELECT * FROM `yzclub_nav` WHERE `type` = '底部导航'  [ RunTime:0.0014s ]
SQL: SELECT * FROM `yzclub_site` WHERE `name` = 'copyright' LIMIT 1   [ RunTime:0.0017s ]
SQL: SHOW COLUMNS FROM `yzclub_friendlink` [ RunTime:0.0021s ]
SQL: SELECT * FROM `yzclub_friendlink`  [ RunTime:0.0057s ]
SQL: SHOW COLUMNS FROM `yzclub_news` [ RunTime:0.0026s ]
SQL: SELECT * FROM `yzclub_news` WHERE `type` = 1 AND `status` = 1 AND `is_top` = 1  [ RunTime:0.0014s ]
SQL: SHOW COLUMNS FROM `new`.`news_article` [ RunTime:0.0028s ]
SQL: SELECT * FROM new.news_article WHERE `id` = 4631 LIMIT 1   [ RunTime:0.0038s ]
NOTIC: [8] Undefined variable: k /alidata/www/club.yaozh.com/Application/Home/Controller/IndexController.class.php 第 17 行.
SQL: SELECT * FROM new.news_article WHERE `id` = 4950 LIMIT 1   [ RunTime:0.0027s ]
NOTIC: [8] Undefined variable: k /alidata/www/club.yaozh.com/Application/Home/Controller/IndexController.class.php 第 17 行.
SQL: SELECT * FROM new.news_article WHERE `id` = 4951 LIMIT 1   [ RunTime:0.0016s ]
NOTIC: [8] Undefined variable: k /alidata/www/club.yaozh.com/Application/Home/Controller/IndexController.class.php 第 17 行.
SQL: SELECT * FROM new.news_article WHERE `id` = 52 LIMIT 1   [ RunTime:0.0022s ]
NOTIC: [8] Undefined variable: k /alidata/www/club.yaozh.com/Application/Home/Controller/IndexController.class.php 第 17 行.
SQL: SELECT * FROM new.news_article WHERE `id` = 81 LIMIT 1   [ RunTime:0.0016s ]
NOTIC: [8] Undefined variable: k /alidata/www/club.yaozh.com/Application/Home/Controller/IndexController.class.php 第 17 行.
SQL: SELECT * FROM new.news_article WHERE `id` = 107 LIMIT 1   [ RunTime:0.0016s ]
NOTIC: [8] Undefined variable: k /alidata/www/club.yaozh.com/Application/Home/Controller/IndexController.class.php 第 17 行.
SQL: SELECT * FROM `yzclub_news` WHERE `type` = 2 AND `status` = 1 AND `is_top` = 1  [ RunTime:0.0013s ]
SQL: SELECT * FROM new.news_article WHERE `id` = 4952 LIMIT 1   [ RunTime:0.0024s ]
SQL: SELECT * FROM new.news_article WHERE `id` = 74 LIMIT 1   [ RunTime:0.0022s ]
SQL: SELECT * FROM new.news_article WHERE `id` = 51 LIMIT 1   [ RunTime:0.0020s ]
SQL: SHOW COLUMNS FROM `yzclub_adv` [ RunTime:0.0024s ]
SQL: SELECT * FROM `yzclub_adv` WHERE `adv_id` = 1 AND `status` = 1  [ RunTime:0.0018s ]
INFO: [ view_parse ] --START--
INFO: [ template_filter ] --START--
INFO: Run Behavior\ContentReplaceBehavior [ RunTime:0.000084s ]
INFO: [ template_filter ] --END-- [ RunTime:0.000164s ]
NOTIC: [8] Undefined variable: keywords /alidata/www/club.yaozh.com/Application/Runtime/Cache/Home/2a94b8bda04ff446dcedd42276fc99ee.php 第 6 行.
NOTIC: [8] Undefined offset: 0 /alidata/www/club.yaozh.com/Application/Runtime/Cache/Home/2a94b8bda04ff446dcedd42276fc99ee.php 第 30 行.
NOTIC: [8] Undefined offset: 0 /alidata/www/club.yaozh.com/Application/Runtime/Cache/Home/2a94b8bda04ff446dcedd42276fc99ee.php 第 31 行.
NOTIC: [8] Undefined offset: 0 /alidata/www/club.yaozh.com/Application/Runtime/Cache/Home/2a94b8bda04ff446dcedd42276fc99ee.php 第 30 行.
NOTIC: [8] Undefined offset: 0 /alidata/www/club.yaozh.com/Application/Runtime/Cache/Home/2a94b8bda04ff446dcedd42276fc99ee.php 第 31 行.
NOTIC: [8] Undefined offset: 0 /alidata/www/club.yaozh.com/Application/Runtime/Cache/Home/2a94b8bda04ff446dcedd42276fc99ee.php 第 30 行.
NOTIC: [8] Undefined offset: 0 /alidata/www/club.yaozh.com/Application/Runtime/Cache/Home/2a94b8bda04ff446dcedd42276fc99ee.php 第 31 行.
NOTIC: [8] Undefined offset: 0 /alidata/www/club.yaozh.com/Application/Runtime/Cache/Home/2a94b8bda04ff446dcedd42276fc99ee.php 第 30 行.
NOTIC: [8] Undefined offset: 0 /alidata/www/club.yaozh.com/Application/Runtime/Cache/Home/2a94b8bda04ff446dcedd42276fc99ee.php 第 31 行.
NOTIC: [8] Undefined index: title /alidata/www/club.yaozh.com/Application/Runtime/Cache/Home/2a94b8bda04ff446dcedd42276fc99ee.php 第 72 行.
NOTIC: [8] Undefined index: title /alidata/www/club.yaozh.com/Application/Runtime/Cache/Home/2a94b8bda04ff446dcedd42276fc99ee.php 第 72 行.
INFO: Run Behavior\ParseTemplateBehavior [ RunTime:0.042371s ]
INFO: [ view_parse ] --END-- [ RunTime:0.042432s ]
INFO: [ view_filter ] --START--
INFO: Run Behavior\WriteHtmlCacheBehavior [ RunTime:0.000411s ]
INFO: [ view_filter ] --END-- [ RunTime:0.000461s ]
INFO: [ app_end ] --START--
INFO: Run Behavior\ShowPageTraceBehavior [ RunTime:0.000481s ]
INFO: [ app_end ] --END-- [ RunTime:0.000533s ]

[ 2015-06-02T19:03:22+08:00 ] 10.159.63.132 /
INFO: [ app_init ] --START--
INFO: Run Behavior\BuildLiteBehavior [ RunTime:0.000023s ]
INFO: [ app_init ] --END-- [ RunTime:0.000503s ]
INFO: [ app_begin ] --START--
INFO: Run Behavior\ReadHtmlCacheBehavior [ RunTime:0.000501s ]
INFO: [ app_begin ] --END-- [ RunTime:0.000601s ]
SQL: SHOW COLUMNS FROM `yzclub_site` [ RunTime:0.0020s ]
SQL: SELECT `value` FROM `yzclub_site` WHERE `name` = 'status' LIMIT 1   [ RunTime:0.0012s ]
SQL: SELECT `value` FROM `yzclub_site` WHERE `name` = 'title' LIMIT 1   [ RunTime:0.0010s ]
SQL: SELECT `value` FROM `yzclub_site` WHERE `name` = 'keywords' LIMIT 1   [ RunTime:0.0008s ]
SQL: SELECT `value` FROM `yzclub_site` WHERE `name` = 'description' LIMIT 1   [ RunTime:0.0008s ]
SQL: SHOW COLUMNS FROM `yzclub_nav` [ RunTime:0.0038s ]
SQL: SELECT * FROM `yzclub_nav` WHERE `type` = '顶部导航'  [ RunTime:0.0051s ]
SQL: SELECT * FROM `yzclub_nav` WHERE `type` = '底部导航'  [ RunTime:0.0019s ]
SQL: SELECT * FROM `yzclub_site` WHERE `name` = 'copyright' LIMIT 1   [ RunTime:0.0011s ]
SQL: SHOW COLUMNS FROM `yzclub_friendlink` [ RunTime:0.0021s ]
SQL: SELECT * FROM `yzclub_friendlink`  [ RunTime:0.0011s ]
SQL: SHOW COLUMNS FROM `yzclub_news` [ RunTime:0.0031s ]
SQL: SELECT * FROM `yzclub_news` WHERE `type` = 1 AND `status` = 1 AND `is_top` = 1  [ RunTime:0.0015s ]
SQL: SHOW COLUMNS FROM `new`.`news_article` [ RunTime:0.0030s ]
SQL: SELECT * FROM new.news_article WHERE `id` = 4631 LIMIT 1   [ RunTime:0.0039s ]
NOTIC: [8] Undefined variable: k /alidata/www/club.yaozh.com/Application/Home/Controller/IndexController.class.php 第 17 行.
SQL: SELECT * FROM new.news_article WHERE `id` = 4950 LIMIT 1   [ RunTime:0.0028s ]
NOTIC: [8] Undefined variable: k /alidata/www/club.yaozh.com/Application/Home/Controller/IndexController.class.php 第 17 行.
SQL: SELECT * FROM new.news_article WHERE `id` = 4951 LIMIT 1   [ RunTime:0.0017s ]
NOTIC: [8] Undefined variable: k /alidata/www/club.yaozh.com/Application/Home/Controller/IndexController.class.php 第 17 行.
SQL: SELECT * FROM new.news_article WHERE `id` = 52 LIMIT 1   [ RunTime:0.0023s ]
NOTIC: [8] Undefined variable: k /alidata/www/club.yaozh.com/Application/Home/Controller/IndexController.class.php 第 17 行.
SQL: SELECT * FROM new.news_article WHERE `id` = 81 LIMIT 1   [ RunTime:0.0014s ]
NOTIC: [8] Undefined variable: k /alidata/www/club.yaozh.com/Application/Home/Controller/IndexController.class.php 第 17 行.
SQL: SELECT * FROM new.news_article WHERE `id` = 107 LIMIT 1   [ RunTime:0.0012s ]
NOTIC: [8] Undefined variable: k /alidata/www/club.yaozh.com/Application/Home/Controller/IndexController.class.php 第 17 行.
SQL: SELECT * FROM `yzclub_news` WHERE `type` = 2 AND `status` = 1 AND `is_top` = 1  [ RunTime:0.0012s ]
SQL: SELECT * FROM new.news_article WHERE `id` = 4952 LIMIT 1   [ RunTime:0.0016s ]
SQL: SELECT * FROM new.news_article WHERE `id` = 74 LIMIT 1   [ RunTime:0.0034s ]
SQL: SELECT * FROM new.news_article WHERE `id` = 51 LIMIT 1   [ RunTime:0.0037s ]
SQL: SHOW COLUMNS FROM `yzclub_adv` [ RunTime:0.0022s ]
SQL: SELECT * FROM `yzclub_adv` WHERE `adv_id` = 1 AND `status` = 1  [ RunTime:0.0047s ]
INFO: [ view_parse ] --START--
INFO: [ template_filter ] --START--
INFO: Run Behavior\ContentReplaceBehavior [ RunTime:0.000084s ]
INFO: [ template_filter ] --END-- [ RunTime:0.000153s ]
NOTIC: [8] Undefined variable: keywords /alidata/www/club.yaozh.com/Application/Runtime/Cache/Home/2a94b8bda04ff446dcedd42276fc99ee.php 第 6 行.
NOTIC: [8] Undefined offset: 0 /alidata/www/club.yaozh.com/Application/Runtime/Cache/Home/2a94b8bda04ff446dcedd42276fc99ee.php 第 30 行.
NOTIC: [8] Undefined offset: 0 /alidata/www/club.yaozh.com/Application/Runtime/Cache/Home/2a94b8bda04ff446dcedd42276fc99ee.php 第 31 行.
NOTIC: [8] Undefined offset: 0 /alidata/www/club.yaozh.com/Application/Runtime/Cache/Home/2a94b8bda04ff446dcedd42276fc99ee.php 第 30 行.
NOTIC: [8] Undefined offset: 0 /alidata/www/club.yaozh.com/Application/Runtime/Cache/Home/2a94b8bda04ff446dcedd42276fc99ee.php 第 31 行.
NOTIC: [8] Undefined offset: 0 /alidata/www/club.yaozh.com/Application/Runtime/Cache/Home/2a94b8bda04ff446dcedd42276fc99ee.php 第 30 行.
NOTIC: [8] Undefined offset: 0 /alidata/www/club.yaozh.com/Application/Runtime/Cache/Home/2a94b8bda04ff446dcedd42276fc99ee.php 第 31 行.
NOTIC: [8] Undefined offset: 0 /alidata/www/club.yaozh.com/Application/Runtime/Cache/Home/2a94b8bda04ff446dcedd42276fc99ee.php 第 30 行.
NOTIC: [8] Undefined offset: 0 /alidata/www/club.yaozh.com/Application/Runtime/Cache/Home/2a94b8bda04ff446dcedd42276fc99ee.php 第 31 行.
NOTIC: [8] Undefined index: title /alidata/www/club.yaozh.com/Application/Runtime/Cache/Home/2a94b8bda04ff446dcedd42276fc99ee.php 第 72 行.
NOTIC: [8] Undefined index: title /alidata/www/club.yaozh.com/Application/Runtime/Cache/Home/2a94b8bda04ff446dcedd42276fc99ee.php 第 72 行.
INFO: Run Behavior\ParseTemplateBehavior [ RunTime:0.070180s ]
INFO: [ view_parse ] --END-- [ RunTime:0.070249s ]
INFO: [ view_filter ] --START--
INFO: Run Behavior\WriteHtmlCacheBehavior [ RunTime:0.000458s ]
INFO: [ view_filter ] --END-- [ RunTime:0.000513s ]
INFO: [ app_end ] --START--
INFO: Run Behavior\ShowPageTraceBehavior [ RunTime:0.000500s ]
INFO: [ app_end ] --END-- [ RunTime:0.000548s ]

[ 2015-06-02T19:07:35+08:00 ] 10.159.63.145 /
INFO: [ app_init ] --START--
INFO: Run Behavior\BuildLiteBehavior [ RunTime:0.000021s ]
INFO: [ app_init ] --END-- [ RunTime:0.000507s ]
INFO: [ app_begin ] --START--
INFO: Run Behavior\ReadHtmlCacheBehavior [ RunTime:0.000436s ]
INFO: [ app_begin ] --END-- [ RunTime:0.000516s ]
SQL: SHOW COLUMNS FROM `yzclub_site` [ RunTime:0.0023s ]
SQL: SELECT `value` FROM `yzclub_site` WHERE `name` = 'status' LIMIT 1   [ RunTime:0.0010s ]
SQL: SELECT `value` FROM `yzclub_site` WHERE `name` = 'title' LIMIT 1   [ RunTime:0.0014s ]
SQL: SELECT `value` FROM `yzclub_site` WHERE `name` = 'keywords' LIMIT 1   [ RunTime:0.0011s ]
SQL: SELECT `value` FROM `yzclub_site` WHERE `name` = 'description' LIMIT 1   [ RunTime:0.0015s ]
SQL: SHOW COLUMNS FROM `yzclub_nav` [ RunTime:0.0039s ]
SQL: SELECT * FROM `yzclub_nav` WHERE `type` = '顶部导航'  [ RunTime:0.0015s ]
SQL: SELECT * FROM `yzclub_nav` WHERE `type` = '底部导航'  [ RunTime:0.0010s ]
SQL: SELECT * FROM `yzclub_site` WHERE `name` = 'copyright' LIMIT 1   [ RunTime:0.0011s ]
SQL: SHOW COLUMNS FROM `yzclub_friendlink` [ RunTime:0.0021s ]
SQL: SELECT * FROM `yzclub_friendlink`  [ RunTime:0.0016s ]
SQL: SHOW COLUMNS FROM `yzclub_news` [ RunTime:0.0050s ]
SQL: SELECT * FROM `yzclub_news` WHERE `type` = 1 AND `status` = 1 AND `is_top` = 1  [ RunTime:0.0019s ]
SQL: SHOW COLUMNS FROM `new`.`news_article` [ RunTime:0.0026s ]
SQL: SELECT * FROM new.news_article WHERE `id` = 4631 LIMIT 1   [ RunTime:0.0043s ]
NOTIC: [8] Undefined variable: k /alidata/www/club.yaozh.com/Application/Home/Controller/IndexController.class.php 第 17 行.
SQL: SELECT * FROM new.news_article WHERE `id` = 4950 LIMIT 1   [ RunTime:0.0019s ]
NOTIC: [8] Undefined variable: k /alidata/www/club.yaozh.com/Application/Home/Controller/IndexController.class.php 第 17 行.
SQL: SELECT * FROM new.news_article WHERE `id` = 4951 LIMIT 1   [ RunTime:0.0017s ]
NOTIC: [8] Undefined variable: k /alidata/www/club.yaozh.com/Application/Home/Controller/IndexController.class.php 第 17 行.
SQL: SELECT * FROM new.news_article WHERE `id` = 52 LIMIT 1   [ RunTime:0.0023s ]
NOTIC: [8] Undefined variable: k /alidata/www/club.yaozh.com/Application/Home/Controller/IndexController.class.php 第 17 行.
SQL: SELECT * FROM new.news_article WHERE `id` = 81 LIMIT 1   [ RunTime:0.0014s ]
NOTIC: [8] Undefined variable: k /alidata/www/club.yaozh.com/Application/Home/Controller/IndexController.class.php 第 17 行.
SQL: SELECT * FROM new.news_article WHERE `id` = 107 LIMIT 1   [ RunTime:0.0015s ]
NOTIC: [8] Undefined variable: k /alidata/www/club.yaozh.com/Application/Home/Controller/IndexController.class.php 第 17 行.
SQL: SELECT * FROM `yzclub_news` WHERE `type` = 2 AND `status` = 1 AND `is_top` = 1  [ RunTime:0.0011s ]
SQL: SELECT * FROM new.news_article WHERE `id` = 4952 LIMIT 1   [ RunTime:0.0015s ]
SQL: SELECT * FROM new.news_article WHERE `id` = 74 LIMIT 1   [ RunTime:0.0026s ]
SQL: SELECT * FROM new.news_article WHERE `id` = 51 LIMIT 1   [ RunTime:0.0020s ]
SQL: SHOW COLUMNS FROM `yzclub_adv` [ RunTime:0.0023s ]
SQL: SELECT * FROM `yzclub_adv` WHERE `adv_id` = 1 AND `status` = 1  [ RunTime:0.0011s ]
INFO: [ view_parse ] --START--
INFO: [ template_filter ] --START--
INFO: Run Behavior\ContentReplaceBehavior [ RunTime:0.000091s ]
INFO: [ template_filter ] --END-- [ RunTime:0.000206s ]
NOTIC: [8] Undefined variable: keywords /alidata/www/club.yaozh.com/Application/Runtime/Cache/Home/2a94b8bda04ff446dcedd42276fc99ee.php 第 6 行.
NOTIC: [8] Undefined offset: 0 /alidata/www/club.yaozh.com/Application/Runtime/Cache/Home/2a94b8bda04ff446dcedd42276fc99ee.php 第 30 行.
NOTIC: [8] Undefined offset: 0 /alidata/www/club.yaozh.com/Application/Runtime/Cache/Home/2a94b8bda04ff446dcedd42276fc99ee.php 第 31 行.
NOTIC: [8] Undefined offset: 0 /alidata/www/club.yaozh.com/Application/Runtime/Cache/Home/2a94b8bda04ff446dcedd42276fc99ee.php 第 30 行.
NOTIC: [8] Undefined offset: 0 /alidata/www/club.yaozh.com/Application/Runtime/Cache/Home/2a94b8bda04ff446dcedd42276fc99ee.php 第 31 行.
NOTIC: [8] Undefined offset: 0 /alidata/www/club.yaozh.com/Application/Runtime/Cache/Home/2a94b8bda04ff446dcedd42276fc99ee.php 第 30 行.
NOTIC: [8] Undefined offset: 0 /alidata/www/club.yaozh.com/Application/Runtime/Cache/Home/2a94b8bda04ff446dcedd42276fc99ee.php 第 31 行.
NOTIC: [8] Undefined offset: 0 /alidata/www/club.yaozh.com/Application/Runtime/Cache/Home/2a94b8bda04ff446dcedd42276fc99ee.php 第 30 行.
NOTIC: [8] Undefined offset: 0 /alidata/www/club.yaozh.com/Application/Runtime/Cache/Home/2a94b8bda04ff446dcedd42276fc99ee.php 第 31 行.
NOTIC: [8] Undefined index: title /alidata/www/club.yaozh.com/Application/Runtime/Cache/Home/2a94b8bda04ff446dcedd42276fc99ee.php 第 72 行.
NOTIC: [8] Undefined index: title /alidata/www/club.yaozh.com/Application/Runtime/Cache/Home/2a94b8bda04ff446dcedd42276fc99ee.php 第 72 行.
INFO: Run Behavior\ParseTemplateBehavior [ RunTime:0.041745s ]
INFO: [ view_parse ] --END-- [ RunTime:0.041827s ]
INFO: [ view_filter ] --START--
INFO: Run Behavior\WriteHtmlCacheBehavior [ RunTime:0.000658s ]
INFO: [ view_filter ] --END-- [ RunTime:0.000704s ]
INFO: [ app_end ] --START--
INFO: Run Behavior\ShowPageTraceBehavior [ RunTime:0.000493s ]
INFO: [ app_end ] --END-- [ RunTime:0.000567s ]

