[ 2015-05-11T09:52:52+08:00 ] 127.0.0.1 /admin
INFO: [ app_init ] --START--
INFO: Run Behavior\BuildLiteBehavior [ RunTime:0.000028s ]
INFO: [ app_init ] --END-- [ RunTime:0.001120s ]
INFO: [ app_begin ] --START--
INFO: Run Behavior\ReadHtmlCacheBehavior [ RunTime:0.000587s ]
INFO: [ app_begin ] --END-- [ RunTime:0.000645s ]
SQL: SHOW COLUMNS FROM `yzclub_admin_node` [ RunTime:0.1243s ]
SQL: SELECT * FROM `yzclub_admin_node` WHERE `name` = 'Index' AND `level` = '1' LIMIT 1   [ RunTime:0.0424s ]
SQL: SELECT * FROM `yzclub_admin_node` WHERE `name` = 'index' AND `pid` = null LIMIT 1   [ RunTime:0.0114s ]
NOTIC: [8] Undefined index: authId E:\server\Apache2.4\htdocs\club\Application\Common\Controller\BaseController.class.php 第 36 行.

[ 2015-05-11T09:52:53+08:00 ] 127.0.0.1 /index.php/admin/public/login
INFO: [ app_init ] --START--
INFO: Run Behavior\BuildLiteBehavior [ RunTime:0.000013s ]
INFO: [ app_init ] --END-- [ RunTime:0.000329s ]
INFO: [ app_begin ] --START--
INFO: Run Behavior\ReadHtmlCacheBehavior [ RunTime:0.000422s ]
INFO: [ app_begin ] --END-- [ RunTime:0.000464s ]
SQL: SHOW COLUMNS FROM `yzclub_admin_node` [ RunTime:0.0074s ]
SQL: SELECT * FROM `yzclub_admin_node` WHERE `name` = 'Public' AND `level` = '1' LIMIT 1   [ RunTime:0.0004s ]
SQL: SELECT * FROM `yzclub_admin_node` WHERE `name` = 'login' AND `pid` = null LIMIT 1   [ RunTime:0.0002s ]
NOTIC: [8] Undefined index: authId E:\server\Apache2.4\htdocs\club\Application\Common\Controller\BaseController.class.php 第 36 行.
INFO: [ view_parse ] --START--
INFO: [ template_filter ] --START--
INFO: Run Behavior\ContentReplaceBehavior [ RunTime:0.000084s ]
INFO: [ template_filter ] --END-- [ RunTime:0.000153s ]
INFO: Run Behavior\ParseTemplateBehavior [ RunTime:0.063723s ]
INFO: [ view_parse ] --END-- [ RunTime:0.063818s ]
INFO: [ view_filter ] --START--
INFO: Run Behavior\WriteHtmlCacheBehavior [ RunTime:0.000396s ]
INFO: [ view_filter ] --END-- [ RunTime:0.000435s ]
INFO: [ app_end ] --START--
INFO: Run Behavior\ShowPageTraceBehavior [ RunTime:0.000605s ]
INFO: [ app_end ] --END-- [ RunTime:0.000644s ]

[ 2015-05-11T09:53:02+08:00 ] 127.0.0.1 /index.php/admin/public/login
INFO: [ app_init ] --START--
INFO: Run Behavior\BuildLiteBehavior [ RunTime:0.000013s ]
INFO: [ app_init ] --END-- [ RunTime:0.000335s ]
INFO: [ app_begin ] --START--
INFO: Run Behavior\ReadHtmlCacheBehavior [ RunTime:0.000413s ]
INFO: [ app_begin ] --END-- [ RunTime:0.000455s ]
SQL: SHOW COLUMNS FROM `yzclub_admin_node` [ RunTime:0.0325s ]
SQL: SELECT * FROM `yzclub_admin_node` WHERE `name` = 'Public' AND `level` = '1' LIMIT 1   [ RunTime:0.0005s ]
SQL: SELECT * FROM `yzclub_admin_node` WHERE `name` = 'login' AND `pid` = null LIMIT 1   [ RunTime:0.0003s ]
NOTIC: [8] Undefined index: authId E:\server\Apache2.4\htdocs\club\Application\Common\Controller\BaseController.class.php 第 36 行.
SQL: SHOW COLUMNS FROM `yzclub_admin` [ RunTime:0.1215s ]
SQL: SELECT * FROM `yzclub_admin` WHERE `username` = 'administrator' AND `status` > 0 LIMIT 1   [ RunTime:0.0010s ]
SQL: UPDATE `yzclub_admin` SET `last_login_time`='1431309182',`login_count`=login_count+1,`last_login_ip`='127.0.0.1' WHERE `id` = 1 [ RunTime:0.0693s ]
INFO: [ view_parse ] --START--
INFO: [ template_filter ] --START--
INFO: Run Behavior\ContentReplaceBehavior [ RunTime:0.000154s ]
INFO: [ template_filter ] --END-- [ RunTime:0.000341s ]
INFO: Run Behavior\ParseTemplateBehavior [ RunTime:0.095132s ]
INFO: [ view_parse ] --END-- [ RunTime:0.095280s ]
INFO: [ view_filter ] --START--
INFO: Run Behavior\WriteHtmlCacheBehavior [ RunTime:0.000661s ]
INFO: [ view_filter ] --END-- [ RunTime:0.000720s ]
INFO: [ app_end ] --START--
INFO: Run Behavior\ShowPageTraceBehavior [ RunTime:0.000871s ]
INFO: [ app_end ] --END-- [ RunTime:0.000933s ]

[ 2015-05-11T09:53:04+08:00 ] 127.0.0.1 /index.php/admin
INFO: [ app_init ] --START--
INFO: Run Behavior\BuildLiteBehavior [ RunTime:0.000013s ]
INFO: [ app_init ] --END-- [ RunTime:0.000334s ]
INFO: [ app_begin ] --START--
INFO: Run Behavior\ReadHtmlCacheBehavior [ RunTime:0.000428s ]
INFO: [ app_begin ] --END-- [ RunTime:0.000470s ]
SQL: SHOW COLUMNS FROM `yzclub_admin_node` [ RunTime:0.0126s ]
SQL: SELECT * FROM `yzclub_admin_node` WHERE `name` = 'Index' AND `level` = '1' LIMIT 1   [ RunTime:0.0006s ]
SQL: SELECT * FROM `yzclub_admin_node` WHERE `name` = 'index' AND `pid` = null LIMIT 1   [ RunTime:0.0003s ]
INFO: [ view_parse ] --START--
INFO: [ template_filter ] --START--
INFO: Run Behavior\ContentReplaceBehavior [ RunTime:0.000112s ]
INFO: [ template_filter ] --END-- [ RunTime:0.000274s ]
INFO: Run Behavior\ParseTemplateBehavior [ RunTime:0.053347s ]
INFO: [ view_parse ] --END-- [ RunTime:0.053515s ]
INFO: [ view_filter ] --START--
INFO: Run Behavior\WriteHtmlCacheBehavior [ RunTime:0.000398s ]
INFO: [ view_filter ] --END-- [ RunTime:0.000445s ]
INFO: [ app_end ] --START--
INFO: Run Behavior\ShowPageTraceBehavior [ RunTime:0.000517s ]
INFO: [ app_end ] --END-- [ RunTime:0.000566s ]

[ 2015-05-11T09:53:04+08:00 ] 127.0.0.1 /index.php/admin/index/top
INFO: [ app_init ] --START--
INFO: Run Behavior\BuildLiteBehavior [ RunTime:0.000018s ]
INFO: [ app_init ] --END-- [ RunTime:0.000407s ]
INFO: [ app_begin ] --START--
INFO: Run Behavior\ReadHtmlCacheBehavior [ RunTime:0.000582s ]
INFO: [ app_begin ] --END-- [ RunTime:0.000646s ]
SQL: SHOW COLUMNS FROM `yzclub_admin_node` [ RunTime:0.0095s ]
SQL: SELECT * FROM `yzclub_admin_node` WHERE `name` = 'Index' AND `level` = '1' LIMIT 1   [ RunTime:0.0012s ]
SQL: SELECT * FROM `yzclub_admin_node` WHERE `name` = 'top' AND `pid` = null LIMIT 1   [ RunTime:0.0009s ]
SQL: SELECT * FROM `yzclub_admin_node` WHERE ( level="0" ) ORDER BY sort asc  [ RunTime:0.0025s ]
INFO: [ view_parse ] --START--
INFO: [ template_filter ] --START--
INFO: Run Behavior\ContentReplaceBehavior [ RunTime:0.000083s ]
INFO: [ template_filter ] --END-- [ RunTime:0.000140s ]
INFO: Run Behavior\ParseTemplateBehavior [ RunTime:0.027273s ]
INFO: [ view_parse ] --END-- [ RunTime:0.027378s ]
INFO: [ view_filter ] --START--
INFO: Run Behavior\WriteHtmlCacheBehavior [ RunTime:0.000389s ]
INFO: [ view_filter ] --END-- [ RunTime:0.000429s ]
INFO: [ app_end ] --START--
INFO: Run Behavior\ShowPageTraceBehavior [ RunTime:0.000536s ]
INFO: [ app_end ] --END-- [ RunTime:0.000579s ]

[ 2015-05-11T09:53:04+08:00 ] 127.0.0.1 /index.php/admin/index/left
INFO: [ app_init ] --START--
INFO: Run Behavior\BuildLiteBehavior [ RunTime:0.000022s ]
INFO: [ app_init ] --END-- [ RunTime:0.000573s ]
INFO: [ app_begin ] --START--
INFO: Run Behavior\ReadHtmlCacheBehavior [ RunTime:0.000933s ]
INFO: [ app_begin ] --END-- [ RunTime:0.001049s ]
SQL: SHOW COLUMNS FROM `yzclub_admin_node` [ RunTime:0.0096s ]
SQL: SELECT * FROM `yzclub_admin_node` WHERE `name` = 'Index' AND `level` = '1' LIMIT 1   [ RunTime:0.0008s ]
SQL: SELECT * FROM `yzclub_admin_node` WHERE `name` = 'left' AND `pid` = null LIMIT 1   [ RunTime:0.0006s ]
SQL: SELECT * FROM `yzclub_admin_node` WHERE ( level != "-1" and status > 0 ) ORDER BY id asc  [ RunTime:0.0010s ]
INFO: [ view_parse ] --START--
INFO: [ template_filter ] --START--
INFO: Run Behavior\ContentReplaceBehavior [ RunTime:0.000104s ]
INFO: [ template_filter ] --END-- [ RunTime:0.000258s ]
NOTIC: [8] Undefined index: _child E:\server\Apache2.4\htdocs\club\Application\Runtime\Cache\Admin\6778f0baf40e879d2b8c18d2052abd0c.php 第 25 行.
NOTIC: [8] Undefined index: _child E:\server\Apache2.4\htdocs\club\Application\Runtime\Cache\Admin\6778f0baf40e879d2b8c18d2052abd0c.php 第 25 行.
NOTIC: [8] Undefined index: _child E:\server\Apache2.4\htdocs\club\Application\Runtime\Cache\Admin\6778f0baf40e879d2b8c18d2052abd0c.php 第 22 行.
INFO: Run Behavior\ParseTemplateBehavior [ RunTime:0.048711s ]
INFO: [ view_parse ] --END-- [ RunTime:0.048775s ]
INFO: [ view_filter ] --START--
INFO: Run Behavior\WriteHtmlCacheBehavior [ RunTime:0.000385s ]
INFO: [ view_filter ] --END-- [ RunTime:0.000423s ]
INFO: [ app_end ] --START--
INFO: Run Behavior\ShowPageTraceBehavior [ RunTime:0.000594s ]
INFO: [ app_end ] --END-- [ RunTime:0.000633s ]

[ 2015-05-11T09:53:05+08:00 ] 127.0.0.1 /index.php/admin/index/right
INFO: [ app_init ] --START--
INFO: Run Behavior\BuildLiteBehavior [ RunTime:0.000021s ]
INFO: [ app_init ] --END-- [ RunTime:0.000629s ]
INFO: [ app_begin ] --START--
INFO: Run Behavior\ReadHtmlCacheBehavior [ RunTime:0.000738s ]
INFO: [ app_begin ] --END-- [ RunTime:0.000837s ]
SQL: SHOW COLUMNS FROM `yzclub_admin_node` [ RunTime:0.0078s ]
SQL: SELECT * FROM `yzclub_admin_node` WHERE `name` = 'Index' AND `level` = '1' LIMIT 1   [ RunTime:0.0005s ]
SQL: SELECT * FROM `yzclub_admin_node` WHERE `name` = 'right' AND `pid` = null LIMIT 1   [ RunTime:0.0002s ]
SQL: SHOW COLUMNS FROM `yzclub_admin` [ RunTime:0.0101s ]
SQL: SELECT * FROM `yzclub_admin` WHERE `id` = 1 LIMIT 1   [ RunTime:0.0005s ]
INFO: [ view_parse ] --START--
INFO: [ template_filter ] --START--
INFO: Run Behavior\ContentReplaceBehavior [ RunTime:0.000316s ]
INFO: [ template_filter ] --END-- [ RunTime:0.000458s ]
NOTIC: [8] Undefined variable: count E:\server\Apache2.4\htdocs\club\Application\Runtime\Cache\Admin\7e2e2045534c88122b0a2676c2fd3203.php 第 43 行.
NOTIC: [8] Undefined variable: count E:\server\Apache2.4\htdocs\club\Application\Runtime\Cache\Admin\7e2e2045534c88122b0a2676c2fd3203.php 第 44 行.
NOTIC: [8] Undefined variable: count E:\server\Apache2.4\htdocs\club\Application\Runtime\Cache\Admin\7e2e2045534c88122b0a2676c2fd3203.php 第 45 行.
NOTIC: [8] Undefined variable: count E:\server\Apache2.4\htdocs\club\Application\Runtime\Cache\Admin\7e2e2045534c88122b0a2676c2fd3203.php 第 46 行.
NOTIC: [8] Undefined variable: count E:\server\Apache2.4\htdocs\club\Application\Runtime\Cache\Admin\7e2e2045534c88122b0a2676c2fd3203.php 第 47 行.
NOTIC: [8] Undefined variable: count E:\server\Apache2.4\htdocs\club\Application\Runtime\Cache\Admin\7e2e2045534c88122b0a2676c2fd3203.php 第 48 行.
NOTIC: [8] Undefined variable: count E:\server\Apache2.4\htdocs\club\Application\Runtime\Cache\Admin\7e2e2045534c88122b0a2676c2fd3203.php 第 54 行.
NOTIC: [8] Undefined variable: count E:\server\Apache2.4\htdocs\club\Application\Runtime\Cache\Admin\7e2e2045534c88122b0a2676c2fd3203.php 第 55 行.
NOTIC: [8] Undefined variable: count E:\server\Apache2.4\htdocs\club\Application\Runtime\Cache\Admin\7e2e2045534c88122b0a2676c2fd3203.php 第 61 行.
NOTIC: [8] Undefined variable: count E:\server\Apache2.4\htdocs\club\Application\Runtime\Cache\Admin\7e2e2045534c88122b0a2676c2fd3203.php 第 62 行.
NOTIC: [2048] Only variables should be passed by reference E:\server\Apache2.4\htdocs\club\Application\Runtime\Cache\Admin\7e2e2045534c88122b0a2676c2fd3203.php 第 102 行.
NOTIC: [2048] Only variables should be passed by reference E:\server\Apache2.4\htdocs\club\Application\Runtime\Cache\Admin\7e2e2045534c88122b0a2676c2fd3203.php 第 102 行.
NOTIC: [2048] Only variables should be passed by reference E:\server\Apache2.4\htdocs\club\Application\Runtime\Cache\Admin\7e2e2045534c88122b0a2676c2fd3203.php 第 102 行.
NOTIC: [2048] Only variables should be passed by reference E:\server\Apache2.4\htdocs\club\Application\Runtime\Cache\Admin\7e2e2045534c88122b0a2676c2fd3203.php 第 102 行.
NOTIC: [2048] Only variables should be passed by reference E:\server\Apache2.4\htdocs\club\Application\Runtime\Cache\Admin\7e2e2045534c88122b0a2676c2fd3203.php 第 102 行.
NOTIC: [2048] Only variables should be passed by reference E:\server\Apache2.4\htdocs\club\Application\Runtime\Cache\Admin\7e2e2045534c88122b0a2676c2fd3203.php 第 102 行.
NOTIC: [2048] Only variables should be passed by reference E:\server\Apache2.4\htdocs\club\Application\Runtime\Cache\Admin\7e2e2045534c88122b0a2676c2fd3203.php 第 102 行.
NOTIC: [2048] Only variables should be passed by reference E:\server\Apache2.4\htdocs\club\Application\Runtime\Cache\Admin\7e2e2045534c88122b0a2676c2fd3203.php 第 102 行.
NOTIC: [2048] Only variables should be passed by reference E:\server\Apache2.4\htdocs\club\Application\Runtime\Cache\Admin\7e2e2045534c88122b0a2676c2fd3203.php 第 102 行.
NOTIC: [2048] Only variables should be passed by reference E:\server\Apache2.4\htdocs\club\Application\Runtime\Cache\Admin\7e2e2045534c88122b0a2676c2fd3203.php 第 102 行.
NOTIC: [2048] Only variables should be passed by reference E:\server\Apache2.4\htdocs\club\Application\Runtime\Cache\Admin\7e2e2045534c88122b0a2676c2fd3203.php 第 102 行.
NOTIC: [2048] Only variables should be passed by reference E:\server\Apache2.4\htdocs\club\Application\Runtime\Cache\Admin\7e2e2045534c88122b0a2676c2fd3203.php 第 102 行.
NOTIC: [2048] Only variables should be passed by reference E:\server\Apache2.4\htdocs\club\Application\Runtime\Cache\Admin\7e2e2045534c88122b0a2676c2fd3203.php 第 102 行.
NOTIC: [2048] Only variables should be passed by reference E:\server\Apache2.4\htdocs\club\Application\Runtime\Cache\Admin\7e2e2045534c88122b0a2676c2fd3203.php 第 102 行.
NOTIC: [2048] Only variables should be passed by reference E:\server\Apache2.4\htdocs\club\Application\Runtime\Cache\Admin\7e2e2045534c88122b0a2676c2fd3203.php 第 102 行.
NOTIC: [2048] Only variables should be passed by reference E:\server\Apache2.4\htdocs\club\Application\Runtime\Cache\Admin\7e2e2045534c88122b0a2676c2fd3203.php 第 102 行.
NOTIC: [2048] Only variables should be passed by reference E:\server\Apache2.4\htdocs\club\Application\Runtime\Cache\Admin\7e2e2045534c88122b0a2676c2fd3203.php 第 102 行.
NOTIC: [2048] Only variables should be passed by reference E:\server\Apache2.4\htdocs\club\Application\Runtime\Cache\Admin\7e2e2045534c88122b0a2676c2fd3203.php 第 102 行.
NOTIC: [2048] Only variables should be passed by reference E:\server\Apache2.4\htdocs\club\Application\Runtime\Cache\Admin\7e2e2045534c88122b0a2676c2fd3203.php 第 102 行.
NOTIC: [2048] Only variables should be passed by reference E:\server\Apache2.4\htdocs\club\Application\Runtime\Cache\Admin\7e2e2045534c88122b0a2676c2fd3203.php 第 102 行.
NOTIC: [2048] Only variables should be passed by reference E:\server\Apache2.4\htdocs\club\Application\Runtime\Cache\Admin\7e2e2045534c88122b0a2676c2fd3203.php 第 102 行.
NOTIC: [2048] Only variables should be passed by reference E:\server\Apache2.4\htdocs\club\Application\Runtime\Cache\Admin\7e2e2045534c88122b0a2676c2fd3203.php 第 102 行.
NOTIC: [2048] Only variables should be passed by reference E:\server\Apache2.4\htdocs\club\Application\Runtime\Cache\Admin\7e2e2045534c88122b0a2676c2fd3203.php 第 102 行.
NOTIC: [2048] Only variables should be passed by reference E:\server\Apache2.4\htdocs\club\Application\Runtime\Cache\Admin\7e2e2045534c88122b0a2676c2fd3203.php 第 102 行.
NOTIC: [2048] Only variables should be passed by reference E:\server\Apache2.4\htdocs\club\Application\Runtime\Cache\Admin\7e2e2045534c88122b0a2676c2fd3203.php 第 102 行.
NOTIC: [2048] Only variables should be passed by reference E:\server\Apache2.4\htdocs\club\Application\Runtime\Cache\Admin\7e2e2045534c88122b0a2676c2fd3203.php 第 102 行.
NOTIC: [2048] Only variables should be passed by reference E:\server\Apache2.4\htdocs\club\Application\Runtime\Cache\Admin\7e2e2045534c88122b0a2676c2fd3203.php 第 102 行.
NOTIC: [2048] Only variables should be passed by reference E:\server\Apache2.4\htdocs\club\Application\Runtime\Cache\Admin\7e2e2045534c88122b0a2676c2fd3203.php 第 102 行.
INFO: Run Behavior\ParseTemplateBehavior [ RunTime:0.130716s ]
INFO: [ view_parse ] --END-- [ RunTime:0.130774s ]
INFO: [ view_filter ] --START--
INFO: Run Behavior\WriteHtmlCacheBehavior [ RunTime:0.000688s ]
INFO: [ view_filter ] --END-- [ RunTime:0.000730s ]
INFO: [ app_end ] --START--
INFO: Run Behavior\ShowPageTraceBehavior [ RunTime:0.001578s ]
INFO: [ app_end ] --END-- [ RunTime:0.001750s ]

[ 2015-05-11T09:53:08+08:00 ] 127.0.0.1 /admin/Adv/placeAll
INFO: [ app_init ] --START--
INFO: Run Behavior\BuildLiteBehavior [ RunTime:0.000014s ]
INFO: [ app_init ] --END-- [ RunTime:0.000284s ]
INFO: [ app_begin ] --START--
INFO: Run Behavior\ReadHtmlCacheBehavior [ RunTime:0.000449s ]
INFO: [ app_begin ] --END-- [ RunTime:0.000504s ]
SQL: SHOW COLUMNS FROM `yzclub_admin_node` [ RunTime:0.0115s ]
SQL: SELECT * FROM `yzclub_admin_node` WHERE `name` = 'Adv' AND `level` = '1' LIMIT 1   [ RunTime:0.0006s ]
SQL: SELECT * FROM `yzclub_admin_node` WHERE `name` = 'placeAll' AND `pid` = 52 LIMIT 1   [ RunTime:0.0006s ]
NOTIC: [2] Illegal string offset 'title' E:\server\Apache2.4\htdocs\club\Application\Common\Controller\BaseController.class.php 第 29 行.
SQL: SHOW COLUMNS FROM `yzclub_adv_place` [ RunTime:0.0986s ]
SQL: SELECT * FROM `yzclub_adv_place`  [ RunTime:0.0008s ]
SQL: SELECT COUNT(*) AS tp_count FROM `yzclub_adv_place` LIMIT 1   [ RunTime:0.0131s ]
SQL: SELECT * FROM `yzclub_adv_place` ORDER BY `id` desc LIMIT 0,20   [ RunTime:0.0005s ]
INFO: [ view_parse ] --START--
INFO: [ template_filter ] --START--
INFO: Run Behavior\ContentReplaceBehavior [ RunTime:0.000270s ]
INFO: [ template_filter ] --END-- [ RunTime:0.000449s ]
INFO: Run Behavior\ParseTemplateBehavior [ RunTime:0.084720s ]
INFO: [ view_parse ] --END-- [ RunTime:0.084869s ]
INFO: [ view_filter ] --START--
INFO: Run Behavior\WriteHtmlCacheBehavior [ RunTime:0.000489s ]
INFO: [ view_filter ] --END-- [ RunTime:0.000538s ]
INFO: [ app_end ] --START--
INFO: Run Behavior\ShowPageTraceBehavior [ RunTime:0.000750s ]
INFO: [ app_end ] --END-- [ RunTime:0.000802s ]

[ 2015-05-11T09:53:31+08:00 ] 127.0.0.1 /admin/Adv/placeAdd
INFO: [ app_init ] --START--
INFO: Run Behavior\BuildLiteBehavior [ RunTime:0.000014s ]
INFO: [ app_init ] --END-- [ RunTime:0.000350s ]
INFO: [ app_begin ] --START--
INFO: Run Behavior\ReadHtmlCacheBehavior [ RunTime:0.000423s ]
INFO: [ app_begin ] --END-- [ RunTime:0.000471s ]
SQL: SHOW COLUMNS FROM `yzclub_admin_node` [ RunTime:0.1486s ]
SQL: SELECT * FROM `yzclub_admin_node` WHERE `name` = 'Adv' AND `level` = '1' LIMIT 1   [ RunTime:0.0005s ]
SQL: SELECT * FROM `yzclub_admin_node` WHERE `name` = 'placeAdd' AND `pid` = 52 LIMIT 1   [ RunTime:0.0005s ]
NOTIC: [2] Illegal string offset 'title' E:\server\Apache2.4\htdocs\club\Application\Common\Controller\BaseController.class.php 第 29 行.
SQL: SHOW COLUMNS FROM `yzclub_adv_place` [ RunTime:0.1072s ]
SQL: SELECT * FROM `yzclub_adv_place`  [ RunTime:0.0008s ]
INFO: [ view_parse ] --START--
INFO: [ template_filter ] --START--
INFO: Run Behavior\ContentReplaceBehavior [ RunTime:0.000211s ]
INFO: [ template_filter ] --END-- [ RunTime:0.000381s ]
INFO: Run Behavior\ParseTemplateBehavior [ RunTime:0.198702s ]
INFO: [ view_parse ] --END-- [ RunTime:0.198863s ]
INFO: [ view_filter ] --START--
INFO: Run Behavior\WriteHtmlCacheBehavior [ RunTime:0.000484s ]
INFO: [ view_filter ] --END-- [ RunTime:0.000532s ]
INFO: [ app_end ] --START--
INFO: Run Behavior\ShowPageTraceBehavior [ RunTime:0.000759s ]
INFO: [ app_end ] --END-- [ RunTime:0.000812s ]

[ 2015-05-11T09:57:22+08:00 ] 127.0.0.1 /admin/Adv/placeAdd
INFO: [ app_init ] --START--
INFO: Run Behavior\BuildLiteBehavior [ RunTime:0.000014s ]
INFO: [ app_init ] --END-- [ RunTime:0.000332s ]
INFO: [ app_begin ] --START--
INFO: Run Behavior\ReadHtmlCacheBehavior [ RunTime:0.000775s ]
INFO: [ app_begin ] --END-- [ RunTime:0.000878s ]
SQL: SHOW COLUMNS FROM `yzclub_admin_node` [ RunTime:0.6168s ]
SQL: SELECT * FROM `yzclub_admin_node` WHERE `name` = 'Adv' AND `level` = '1' LIMIT 1   [ RunTime:0.0010s ]
SQL: SELECT * FROM `yzclub_admin_node` WHERE `name` = 'placeAdd' AND `pid` = 52 LIMIT 1   [ RunTime:0.0010s ]
NOTIC: [2] Illegal string offset 'title' E:\server\Apache2.4\htdocs\club\Application\Common\Controller\BaseController.class.php 第 29 行.
SQL: SHOW COLUMNS FROM `yzclub_adv_place` [ RunTime:0.0869s ]
SQL: SELECT * FROM `yzclub_adv_place`  [ RunTime:0.0007s ]
SQL: INSERT INTO `yzclub_adv_place` (`name`,`title`,`width`,`height`) VALUES ('activity_pic','活动头部广告','1200','300') [ RunTime:0.0557s ]
INFO: [ view_parse ] --START--
INFO: [ template_filter ] --START--
INFO: Run Behavior\ContentReplaceBehavior [ RunTime:0.000155s ]
INFO: [ template_filter ] --END-- [ RunTime:0.000342s ]
INFO: Run Behavior\ParseTemplateBehavior [ RunTime:0.017581s ]
INFO: [ view_parse ] --END-- [ RunTime:0.017767s ]
INFO: [ view_filter ] --START--
INFO: Run Behavior\WriteHtmlCacheBehavior [ RunTime:0.000874s ]
INFO: [ view_filter ] --END-- [ RunTime:0.000997s ]
INFO: [ app_end ] --START--
INFO: Run Behavior\ShowPageTraceBehavior [ RunTime:0.001549s ]
INFO: [ app_end ] --END-- [ RunTime:0.001690s ]

[ 2015-05-11T09:57:25+08:00 ] 127.0.0.1 /index.php/Admin/Adv/placeAll.html
INFO: [ app_init ] --START--
INFO: Run Behavior\BuildLiteBehavior [ RunTime:0.000021s ]
INFO: [ app_init ] --END-- [ RunTime:0.000344s ]
INFO: [ app_begin ] --START--
INFO: Run Behavior\ReadHtmlCacheBehavior [ RunTime:0.000519s ]
INFO: [ app_begin ] --END-- [ RunTime:0.000571s ]
SQL: SHOW COLUMNS FROM `yzclub_admin_node` [ RunTime:0.1605s ]
SQL: SELECT * FROM `yzclub_admin_node` WHERE `name` = 'Adv' AND `level` = '1' LIMIT 1   [ RunTime:0.0007s ]
SQL: SELECT * FROM `yzclub_admin_node` WHERE `name` = 'placeAll' AND `pid` = 52 LIMIT 1   [ RunTime:0.0008s ]
NOTIC: [2] Illegal string offset 'title' E:\server\Apache2.4\htdocs\club\Application\Common\Controller\BaseController.class.php 第 29 行.
SQL: SHOW COLUMNS FROM `yzclub_adv_place` [ RunTime:0.1476s ]
SQL: SELECT * FROM `yzclub_adv_place`  [ RunTime:0.0006s ]
SQL: SELECT COUNT(*) AS tp_count FROM `yzclub_adv_place` LIMIT 1   [ RunTime:0.0005s ]
SQL: SELECT * FROM `yzclub_adv_place` ORDER BY `id` desc LIMIT 0,20   [ RunTime:0.0005s ]
INFO: [ view_parse ] --START--
INFO: [ template_filter ] --START--
INFO: Run Behavior\ContentReplaceBehavior [ RunTime:0.000120s ]
INFO: [ template_filter ] --END-- [ RunTime:0.000200s ]
INFO: Run Behavior\ParseTemplateBehavior [ RunTime:0.014729s ]
INFO: [ view_parse ] --END-- [ RunTime:0.014836s ]
INFO: [ view_filter ] --START--
INFO: Run Behavior\WriteHtmlCacheBehavior [ RunTime:0.000563s ]
INFO: [ view_filter ] --END-- [ RunTime:0.000624s ]
INFO: [ app_end ] --START--
INFO: Run Behavior\ShowPageTraceBehavior [ RunTime:0.000818s ]
INFO: [ app_end ] --END-- [ RunTime:0.000881s ]

[ 2015-05-11T09:58:21+08:00 ] 127.0.0.1 /admin/Adv/placeAdd
INFO: [ app_init ] --START--
INFO: Run Behavior\BuildLiteBehavior [ RunTime:0.000013s ]
INFO: [ app_init ] --END-- [ RunTime:0.000335s ]
INFO: [ app_begin ] --START--
INFO: Run Behavior\ReadHtmlCacheBehavior [ RunTime:0.000438s ]
INFO: [ app_begin ] --END-- [ RunTime:0.000480s ]
SQL: SHOW COLUMNS FROM `yzclub_admin_node` [ RunTime:0.0183s ]
SQL: SELECT * FROM `yzclub_admin_node` WHERE `name` = 'Adv' AND `level` = '1' LIMIT 1   [ RunTime:0.0005s ]
SQL: SELECT * FROM `yzclub_admin_node` WHERE `name` = 'placeAdd' AND `pid` = 52 LIMIT 1   [ RunTime:0.0006s ]
NOTIC: [2] Illegal string offset 'title' E:\server\Apache2.4\htdocs\club\Application\Common\Controller\BaseController.class.php 第 29 行.
SQL: SHOW COLUMNS FROM `yzclub_adv_place` [ RunTime:0.0088s ]
SQL: SELECT * FROM `yzclub_adv_place`  [ RunTime:0.0005s ]
INFO: [ view_parse ] --START--
INFO: [ template_filter ] --START--
INFO: Run Behavior\ContentReplaceBehavior [ RunTime:0.000116s ]
INFO: [ template_filter ] --END-- [ RunTime:0.000172s ]
INFO: Run Behavior\ParseTemplateBehavior [ RunTime:0.014329s ]
INFO: [ view_parse ] --END-- [ RunTime:0.014427s ]
INFO: [ view_filter ] --START--
INFO: Run Behavior\WriteHtmlCacheBehavior [ RunTime:0.000377s ]
INFO: [ view_filter ] --END-- [ RunTime:0.000413s ]
INFO: [ app_end ] --START--
INFO: Run Behavior\ShowPageTraceBehavior [ RunTime:0.000599s ]
INFO: [ app_end ] --END-- [ RunTime:0.000637s ]

[ 2015-05-11T09:58:56+08:00 ] 127.0.0.1 /admin/Adv/placeAdd
INFO: [ app_init ] --START--
INFO: Run Behavior\BuildLiteBehavior [ RunTime:0.000013s ]
INFO: [ app_init ] --END-- [ RunTime:0.000300s ]
INFO: [ app_begin ] --START--
INFO: Run Behavior\ReadHtmlCacheBehavior [ RunTime:0.000432s ]
INFO: [ app_begin ] --END-- [ RunTime:0.000475s ]
SQL: SHOW COLUMNS FROM `yzclub_admin_node` [ RunTime:0.0123s ]
SQL: SELECT * FROM `yzclub_admin_node` WHERE `name` = 'Adv' AND `level` = '1' LIMIT 1   [ RunTime:0.0006s ]
SQL: SELECT * FROM `yzclub_admin_node` WHERE `name` = 'placeAdd' AND `pid` = 52 LIMIT 1   [ RunTime:0.0004s ]
NOTIC: [2] Illegal string offset 'title' E:\server\Apache2.4\htdocs\club\Application\Common\Controller\BaseController.class.php 第 29 行.
SQL: SHOW COLUMNS FROM `yzclub_adv_place` [ RunTime:0.0104s ]
SQL: SELECT * FROM `yzclub_adv_place`  [ RunTime:0.0004s ]
SQL: INSERT INTO `yzclub_adv_place` (`name`,`title`,`width`,`height`) VALUES ('news_pic','新闻头部广告','1200','300') [ RunTime:0.0014s ]
INFO: [ view_parse ] --START--
INFO: [ template_filter ] --START--
INFO: Run Behavior\ContentReplaceBehavior [ RunTime:0.000079s ]
INFO: [ template_filter ] --END-- [ RunTime:0.000138s ]
INFO: Run Behavior\ParseTemplateBehavior [ RunTime:0.007567s ]
INFO: [ view_parse ] --END-- [ RunTime:0.007662s ]
INFO: [ view_filter ] --START--
INFO: Run Behavior\WriteHtmlCacheBehavior [ RunTime:0.000359s ]
INFO: [ view_filter ] --END-- [ RunTime:0.000404s ]
INFO: [ app_end ] --START--
INFO: Run Behavior\ShowPageTraceBehavior [ RunTime:0.000570s ]
INFO: [ app_end ] --END-- [ RunTime:0.000609s ]

[ 2015-05-11T09:58:58+08:00 ] 127.0.0.1 /index.php/Admin/Adv/placeAll.html
INFO: [ app_init ] --START--
INFO: Run Behavior\BuildLiteBehavior [ RunTime:0.000013s ]
INFO: [ app_init ] --END-- [ RunTime:0.000328s ]
INFO: [ app_begin ] --START--
INFO: Run Behavior\ReadHtmlCacheBehavior [ RunTime:0.000416s ]
INFO: [ app_begin ] --END-- [ RunTime:0.000458s ]
SQL: SHOW COLUMNS FROM `yzclub_admin_node` [ RunTime:0.0117s ]
SQL: SELECT * FROM `yzclub_admin_node` WHERE `name` = 'Adv' AND `level` = '1' LIMIT 1   [ RunTime:0.0008s ]
SQL: SELECT * FROM `yzclub_admin_node` WHERE `name` = 'placeAll' AND `pid` = 52 LIMIT 1   [ RunTime:0.0007s ]
NOTIC: [2] Illegal string offset 'title' E:\server\Apache2.4\htdocs\club\Application\Common\Controller\BaseController.class.php 第 29 行.
SQL: SHOW COLUMNS FROM `yzclub_adv_place` [ RunTime:0.0093s ]
SQL: SELECT * FROM `yzclub_adv_place`  [ RunTime:0.0005s ]
SQL: SELECT COUNT(*) AS tp_count FROM `yzclub_adv_place` LIMIT 1   [ RunTime:0.0005s ]
SQL: SELECT * FROM `yzclub_adv_place` ORDER BY `id` desc LIMIT 0,20   [ RunTime:0.0006s ]
INFO: [ view_parse ] --START--
INFO: [ template_filter ] --START--
INFO: Run Behavior\ContentReplaceBehavior [ RunTime:0.000106s ]
INFO: [ template_filter ] --END-- [ RunTime:0.000170s ]
INFO: Run Behavior\ParseTemplateBehavior [ RunTime:0.009772s ]
INFO: [ view_parse ] --END-- [ RunTime:0.009868s ]
INFO: [ view_filter ] --START--
INFO: Run Behavior\WriteHtmlCacheBehavior [ RunTime:0.000363s ]
INFO: [ view_filter ] --END-- [ RunTime:0.000401s ]
INFO: [ app_end ] --START--
INFO: Run Behavior\ShowPageTraceBehavior [ RunTime:0.000595s ]
INFO: [ app_end ] --END-- [ RunTime:0.000697s ]

[ 2015-05-11T09:59:14+08:00 ] 127.0.0.1 /admin/Adv/placeAdd
INFO: [ app_init ] --START--
INFO: Run Behavior\BuildLiteBehavior [ RunTime:0.000014s ]
INFO: [ app_init ] --END-- [ RunTime:0.000340s ]
INFO: [ app_begin ] --START--
INFO: Run Behavior\ReadHtmlCacheBehavior [ RunTime:0.000591s ]
INFO: [ app_begin ] --END-- [ RunTime:0.000667s ]
SQL: SHOW COLUMNS FROM `yzclub_admin_node` [ RunTime:0.0120s ]
SQL: SELECT * FROM `yzclub_admin_node` WHERE `name` = 'Adv' AND `level` = '1' LIMIT 1   [ RunTime:0.0005s ]
SQL: SELECT * FROM `yzclub_admin_node` WHERE `name` = 'placeAdd' AND `pid` = 52 LIMIT 1   [ RunTime:0.0003s ]
NOTIC: [2] Illegal string offset 'title' E:\server\Apache2.4\htdocs\club\Application\Common\Controller\BaseController.class.php 第 29 行.
SQL: SHOW COLUMNS FROM `yzclub_adv_place` [ RunTime:0.0088s ]
SQL: SELECT * FROM `yzclub_adv_place`  [ RunTime:0.0005s ]
INFO: [ view_parse ] --START--
INFO: [ template_filter ] --START--
INFO: Run Behavior\ContentReplaceBehavior [ RunTime:0.000106s ]
INFO: [ template_filter ] --END-- [ RunTime:0.000157s ]
INFO: Run Behavior\ParseTemplateBehavior [ RunTime:0.008556s ]
INFO: [ view_parse ] --END-- [ RunTime:0.008677s ]
INFO: [ view_filter ] --START--
INFO: Run Behavior\WriteHtmlCacheBehavior [ RunTime:0.000469s ]
INFO: [ view_filter ] --END-- [ RunTime:0.000529s ]
INFO: [ app_end ] --START--
INFO: Run Behavior\ShowPageTraceBehavior [ RunTime:0.000556s ]
INFO: [ app_end ] --END-- [ RunTime:0.000594s ]

[ 2015-05-11T09:59:32+08:00 ] 127.0.0.1 /admin/Adv/placeAdd
INFO: [ app_init ] --START--
INFO: Run Behavior\BuildLiteBehavior [ RunTime:0.000021s ]
INFO: [ app_init ] --END-- [ RunTime:0.000566s ]
INFO: [ app_begin ] --START--
INFO: Run Behavior\ReadHtmlCacheBehavior [ RunTime:0.000729s ]
INFO: [ app_begin ] --END-- [ RunTime:0.000798s ]
SQL: SHOW COLUMNS FROM `yzclub_admin_node` [ RunTime:0.0137s ]
SQL: SELECT * FROM `yzclub_admin_node` WHERE `name` = 'Adv' AND `level` = '1' LIMIT 1   [ RunTime:0.0006s ]
SQL: SELECT * FROM `yzclub_admin_node` WHERE `name` = 'placeAdd' AND `pid` = 52 LIMIT 1   [ RunTime:0.0002s ]
NOTIC: [2] Illegal string offset 'title' E:\server\Apache2.4\htdocs\club\Application\Common\Controller\BaseController.class.php 第 29 行.
SQL: SHOW COLUMNS FROM `yzclub_adv_place` [ RunTime:0.0099s ]
SQL: SELECT * FROM `yzclub_adv_place`  [ RunTime:0.0004s ]
SQL: INSERT INTO `yzclub_adv_place` (`name`,`title`,`width`,`height`) VALUES ('member_pic','会员头部广告','1200','300') [ RunTime:0.0012s ]
INFO: [ view_parse ] --START--
INFO: [ template_filter ] --START--
INFO: Run Behavior\ContentReplaceBehavior [ RunTime:0.000076s ]
INFO: [ template_filter ] --END-- [ RunTime:0.000130s ]
INFO: Run Behavior\ParseTemplateBehavior [ RunTime:0.006524s ]
INFO: [ view_parse ] --END-- [ RunTime:0.006580s ]
INFO: [ view_filter ] --START--
INFO: Run Behavior\WriteHtmlCacheBehavior [ RunTime:0.000378s ]
INFO: [ view_filter ] --END-- [ RunTime:0.000419s ]
INFO: [ app_end ] --START--
INFO: Run Behavior\ShowPageTraceBehavior [ RunTime:0.000551s ]
INFO: [ app_end ] --END-- [ RunTime:0.000590s ]

[ 2015-05-11T09:59:35+08:00 ] 127.0.0.1 /index.php/Admin/Adv/placeAll.html
INFO: [ app_init ] --START--
INFO: Run Behavior\BuildLiteBehavior [ RunTime:0.000020s ]
INFO: [ app_init ] --END-- [ RunTime:0.000424s ]
INFO: [ app_begin ] --START--
INFO: Run Behavior\ReadHtmlCacheBehavior [ RunTime:0.000669s ]
INFO: [ app_begin ] --END-- [ RunTime:0.000782s ]
SQL: SHOW COLUMNS FROM `yzclub_admin_node` [ RunTime:0.0120s ]
SQL: SELECT * FROM `yzclub_admin_node` WHERE `name` = 'Adv' AND `level` = '1' LIMIT 1   [ RunTime:0.0006s ]
SQL: SELECT * FROM `yzclub_admin_node` WHERE `name` = 'placeAll' AND `pid` = 52 LIMIT 1   [ RunTime:0.0007s ]
NOTIC: [2] Illegal string offset 'title' E:\server\Apache2.4\htdocs\club\Application\Common\Controller\BaseController.class.php 第 29 行.
SQL: SHOW COLUMNS FROM `yzclub_adv_place` [ RunTime:0.0129s ]
SQL: SELECT * FROM `yzclub_adv_place`  [ RunTime:0.0005s ]
SQL: SELECT COUNT(*) AS tp_count FROM `yzclub_adv_place` LIMIT 1   [ RunTime:0.0004s ]
SQL: SELECT * FROM `yzclub_adv_place` ORDER BY `id` desc LIMIT 0,20   [ RunTime:0.0004s ]
INFO: [ view_parse ] --START--
INFO: [ template_filter ] --START--
INFO: Run Behavior\ContentReplaceBehavior [ RunTime:0.000108s ]
INFO: [ template_filter ] --END-- [ RunTime:0.000167s ]
INFO: Run Behavior\ParseTemplateBehavior [ RunTime:0.011679s ]
INFO: [ view_parse ] --END-- [ RunTime:0.011781s ]
INFO: [ view_filter ] --START--
INFO: Run Behavior\WriteHtmlCacheBehavior [ RunTime:0.000549s ]
INFO: [ view_filter ] --END-- [ RunTime:0.000642s ]
INFO: [ app_end ] --START--
INFO: Run Behavior\ShowPageTraceBehavior [ RunTime:0.000773s ]
INFO: [ app_end ] --END-- [ RunTime:0.000828s ]

[ 2015-05-11T09:59:42+08:00 ] 127.0.0.1 /admin/Adv/placeAdd
INFO: [ app_init ] --START--
INFO: Run Behavior\BuildLiteBehavior [ RunTime:0.000018s ]
INFO: [ app_init ] --END-- [ RunTime:0.000353s ]
INFO: [ app_begin ] --START--
INFO: Run Behavior\ReadHtmlCacheBehavior [ RunTime:0.000377s ]
INFO: [ app_begin ] --END-- [ RunTime:0.000422s ]
SQL: SHOW COLUMNS FROM `yzclub_admin_node` [ RunTime:0.1369s ]
SQL: SELECT * FROM `yzclub_admin_node` WHERE `name` = 'Adv' AND `level` = '1' LIMIT 1   [ RunTime:0.0005s ]
SQL: SELECT * FROM `yzclub_admin_node` WHERE `name` = 'placeAdd' AND `pid` = 52 LIMIT 1   [ RunTime:0.0002s ]
NOTIC: [2] Illegal string offset 'title' E:\server\Apache2.4\htdocs\club\Application\Common\Controller\BaseController.class.php 第 29 行.
SQL: SHOW COLUMNS FROM `yzclub_adv_place` [ RunTime:1.0390s ]
SQL: SELECT * FROM `yzclub_adv_place`  [ RunTime:0.0009s ]
INFO: [ view_parse ] --START--
INFO: [ template_filter ] --START--
INFO: Run Behavior\ContentReplaceBehavior [ RunTime:0.000241s ]
INFO: [ template_filter ] --END-- [ RunTime:0.000396s ]
INFO: Run Behavior\ParseTemplateBehavior [ RunTime:0.021062s ]
INFO: [ view_parse ] --END-- [ RunTime:0.021298s ]
INFO: [ view_filter ] --START--
INFO: Run Behavior\WriteHtmlCacheBehavior [ RunTime:0.001053s ]
INFO: [ view_filter ] --END-- [ RunTime:0.001218s ]
INFO: [ app_end ] --START--
INFO: Run Behavior\ShowPageTraceBehavior [ RunTime:0.001632s ]
INFO: [ app_end ] --END-- [ RunTime:0.001788s ]

[ 2015-05-11T10:01:47+08:00 ] 127.0.0.1 /admin/Adv/placeAdd
INFO: [ app_init ] --START--
INFO: Run Behavior\BuildLiteBehavior [ RunTime:0.000012s ]
INFO: [ app_init ] --END-- [ RunTime:0.000377s ]
INFO: [ app_begin ] --START--
INFO: Run Behavior\ReadHtmlCacheBehavior [ RunTime:0.000521s ]
INFO: [ app_begin ] --END-- [ RunTime:0.000566s ]
SQL: SHOW COLUMNS FROM `yzclub_admin_node` [ RunTime:0.0114s ]
SQL: SELECT * FROM `yzclub_admin_node` WHERE `name` = 'Adv' AND `level` = '1' LIMIT 1   [ RunTime:0.0006s ]
SQL: SELECT * FROM `yzclub_admin_node` WHERE `name` = 'placeAdd' AND `pid` = 52 LIMIT 1   [ RunTime:0.0003s ]
NOTIC: [2] Illegal string offset 'title' E:\server\Apache2.4\htdocs\club\Application\Common\Controller\BaseController.class.php 第 29 行.
SQL: SHOW COLUMNS FROM `yzclub_adv_place` [ RunTime:0.0089s ]
SQL: SELECT * FROM `yzclub_adv_place`  [ RunTime:0.0005s ]
SQL: INSERT INTO `yzclub_adv_place` (`name`,`title`,`width`,`height`) VALUES ('contactUs_background','联系我们背景图片','2000','700') [ RunTime:0.0015s ]
INFO: [ view_parse ] --START--
INFO: [ template_filter ] --START--
INFO: Run Behavior\ContentReplaceBehavior [ RunTime:0.000078s ]
INFO: [ template_filter ] --END-- [ RunTime:0.000139s ]
INFO: Run Behavior\ParseTemplateBehavior [ RunTime:0.007053s ]
INFO: [ view_parse ] --END-- [ RunTime:0.007121s ]
INFO: [ view_filter ] --START--
INFO: Run Behavior\WriteHtmlCacheBehavior [ RunTime:0.000401s ]
INFO: [ view_filter ] --END-- [ RunTime:0.000438s ]
INFO: [ app_end ] --START--
INFO: Run Behavior\ShowPageTraceBehavior [ RunTime:0.000565s ]
INFO: [ app_end ] --END-- [ RunTime:0.000610s ]

[ 2015-05-11T10:01:49+08:00 ] 127.0.0.1 /index.php/Admin/Adv/placeAll.html
INFO: [ app_init ] --START--
INFO: Run Behavior\BuildLiteBehavior [ RunTime:0.000018s ]
INFO: [ app_init ] --END-- [ RunTime:0.000447s ]
INFO: [ app_begin ] --START--
INFO: Run Behavior\ReadHtmlCacheBehavior [ RunTime:0.000615s ]
INFO: [ app_begin ] --END-- [ RunTime:0.000689s ]
SQL: SHOW COLUMNS FROM `yzclub_admin_node` [ RunTime:0.0133s ]
SQL: SELECT * FROM `yzclub_admin_node` WHERE `name` = 'Adv' AND `level` = '1' LIMIT 1   [ RunTime:0.0006s ]
SQL: SELECT * FROM `yzclub_admin_node` WHERE `name` = 'placeAll' AND `pid` = 52 LIMIT 1   [ RunTime:0.0005s ]
NOTIC: [2] Illegal string offset 'title' E:\server\Apache2.4\htdocs\club\Application\Common\Controller\BaseController.class.php 第 29 行.
SQL: SHOW COLUMNS FROM `yzclub_adv_place` [ RunTime:0.0088s ]
SQL: SELECT * FROM `yzclub_adv_place`  [ RunTime:0.0004s ]
SQL: SELECT COUNT(*) AS tp_count FROM `yzclub_adv_place` LIMIT 1   [ RunTime:0.0003s ]
SQL: SELECT * FROM `yzclub_adv_place` ORDER BY `id` desc LIMIT 0,20   [ RunTime:0.0004s ]
INFO: [ view_parse ] --START--
INFO: [ template_filter ] --START--
INFO: Run Behavior\ContentReplaceBehavior [ RunTime:0.000105s ]
INFO: [ template_filter ] --END-- [ RunTime:0.000160s ]
INFO: Run Behavior\ParseTemplateBehavior [ RunTime:0.010083s ]
INFO: [ view_parse ] --END-- [ RunTime:0.010152s ]
INFO: [ view_filter ] --START--
INFO: Run Behavior\WriteHtmlCacheBehavior [ RunTime:0.000383s ]
INFO: [ view_filter ] --END-- [ RunTime:0.000421s ]
INFO: [ app_end ] --START--
INFO: Run Behavior\ShowPageTraceBehavior [ RunTime:0.000543s ]
INFO: [ app_end ] --END-- [ RunTime:0.000591s ]

[ 2015-05-11T10:02:51+08:00 ] 127.0.0.1 /admin/Site/index
INFO: [ app_init ] --START--
INFO: Run Behavior\BuildLiteBehavior [ RunTime:0.000017s ]
INFO: [ app_init ] --END-- [ RunTime:0.000384s ]
INFO: [ app_begin ] --START--
INFO: Run Behavior\ReadHtmlCacheBehavior [ RunTime:0.000429s ]
INFO: [ app_begin ] --END-- [ RunTime:0.000473s ]
SQL: SHOW COLUMNS FROM `yzclub_admin_node` [ RunTime:0.0199s ]
SQL: SELECT * FROM `yzclub_admin_node` WHERE `name` = 'Site' AND `level` = '1' LIMIT 1   [ RunTime:0.0006s ]
SQL: SELECT * FROM `yzclub_admin_node` WHERE `name` = 'index' AND `pid` = 2 LIMIT 1   [ RunTime:0.0011s ]
NOTIC: [2] Illegal string offset 'title' E:\server\Apache2.4\htdocs\club\Application\Common\Controller\BaseController.class.php 第 29 行.
SQL: SHOW COLUMNS FROM `yzclub_site` [ RunTime:0.0092s ]
SQL: SELECT * FROM `yzclub_site`  [ RunTime:0.0004s ]
INFO: [ view_parse ] --START--
INFO: [ template_filter ] --START--
INFO: Run Behavior\ContentReplaceBehavior [ RunTime:0.000285s ]
INFO: [ template_filter ] --END-- [ RunTime:0.000459s ]
NOTIC: [8] Undefined variable: page E:\server\Apache2.4\htdocs\club\Application\Runtime\Cache\Admin\857b1a6610f546bd792cb0f882368043.php 第 56 行.
INFO: Run Behavior\ParseTemplateBehavior [ RunTime:0.141294s ]
INFO: [ view_parse ] --END-- [ RunTime:0.141395s ]
INFO: [ view_filter ] --START--
INFO: Run Behavior\WriteHtmlCacheBehavior [ RunTime:0.000544s ]
INFO: [ view_filter ] --END-- [ RunTime:0.000601s ]
INFO: [ app_end ] --START--
INFO: Run Behavior\ShowPageTraceBehavior [ RunTime:0.000826s ]
INFO: [ app_end ] --END-- [ RunTime:0.000886s ]

[ 2015-05-11T10:03:00+08:00 ] 127.0.0.1 /admin/Adv/placeAll
INFO: [ app_init ] --START--
INFO: Run Behavior\BuildLiteBehavior [ RunTime:0.000014s ]
INFO: [ app_init ] --END-- [ RunTime:0.000337s ]
INFO: [ app_begin ] --START--
INFO: Run Behavior\ReadHtmlCacheBehavior [ RunTime:0.000428s ]
INFO: [ app_begin ] --END-- [ RunTime:0.000471s ]
SQL: SHOW COLUMNS FROM `yzclub_admin_node` [ RunTime:0.0116s ]
SQL: SELECT * FROM `yzclub_admin_node` WHERE `name` = 'Adv' AND `level` = '1' LIMIT 1   [ RunTime:0.0006s ]
SQL: SELECT * FROM `yzclub_admin_node` WHERE `name` = 'placeAll' AND `pid` = 52 LIMIT 1   [ RunTime:0.0006s ]
NOTIC: [2] Illegal string offset 'title' E:\server\Apache2.4\htdocs\club\Application\Common\Controller\BaseController.class.php 第 29 行.
SQL: SHOW COLUMNS FROM `yzclub_adv_place` [ RunTime:0.0438s ]
SQL: SELECT * FROM `yzclub_adv_place`  [ RunTime:0.0005s ]
SQL: SELECT COUNT(*) AS tp_count FROM `yzclub_adv_place` LIMIT 1   [ RunTime:0.0004s ]
SQL: SELECT * FROM `yzclub_adv_place` ORDER BY `id` desc LIMIT 0,20   [ RunTime:0.0005s ]
INFO: [ view_parse ] --START--
INFO: [ template_filter ] --START--
INFO: Run Behavior\ContentReplaceBehavior [ RunTime:0.000105s ]
INFO: [ template_filter ] --END-- [ RunTime:0.000203s ]
INFO: Run Behavior\ParseTemplateBehavior [ RunTime:0.017730s ]
INFO: [ view_parse ] --END-- [ RunTime:0.017795s ]
INFO: [ view_filter ] --START--
INFO: Run Behavior\WriteHtmlCacheBehavior [ RunTime:0.000380s ]
INFO: [ view_filter ] --END-- [ RunTime:0.000426s ]
INFO: [ app_end ] --START--
INFO: Run Behavior\ShowPageTraceBehavior [ RunTime:0.000568s ]
INFO: [ app_end ] --END-- [ RunTime:0.000607s ]

[ 2015-05-11T10:03:03+08:00 ] 127.0.0.1 /admin/Adv/placeAdd
INFO: [ app_init ] --START--
INFO: Run Behavior\BuildLiteBehavior [ RunTime:0.000014s ]
INFO: [ app_init ] --END-- [ RunTime:0.000348s ]
INFO: [ app_begin ] --START--
INFO: Run Behavior\ReadHtmlCacheBehavior [ RunTime:0.000430s ]
INFO: [ app_begin ] --END-- [ RunTime:0.000472s ]
SQL: SHOW COLUMNS FROM `yzclub_admin_node` [ RunTime:0.0110s ]
SQL: SELECT * FROM `yzclub_admin_node` WHERE `name` = 'Adv' AND `level` = '1' LIMIT 1   [ RunTime:0.0006s ]
SQL: SELECT * FROM `yzclub_admin_node` WHERE `name` = 'placeAdd' AND `pid` = 52 LIMIT 1   [ RunTime:0.0005s ]
NOTIC: [2] Illegal string offset 'title' E:\server\Apache2.4\htdocs\club\Application\Common\Controller\BaseController.class.php 第 29 行.
SQL: SHOW COLUMNS FROM `yzclub_adv_place` [ RunTime:0.0094s ]
SQL: SELECT * FROM `yzclub_adv_place`  [ RunTime:0.0004s ]
INFO: [ view_parse ] --START--
INFO: [ template_filter ] --START--
INFO: Run Behavior\ContentReplaceBehavior [ RunTime:0.000112s ]
INFO: [ template_filter ] --END-- [ RunTime:0.000176s ]
INFO: Run Behavior\ParseTemplateBehavior [ RunTime:0.007670s ]
INFO: [ view_parse ] --END-- [ RunTime:0.007766s ]
INFO: [ view_filter ] --START--
INFO: Run Behavior\WriteHtmlCacheBehavior [ RunTime:0.000348s ]
INFO: [ view_filter ] --END-- [ RunTime:0.000392s ]
INFO: [ app_end ] --START--
INFO: Run Behavior\ShowPageTraceBehavior [ RunTime:0.000720s ]
INFO: [ app_end ] --END-- [ RunTime:0.000796s ]

[ 2015-05-11T10:03:04+08:00 ] 127.0.0.1 /admin/Adv/all
INFO: [ app_init ] --START--
INFO: Run Behavior\BuildLiteBehavior [ RunTime:0.000023s ]
INFO: [ app_init ] --END-- [ RunTime:0.000576s ]
INFO: [ app_begin ] --START--
INFO: Run Behavior\ReadHtmlCacheBehavior [ RunTime:0.000680s ]
INFO: [ app_begin ] --END-- [ RunTime:0.000748s ]
SQL: SHOW COLUMNS FROM `yzclub_admin_node` [ RunTime:0.0119s ]
SQL: SELECT * FROM `yzclub_admin_node` WHERE `name` = 'Adv' AND `level` = '1' LIMIT 1   [ RunTime:0.0004s ]
SQL: SELECT * FROM `yzclub_admin_node` WHERE `name` = 'all' AND `pid` = 52 LIMIT 1   [ RunTime:0.0010s ]
NOTIC: [2] Illegal string offset 'title' E:\server\Apache2.4\htdocs\club\Application\Common\Controller\BaseController.class.php 第 29 行.
SQL: SHOW COLUMNS FROM `yzclub_adv_place` [ RunTime:0.0093s ]
SQL: SELECT * FROM `yzclub_adv_place`  [ RunTime:0.0004s ]
SQL: SHOW COLUMNS FROM `yzclub_adv` [ RunTime:0.0833s ]
SQL: SELECT COUNT(*) AS tp_count FROM yzclub_adv Adv  JOIN yzclub_adv_place AdvPlace ON Adv.adv_id = AdvPlace.id LIMIT 1   [ RunTime:0.0069s ]
INFO: [ view_parse ] --START--
INFO: [ template_filter ] --START--
INFO: Run Behavior\ContentReplaceBehavior [ RunTime:0.000128s ]
INFO: [ template_filter ] --END-- [ RunTime:0.000182s ]
NOTIC: [8] Undefined index: name E:\server\Apache2.4\htdocs\club\Application\Runtime\Cache\Admin\18c5ee7828c92bee66c91e25a1e1d14c.php 第 46 行.
NOTIC: [8] Undefined index: title E:\server\Apache2.4\htdocs\club\Application\Runtime\Cache\Admin\18c5ee7828c92bee66c91e25a1e1d14c.php 第 55 行.
NOTIC: [8] Use of undefined constant id - assumed 'id' E:\server\Apache2.4\htdocs\club\Application\Runtime\Cache\Admin\18c5ee7828c92bee66c91e25a1e1d14c.php 第 68 行.
NOTIC: [8] Undefined index: place_id E:\server\Apache2.4\htdocs\club\Application\Runtime\Cache\Admin\18c5ee7828c92bee66c91e25a1e1d14c.php 第 68 行.
NOTIC: [8] Use of undefined constant id - assumed 'id' E:\server\Apache2.4\htdocs\club\Application\Runtime\Cache\Admin\18c5ee7828c92bee66c91e25a1e1d14c.php 第 68 行.
NOTIC: [8] Undefined index: place_id E:\server\Apache2.4\htdocs\club\Application\Runtime\Cache\Admin\18c5ee7828c92bee66c91e25a1e1d14c.php 第 68 行.
NOTIC: [8] Use of undefined constant id - assumed 'id' E:\server\Apache2.4\htdocs\club\Application\Runtime\Cache\Admin\18c5ee7828c92bee66c91e25a1e1d14c.php 第 68 行.
NOTIC: [8] Undefined index: place_id E:\server\Apache2.4\htdocs\club\Application\Runtime\Cache\Admin\18c5ee7828c92bee66c91e25a1e1d14c.php 第 68 行.
NOTIC: [8] Use of undefined constant id - assumed 'id' E:\server\Apache2.4\htdocs\club\Application\Runtime\Cache\Admin\18c5ee7828c92bee66c91e25a1e1d14c.php 第 68 行.
NOTIC: [8] Undefined index: place_id E:\server\Apache2.4\htdocs\club\Application\Runtime\Cache\Admin\18c5ee7828c92bee66c91e25a1e1d14c.php 第 68 行.
NOTIC: [8] Use of undefined constant id - assumed 'id' E:\server\Apache2.4\htdocs\club\Application\Runtime\Cache\Admin\18c5ee7828c92bee66c91e25a1e1d14c.php 第 68 行.
NOTIC: [8] Undefined index: place_id E:\server\Apache2.4\htdocs\club\Application\Runtime\Cache\Admin\18c5ee7828c92bee66c91e25a1e1d14c.php 第 68 行.
NOTIC: [8] Use of undefined constant id - assumed 'id' E:\server\Apache2.4\htdocs\club\Application\Runtime\Cache\Admin\18c5ee7828c92bee66c91e25a1e1d14c.php 第 68 行.
NOTIC: [8] Undefined index: place_id E:\server\Apache2.4\htdocs\club\Application\Runtime\Cache\Admin\18c5ee7828c92bee66c91e25a1e1d14c.php 第 68 行.
NOTIC: [8] Undefined variable: list E:\server\Apache2.4\htdocs\club\Application\Runtime\Cache\Admin\18c5ee7828c92bee66c91e25a1e1d14c.php 第 94 行.
NOTIC: [8] Undefined variable: page E:\server\Apache2.4\htdocs\club\Application\Runtime\Cache\Admin\18c5ee7828c92bee66c91e25a1e1d14c.php 第 109 行.
INFO: Run Behavior\ParseTemplateBehavior [ RunTime:0.033654s ]
INFO: [ view_parse ] --END-- [ RunTime:0.033731s ]
INFO: [ view_filter ] --START--
INFO: Run Behavior\WriteHtmlCacheBehavior [ RunTime:0.000340s ]
INFO: [ view_filter ] --END-- [ RunTime:0.000377s ]
INFO: [ app_end ] --START--
INFO: Run Behavior\ShowPageTraceBehavior [ RunTime:0.000556s ]
INFO: [ app_end ] --END-- [ RunTime:0.000595s ]

[ 2015-05-11T10:03:08+08:00 ] 127.0.0.1 /admin/Adv/add
INFO: [ app_init ] --START--
INFO: Run Behavior\BuildLiteBehavior [ RunTime:0.000017s ]
INFO: [ app_init ] --END-- [ RunTime:0.000404s ]
INFO: [ app_begin ] --START--
INFO: Run Behavior\ReadHtmlCacheBehavior [ RunTime:0.000500s ]
INFO: [ app_begin ] --END-- [ RunTime:0.000557s ]
SQL: SHOW COLUMNS FROM `yzclub_admin_node` [ RunTime:0.0196s ]
SQL: SELECT * FROM `yzclub_admin_node` WHERE `name` = 'Adv' AND `level` = '1' LIMIT 1   [ RunTime:0.0011s ]
SQL: SELECT * FROM `yzclub_admin_node` WHERE `name` = 'add' AND `pid` = 52 LIMIT 1   [ RunTime:0.0010s ]
NOTIC: [2] Illegal string offset 'title' E:\server\Apache2.4\htdocs\club\Application\Common\Controller\BaseController.class.php 第 29 行.
SQL: SHOW COLUMNS FROM `yzclub_adv_place` [ RunTime:0.0165s ]
SQL: SELECT * FROM `yzclub_adv_place`  [ RunTime:0.0004s ]
INFO: [ view_parse ] --START--
INFO: [ template_filter ] --START--
INFO: Run Behavior\ContentReplaceBehavior [ RunTime:0.000192s ]
INFO: [ template_filter ] --END-- [ RunTime:0.000277s ]
INFO: Run Behavior\ParseTemplateBehavior [ RunTime:0.125250s ]
INFO: [ view_parse ] --END-- [ RunTime:0.125364s ]
INFO: [ view_filter ] --START--
INFO: Run Behavior\WriteHtmlCacheBehavior [ RunTime:0.000503s ]
INFO: [ view_filter ] --END-- [ RunTime:0.000555s ]
INFO: [ app_end ] --START--
INFO: Run Behavior\ShowPageTraceBehavior [ RunTime:0.000749s ]
INFO: [ app_end ] --END-- [ RunTime:0.000802s ]

[ 2015-05-11T10:03:10+08:00 ] 127.0.0.1 /admin/Adv/all
INFO: [ app_init ] --START--
INFO: Run Behavior\BuildLiteBehavior [ RunTime:0.000019s ]
INFO: [ app_init ] --END-- [ RunTime:0.000495s ]
INFO: [ app_begin ] --START--
INFO: Run Behavior\ReadHtmlCacheBehavior [ RunTime:0.000603s ]
INFO: [ app_begin ] --END-- [ RunTime:0.000704s ]
SQL: SHOW COLUMNS FROM `yzclub_admin_node` [ RunTime:0.0161s ]
SQL: SELECT * FROM `yzclub_admin_node` WHERE `name` = 'Adv' AND `level` = '1' LIMIT 1   [ RunTime:0.0006s ]
SQL: SELECT * FROM `yzclub_admin_node` WHERE `name` = 'all' AND `pid` = 52 LIMIT 1   [ RunTime:0.0012s ]
NOTIC: [2] Illegal string offset 'title' E:\server\Apache2.4\htdocs\club\Application\Common\Controller\BaseController.class.php 第 29 行.
SQL: SHOW COLUMNS FROM `yzclub_adv_place` [ RunTime:0.0149s ]
SQL: SELECT * FROM `yzclub_adv_place`  [ RunTime:0.0005s ]
SQL: SHOW COLUMNS FROM `yzclub_adv` [ RunTime:0.0127s ]
SQL: SELECT COUNT(*) AS tp_count FROM yzclub_adv Adv  JOIN yzclub_adv_place AdvPlace ON Adv.adv_id = AdvPlace.id LIMIT 1   [ RunTime:0.0003s ]
INFO: [ view_parse ] --START--
INFO: [ template_filter ] --START--
INFO: Run Behavior\ContentReplaceBehavior [ RunTime:0.000130s ]
INFO: [ template_filter ] --END-- [ RunTime:0.000215s ]
NOTIC: [8] Undefined index: name E:\server\Apache2.4\htdocs\club\Application\Runtime\Cache\Admin\18c5ee7828c92bee66c91e25a1e1d14c.php 第 46 行.
NOTIC: [8] Undefined index: title E:\server\Apache2.4\htdocs\club\Application\Runtime\Cache\Admin\18c5ee7828c92bee66c91e25a1e1d14c.php 第 55 行.
NOTIC: [8] Use of undefined constant id - assumed 'id' E:\server\Apache2.4\htdocs\club\Application\Runtime\Cache\Admin\18c5ee7828c92bee66c91e25a1e1d14c.php 第 68 行.
NOTIC: [8] Undefined index: place_id E:\server\Apache2.4\htdocs\club\Application\Runtime\Cache\Admin\18c5ee7828c92bee66c91e25a1e1d14c.php 第 68 行.
NOTIC: [8] Use of undefined constant id - assumed 'id' E:\server\Apache2.4\htdocs\club\Application\Runtime\Cache\Admin\18c5ee7828c92bee66c91e25a1e1d14c.php 第 68 行.
NOTIC: [8] Undefined index: place_id E:\server\Apache2.4\htdocs\club\Application\Runtime\Cache\Admin\18c5ee7828c92bee66c91e25a1e1d14c.php 第 68 行.
NOTIC: [8] Use of undefined constant id - assumed 'id' E:\server\Apache2.4\htdocs\club\Application\Runtime\Cache\Admin\18c5ee7828c92bee66c91e25a1e1d14c.php 第 68 行.
NOTIC: [8] Undefined index: place_id E:\server\Apache2.4\htdocs\club\Application\Runtime\Cache\Admin\18c5ee7828c92bee66c91e25a1e1d14c.php 第 68 行.
NOTIC: [8] Use of undefined constant id - assumed 'id' E:\server\Apache2.4\htdocs\club\Application\Runtime\Cache\Admin\18c5ee7828c92bee66c91e25a1e1d14c.php 第 68 行.
NOTIC: [8] Undefined index: place_id E:\server\Apache2.4\htdocs\club\Application\Runtime\Cache\Admin\18c5ee7828c92bee66c91e25a1e1d14c.php 第 68 行.
NOTIC: [8] Use of undefined constant id - assumed 'id' E:\server\Apache2.4\htdocs\club\Application\Runtime\Cache\Admin\18c5ee7828c92bee66c91e25a1e1d14c.php 第 68 行.
NOTIC: [8] Undefined index: place_id E:\server\Apache2.4\htdocs\club\Application\Runtime\Cache\Admin\18c5ee7828c92bee66c91e25a1e1d14c.php 第 68 行.
NOTIC: [8] Use of undefined constant id - assumed 'id' E:\server\Apache2.4\htdocs\club\Application\Runtime\Cache\Admin\18c5ee7828c92bee66c91e25a1e1d14c.php 第 68 行.
NOTIC: [8] Undefined index: place_id E:\server\Apache2.4\htdocs\club\Application\Runtime\Cache\Admin\18c5ee7828c92bee66c91e25a1e1d14c.php 第 68 行.
NOTIC: [8] Undefined variable: list E:\server\Apache2.4\htdocs\club\Application\Runtime\Cache\Admin\18c5ee7828c92bee66c91e25a1e1d14c.php 第 94 行.
NOTIC: [8] Undefined variable: page E:\server\Apache2.4\htdocs\club\Application\Runtime\Cache\Admin\18c5ee7828c92bee66c91e25a1e1d14c.php 第 109 行.
INFO: Run Behavior\ParseTemplateBehavior [ RunTime:0.012554s ]
INFO: [ view_parse ] --END-- [ RunTime:0.012644s ]
INFO: [ view_filter ] --START--
INFO: Run Behavior\WriteHtmlCacheBehavior [ RunTime:0.000492s ]
INFO: [ view_filter ] --END-- [ RunTime:0.000540s ]
INFO: [ app_end ] --START--
INFO: Run Behavior\ShowPageTraceBehavior [ RunTime:0.000605s ]
INFO: [ app_end ] --END-- [ RunTime:0.000653s ]

[ 2015-05-11T10:03:13+08:00 ] 127.0.0.1 /admin/Adv/add
INFO: [ app_init ] --START--
INFO: Run Behavior\BuildLiteBehavior [ RunTime:0.000015s ]
INFO: [ app_init ] --END-- [ RunTime:0.000363s ]
INFO: [ app_begin ] --START--
INFO: Run Behavior\ReadHtmlCacheBehavior [ RunTime:0.000443s ]
INFO: [ app_begin ] --END-- [ RunTime:0.000494s ]
SQL: SHOW COLUMNS FROM `yzclub_admin_node` [ RunTime:0.0120s ]
SQL: SELECT * FROM `yzclub_admin_node` WHERE `name` = 'Adv' AND `level` = '1' LIMIT 1   [ RunTime:0.0006s ]
SQL: SELECT * FROM `yzclub_admin_node` WHERE `name` = 'add' AND `pid` = 52 LIMIT 1   [ RunTime:0.0004s ]
NOTIC: [2] Illegal string offset 'title' E:\server\Apache2.4\htdocs\club\Application\Common\Controller\BaseController.class.php 第 29 行.
SQL: SHOW COLUMNS FROM `yzclub_adv_place` [ RunTime:0.0093s ]
SQL: SELECT * FROM `yzclub_adv_place`  [ RunTime:0.0005s ]
INFO: [ view_parse ] --START--
INFO: [ template_filter ] --START--
INFO: Run Behavior\ContentReplaceBehavior [ RunTime:0.000141s ]
INFO: [ template_filter ] --END-- [ RunTime:0.000192s ]
INFO: Run Behavior\ParseTemplateBehavior [ RunTime:0.008762s ]
INFO: [ view_parse ] --END-- [ RunTime:0.008863s ]
INFO: [ view_filter ] --START--
INFO: Run Behavior\WriteHtmlCacheBehavior [ RunTime:0.000347s ]
INFO: [ view_filter ] --END-- [ RunTime:0.000389s ]
INFO: [ app_end ] --START--
INFO: Run Behavior\ShowPageTraceBehavior [ RunTime:0.000539s ]
INFO: [ app_end ] --END-- [ RunTime:0.000579s ]

[ 2015-05-11T10:03:14+08:00 ] 127.0.0.1 /admin/Adv/all
INFO: [ app_init ] --START--
INFO: Run Behavior\BuildLiteBehavior [ RunTime:0.000021s ]
INFO: [ app_init ] --END-- [ RunTime:0.000464s ]
INFO: [ app_begin ] --START--
INFO: Run Behavior\ReadHtmlCacheBehavior [ RunTime:0.000566s ]
INFO: [ app_begin ] --END-- [ RunTime:0.000635s ]
SQL: SHOW COLUMNS FROM `yzclub_admin_node` [ RunTime:0.0175s ]
SQL: SELECT * FROM `yzclub_admin_node` WHERE `name` = 'Adv' AND `level` = '1' LIMIT 1   [ RunTime:0.0012s ]
SQL: SELECT * FROM `yzclub_admin_node` WHERE `name` = 'all' AND `pid` = 52 LIMIT 1   [ RunTime:0.0018s ]
NOTIC: [2] Illegal string offset 'title' E:\server\Apache2.4\htdocs\club\Application\Common\Controller\BaseController.class.php 第 29 行.
SQL: SHOW COLUMNS FROM `yzclub_adv_place` [ RunTime:0.0099s ]
SQL: SELECT * FROM `yzclub_adv_place`  [ RunTime:0.0004s ]
SQL: SHOW COLUMNS FROM `yzclub_adv` [ RunTime:0.0112s ]
SQL: SELECT COUNT(*) AS tp_count FROM yzclub_adv Adv  JOIN yzclub_adv_place AdvPlace ON Adv.adv_id = AdvPlace.id LIMIT 1   [ RunTime:0.0004s ]
INFO: [ view_parse ] --START--
INFO: [ template_filter ] --START--
INFO: Run Behavior\ContentReplaceBehavior [ RunTime:0.000136s ]
INFO: [ template_filter ] --END-- [ RunTime:0.000195s ]
NOTIC: [8] Undefined index: name E:\server\Apache2.4\htdocs\club\Application\Runtime\Cache\Admin\18c5ee7828c92bee66c91e25a1e1d14c.php 第 46 行.
NOTIC: [8] Undefined index: title E:\server\Apache2.4\htdocs\club\Application\Runtime\Cache\Admin\18c5ee7828c92bee66c91e25a1e1d14c.php 第 55 行.
NOTIC: [8] Use of undefined constant id - assumed 'id' E:\server\Apache2.4\htdocs\club\Application\Runtime\Cache\Admin\18c5ee7828c92bee66c91e25a1e1d14c.php 第 68 行.
NOTIC: [8] Undefined index: place_id E:\server\Apache2.4\htdocs\club\Application\Runtime\Cache\Admin\18c5ee7828c92bee66c91e25a1e1d14c.php 第 68 行.
NOTIC: [8] Use of undefined constant id - assumed 'id' E:\server\Apache2.4\htdocs\club\Application\Runtime\Cache\Admin\18c5ee7828c92bee66c91e25a1e1d14c.php 第 68 行.
NOTIC: [8] Undefined index: place_id E:\server\Apache2.4\htdocs\club\Application\Runtime\Cache\Admin\18c5ee7828c92bee66c91e25a1e1d14c.php 第 68 行.
NOTIC: [8] Use of undefined constant id - assumed 'id' E:\server\Apache2.4\htdocs\club\Application\Runtime\Cache\Admin\18c5ee7828c92bee66c91e25a1e1d14c.php 第 68 行.
NOTIC: [8] Undefined index: place_id E:\server\Apache2.4\htdocs\club\Application\Runtime\Cache\Admin\18c5ee7828c92bee66c91e25a1e1d14c.php 第 68 行.
NOTIC: [8] Use of undefined constant id - assumed 'id' E:\server\Apache2.4\htdocs\club\Application\Runtime\Cache\Admin\18c5ee7828c92bee66c91e25a1e1d14c.php 第 68 行.
NOTIC: [8] Undefined index: place_id E:\server\Apache2.4\htdocs\club\Application\Runtime\Cache\Admin\18c5ee7828c92bee66c91e25a1e1d14c.php 第 68 行.
NOTIC: [8] Use of undefined constant id - assumed 'id' E:\server\Apache2.4\htdocs\club\Application\Runtime\Cache\Admin\18c5ee7828c92bee66c91e25a1e1d14c.php 第 68 行.
NOTIC: [8] Undefined index: place_id E:\server\Apache2.4\htdocs\club\Application\Runtime\Cache\Admin\18c5ee7828c92bee66c91e25a1e1d14c.php 第 68 行.
NOTIC: [8] Use of undefined constant id - assumed 'id' E:\server\Apache2.4\htdocs\club\Application\Runtime\Cache\Admin\18c5ee7828c92bee66c91e25a1e1d14c.php 第 68 行.
NOTIC: [8] Undefined index: place_id E:\server\Apache2.4\htdocs\club\Application\Runtime\Cache\Admin\18c5ee7828c92bee66c91e25a1e1d14c.php 第 68 行.
NOTIC: [8] Undefined variable: list E:\server\Apache2.4\htdocs\club\Application\Runtime\Cache\Admin\18c5ee7828c92bee66c91e25a1e1d14c.php 第 94 行.
NOTIC: [8] Undefined variable: page E:\server\Apache2.4\htdocs\club\Application\Runtime\Cache\Admin\18c5ee7828c92bee66c91e25a1e1d14c.php 第 109 行.
INFO: Run Behavior\ParseTemplateBehavior [ RunTime:0.011652s ]
INFO: [ view_parse ] --END-- [ RunTime:0.011705s ]
INFO: [ view_filter ] --START--
INFO: Run Behavior\WriteHtmlCacheBehavior [ RunTime:0.000384s ]
INFO: [ view_filter ] --END-- [ RunTime:0.000421s ]
INFO: [ app_end ] --START--
INFO: Run Behavior\ShowPageTraceBehavior [ RunTime:0.000555s ]
INFO: [ app_end ] --END-- [ RunTime:0.000595s ]

[ 2015-05-11T10:19:22+08:00 ] 127.0.0.1 /admin/Adv/add
INFO: [ app_init ] --START--
INFO: Run Behavior\BuildLiteBehavior [ RunTime:0.000015s ]
INFO: [ app_init ] --END-- [ RunTime:0.000453s ]
INFO: [ app_begin ] --START--
INFO: Run Behavior\ReadHtmlCacheBehavior [ RunTime:0.000582s ]
INFO: [ app_begin ] --END-- [ RunTime:0.000629s ]
SQL: SHOW COLUMNS FROM `yzclub_admin_node` [ RunTime:0.0110s ]
SQL: SELECT * FROM `yzclub_admin_node` WHERE `name` = 'Adv' AND `level` = '1' LIMIT 1   [ RunTime:0.0007s ]
SQL: SELECT * FROM `yzclub_admin_node` WHERE `name` = 'add' AND `pid` = 52 LIMIT 1   [ RunTime:0.0005s ]
NOTIC: [2] Illegal string offset 'title' E:\server\Apache2.4\htdocs\club\Application\Common\Controller\BaseController.class.php 第 29 行.
SQL: SHOW COLUMNS FROM `yzclub_adv_place` [ RunTime:0.0116s ]
SQL: SELECT * FROM `yzclub_adv_place`  [ RunTime:0.0005s ]
INFO: [ view_parse ] --START--
INFO: [ template_filter ] --START--
INFO: Run Behavior\ContentReplaceBehavior [ RunTime:0.000157s ]
INFO: [ template_filter ] --END-- [ RunTime:0.000222s ]
INFO: Run Behavior\ParseTemplateBehavior [ RunTime:0.019874s ]
INFO: [ view_parse ] --END-- [ RunTime:0.019985s ]
INFO: [ view_filter ] --START--
INFO: Run Behavior\WriteHtmlCacheBehavior [ RunTime:0.000357s ]
INFO: [ view_filter ] --END-- [ RunTime:0.000399s ]
INFO: [ app_end ] --START--
INFO: Run Behavior\ShowPageTraceBehavior [ RunTime:0.000516s ]
INFO: [ app_end ] --END-- [ RunTime:0.000576s ]

