[ 2015-04-24T15:57:01+08:00 ] 127.0.0.1 /admin
INFO: [ app_init ] --START--
INFO: Run Behavior\BuildLiteBehavior [ RunTime:0.000023s ]
INFO: [ app_init ] --END-- [ RunTime:0.000345s ]
INFO: [ app_begin ] --START--
INFO: Run Behavior\ReadHtmlCacheBehavior [ RunTime:0.000496s ]
INFO: [ app_begin ] --END-- [ RunTime:0.000554s ]
SQL: SHOW COLUMNS FROM `yzclub_admin_node` [ RunTime:0.1333s ]
SQL: SELECT * FROM `yzclub_admin_node` WHERE `name` = 'Index' AND `level` = '1' LIMIT 1   [ RunTime:0.2078s ]
SQL: SELECT * FROM `yzclub_admin_node` WHERE `name` = 'index' AND `pid` = null LIMIT 1   [ RunTime:0.0035s ]
NOTIC: [8] Undefined index: authId E:\server\Apache2.4\htdocs\club\Application\Common\Controller\BaseController.class.php 第 36 行.

[ 2015-04-24T15:57:01+08:00 ] 127.0.0.1 /index.php/admin/public/login
INFO: [ app_init ] --START--
INFO: Run Behavior\BuildLiteBehavior [ RunTime:0.000015s ]
INFO: [ app_init ] --END-- [ RunTime:0.000327s ]
INFO: [ app_begin ] --START--
INFO: Run Behavior\ReadHtmlCacheBehavior [ RunTime:0.000539s ]
INFO: [ app_begin ] --END-- [ RunTime:0.000599s ]
SQL: SHOW COLUMNS FROM `yzclub_admin_node` [ RunTime:0.0069s ]
SQL: SELECT * FROM `yzclub_admin_node` WHERE `name` = 'Public' AND `level` = '1' LIMIT 1   [ RunTime:0.0006s ]
SQL: SELECT * FROM `yzclub_admin_node` WHERE `name` = 'login' AND `pid` = null LIMIT 1   [ RunTime:0.0004s ]
NOTIC: [8] Undefined index: authId E:\server\Apache2.4\htdocs\club\Application\Common\Controller\BaseController.class.php 第 36 行.
INFO: [ view_parse ] --START--
INFO: [ template_filter ] --START--
INFO: Run Behavior\ContentReplaceBehavior [ RunTime:0.000100s ]
INFO: [ template_filter ] --END-- [ RunTime:0.000221s ]
INFO: Run Behavior\ParseTemplateBehavior [ RunTime:0.300711s ]
INFO: [ view_parse ] --END-- [ RunTime:0.301250s ]
INFO: [ view_filter ] --START--
INFO: Run Behavior\WriteHtmlCacheBehavior [ RunTime:0.028927s ]
INFO: [ view_filter ] --END-- [ RunTime:0.029040s ]
INFO: [ app_end ] --START--
INFO: Run Behavior\ShowPageTraceBehavior [ RunTime:0.000488s ]
INFO: [ app_end ] --END-- [ RunTime:0.000536s ]

[ 2015-04-24T15:57:06+08:00 ] 127.0.0.1 /index.php/admin/public/login
INFO: [ app_init ] --START--
INFO: Run Behavior\BuildLiteBehavior [ RunTime:0.000013s ]
INFO: [ app_init ] --END-- [ RunTime:0.000333s ]
INFO: [ app_begin ] --START--
INFO: Run Behavior\ReadHtmlCacheBehavior [ RunTime:0.000418s ]
INFO: [ app_begin ] --END-- [ RunTime:0.000578s ]
SQL: SHOW COLUMNS FROM `yzclub_admin_node` [ RunTime:0.0185s ]
SQL: SELECT * FROM `yzclub_admin_node` WHERE `name` = 'Public' AND `level` = '1' LIMIT 1   [ RunTime:0.0006s ]
SQL: SELECT * FROM `yzclub_admin_node` WHERE `name` = 'login' AND `pid` = null LIMIT 1   [ RunTime:0.0003s ]
NOTIC: [8] Undefined index: authId E:\server\Apache2.4\htdocs\club\Application\Common\Controller\BaseController.class.php 第 36 行.
SQL: SHOW COLUMNS FROM `yzclub_admin` [ RunTime:0.0139s ]
SQL: SELECT * FROM `yzclub_admin` WHERE `username` = 'administrator' AND `status` > 0 LIMIT 1   [ RunTime:0.0962s ]
SQL: UPDATE `yzclub_admin` SET `last_login_time`='1429862225',`login_count`=login_count+1,`last_login_ip`='127.0.0.1' WHERE `id` = 1 [ RunTime:0.1185s ]
INFO: [ view_parse ] --START--
INFO: [ template_filter ] --START--
INFO: Run Behavior\ContentReplaceBehavior [ RunTime:0.000087s ]
INFO: [ template_filter ] --END-- [ RunTime:0.000262s ]
INFO: Run Behavior\ParseTemplateBehavior [ RunTime:0.197021s ]
INFO: [ view_parse ] --END-- [ RunTime:0.197125s ]
INFO: [ view_filter ] --START--
INFO: Run Behavior\WriteHtmlCacheBehavior [ RunTime:0.000633s ]
INFO: [ view_filter ] --END-- [ RunTime:0.000692s ]
INFO: [ app_end ] --START--
INFO: Run Behavior\ShowPageTraceBehavior [ RunTime:0.000668s ]
INFO: [ app_end ] --END-- [ RunTime:0.000731s ]

[ 2015-04-24T15:57:08+08:00 ] 127.0.0.1 /index.php/admin
INFO: [ app_init ] --START--
INFO: Run Behavior\BuildLiteBehavior [ RunTime:0.000033s ]
INFO: [ app_init ] --END-- [ RunTime:0.000518s ]
INFO: [ app_begin ] --START--
INFO: Run Behavior\ReadHtmlCacheBehavior [ RunTime:0.000635s ]
INFO: [ app_begin ] --END-- [ RunTime:0.000703s ]
SQL: SHOW COLUMNS FROM `yzclub_admin_node` [ RunTime:0.0117s ]
SQL: SELECT * FROM `yzclub_admin_node` WHERE `name` = 'Index' AND `level` = '1' LIMIT 1   [ RunTime:0.0004s ]
SQL: SELECT * FROM `yzclub_admin_node` WHERE `name` = 'index' AND `pid` = null LIMIT 1   [ RunTime:0.0002s ]
INFO: [ view_parse ] --START--
INFO: [ template_filter ] --START--
INFO: Run Behavior\ContentReplaceBehavior [ RunTime:0.000105s ]
INFO: [ template_filter ] --END-- [ RunTime:0.000187s ]
INFO: Run Behavior\ParseTemplateBehavior [ RunTime:0.022186s ]
INFO: [ view_parse ] --END-- [ RunTime:0.022280s ]
INFO: [ view_filter ] --START--
INFO: Run Behavior\WriteHtmlCacheBehavior [ RunTime:0.000593s ]
INFO: [ view_filter ] --END-- [ RunTime:0.000654s ]
INFO: [ app_end ] --START--
INFO: Run Behavior\ShowPageTraceBehavior [ RunTime:0.000622s ]
INFO: [ app_end ] --END-- [ RunTime:0.000685s ]

[ 2015-04-24T15:57:08+08:00 ] 127.0.0.1 /index.php/admin/index/top
INFO: [ app_init ] --START--
INFO: Run Behavior\BuildLiteBehavior [ RunTime:0.000021s ]
INFO: [ app_init ] --END-- [ RunTime:0.000451s ]
INFO: [ app_begin ] --START--
INFO: Run Behavior\ReadHtmlCacheBehavior [ RunTime:0.000532s ]
INFO: [ app_begin ] --END-- [ RunTime:0.000629s ]
SQL: SHOW COLUMNS FROM `yzclub_admin_node` [ RunTime:0.0249s ]
SQL: SELECT * FROM `yzclub_admin_node` WHERE `name` = 'Index' AND `level` = '1' LIMIT 1   [ RunTime:0.0007s ]
SQL: SELECT * FROM `yzclub_admin_node` WHERE `name` = 'top' AND `pid` = null LIMIT 1   [ RunTime:0.0004s ]
SQL: SELECT * FROM `yzclub_admin_node` WHERE ( level="0" ) ORDER BY sort asc  [ RunTime:0.0114s ]
INFO: [ view_parse ] --START--
INFO: [ template_filter ] --START--
INFO: Run Behavior\ContentReplaceBehavior [ RunTime:0.000082s ]
INFO: [ template_filter ] --END-- [ RunTime:0.000135s ]
INFO: Run Behavior\ParseTemplateBehavior [ RunTime:0.046626s ]
INFO: [ view_parse ] --END-- [ RunTime:0.046708s ]
INFO: [ view_filter ] --START--
INFO: Run Behavior\WriteHtmlCacheBehavior [ RunTime:0.000424s ]
INFO: [ view_filter ] --END-- [ RunTime:0.000471s ]
INFO: [ app_end ] --START--
INFO: Run Behavior\ShowPageTraceBehavior [ RunTime:0.000437s ]
INFO: [ app_end ] --END-- [ RunTime:0.000481s ]

[ 2015-04-24T15:57:09+08:00 ] 127.0.0.1 /index.php/admin/index/right
INFO: [ app_init ] --START--
INFO: Run Behavior\BuildLiteBehavior [ RunTime:0.000015s ]
INFO: [ app_init ] --END-- [ RunTime:0.000505s ]
INFO: [ app_begin ] --START--
INFO: Run Behavior\ReadHtmlCacheBehavior [ RunTime:0.000735s ]
INFO: [ app_begin ] --END-- [ RunTime:0.000806s ]
SQL: SHOW COLUMNS FROM `yzclub_admin_node` [ RunTime:0.0126s ]
SQL: SELECT * FROM `yzclub_admin_node` WHERE `name` = 'Index' AND `level` = '1' LIMIT 1   [ RunTime:0.0006s ]
SQL: SELECT * FROM `yzclub_admin_node` WHERE `name` = 'right' AND `pid` = null LIMIT 1   [ RunTime:0.0003s ]
SQL: SHOW COLUMNS FROM `yzclub_admin` [ RunTime:0.0221s ]
SQL: SELECT * FROM `yzclub_admin` WHERE `id` = 1 LIMIT 1   [ RunTime:0.0005s ]
INFO: [ view_parse ] --START--
INFO: [ template_filter ] --START--
INFO: Run Behavior\ContentReplaceBehavior [ RunTime:0.000158s ]
INFO: [ template_filter ] --END-- [ RunTime:0.000216s ]
NOTIC: [8] Undefined variable: count E:\server\Apache2.4\htdocs\club\Application\Runtime\Cache\Admin\7e2e2045534c88122b0a2676c2fd3203.php 第 43 行.
NOTIC: [8] Undefined variable: count E:\server\Apache2.4\htdocs\club\Application\Runtime\Cache\Admin\7e2e2045534c88122b0a2676c2fd3203.php 第 44 行.
NOTIC: [8] Undefined variable: count E:\server\Apache2.4\htdocs\club\Application\Runtime\Cache\Admin\7e2e2045534c88122b0a2676c2fd3203.php 第 45 行.
NOTIC: [8] Undefined variable: count E:\server\Apache2.4\htdocs\club\Application\Runtime\Cache\Admin\7e2e2045534c88122b0a2676c2fd3203.php 第 46 行.
NOTIC: [8] Undefined variable: count E:\server\Apache2.4\htdocs\club\Application\Runtime\Cache\Admin\7e2e2045534c88122b0a2676c2fd3203.php 第 47 行.
NOTIC: [8] Undefined variable: count E:\server\Apache2.4\htdocs\club\Application\Runtime\Cache\Admin\7e2e2045534c88122b0a2676c2fd3203.php 第 48 行.
NOTIC: [8] Undefined variable: count E:\server\Apache2.4\htdocs\club\Application\Runtime\Cache\Admin\7e2e2045534c88122b0a2676c2fd3203.php 第 54 行.
NOTIC: [8] Undefined variable: count E:\server\Apache2.4\htdocs\club\Application\Runtime\Cache\Admin\7e2e2045534c88122b0a2676c2fd3203.php 第 55 行.
NOTIC: [8] Undefined variable: count E:\server\Apache2.4\htdocs\club\Application\Runtime\Cache\Admin\7e2e2045534c88122b0a2676c2fd3203.php 第 61 行.
NOTIC: [8] Undefined variable: count E:\server\Apache2.4\htdocs\club\Application\Runtime\Cache\Admin\7e2e2045534c88122b0a2676c2fd3203.php 第 62 行.
NOTIC: [2048] Only variables should be passed by reference E:\server\Apache2.4\htdocs\club\Application\Runtime\Cache\Admin\7e2e2045534c88122b0a2676c2fd3203.php 第 102 行.
NOTIC: [2048] Only variables should be passed by reference E:\server\Apache2.4\htdocs\club\Application\Runtime\Cache\Admin\7e2e2045534c88122b0a2676c2fd3203.php 第 102 行.
NOTIC: [2048] Only variables should be passed by reference E:\server\Apache2.4\htdocs\club\Application\Runtime\Cache\Admin\7e2e2045534c88122b0a2676c2fd3203.php 第 102 行.
NOTIC: [2048] Only variables should be passed by reference E:\server\Apache2.4\htdocs\club\Application\Runtime\Cache\Admin\7e2e2045534c88122b0a2676c2fd3203.php 第 102 行.
NOTIC: [2048] Only variables should be passed by reference E:\server\Apache2.4\htdocs\club\Application\Runtime\Cache\Admin\7e2e2045534c88122b0a2676c2fd3203.php 第 102 行.
NOTIC: [2048] Only variables should be passed by reference E:\server\Apache2.4\htdocs\club\Application\Runtime\Cache\Admin\7e2e2045534c88122b0a2676c2fd3203.php 第 102 行.
NOTIC: [2048] Only variables should be passed by reference E:\server\Apache2.4\htdocs\club\Application\Runtime\Cache\Admin\7e2e2045534c88122b0a2676c2fd3203.php 第 102 行.
NOTIC: [2048] Only variables should be passed by reference E:\server\Apache2.4\htdocs\club\Application\Runtime\Cache\Admin\7e2e2045534c88122b0a2676c2fd3203.php 第 102 行.
NOTIC: [2048] Only variables should be passed by reference E:\server\Apache2.4\htdocs\club\Application\Runtime\Cache\Admin\7e2e2045534c88122b0a2676c2fd3203.php 第 102 行.
NOTIC: [2048] Only variables should be passed by reference E:\server\Apache2.4\htdocs\club\Application\Runtime\Cache\Admin\7e2e2045534c88122b0a2676c2fd3203.php 第 102 行.
NOTIC: [2048] Only variables should be passed by reference E:\server\Apache2.4\htdocs\club\Application\Runtime\Cache\Admin\7e2e2045534c88122b0a2676c2fd3203.php 第 102 行.
NOTIC: [2048] Only variables should be passed by reference E:\server\Apache2.4\htdocs\club\Application\Runtime\Cache\Admin\7e2e2045534c88122b0a2676c2fd3203.php 第 102 行.
NOTIC: [2048] Only variables should be passed by reference E:\server\Apache2.4\htdocs\club\Application\Runtime\Cache\Admin\7e2e2045534c88122b0a2676c2fd3203.php 第 102 行.
NOTIC: [2048] Only variables should be passed by reference E:\server\Apache2.4\htdocs\club\Application\Runtime\Cache\Admin\7e2e2045534c88122b0a2676c2fd3203.php 第 102 行.
NOTIC: [2048] Only variables should be passed by reference E:\server\Apache2.4\htdocs\club\Application\Runtime\Cache\Admin\7e2e2045534c88122b0a2676c2fd3203.php 第 102 行.
NOTIC: [2048] Only variables should be passed by reference E:\server\Apache2.4\htdocs\club\Application\Runtime\Cache\Admin\7e2e2045534c88122b0a2676c2fd3203.php 第 102 行.
NOTIC: [2048] Only variables should be passed by reference E:\server\Apache2.4\htdocs\club\Application\Runtime\Cache\Admin\7e2e2045534c88122b0a2676c2fd3203.php 第 102 行.
NOTIC: [2048] Only variables should be passed by reference E:\server\Apache2.4\htdocs\club\Application\Runtime\Cache\Admin\7e2e2045534c88122b0a2676c2fd3203.php 第 102 行.
NOTIC: [2048] Only variables should be passed by reference E:\server\Apache2.4\htdocs\club\Application\Runtime\Cache\Admin\7e2e2045534c88122b0a2676c2fd3203.php 第 102 行.
NOTIC: [2048] Only variables should be passed by reference E:\server\Apache2.4\htdocs\club\Application\Runtime\Cache\Admin\7e2e2045534c88122b0a2676c2fd3203.php 第 102 行.
NOTIC: [2048] Only variables should be passed by reference E:\server\Apache2.4\htdocs\club\Application\Runtime\Cache\Admin\7e2e2045534c88122b0a2676c2fd3203.php 第 102 行.
NOTIC: [2048] Only variables should be passed by reference E:\server\Apache2.4\htdocs\club\Application\Runtime\Cache\Admin\7e2e2045534c88122b0a2676c2fd3203.php 第 102 行.
NOTIC: [2048] Only variables should be passed by reference E:\server\Apache2.4\htdocs\club\Application\Runtime\Cache\Admin\7e2e2045534c88122b0a2676c2fd3203.php 第 102 行.
NOTIC: [2048] Only variables should be passed by reference E:\server\Apache2.4\htdocs\club\Application\Runtime\Cache\Admin\7e2e2045534c88122b0a2676c2fd3203.php 第 102 行.
NOTIC: [2048] Only variables should be passed by reference E:\server\Apache2.4\htdocs\club\Application\Runtime\Cache\Admin\7e2e2045534c88122b0a2676c2fd3203.php 第 102 行.
NOTIC: [2048] Only variables should be passed by reference E:\server\Apache2.4\htdocs\club\Application\Runtime\Cache\Admin\7e2e2045534c88122b0a2676c2fd3203.php 第 102 行.
NOTIC: [2048] Only variables should be passed by reference E:\server\Apache2.4\htdocs\club\Application\Runtime\Cache\Admin\7e2e2045534c88122b0a2676c2fd3203.php 第 102 行.
NOTIC: [2048] Only variables should be passed by reference E:\server\Apache2.4\htdocs\club\Application\Runtime\Cache\Admin\7e2e2045534c88122b0a2676c2fd3203.php 第 102 行.
INFO: Run Behavior\ParseTemplateBehavior [ RunTime:0.137506s ]
INFO: [ view_parse ] --END-- [ RunTime:0.137574s ]
INFO: [ view_filter ] --START--
INFO: Run Behavior\WriteHtmlCacheBehavior [ RunTime:0.000735s ]
INFO: [ view_filter ] --END-- [ RunTime:0.000790s ]
INFO: [ app_end ] --START--
INFO: Run Behavior\ShowPageTraceBehavior [ RunTime:0.001025s ]
INFO: [ app_end ] --END-- [ RunTime:0.001086s ]

[ 2015-04-24T15:57:09+08:00 ] 127.0.0.1 /index.php/admin/index/left
INFO: [ app_init ] --START--
INFO: Run Behavior\BuildLiteBehavior [ RunTime:0.000020s ]
INFO: [ app_init ] --END-- [ RunTime:0.000854s ]
INFO: [ app_begin ] --START--
INFO: Run Behavior\ReadHtmlCacheBehavior [ RunTime:0.000613s ]
INFO: [ app_begin ] --END-- [ RunTime:0.000670s ]
SQL: SHOW COLUMNS FROM `yzclub_admin_node` [ RunTime:0.0142s ]
SQL: SELECT * FROM `yzclub_admin_node` WHERE `name` = 'Index' AND `level` = '1' LIMIT 1   [ RunTime:0.0006s ]
SQL: SELECT * FROM `yzclub_admin_node` WHERE `name` = 'left' AND `pid` = null LIMIT 1   [ RunTime:0.0003s ]
SQL: SELECT * FROM `yzclub_admin_node` WHERE ( level != "-1" and status > 0 ) ORDER BY id asc  [ RunTime:0.0007s ]
INFO: [ view_parse ] --START--
INFO: [ template_filter ] --START--
INFO: Run Behavior\ContentReplaceBehavior [ RunTime:0.000096s ]
INFO: [ template_filter ] --END-- [ RunTime:0.000246s ]
NOTIC: [8] Undefined index: _child E:\server\Apache2.4\htdocs\club\Application\Runtime\Cache\Admin\6778f0baf40e879d2b8c18d2052abd0c.php 第 25 行.
NOTIC: [8] Undefined index: _child E:\server\Apache2.4\htdocs\club\Application\Runtime\Cache\Admin\6778f0baf40e879d2b8c18d2052abd0c.php 第 25 行.
NOTIC: [8] Undefined index: _child E:\server\Apache2.4\htdocs\club\Application\Runtime\Cache\Admin\6778f0baf40e879d2b8c18d2052abd0c.php 第 25 行.
NOTIC: [8] Undefined index: _child E:\server\Apache2.4\htdocs\club\Application\Runtime\Cache\Admin\6778f0baf40e879d2b8c18d2052abd0c.php 第 22 行.
NOTIC: [8] Undefined index: _child E:\server\Apache2.4\htdocs\club\Application\Runtime\Cache\Admin\6778f0baf40e879d2b8c18d2052abd0c.php 第 22 行.
INFO: Run Behavior\ParseTemplateBehavior [ RunTime:0.017077s ]
INFO: [ view_parse ] --END-- [ RunTime:0.017176s ]
INFO: [ view_filter ] --START--
INFO: Run Behavior\WriteHtmlCacheBehavior [ RunTime:0.000769s ]
INFO: [ view_filter ] --END-- [ RunTime:0.000854s ]
INFO: [ app_end ] --START--
INFO: Run Behavior\ShowPageTraceBehavior [ RunTime:0.001352s ]
INFO: [ app_end ] --END-- [ RunTime:0.001457s ]

[ 2015-04-24T15:57:13+08:00 ] 127.0.0.1 /admin/Admin/index
INFO: [ app_init ] --START--
INFO: Run Behavior\BuildLiteBehavior [ RunTime:0.000024s ]
INFO: [ app_init ] --END-- [ RunTime:0.000374s ]
INFO: [ app_begin ] --START--
INFO: Run Behavior\ReadHtmlCacheBehavior [ RunTime:0.000447s ]
INFO: [ app_begin ] --END-- [ RunTime:0.000504s ]
SQL: SHOW COLUMNS FROM `yzclub_admin_node` [ RunTime:0.0118s ]
SQL: SELECT * FROM `yzclub_admin_node` WHERE `name` = 'Admin' AND `level` = '1' LIMIT 1   [ RunTime:0.0005s ]
SQL: SELECT * FROM `yzclub_admin_node` WHERE `name` = 'index' AND `pid` = 33 LIMIT 1   [ RunTime:0.0281s ]
NOTIC: [2] Illegal string offset 'title' E:\server\Apache2.4\htdocs\club\Application\Common\Controller\BaseController.class.php 第 32 行.
SQL: SHOW COLUMNS FROM `yzclub_admin_role` [ RunTime:0.0583s ]
SQL: SELECT * FROM `yzclub_admin_role`  [ RunTime:0.0006s ]
NOTIC: [8] Undefined index: role_id E:\server\Apache2.4\htdocs\club\Application\Admin\Controller\AdminController.class.php 第 21 行.
SQL: SHOW COLUMNS FROM `yzclub_admin` [ RunTime:0.0099s ]
SQL: SHOW COLUMNS FROM `yzclub_admin_role_user` [ RunTime:0.0081s ]
SQL: SELECT Admin.id AS id,Admin.username AS username,Admin.name AS name,Admin.last_login_time AS last_login_time,Admin.last_login_ip AS last_login_ip,Admin.login_count AS login_count,AdminRoleUser.role_id AS role_id,AdminRole.name AS role_name FROM yzclub_admin Admin  JOIN yzclub_admin_role_user AdminRoleUser ON Admin.id = AdminRoleUser.user_id  JOIN yzclub_admin_role AdminRole ON AdminRole.id = AdminRoleUser.role_id  [ RunTime:0.2199s ]
ERR: 模板不存在:./Application/Admin/View/Admin/index.html

[ 2015-04-24T15:57:15+08:00 ] 127.0.0.1 /admin/Admin/index
INFO: [ app_init ] --START--
INFO: Run Behavior\BuildLiteBehavior [ RunTime:0.000014s ]
INFO: [ app_init ] --END-- [ RunTime:0.000361s ]
INFO: [ app_begin ] --START--
INFO: Run Behavior\ReadHtmlCacheBehavior [ RunTime:0.000410s ]
INFO: [ app_begin ] --END-- [ RunTime:0.000463s ]
SQL: SHOW COLUMNS FROM `yzclub_admin_node` [ RunTime:0.0126s ]
SQL: SELECT * FROM `yzclub_admin_node` WHERE `name` = 'Admin' AND `level` = '1' LIMIT 1   [ RunTime:0.0005s ]
SQL: SELECT * FROM `yzclub_admin_node` WHERE `name` = 'index' AND `pid` = 33 LIMIT 1   [ RunTime:0.0013s ]
NOTIC: [2] Illegal string offset 'title' E:\server\Apache2.4\htdocs\club\Application\Common\Controller\BaseController.class.php 第 32 行.
SQL: SHOW COLUMNS FROM `yzclub_admin_role` [ RunTime:0.0095s ]
SQL: SELECT * FROM `yzclub_admin_role`  [ RunTime:0.0005s ]
NOTIC: [8] Undefined index: role_id E:\server\Apache2.4\htdocs\club\Application\Admin\Controller\AdminController.class.php 第 21 行.
SQL: SHOW COLUMNS FROM `yzclub_admin` [ RunTime:0.0097s ]
SQL: SHOW COLUMNS FROM `yzclub_admin_role_user` [ RunTime:0.0085s ]
SQL: SELECT Admin.id AS id,Admin.username AS username,Admin.name AS name,Admin.last_login_time AS last_login_time,Admin.last_login_ip AS last_login_ip,Admin.login_count AS login_count,AdminRoleUser.role_id AS role_id,AdminRole.name AS role_name FROM yzclub_admin Admin  JOIN yzclub_admin_role_user AdminRoleUser ON Admin.id = AdminRoleUser.user_id  JOIN yzclub_admin_role AdminRole ON AdminRole.id = AdminRoleUser.role_id  [ RunTime:0.0008s ]
ERR: 模板不存在:./Application/Admin/View/Admin/index.html

[ 2015-04-24T15:57:15+08:00 ] 127.0.0.1 /admin/Admin/add
INFO: [ app_init ] --START--
INFO: Run Behavior\BuildLiteBehavior [ RunTime:0.000013s ]
INFO: [ app_init ] --END-- [ RunTime:0.000353s ]
INFO: [ app_begin ] --START--
INFO: Run Behavior\ReadHtmlCacheBehavior [ RunTime:0.000458s ]
INFO: [ app_begin ] --END-- [ RunTime:0.000504s ]
SQL: SHOW COLUMNS FROM `yzclub_admin_node` [ RunTime:0.0079s ]
SQL: SELECT * FROM `yzclub_admin_node` WHERE `name` = 'Admin' AND `level` = '1' LIMIT 1   [ RunTime:0.0005s ]
SQL: SELECT * FROM `yzclub_admin_node` WHERE `name` = 'add' AND `pid` = 33 LIMIT 1   [ RunTime:0.0013s ]
NOTIC: [2] Illegal string offset 'title' E:\server\Apache2.4\htdocs\club\Application\Common\Controller\BaseController.class.php 第 32 行.
SQL: SHOW COLUMNS FROM `yzclub_admin_role` [ RunTime:0.0071s ]
SQL: SELECT * FROM `yzclub_admin_role`  [ RunTime:0.0005s ]
ERR: 模板不存在:./Application/Admin/View/Admin/add.html

[ 2015-04-24T15:57:17+08:00 ] 127.0.0.1 /admin/AdminRole/index
INFO: [ app_init ] --START--
INFO: Run Behavior\BuildLiteBehavior [ RunTime:0.000017s ]
INFO: [ app_init ] --END-- [ RunTime:0.000549s ]
INFO: [ app_begin ] --START--
INFO: Run Behavior\ReadHtmlCacheBehavior [ RunTime:0.000565s ]
INFO: [ app_begin ] --END-- [ RunTime:0.000628s ]
SQL: SHOW COLUMNS FROM `yzclub_admin_node` [ RunTime:0.0118s ]
SQL: SELECT * FROM `yzclub_admin_node` WHERE `name` = 'AdminRole' AND `level` = '1' LIMIT 1   [ RunTime:0.0005s ]
SQL: SELECT * FROM `yzclub_admin_node` WHERE `name` = 'index' AND `pid` = 34 LIMIT 1   [ RunTime:0.0013s ]
NOTIC: [2] Illegal string offset 'title' E:\server\Apache2.4\htdocs\club\Application\Common\Controller\BaseController.class.php 第 32 行.
SQL: SELECT * FROM `yzclub_admin_node` WHERE ( status > 0 )  [ RunTime:0.0009s ]
NOTIC: [8] Use of undefined constant MANY_TO_MANY - assumed 'MANY_TO_MANY' E:\server\Apache2.4\htdocs\club\Application\Admin\Controller\AdminRoleController.class.php 第 14 行.
SQL: SHOW COLUMNS FROM `yzclub_admin_role` [ RunTime:0.0091s ]
SQL: SELECT * FROM `yzclub_admin_role` WHERE `status` = 1  [ RunTime:0.0006s ]
ERR: 模板不存在:./Application/Admin/View/AdminRole/index.html

[ 2015-04-24T15:57:17+08:00 ] 127.0.0.1 /admin/AdminRole/add
INFO: [ app_init ] --START--
INFO: Run Behavior\BuildLiteBehavior [ RunTime:0.000015s ]
INFO: [ app_init ] --END-- [ RunTime:0.000360s ]
INFO: [ app_begin ] --START--
INFO: Run Behavior\ReadHtmlCacheBehavior [ RunTime:0.000446s ]
INFO: [ app_begin ] --END-- [ RunTime:0.000504s ]
SQL: SHOW COLUMNS FROM `yzclub_admin_node` [ RunTime:0.0161s ]
SQL: SELECT * FROM `yzclub_admin_node` WHERE `name` = 'AdminRole' AND `level` = '1' LIMIT 1   [ RunTime:0.0007s ]
SQL: SELECT * FROM `yzclub_admin_node` WHERE `name` = 'add' AND `pid` = 34 LIMIT 1   [ RunTime:0.0015s ]
NOTIC: [2] Illegal string offset 'title' E:\server\Apache2.4\htdocs\club\Application\Common\Controller\BaseController.class.php 第 32 行.
SQL: SELECT * FROM `yzclub_admin_node` WHERE ( status > 0 )  [ RunTime:0.0008s ]
ERR: 模板不存在:./Application/Admin/View/AdminRole/add.html

[ 2015-04-24T15:57:18+08:00 ] 127.0.0.1 /admin/AdminNode/all
INFO: [ app_init ] --START--
INFO: Run Behavior\BuildLiteBehavior [ RunTime:0.000014s ]
INFO: [ app_init ] --END-- [ RunTime:0.000358s ]
INFO: [ app_begin ] --START--
INFO: Run Behavior\ReadHtmlCacheBehavior [ RunTime:0.000449s ]
INFO: [ app_begin ] --END-- [ RunTime:0.000495s ]
SQL: SHOW COLUMNS FROM `yzclub_admin_node` [ RunTime:0.0117s ]
SQL: SELECT * FROM `yzclub_admin_node` WHERE `name` = 'AdminNode' AND `level` = '1' LIMIT 1   [ RunTime:0.0006s ]
SQL: SELECT * FROM `yzclub_admin_node` WHERE `name` = 'all' AND `pid` = 43 LIMIT 1   [ RunTime:0.0004s ]
NOTIC: [2] Illegal string offset 'title' E:\server\Apache2.4\htdocs\club\Application\Common\Controller\BaseController.class.php 第 32 行.
ERR: Think\Controller:_list方法不存在！

[ 2015-04-24T15:57:18+08:00 ] 127.0.0.1 /admin/AdminNode/add
INFO: [ app_init ] --START--
INFO: Run Behavior\BuildLiteBehavior [ RunTime:0.000018s ]
INFO: [ app_init ] --END-- [ RunTime:0.000316s ]
INFO: [ app_begin ] --START--
INFO: Run Behavior\ReadHtmlCacheBehavior [ RunTime:0.000480s ]
INFO: [ app_begin ] --END-- [ RunTime:0.000524s ]
SQL: SHOW COLUMNS FROM `yzclub_admin_node` [ RunTime:0.0076s ]
SQL: SELECT * FROM `yzclub_admin_node` WHERE `name` = 'AdminNode' AND `level` = '1' LIMIT 1   [ RunTime:0.0005s ]
SQL: SELECT * FROM `yzclub_admin_node` WHERE `name` = 'add' AND `pid` = 43 LIMIT 1   [ RunTime:0.0012s ]
NOTIC: [2] Illegal string offset 'title' E:\server\Apache2.4\htdocs\club\Application\Common\Controller\BaseController.class.php 第 32 行.
ERR: 模板不存在:./Application/Admin/View/AdminNode/add.html

[ 2015-04-24T15:57:19+08:00 ] 127.0.0.1 /admin/AdminNode/all
INFO: [ app_init ] --START--
INFO: Run Behavior\BuildLiteBehavior [ RunTime:0.000015s ]
INFO: [ app_init ] --END-- [ RunTime:0.000419s ]
INFO: [ app_begin ] --START--
INFO: Run Behavior\ReadHtmlCacheBehavior [ RunTime:0.000463s ]
INFO: [ app_begin ] --END-- [ RunTime:0.000510s ]
SQL: SHOW COLUMNS FROM `yzclub_admin_node` [ RunTime:0.0110s ]
SQL: SELECT * FROM `yzclub_admin_node` WHERE `name` = 'AdminNode' AND `level` = '1' LIMIT 1   [ RunTime:0.0005s ]
SQL: SELECT * FROM `yzclub_admin_node` WHERE `name` = 'all' AND `pid` = 43 LIMIT 1   [ RunTime:0.0004s ]
NOTIC: [2] Illegal string offset 'title' E:\server\Apache2.4\htdocs\club\Application\Common\Controller\BaseController.class.php 第 32 行.
ERR: Think\Controller:_list方法不存在！

