[ 2015-04-27T17:19:55+08:00 ] 127.0.0.1 /admin
INFO: [ app_init ] --START--
INFO: Run Behavior\BuildLiteBehavior [ RunTime:0.000015s ]
INFO: [ app_init ] --END-- [ RunTime:0.000603s ]
INFO: [ app_begin ] --START--
INFO: Run Behavior\ReadHtmlCacheBehavior [ RunTime:0.000633s ]
INFO: [ app_begin ] --END-- [ RunTime:0.000696s ]
SQL: SHOW COLUMNS FROM `yzclub_admin_node` [ RunTime:0.1332s ]
SQL: SELECT * FROM `yzclub_admin_node` WHERE `name` = 'Index' AND `level` = '1' LIMIT 1   [ RunTime:0.0058s ]
SQL: SELECT * FROM `yzclub_admin_node` WHERE `name` = 'index' AND `pid` = null LIMIT 1   [ RunTime:0.0003s ]
NOTIC: [8] Undefined index: authId E:\server\Apache2.4\htdocs\club\Application\Common\Controller\BaseController.class.php 第 36 行.

[ 2015-04-27T17:19:55+08:00 ] 127.0.0.1 /index.php/admin/public/login
INFO: [ app_init ] --START--
INFO: Run Behavior\BuildLiteBehavior [ RunTime:0.000014s ]
INFO: [ app_init ] --END-- [ RunTime:0.000364s ]
INFO: [ app_begin ] --START--
INFO: Run Behavior\ReadHtmlCacheBehavior [ RunTime:0.000443s ]
INFO: [ app_begin ] --END-- [ RunTime:0.000492s ]
SQL: SHOW COLUMNS FROM `yzclub_admin_node` [ RunTime:0.0080s ]
SQL: SELECT * FROM `yzclub_admin_node` WHERE `name` = 'Public' AND `level` = '1' LIMIT 1   [ RunTime:0.0121s ]
SQL: SELECT * FROM `yzclub_admin_node` WHERE `name` = 'login' AND `pid` = null LIMIT 1   [ RunTime:0.0004s ]
NOTIC: [8] Undefined index: authId E:\server\Apache2.4\htdocs\club\Application\Common\Controller\BaseController.class.php 第 36 行.
INFO: [ view_parse ] --START--
INFO: [ template_filter ] --START--
INFO: Run Behavior\ContentReplaceBehavior [ RunTime:0.000074s ]
INFO: [ template_filter ] --END-- [ RunTime:0.000129s ]
INFO: Run Behavior\ParseTemplateBehavior [ RunTime:0.033705s ]
INFO: [ view_parse ] --END-- [ RunTime:0.033791s ]
INFO: [ view_filter ] --START--
INFO: Run Behavior\WriteHtmlCacheBehavior [ RunTime:0.000351s ]
INFO: [ view_filter ] --END-- [ RunTime:0.000398s ]
INFO: [ app_end ] --START--
INFO: Run Behavior\ShowPageTraceBehavior [ RunTime:0.000651s ]
INFO: [ app_end ] --END-- [ RunTime:0.000697s ]

[ 2015-04-27T17:20:00+08:00 ] 127.0.0.1 /index.php/admin/public/login
INFO: [ app_init ] --START--
INFO: Run Behavior\BuildLiteBehavior [ RunTime:0.000025s ]
INFO: [ app_init ] --END-- [ RunTime:0.000418s ]
INFO: [ app_begin ] --START--
INFO: Run Behavior\ReadHtmlCacheBehavior [ RunTime:0.000529s ]
INFO: [ app_begin ] --END-- [ RunTime:0.000576s ]
SQL: SHOW COLUMNS FROM `yzclub_admin_node` [ RunTime:0.0121s ]
SQL: SELECT * FROM `yzclub_admin_node` WHERE `name` = 'Public' AND `level` = '1' LIMIT 1   [ RunTime:0.0006s ]
SQL: SELECT * FROM `yzclub_admin_node` WHERE `name` = 'login' AND `pid` = null LIMIT 1   [ RunTime:0.0003s ]
NOTIC: [8] Undefined index: authId E:\server\Apache2.4\htdocs\club\Application\Common\Controller\BaseController.class.php 第 36 行.
SQL: SHOW COLUMNS FROM `yzclub_admin` [ RunTime:0.0767s ]
SQL: SELECT * FROM `yzclub_admin` WHERE `username` = 'administrator' AND `status` > 0 LIMIT 1   [ RunTime:0.0005s ]
SQL: UPDATE `yzclub_admin` SET `last_login_time`='1430126400',`login_count`=login_count+1,`last_login_ip`='127.0.0.1' WHERE `id` = 1 [ RunTime:0.0549s ]
INFO: [ view_parse ] --START--
INFO: [ template_filter ] --START--
INFO: Run Behavior\ContentReplaceBehavior [ RunTime:0.000077s ]
INFO: [ template_filter ] --END-- [ RunTime:0.000142s ]
INFO: Run Behavior\ParseTemplateBehavior [ RunTime:0.016463s ]
INFO: [ view_parse ] --END-- [ RunTime:0.016559s ]
INFO: [ view_filter ] --START--
INFO: Run Behavior\WriteHtmlCacheBehavior [ RunTime:0.000400s ]
INFO: [ view_filter ] --END-- [ RunTime:0.000439s ]
INFO: [ app_end ] --START--
INFO: Run Behavior\ShowPageTraceBehavior [ RunTime:0.000609s ]
INFO: [ app_end ] --END-- [ RunTime:0.000660s ]

[ 2015-04-27T17:20:02+08:00 ] 127.0.0.1 /index.php/admin
INFO: [ app_init ] --START--
INFO: Run Behavior\BuildLiteBehavior [ RunTime:0.000017s ]
INFO: [ app_init ] --END-- [ RunTime:0.000320s ]
INFO: [ app_begin ] --START--
INFO: Run Behavior\ReadHtmlCacheBehavior [ RunTime:0.000475s ]
INFO: [ app_begin ] --END-- [ RunTime:0.000526s ]
SQL: SHOW COLUMNS FROM `yzclub_admin_node` [ RunTime:0.0117s ]
SQL: SELECT * FROM `yzclub_admin_node` WHERE `name` = 'Index' AND `level` = '1' LIMIT 1   [ RunTime:0.0006s ]
SQL: SELECT * FROM `yzclub_admin_node` WHERE `name` = 'index' AND `pid` = null LIMIT 1   [ RunTime:0.0004s ]
INFO: [ view_parse ] --START--
INFO: [ template_filter ] --START--
INFO: Run Behavior\ContentReplaceBehavior [ RunTime:0.000079s ]
INFO: [ template_filter ] --END-- [ RunTime:0.000146s ]
INFO: Run Behavior\ParseTemplateBehavior [ RunTime:0.038044s ]
INFO: [ view_parse ] --END-- [ RunTime:0.038146s ]
INFO: [ view_filter ] --START--
INFO: Run Behavior\WriteHtmlCacheBehavior [ RunTime:0.000421s ]
INFO: [ view_filter ] --END-- [ RunTime:0.000465s ]
INFO: [ app_end ] --START--
INFO: Run Behavior\ShowPageTraceBehavior [ RunTime:0.000640s ]
INFO: [ app_end ] --END-- [ RunTime:0.000679s ]

[ 2015-04-27T17:20:02+08:00 ] 127.0.0.1 /index.php/admin/index/top
INFO: [ app_init ] --START--
INFO: Run Behavior\BuildLiteBehavior [ RunTime:0.000018s ]
INFO: [ app_init ] --END-- [ RunTime:0.000474s ]
INFO: [ app_begin ] --START--
INFO: Run Behavior\ReadHtmlCacheBehavior [ RunTime:0.000653s ]
INFO: [ app_begin ] --END-- [ RunTime:0.000765s ]
SQL: SHOW COLUMNS FROM `yzclub_admin_node` [ RunTime:0.0086s ]
SQL: SELECT * FROM `yzclub_admin_node` WHERE `name` = 'Index' AND `level` = '1' LIMIT 1   [ RunTime:0.0007s ]
SQL: SELECT * FROM `yzclub_admin_node` WHERE `name` = 'top' AND `pid` = null LIMIT 1   [ RunTime:0.0003s ]
SQL: SELECT * FROM `yzclub_admin_node` WHERE ( level="0" ) ORDER BY sort asc  [ RunTime:0.0113s ]
INFO: [ view_parse ] --START--
INFO: [ template_filter ] --START--
INFO: Run Behavior\ContentReplaceBehavior [ RunTime:0.000094s ]
INFO: [ template_filter ] --END-- [ RunTime:0.000165s ]
INFO: Run Behavior\ParseTemplateBehavior [ RunTime:0.026379s ]
INFO: [ view_parse ] --END-- [ RunTime:0.026477s ]
INFO: [ view_filter ] --START--
INFO: Run Behavior\WriteHtmlCacheBehavior [ RunTime:0.000403s ]
INFO: [ view_filter ] --END-- [ RunTime:0.000442s ]
INFO: [ app_end ] --START--
INFO: Run Behavior\ShowPageTraceBehavior [ RunTime:0.000598s ]
INFO: [ app_end ] --END-- [ RunTime:0.000640s ]

[ 2015-04-27T17:20:02+08:00 ] 127.0.0.1 /index.php/admin/index/left
INFO: [ app_init ] --START--
INFO: Run Behavior\BuildLiteBehavior [ RunTime:0.000018s ]
INFO: [ app_init ] --END-- [ RunTime:0.000490s ]
INFO: [ app_begin ] --START--
INFO: Run Behavior\ReadHtmlCacheBehavior [ RunTime:0.000630s ]
INFO: [ app_begin ] --END-- [ RunTime:0.000715s ]
SQL: SHOW COLUMNS FROM `yzclub_admin_node` [ RunTime:0.0083s ]
SQL: SELECT * FROM `yzclub_admin_node` WHERE `name` = 'Index' AND `level` = '1' LIMIT 1   [ RunTime:0.0007s ]
SQL: SELECT * FROM `yzclub_admin_node` WHERE `name` = 'left' AND `pid` = null LIMIT 1   [ RunTime:0.0003s ]
SQL: SELECT * FROM `yzclub_admin_node` WHERE ( level != "-1" and status > 0 ) ORDER BY id asc  [ RunTime:0.0007s ]
INFO: [ view_parse ] --START--
INFO: [ template_filter ] --START--
INFO: Run Behavior\ContentReplaceBehavior [ RunTime:0.000048s ]
INFO: [ template_filter ] --END-- [ RunTime:0.000101s ]
NOTIC: [8] Undefined index: _child E:\server\Apache2.4\htdocs\club\Application\Runtime\Cache\Admin\6778f0baf40e879d2b8c18d2052abd0c.php 第 25 行.
NOTIC: [8] Undefined index: _child E:\server\Apache2.4\htdocs\club\Application\Runtime\Cache\Admin\6778f0baf40e879d2b8c18d2052abd0c.php 第 25 行.
NOTIC: [8] Undefined index: _child E:\server\Apache2.4\htdocs\club\Application\Runtime\Cache\Admin\6778f0baf40e879d2b8c18d2052abd0c.php 第 25 行.
NOTIC: [8] Undefined index: _child E:\server\Apache2.4\htdocs\club\Application\Runtime\Cache\Admin\6778f0baf40e879d2b8c18d2052abd0c.php 第 22 行.
NOTIC: [8] Undefined index: _child E:\server\Apache2.4\htdocs\club\Application\Runtime\Cache\Admin\6778f0baf40e879d2b8c18d2052abd0c.php 第 22 行.
INFO: Run Behavior\ParseTemplateBehavior [ RunTime:0.024430s ]
INFO: [ view_parse ] --END-- [ RunTime:0.024491s ]
INFO: [ view_filter ] --START--
INFO: Run Behavior\WriteHtmlCacheBehavior [ RunTime:0.000306s ]
INFO: [ view_filter ] --END-- [ RunTime:0.000352s ]
INFO: [ app_end ] --START--
INFO: Run Behavior\ShowPageTraceBehavior [ RunTime:0.000608s ]
INFO: [ app_end ] --END-- [ RunTime:0.000663s ]

[ 2015-04-27T17:20:03+08:00 ] 127.0.0.1 /index.php/admin/index/right
INFO: [ app_init ] --START--
INFO: Run Behavior\BuildLiteBehavior [ RunTime:0.000018s ]
INFO: [ app_init ] --END-- [ RunTime:0.000516s ]
INFO: [ app_begin ] --START--
INFO: Run Behavior\ReadHtmlCacheBehavior [ RunTime:0.000712s ]
INFO: [ app_begin ] --END-- [ RunTime:0.000817s ]
SQL: SHOW COLUMNS FROM `yzclub_admin_node` [ RunTime:0.0091s ]
SQL: SELECT * FROM `yzclub_admin_node` WHERE `name` = 'Index' AND `level` = '1' LIMIT 1   [ RunTime:0.0006s ]
SQL: SELECT * FROM `yzclub_admin_node` WHERE `name` = 'right' AND `pid` = null LIMIT 1   [ RunTime:0.0003s ]
SQL: SHOW COLUMNS FROM `yzclub_admin` [ RunTime:0.0108s ]
SQL: SELECT * FROM `yzclub_admin` WHERE `id` = 1 LIMIT 1   [ RunTime:0.0005s ]
INFO: [ view_parse ] --START--
INFO: [ template_filter ] --START--
INFO: Run Behavior\ContentReplaceBehavior [ RunTime:0.000168s ]
INFO: [ template_filter ] --END-- [ RunTime:0.000271s ]
NOTIC: [8] Undefined variable: count E:\server\Apache2.4\htdocs\club\Application\Runtime\Cache\Admin\7e2e2045534c88122b0a2676c2fd3203.php 第 43 行.
NOTIC: [8] Undefined variable: count E:\server\Apache2.4\htdocs\club\Application\Runtime\Cache\Admin\7e2e2045534c88122b0a2676c2fd3203.php 第 44 行.
NOTIC: [8] Undefined variable: count E:\server\Apache2.4\htdocs\club\Application\Runtime\Cache\Admin\7e2e2045534c88122b0a2676c2fd3203.php 第 45 行.
NOTIC: [8] Undefined variable: count E:\server\Apache2.4\htdocs\club\Application\Runtime\Cache\Admin\7e2e2045534c88122b0a2676c2fd3203.php 第 46 行.
NOTIC: [8] Undefined variable: count E:\server\Apache2.4\htdocs\club\Application\Runtime\Cache\Admin\7e2e2045534c88122b0a2676c2fd3203.php 第 47 行.
NOTIC: [8] Undefined variable: count E:\server\Apache2.4\htdocs\club\Application\Runtime\Cache\Admin\7e2e2045534c88122b0a2676c2fd3203.php 第 48 行.
NOTIC: [8] Undefined variable: count E:\server\Apache2.4\htdocs\club\Application\Runtime\Cache\Admin\7e2e2045534c88122b0a2676c2fd3203.php 第 54 行.
NOTIC: [8] Undefined variable: count E:\server\Apache2.4\htdocs\club\Application\Runtime\Cache\Admin\7e2e2045534c88122b0a2676c2fd3203.php 第 55 行.
NOTIC: [8] Undefined variable: count E:\server\Apache2.4\htdocs\club\Application\Runtime\Cache\Admin\7e2e2045534c88122b0a2676c2fd3203.php 第 61 行.
NOTIC: [8] Undefined variable: count E:\server\Apache2.4\htdocs\club\Application\Runtime\Cache\Admin\7e2e2045534c88122b0a2676c2fd3203.php 第 62 行.
NOTIC: [2048] Only variables should be passed by reference E:\server\Apache2.4\htdocs\club\Application\Runtime\Cache\Admin\7e2e2045534c88122b0a2676c2fd3203.php 第 102 行.
NOTIC: [2048] Only variables should be passed by reference E:\server\Apache2.4\htdocs\club\Application\Runtime\Cache\Admin\7e2e2045534c88122b0a2676c2fd3203.php 第 102 行.
NOTIC: [2048] Only variables should be passed by reference E:\server\Apache2.4\htdocs\club\Application\Runtime\Cache\Admin\7e2e2045534c88122b0a2676c2fd3203.php 第 102 行.
NOTIC: [2048] Only variables should be passed by reference E:\server\Apache2.4\htdocs\club\Application\Runtime\Cache\Admin\7e2e2045534c88122b0a2676c2fd3203.php 第 102 行.
NOTIC: [2048] Only variables should be passed by reference E:\server\Apache2.4\htdocs\club\Application\Runtime\Cache\Admin\7e2e2045534c88122b0a2676c2fd3203.php 第 102 行.
NOTIC: [2048] Only variables should be passed by reference E:\server\Apache2.4\htdocs\club\Application\Runtime\Cache\Admin\7e2e2045534c88122b0a2676c2fd3203.php 第 102 行.
NOTIC: [2048] Only variables should be passed by reference E:\server\Apache2.4\htdocs\club\Application\Runtime\Cache\Admin\7e2e2045534c88122b0a2676c2fd3203.php 第 102 行.
NOTIC: [2048] Only variables should be passed by reference E:\server\Apache2.4\htdocs\club\Application\Runtime\Cache\Admin\7e2e2045534c88122b0a2676c2fd3203.php 第 102 行.
NOTIC: [2048] Only variables should be passed by reference E:\server\Apache2.4\htdocs\club\Application\Runtime\Cache\Admin\7e2e2045534c88122b0a2676c2fd3203.php 第 102 行.
NOTIC: [2048] Only variables should be passed by reference E:\server\Apache2.4\htdocs\club\Application\Runtime\Cache\Admin\7e2e2045534c88122b0a2676c2fd3203.php 第 102 行.
NOTIC: [2048] Only variables should be passed by reference E:\server\Apache2.4\htdocs\club\Application\Runtime\Cache\Admin\7e2e2045534c88122b0a2676c2fd3203.php 第 102 行.
NOTIC: [2048] Only variables should be passed by reference E:\server\Apache2.4\htdocs\club\Application\Runtime\Cache\Admin\7e2e2045534c88122b0a2676c2fd3203.php 第 102 行.
NOTIC: [2048] Only variables should be passed by reference E:\server\Apache2.4\htdocs\club\Application\Runtime\Cache\Admin\7e2e2045534c88122b0a2676c2fd3203.php 第 102 行.
NOTIC: [2048] Only variables should be passed by reference E:\server\Apache2.4\htdocs\club\Application\Runtime\Cache\Admin\7e2e2045534c88122b0a2676c2fd3203.php 第 102 行.
NOTIC: [2048] Only variables should be passed by reference E:\server\Apache2.4\htdocs\club\Application\Runtime\Cache\Admin\7e2e2045534c88122b0a2676c2fd3203.php 第 102 行.
NOTIC: [2048] Only variables should be passed by reference E:\server\Apache2.4\htdocs\club\Application\Runtime\Cache\Admin\7e2e2045534c88122b0a2676c2fd3203.php 第 102 行.
NOTIC: [2048] Only variables should be passed by reference E:\server\Apache2.4\htdocs\club\Application\Runtime\Cache\Admin\7e2e2045534c88122b0a2676c2fd3203.php 第 102 行.
NOTIC: [2048] Only variables should be passed by reference E:\server\Apache2.4\htdocs\club\Application\Runtime\Cache\Admin\7e2e2045534c88122b0a2676c2fd3203.php 第 102 行.
NOTIC: [2048] Only variables should be passed by reference E:\server\Apache2.4\htdocs\club\Application\Runtime\Cache\Admin\7e2e2045534c88122b0a2676c2fd3203.php 第 102 行.
NOTIC: [2048] Only variables should be passed by reference E:\server\Apache2.4\htdocs\club\Application\Runtime\Cache\Admin\7e2e2045534c88122b0a2676c2fd3203.php 第 102 行.
NOTIC: [2048] Only variables should be passed by reference E:\server\Apache2.4\htdocs\club\Application\Runtime\Cache\Admin\7e2e2045534c88122b0a2676c2fd3203.php 第 102 行.
NOTIC: [2048] Only variables should be passed by reference E:\server\Apache2.4\htdocs\club\Application\Runtime\Cache\Admin\7e2e2045534c88122b0a2676c2fd3203.php 第 102 行.
NOTIC: [2048] Only variables should be passed by reference E:\server\Apache2.4\htdocs\club\Application\Runtime\Cache\Admin\7e2e2045534c88122b0a2676c2fd3203.php 第 102 行.
NOTIC: [2048] Only variables should be passed by reference E:\server\Apache2.4\htdocs\club\Application\Runtime\Cache\Admin\7e2e2045534c88122b0a2676c2fd3203.php 第 102 行.
NOTIC: [2048] Only variables should be passed by reference E:\server\Apache2.4\htdocs\club\Application\Runtime\Cache\Admin\7e2e2045534c88122b0a2676c2fd3203.php 第 102 行.
NOTIC: [2048] Only variables should be passed by reference E:\server\Apache2.4\htdocs\club\Application\Runtime\Cache\Admin\7e2e2045534c88122b0a2676c2fd3203.php 第 102 行.
NOTIC: [2048] Only variables should be passed by reference E:\server\Apache2.4\htdocs\club\Application\Runtime\Cache\Admin\7e2e2045534c88122b0a2676c2fd3203.php 第 102 行.
NOTIC: [2048] Only variables should be passed by reference E:\server\Apache2.4\htdocs\club\Application\Runtime\Cache\Admin\7e2e2045534c88122b0a2676c2fd3203.php 第 102 行.
INFO: Run Behavior\ParseTemplateBehavior [ RunTime:0.388397s ]
INFO: [ view_parse ] --END-- [ RunTime:0.388453s ]
INFO: [ view_filter ] --START--
INFO: Run Behavior\WriteHtmlCacheBehavior [ RunTime:0.000498s ]
INFO: [ view_filter ] --END-- [ RunTime:0.000537s ]
INFO: [ app_end ] --START--
INFO: Run Behavior\ShowPageTraceBehavior [ RunTime:0.001091s ]
INFO: [ app_end ] --END-- [ RunTime:0.001239s ]

[ 2015-04-27T17:21:54+08:00 ] 127.0.0.1 /index.php/admin/index/left
INFO: [ app_init ] --START--
INFO: Run Behavior\BuildLiteBehavior [ RunTime:0.000015s ]
INFO: [ app_init ] --END-- [ RunTime:0.000300s ]
INFO: [ app_begin ] --START--
INFO: Run Behavior\ReadHtmlCacheBehavior [ RunTime:0.000456s ]
INFO: [ app_begin ] --END-- [ RunTime:0.000506s ]
SQL: SHOW COLUMNS FROM `yzclub_admin_node` [ RunTime:0.0114s ]
SQL: SELECT * FROM `yzclub_admin_node` WHERE `name` = 'Index' AND `level` = '1' LIMIT 1   [ RunTime:0.0007s ]
SQL: SELECT * FROM `yzclub_admin_node` WHERE `name` = 'left' AND `pid` = null LIMIT 1   [ RunTime:0.0004s ]
SQL: SELECT * FROM `yzclub_admin_node` WHERE ( level != "-1" and status > 0 ) ORDER BY id asc  [ RunTime:0.0006s ]
INFO: [ view_parse ] --START--
INFO: [ template_filter ] --START--
INFO: Run Behavior\ContentReplaceBehavior [ RunTime:0.000074s ]
INFO: [ template_filter ] --END-- [ RunTime:0.000132s ]
NOTIC: [8] Undefined index: _child E:\server\Apache2.4\htdocs\club\Application\Runtime\Cache\Admin\6778f0baf40e879d2b8c18d2052abd0c.php 第 25 行.
NOTIC: [8] Undefined index: _child E:\server\Apache2.4\htdocs\club\Application\Runtime\Cache\Admin\6778f0baf40e879d2b8c18d2052abd0c.php 第 25 行.
NOTIC: [8] Undefined index: _child E:\server\Apache2.4\htdocs\club\Application\Runtime\Cache\Admin\6778f0baf40e879d2b8c18d2052abd0c.php 第 25 行.
NOTIC: [8] Undefined index: _child E:\server\Apache2.4\htdocs\club\Application\Runtime\Cache\Admin\6778f0baf40e879d2b8c18d2052abd0c.php 第 25 行.
NOTIC: [8] Undefined index: _child E:\server\Apache2.4\htdocs\club\Application\Runtime\Cache\Admin\6778f0baf40e879d2b8c18d2052abd0c.php 第 25 行.
NOTIC: [8] Undefined index: _child E:\server\Apache2.4\htdocs\club\Application\Runtime\Cache\Admin\6778f0baf40e879d2b8c18d2052abd0c.php 第 22 行.
INFO: Run Behavior\ParseTemplateBehavior [ RunTime:0.009202s ]
INFO: [ view_parse ] --END-- [ RunTime:0.009255s ]
INFO: [ view_filter ] --START--
INFO: Run Behavior\WriteHtmlCacheBehavior [ RunTime:0.000271s ]
INFO: [ view_filter ] --END-- [ RunTime:0.000308s ]
INFO: [ app_end ] --START--
INFO: Run Behavior\ShowPageTraceBehavior [ RunTime:0.000496s ]
INFO: [ app_end ] --END-- [ RunTime:0.000542s ]

[ 2015-04-27T17:23:01+08:00 ] 127.0.0.1 /index.php/admin
INFO: [ app_init ] --START--
INFO: Run Behavior\BuildLiteBehavior [ RunTime:0.000014s ]
INFO: [ app_init ] --END-- [ RunTime:0.000415s ]
INFO: [ app_begin ] --START--
INFO: Run Behavior\ReadHtmlCacheBehavior [ RunTime:0.000651s ]
INFO: [ app_begin ] --END-- [ RunTime:0.000742s ]
SQL: SHOW COLUMNS FROM `yzclub_admin_node` [ RunTime:0.0115s ]
SQL: SELECT * FROM `yzclub_admin_node` WHERE `name` = 'Index' AND `level` = '1' LIMIT 1   [ RunTime:0.0006s ]
SQL: SELECT * FROM `yzclub_admin_node` WHERE `name` = 'index' AND `pid` = null LIMIT 1   [ RunTime:0.0003s ]
INFO: [ view_parse ] --START--
INFO: [ template_filter ] --START--
INFO: Run Behavior\ContentReplaceBehavior [ RunTime:0.000061s ]
INFO: [ template_filter ] --END-- [ RunTime:0.000141s ]
INFO: Run Behavior\ParseTemplateBehavior [ RunTime:0.007261s ]
INFO: [ view_parse ] --END-- [ RunTime:0.007349s ]
INFO: [ view_filter ] --START--
INFO: Run Behavior\WriteHtmlCacheBehavior [ RunTime:0.000352s ]
INFO: [ view_filter ] --END-- [ RunTime:0.000394s ]
INFO: [ app_end ] --START--
INFO: Run Behavior\ShowPageTraceBehavior [ RunTime:0.000787s ]
INFO: [ app_end ] --END-- [ RunTime:0.000879s ]

[ 2015-04-27T17:23:01+08:00 ] 127.0.0.1 /index.php/admin
INFO: [ app_init ] --START--
INFO: Run Behavior\BuildLiteBehavior [ RunTime:0.000014s ]
INFO: [ app_init ] --END-- [ RunTime:0.000446s ]
INFO: [ app_begin ] --START--
INFO: Run Behavior\ReadHtmlCacheBehavior [ RunTime:0.000607s ]
INFO: [ app_begin ] --END-- [ RunTime:0.000669s ]
SQL: SHOW COLUMNS FROM `yzclub_admin_node` [ RunTime:0.0088s ]
SQL: SELECT * FROM `yzclub_admin_node` WHERE `name` = 'Index' AND `level` = '1' LIMIT 1   [ RunTime:0.0005s ]
SQL: SELECT * FROM `yzclub_admin_node` WHERE `name` = 'index' AND `pid` = null LIMIT 1   [ RunTime:0.0002s ]
INFO: [ view_parse ] --START--
INFO: [ template_filter ] --START--
INFO: Run Behavior\ContentReplaceBehavior [ RunTime:0.000073s ]
INFO: [ template_filter ] --END-- [ RunTime:0.000134s ]
INFO: Run Behavior\ParseTemplateBehavior [ RunTime:0.006834s ]
INFO: [ view_parse ] --END-- [ RunTime:0.006943s ]
INFO: [ view_filter ] --START--
INFO: Run Behavior\WriteHtmlCacheBehavior [ RunTime:0.000396s ]
INFO: [ view_filter ] --END-- [ RunTime:0.000445s ]
INFO: [ app_end ] --START--
INFO: Run Behavior\ShowPageTraceBehavior [ RunTime:0.000552s ]
INFO: [ app_end ] --END-- [ RunTime:0.000596s ]

[ 2015-04-27T17:23:01+08:00 ] 127.0.0.1 /index.php/admin/index/top
INFO: [ app_init ] --START--
INFO: Run Behavior\BuildLiteBehavior [ RunTime:0.000016s ]
INFO: [ app_init ] --END-- [ RunTime:0.000471s ]
INFO: [ app_begin ] --START--
INFO: Run Behavior\ReadHtmlCacheBehavior [ RunTime:0.000679s ]
INFO: [ app_begin ] --END-- [ RunTime:0.000785s ]
SQL: SHOW COLUMNS FROM `yzclub_admin_node` [ RunTime:0.0087s ]
SQL: SELECT * FROM `yzclub_admin_node` WHERE `name` = 'Index' AND `level` = '1' LIMIT 1   [ RunTime:0.0010s ]
SQL: SELECT * FROM `yzclub_admin_node` WHERE `name` = 'top' AND `pid` = null LIMIT 1   [ RunTime:0.0007s ]
SQL: SELECT * FROM `yzclub_admin_node` WHERE ( level="0" ) ORDER BY sort asc  [ RunTime:0.0008s ]
INFO: [ view_parse ] --START--
INFO: [ template_filter ] --START--
INFO: Run Behavior\ContentReplaceBehavior [ RunTime:0.000081s ]
INFO: [ template_filter ] --END-- [ RunTime:0.000166s ]
INFO: Run Behavior\ParseTemplateBehavior [ RunTime:0.010032s ]
INFO: [ view_parse ] --END-- [ RunTime:0.010143s ]
INFO: [ view_filter ] --START--
INFO: Run Behavior\WriteHtmlCacheBehavior [ RunTime:0.000263s ]
INFO: [ view_filter ] --END-- [ RunTime:0.000371s ]
INFO: [ app_end ] --START--
INFO: Run Behavior\ShowPageTraceBehavior [ RunTime:0.000613s ]
INFO: [ app_end ] --END-- [ RunTime:0.000668s ]

[ 2015-04-27T17:23:01+08:00 ] 127.0.0.1 /index.php/admin/index/left
INFO: [ app_init ] --START--
INFO: Run Behavior\BuildLiteBehavior [ RunTime:0.000015s ]
INFO: [ app_init ] --END-- [ RunTime:0.000380s ]
INFO: [ app_begin ] --START--
INFO: Run Behavior\ReadHtmlCacheBehavior [ RunTime:0.001556s ]
INFO: [ app_begin ] --END-- [ RunTime:0.001829s ]
SQL: SHOW COLUMNS FROM `yzclub_admin_node` [ RunTime:0.0081s ]
SQL: SELECT * FROM `yzclub_admin_node` WHERE `name` = 'Index' AND `level` = '1' LIMIT 1   [ RunTime:0.0005s ]
SQL: SELECT * FROM `yzclub_admin_node` WHERE `name` = 'left' AND `pid` = null LIMIT 1   [ RunTime:0.0004s ]
SQL: SELECT * FROM `yzclub_admin_node` WHERE ( level != "-1" and status > 0 ) ORDER BY id asc  [ RunTime:0.0006s ]
INFO: [ view_parse ] --START--
INFO: [ template_filter ] --START--
INFO: Run Behavior\ContentReplaceBehavior [ RunTime:0.000074s ]
INFO: [ template_filter ] --END-- [ RunTime:0.000130s ]
NOTIC: [8] Undefined index: _child E:\server\Apache2.4\htdocs\club\Application\Runtime\Cache\Admin\6778f0baf40e879d2b8c18d2052abd0c.php 第 25 行.
NOTIC: [8] Undefined index: _child E:\server\Apache2.4\htdocs\club\Application\Runtime\Cache\Admin\6778f0baf40e879d2b8c18d2052abd0c.php 第 25 行.
NOTIC: [8] Undefined index: _child E:\server\Apache2.4\htdocs\club\Application\Runtime\Cache\Admin\6778f0baf40e879d2b8c18d2052abd0c.php 第 25 行.
NOTIC: [8] Undefined index: _child E:\server\Apache2.4\htdocs\club\Application\Runtime\Cache\Admin\6778f0baf40e879d2b8c18d2052abd0c.php 第 25 行.
NOTIC: [8] Undefined index: _child E:\server\Apache2.4\htdocs\club\Application\Runtime\Cache\Admin\6778f0baf40e879d2b8c18d2052abd0c.php 第 22 行.
INFO: Run Behavior\ParseTemplateBehavior [ RunTime:0.010257s ]
INFO: [ view_parse ] --END-- [ RunTime:0.010365s ]
INFO: [ view_filter ] --START--
INFO: Run Behavior\WriteHtmlCacheBehavior [ RunTime:0.000409s ]
INFO: [ view_filter ] --END-- [ RunTime:0.000457s ]
INFO: [ app_end ] --START--
INFO: Run Behavior\ShowPageTraceBehavior [ RunTime:0.000965s ]
INFO: [ app_end ] --END-- [ RunTime:0.001054s ]

[ 2015-04-27T17:23:01+08:00 ] 127.0.0.1 /index.php/admin/index/right
INFO: [ app_init ] --START--
INFO: Run Behavior\BuildLiteBehavior [ RunTime:0.000021s ]
INFO: [ app_init ] --END-- [ RunTime:0.000488s ]
INFO: [ app_begin ] --START--
INFO: Run Behavior\ReadHtmlCacheBehavior [ RunTime:0.000956s ]
INFO: [ app_begin ] --END-- [ RunTime:0.001077s ]
SQL: SHOW COLUMNS FROM `yzclub_admin_node` [ RunTime:0.0090s ]
SQL: SELECT * FROM `yzclub_admin_node` WHERE `name` = 'Index' AND `level` = '1' LIMIT 1   [ RunTime:0.0005s ]
SQL: SELECT * FROM `yzclub_admin_node` WHERE `name` = 'right' AND `pid` = null LIMIT 1   [ RunTime:0.0002s ]
SQL: SHOW COLUMNS FROM `yzclub_admin` [ RunTime:0.0107s ]
SQL: SELECT * FROM `yzclub_admin` WHERE `id` = 1 LIMIT 1   [ RunTime:0.0005s ]
INFO: [ view_parse ] --START--
INFO: [ template_filter ] --START--
INFO: Run Behavior\ContentReplaceBehavior [ RunTime:0.000145s ]
INFO: [ template_filter ] --END-- [ RunTime:0.000199s ]
NOTIC: [8] Undefined variable: count E:\server\Apache2.4\htdocs\club\Application\Runtime\Cache\Admin\7e2e2045534c88122b0a2676c2fd3203.php 第 43 行.
NOTIC: [8] Undefined variable: count E:\server\Apache2.4\htdocs\club\Application\Runtime\Cache\Admin\7e2e2045534c88122b0a2676c2fd3203.php 第 44 行.
NOTIC: [8] Undefined variable: count E:\server\Apache2.4\htdocs\club\Application\Runtime\Cache\Admin\7e2e2045534c88122b0a2676c2fd3203.php 第 45 行.
NOTIC: [8] Undefined variable: count E:\server\Apache2.4\htdocs\club\Application\Runtime\Cache\Admin\7e2e2045534c88122b0a2676c2fd3203.php 第 46 行.
NOTIC: [8] Undefined variable: count E:\server\Apache2.4\htdocs\club\Application\Runtime\Cache\Admin\7e2e2045534c88122b0a2676c2fd3203.php 第 47 行.
NOTIC: [8] Undefined variable: count E:\server\Apache2.4\htdocs\club\Application\Runtime\Cache\Admin\7e2e2045534c88122b0a2676c2fd3203.php 第 48 行.
NOTIC: [8] Undefined variable: count E:\server\Apache2.4\htdocs\club\Application\Runtime\Cache\Admin\7e2e2045534c88122b0a2676c2fd3203.php 第 54 行.
NOTIC: [8] Undefined variable: count E:\server\Apache2.4\htdocs\club\Application\Runtime\Cache\Admin\7e2e2045534c88122b0a2676c2fd3203.php 第 55 行.
NOTIC: [8] Undefined variable: count E:\server\Apache2.4\htdocs\club\Application\Runtime\Cache\Admin\7e2e2045534c88122b0a2676c2fd3203.php 第 61 行.
NOTIC: [8] Undefined variable: count E:\server\Apache2.4\htdocs\club\Application\Runtime\Cache\Admin\7e2e2045534c88122b0a2676c2fd3203.php 第 62 行.
NOTIC: [2048] Only variables should be passed by reference E:\server\Apache2.4\htdocs\club\Application\Runtime\Cache\Admin\7e2e2045534c88122b0a2676c2fd3203.php 第 102 行.
NOTIC: [2048] Only variables should be passed by reference E:\server\Apache2.4\htdocs\club\Application\Runtime\Cache\Admin\7e2e2045534c88122b0a2676c2fd3203.php 第 102 行.
NOTIC: [2048] Only variables should be passed by reference E:\server\Apache2.4\htdocs\club\Application\Runtime\Cache\Admin\7e2e2045534c88122b0a2676c2fd3203.php 第 102 行.
NOTIC: [2048] Only variables should be passed by reference E:\server\Apache2.4\htdocs\club\Application\Runtime\Cache\Admin\7e2e2045534c88122b0a2676c2fd3203.php 第 102 行.
NOTIC: [2048] Only variables should be passed by reference E:\server\Apache2.4\htdocs\club\Application\Runtime\Cache\Admin\7e2e2045534c88122b0a2676c2fd3203.php 第 102 行.
NOTIC: [2048] Only variables should be passed by reference E:\server\Apache2.4\htdocs\club\Application\Runtime\Cache\Admin\7e2e2045534c88122b0a2676c2fd3203.php 第 102 行.
NOTIC: [2048] Only variables should be passed by reference E:\server\Apache2.4\htdocs\club\Application\Runtime\Cache\Admin\7e2e2045534c88122b0a2676c2fd3203.php 第 102 行.
NOTIC: [2048] Only variables should be passed by reference E:\server\Apache2.4\htdocs\club\Application\Runtime\Cache\Admin\7e2e2045534c88122b0a2676c2fd3203.php 第 102 行.
NOTIC: [2048] Only variables should be passed by reference E:\server\Apache2.4\htdocs\club\Application\Runtime\Cache\Admin\7e2e2045534c88122b0a2676c2fd3203.php 第 102 行.
NOTIC: [2048] Only variables should be passed by reference E:\server\Apache2.4\htdocs\club\Application\Runtime\Cache\Admin\7e2e2045534c88122b0a2676c2fd3203.php 第 102 行.
NOTIC: [2048] Only variables should be passed by reference E:\server\Apache2.4\htdocs\club\Application\Runtime\Cache\Admin\7e2e2045534c88122b0a2676c2fd3203.php 第 102 行.
NOTIC: [2048] Only variables should be passed by reference E:\server\Apache2.4\htdocs\club\Application\Runtime\Cache\Admin\7e2e2045534c88122b0a2676c2fd3203.php 第 102 行.
NOTIC: [2048] Only variables should be passed by reference E:\server\Apache2.4\htdocs\club\Application\Runtime\Cache\Admin\7e2e2045534c88122b0a2676c2fd3203.php 第 102 行.
NOTIC: [2048] Only variables should be passed by reference E:\server\Apache2.4\htdocs\club\Application\Runtime\Cache\Admin\7e2e2045534c88122b0a2676c2fd3203.php 第 102 行.
NOTIC: [2048] Only variables should be passed by reference E:\server\Apache2.4\htdocs\club\Application\Runtime\Cache\Admin\7e2e2045534c88122b0a2676c2fd3203.php 第 102 行.
NOTIC: [2048] Only variables should be passed by reference E:\server\Apache2.4\htdocs\club\Application\Runtime\Cache\Admin\7e2e2045534c88122b0a2676c2fd3203.php 第 102 行.
NOTIC: [2048] Only variables should be passed by reference E:\server\Apache2.4\htdocs\club\Application\Runtime\Cache\Admin\7e2e2045534c88122b0a2676c2fd3203.php 第 102 行.
NOTIC: [2048] Only variables should be passed by reference E:\server\Apache2.4\htdocs\club\Application\Runtime\Cache\Admin\7e2e2045534c88122b0a2676c2fd3203.php 第 102 行.
NOTIC: [2048] Only variables should be passed by reference E:\server\Apache2.4\htdocs\club\Application\Runtime\Cache\Admin\7e2e2045534c88122b0a2676c2fd3203.php 第 102 行.
NOTIC: [2048] Only variables should be passed by reference E:\server\Apache2.4\htdocs\club\Application\Runtime\Cache\Admin\7e2e2045534c88122b0a2676c2fd3203.php 第 102 行.
NOTIC: [2048] Only variables should be passed by reference E:\server\Apache2.4\htdocs\club\Application\Runtime\Cache\Admin\7e2e2045534c88122b0a2676c2fd3203.php 第 102 行.
NOTIC: [2048] Only variables should be passed by reference E:\server\Apache2.4\htdocs\club\Application\Runtime\Cache\Admin\7e2e2045534c88122b0a2676c2fd3203.php 第 102 行.
NOTIC: [2048] Only variables should be passed by reference E:\server\Apache2.4\htdocs\club\Application\Runtime\Cache\Admin\7e2e2045534c88122b0a2676c2fd3203.php 第 102 行.
NOTIC: [2048] Only variables should be passed by reference E:\server\Apache2.4\htdocs\club\Application\Runtime\Cache\Admin\7e2e2045534c88122b0a2676c2fd3203.php 第 102 行.
NOTIC: [2048] Only variables should be passed by reference E:\server\Apache2.4\htdocs\club\Application\Runtime\Cache\Admin\7e2e2045534c88122b0a2676c2fd3203.php 第 102 行.
NOTIC: [2048] Only variables should be passed by reference E:\server\Apache2.4\htdocs\club\Application\Runtime\Cache\Admin\7e2e2045534c88122b0a2676c2fd3203.php 第 102 行.
NOTIC: [2048] Only variables should be passed by reference E:\server\Apache2.4\htdocs\club\Application\Runtime\Cache\Admin\7e2e2045534c88122b0a2676c2fd3203.php 第 102 行.
NOTIC: [2048] Only variables should be passed by reference E:\server\Apache2.4\htdocs\club\Application\Runtime\Cache\Admin\7e2e2045534c88122b0a2676c2fd3203.php 第 102 行.
INFO: Run Behavior\ParseTemplateBehavior [ RunTime:0.069170s ]
INFO: [ view_parse ] --END-- [ RunTime:0.069236s ]
INFO: [ view_filter ] --START--
INFO: Run Behavior\WriteHtmlCacheBehavior [ RunTime:0.000519s ]
INFO: [ view_filter ] --END-- [ RunTime:0.000565s ]
INFO: [ app_end ] --START--
INFO: Run Behavior\ShowPageTraceBehavior [ RunTime:0.001117s ]
INFO: [ app_end ] --END-- [ RunTime:0.001231s ]

[ 2015-04-27T17:23:07+08:00 ] 127.0.0.1 /admin/News/index
INFO: [ app_init ] --START--
INFO: Run Behavior\BuildLiteBehavior [ RunTime:0.000013s ]
INFO: [ app_init ] --END-- [ RunTime:0.000360s ]
INFO: [ app_begin ] --START--
INFO: Run Behavior\ReadHtmlCacheBehavior [ RunTime:0.000446s ]
INFO: [ app_begin ] --END-- [ RunTime:0.000490s ]
ERR: 无法加载控制器:News

[ 2015-04-27T17:23:10+08:00 ] 127.0.0.1 /admin/News/index
INFO: [ app_init ] --START--
INFO: Run Behavior\BuildLiteBehavior [ RunTime:0.000022s ]
INFO: [ app_init ] --END-- [ RunTime:0.000478s ]
INFO: [ app_begin ] --START--
INFO: Run Behavior\ReadHtmlCacheBehavior [ RunTime:0.000587s ]
INFO: [ app_begin ] --END-- [ RunTime:0.000662s ]
ERR: 无法加载控制器:News

