[ 2015-04-23T09:39:47+08:00 ] 127.0.0.1 /admin
INFO: [ app_init ] --START--
INFO: Run Behavior\BuildLiteBehavior [ RunTime:0.000020s ]
INFO: [ app_init ] --END-- [ RunTime:0.000501s ]
INFO: [ app_begin ] --START--
INFO: Run Behavior\ReadHtmlCacheBehavior [ RunTime:0.000709s ]
INFO: [ app_begin ] --END-- [ RunTime:0.000774s ]
SQL: SHOW COLUMNS FROM `yzclub_admin_node` [ RunTime:0.0261s ]
SQL: SELECT * FROM `yzclub_admin_node` WHERE `name` = 'Index' AND `level` = '1' LIMIT 1   [ RunTime:0.0010s ]
SQL: SELECT * FROM `yzclub_admin_node` WHERE `name` = 'index' AND `pid` = null LIMIT 1   [ RunTime:0.0007s ]
NOTIC: [8] Undefined index: authId E:\server\Apache2.4\htdocs\club\Application\Common\Controller\BaseController.class.php 第 36 行.

[ 2015-04-23T09:39:47+08:00 ] 127.0.0.1 /index.php/admin/public/login
INFO: [ app_init ] --START--
INFO: Run Behavior\BuildLiteBehavior [ RunTime:0.000017s ]
INFO: [ app_init ] --END-- [ RunTime:0.000386s ]
INFO: [ app_begin ] --START--
INFO: Run Behavior\ReadHtmlCacheBehavior [ RunTime:0.000590s ]
INFO: [ app_begin ] --END-- [ RunTime:0.000636s ]
SQL: SHOW COLUMNS FROM `yzclub_admin_node` [ RunTime:0.0077s ]
SQL: SELECT * FROM `yzclub_admin_node` WHERE `name` = 'Public' AND `level` = '1' LIMIT 1   [ RunTime:0.0006s ]
SQL: SELECT * FROM `yzclub_admin_node` WHERE `name` = 'login' AND `pid` = null LIMIT 1   [ RunTime:0.0005s ]
NOTIC: [8] Undefined index: authId E:\server\Apache2.4\htdocs\club\Application\Common\Controller\BaseController.class.php 第 36 行.
INFO: [ view_parse ] --START--
INFO: [ template_filter ] --START--
INFO: Run Behavior\ContentReplaceBehavior [ RunTime:0.000050s ]
INFO: [ template_filter ] --END-- [ RunTime:0.000171s ]
INFO: Run Behavior\ParseTemplateBehavior [ RunTime:0.015581s ]
INFO: [ view_parse ] --END-- [ RunTime:0.015648s ]
INFO: [ view_filter ] --START--
INFO: Run Behavior\WriteHtmlCacheBehavior [ RunTime:0.000513s ]
INFO: [ view_filter ] --END-- [ RunTime:0.000555s ]
INFO: [ app_end ] --START--
INFO: Run Behavior\ShowPageTraceBehavior [ RunTime:0.000639s ]
INFO: [ app_end ] --END-- [ RunTime:0.000689s ]

[ 2015-04-23T09:39:56+08:00 ] 127.0.0.1 /index.php/admin/public/login
INFO: [ app_init ] --START--
INFO: Run Behavior\BuildLiteBehavior [ RunTime:0.000020s ]
INFO: [ app_init ] --END-- [ RunTime:0.000451s ]
INFO: [ app_begin ] --START--
INFO: Run Behavior\ReadHtmlCacheBehavior [ RunTime:0.000741s ]
INFO: [ app_begin ] --END-- [ RunTime:0.000813s ]
SQL: SHOW COLUMNS FROM `yzclub_admin_node` [ RunTime:0.0063s ]
SQL: SELECT * FROM `yzclub_admin_node` WHERE `name` = 'Public' AND `level` = '1' LIMIT 1   [ RunTime:0.0008s ]
SQL: SELECT * FROM `yzclub_admin_node` WHERE `name` = 'login' AND `pid` = null LIMIT 1   [ RunTime:0.0003s ]
NOTIC: [8] Undefined index: authId E:\server\Apache2.4\htdocs\club\Application\Common\Controller\BaseController.class.php 第 36 行.
SQL: SHOW COLUMNS FROM `yzclub_admin` [ RunTime:0.0070s ]
SQL: SELECT * FROM `yzclub_admin` WHERE `username` = 'administrator' AND `status` > 0 LIMIT 1   [ RunTime:0.0007s ]
SQL: UPDATE `yzclub_admin` SET `last_login_time`='1429753196',`login_count`=login_count+1,`last_login_ip`='127.0.0.1' WHERE `id` = 1 [ RunTime:0.0016s ]
INFO: [ view_parse ] --START--
INFO: [ template_filter ] --START--
INFO: Run Behavior\ContentReplaceBehavior [ RunTime:0.000075s ]
INFO: [ template_filter ] --END-- [ RunTime:0.000129s ]
INFO: Run Behavior\ParseTemplateBehavior [ RunTime:0.007323s ]
INFO: [ view_parse ] --END-- [ RunTime:0.007399s ]
INFO: [ view_filter ] --START--
INFO: Run Behavior\WriteHtmlCacheBehavior [ RunTime:0.000438s ]
INFO: [ view_filter ] --END-- [ RunTime:0.000475s ]
INFO: [ app_end ] --START--
INFO: Run Behavior\ShowPageTraceBehavior [ RunTime:0.000657s ]
INFO: [ app_end ] --END-- [ RunTime:0.000695s ]

[ 2015-04-23T09:39:58+08:00 ] 127.0.0.1 /index.php/admin
INFO: [ app_init ] --START--
INFO: Run Behavior\BuildLiteBehavior [ RunTime:0.000014s ]
INFO: [ app_init ] --END-- [ RunTime:0.000490s ]
INFO: [ app_begin ] --START--
INFO: Run Behavior\ReadHtmlCacheBehavior [ RunTime:0.000714s ]
INFO: [ app_begin ] --END-- [ RunTime:0.000765s ]
SQL: SHOW COLUMNS FROM `yzclub_admin_node` [ RunTime:0.0066s ]
SQL: SELECT * FROM `yzclub_admin_node` WHERE `name` = 'Index' AND `level` = '1' LIMIT 1   [ RunTime:0.0008s ]
SQL: SELECT * FROM `yzclub_admin_node` WHERE `name` = 'index' AND `pid` = null LIMIT 1   [ RunTime:0.0005s ]
INFO: [ view_parse ] --START--
INFO: [ template_filter ] --START--
INFO: Run Behavior\ContentReplaceBehavior [ RunTime:0.000056s ]
INFO: [ template_filter ] --END-- [ RunTime:0.000124s ]
INFO: Run Behavior\ParseTemplateBehavior [ RunTime:0.019660s ]
INFO: [ view_parse ] --END-- [ RunTime:0.019744s ]
INFO: [ view_filter ] --START--
INFO: Run Behavior\WriteHtmlCacheBehavior [ RunTime:0.000402s ]
INFO: [ view_filter ] --END-- [ RunTime:0.000443s ]
INFO: [ app_end ] --START--
INFO: Run Behavior\ShowPageTraceBehavior [ RunTime:0.000671s ]
INFO: [ app_end ] --END-- [ RunTime:0.000711s ]

[ 2015-04-23T09:39:58+08:00 ] 127.0.0.1 /index.php/admin/index/top
INFO: [ app_init ] --START--
INFO: Run Behavior\BuildLiteBehavior [ RunTime:0.000016s ]
INFO: [ app_init ] --END-- [ RunTime:0.000476s ]
INFO: [ app_begin ] --START--
INFO: Run Behavior\ReadHtmlCacheBehavior [ RunTime:0.001063s ]
INFO: [ app_begin ] --END-- [ RunTime:0.001164s ]
SQL: SHOW COLUMNS FROM `yzclub_admin_node` [ RunTime:0.0071s ]
SQL: SELECT * FROM `yzclub_admin_node` WHERE `name` = 'Index' AND `level` = '1' LIMIT 1   [ RunTime:0.0010s ]
SQL: SELECT * FROM `yzclub_admin_node` WHERE `name` = 'top' AND `pid` = null LIMIT 1   [ RunTime:0.0008s ]
SQL: SELECT * FROM `yzclub_admin_node` WHERE ( level="0" ) ORDER BY sort asc  [ RunTime:0.0010s ]
INFO: [ view_parse ] --START--
INFO: [ template_filter ] --START--
INFO: Run Behavior\ContentReplaceBehavior [ RunTime:0.000082s ]
INFO: [ template_filter ] --END-- [ RunTime:0.000140s ]
INFO: Run Behavior\ParseTemplateBehavior [ RunTime:0.080357s ]
INFO: [ view_parse ] --END-- [ RunTime:0.080455s ]
INFO: [ view_filter ] --START--
INFO: Run Behavior\WriteHtmlCacheBehavior [ RunTime:0.000550s ]
INFO: [ view_filter ] --END-- [ RunTime:0.000600s ]
INFO: [ app_end ] --START--
INFO: Run Behavior\ShowPageTraceBehavior [ RunTime:0.000740s ]
INFO: [ app_end ] --END-- [ RunTime:0.000796s ]

[ 2015-04-23T09:39:58+08:00 ] 127.0.0.1 /index.php/admin/index/left
INFO: [ app_init ] --START--
INFO: Run Behavior\BuildLiteBehavior [ RunTime:0.000023s ]
INFO: [ app_init ] --END-- [ RunTime:0.001511s ]
INFO: [ app_begin ] --START--
INFO: Run Behavior\ReadHtmlCacheBehavior [ RunTime:0.001000s ]
INFO: [ app_begin ] --END-- [ RunTime:0.001098s ]
SQL: SHOW COLUMNS FROM `yzclub_admin_node` [ RunTime:0.0069s ]
SQL: SELECT * FROM `yzclub_admin_node` WHERE `name` = 'Index' AND `level` = '1' LIMIT 1   [ RunTime:0.0006s ]
SQL: SELECT * FROM `yzclub_admin_node` WHERE `name` = 'left' AND `pid` = null LIMIT 1   [ RunTime:0.0003s ]
SQL: SELECT * FROM `yzclub_admin_node` WHERE ( level != "-1" and status > 0 ) ORDER BY id asc  [ RunTime:0.0007s ]
INFO: [ view_parse ] --START--
INFO: [ template_filter ] --START--
INFO: Run Behavior\ContentReplaceBehavior [ RunTime:0.000062s ]
INFO: [ template_filter ] --END-- [ RunTime:0.000136s ]
NOTIC: [8] Undefined index: _child E:\server\Apache2.4\htdocs\club\Application\Runtime\Cache\Admin\6778f0baf40e879d2b8c18d2052abd0c.php 第 25 行.
NOTIC: [8] Undefined index: _child E:\server\Apache2.4\htdocs\club\Application\Runtime\Cache\Admin\6778f0baf40e879d2b8c18d2052abd0c.php 第 25 行.
NOTIC: [8] Undefined index: _child E:\server\Apache2.4\htdocs\club\Application\Runtime\Cache\Admin\6778f0baf40e879d2b8c18d2052abd0c.php 第 25 行.
NOTIC: [8] Undefined index: _child E:\server\Apache2.4\htdocs\club\Application\Runtime\Cache\Admin\6778f0baf40e879d2b8c18d2052abd0c.php 第 22 行.
NOTIC: [8] Undefined index: _child E:\server\Apache2.4\htdocs\club\Application\Runtime\Cache\Admin\6778f0baf40e879d2b8c18d2052abd0c.php 第 22 行.
INFO: Run Behavior\ParseTemplateBehavior [ RunTime:0.011977s ]
INFO: [ view_parse ] --END-- [ RunTime:0.012057s ]
INFO: [ view_filter ] --START--
INFO: Run Behavior\WriteHtmlCacheBehavior [ RunTime:0.000622s ]
INFO: [ view_filter ] --END-- [ RunTime:0.000676s ]
INFO: [ app_end ] --START--
INFO: Run Behavior\ShowPageTraceBehavior [ RunTime:0.000842s ]
INFO: [ app_end ] --END-- [ RunTime:0.000936s ]

[ 2015-04-23T09:39:58+08:00 ] 127.0.0.1 /index.php/admin/index/right
INFO: [ app_init ] --START--
INFO: Run Behavior\BuildLiteBehavior [ RunTime:0.000018s ]
INFO: [ app_init ] --END-- [ RunTime:0.000939s ]
INFO: [ app_begin ] --START--
INFO: Run Behavior\ReadHtmlCacheBehavior [ RunTime:0.001361s ]
INFO: [ app_begin ] --END-- [ RunTime:0.001527s ]
SQL: SHOW COLUMNS FROM `yzclub_admin_node` [ RunTime:0.0078s ]
SQL: SELECT * FROM `yzclub_admin_node` WHERE `name` = 'Index' AND `level` = '1' LIMIT 1   [ RunTime:0.0008s ]
SQL: SELECT * FROM `yzclub_admin_node` WHERE `name` = 'right' AND `pid` = null LIMIT 1   [ RunTime:0.0006s ]
SQL: SHOW COLUMNS FROM `yzclub_admin` [ RunTime:0.0084s ]
SQL: SELECT * FROM `yzclub_admin` WHERE `id` = 1 LIMIT 1   [ RunTime:0.0006s ]
INFO: [ view_parse ] --START--
INFO: [ template_filter ] --START--
INFO: Run Behavior\ContentReplaceBehavior [ RunTime:0.000153s ]
INFO: [ template_filter ] --END-- [ RunTime:0.000237s ]
NOTIC: [8] Undefined variable: count E:\server\Apache2.4\htdocs\club\Application\Runtime\Cache\Admin\7e2e2045534c88122b0a2676c2fd3203.php 第 43 行.
NOTIC: [8] Undefined variable: count E:\server\Apache2.4\htdocs\club\Application\Runtime\Cache\Admin\7e2e2045534c88122b0a2676c2fd3203.php 第 44 行.
NOTIC: [8] Undefined variable: count E:\server\Apache2.4\htdocs\club\Application\Runtime\Cache\Admin\7e2e2045534c88122b0a2676c2fd3203.php 第 45 行.
NOTIC: [8] Undefined variable: count E:\server\Apache2.4\htdocs\club\Application\Runtime\Cache\Admin\7e2e2045534c88122b0a2676c2fd3203.php 第 46 行.
NOTIC: [8] Undefined variable: count E:\server\Apache2.4\htdocs\club\Application\Runtime\Cache\Admin\7e2e2045534c88122b0a2676c2fd3203.php 第 47 行.
NOTIC: [8] Undefined variable: count E:\server\Apache2.4\htdocs\club\Application\Runtime\Cache\Admin\7e2e2045534c88122b0a2676c2fd3203.php 第 48 行.
NOTIC: [8] Undefined variable: count E:\server\Apache2.4\htdocs\club\Application\Runtime\Cache\Admin\7e2e2045534c88122b0a2676c2fd3203.php 第 54 行.
NOTIC: [8] Undefined variable: count E:\server\Apache2.4\htdocs\club\Application\Runtime\Cache\Admin\7e2e2045534c88122b0a2676c2fd3203.php 第 55 行.
NOTIC: [8] Undefined variable: count E:\server\Apache2.4\htdocs\club\Application\Runtime\Cache\Admin\7e2e2045534c88122b0a2676c2fd3203.php 第 61 行.
NOTIC: [8] Undefined variable: count E:\server\Apache2.4\htdocs\club\Application\Runtime\Cache\Admin\7e2e2045534c88122b0a2676c2fd3203.php 第 62 行.
NOTIC: [2048] Only variables should be passed by reference E:\server\Apache2.4\htdocs\club\Application\Runtime\Cache\Admin\7e2e2045534c88122b0a2676c2fd3203.php 第 102 行.
NOTIC: [2048] Only variables should be passed by reference E:\server\Apache2.4\htdocs\club\Application\Runtime\Cache\Admin\7e2e2045534c88122b0a2676c2fd3203.php 第 102 行.
NOTIC: [2048] Only variables should be passed by reference E:\server\Apache2.4\htdocs\club\Application\Runtime\Cache\Admin\7e2e2045534c88122b0a2676c2fd3203.php 第 102 行.
NOTIC: [2048] Only variables should be passed by reference E:\server\Apache2.4\htdocs\club\Application\Runtime\Cache\Admin\7e2e2045534c88122b0a2676c2fd3203.php 第 102 行.
NOTIC: [2048] Only variables should be passed by reference E:\server\Apache2.4\htdocs\club\Application\Runtime\Cache\Admin\7e2e2045534c88122b0a2676c2fd3203.php 第 102 行.
NOTIC: [2048] Only variables should be passed by reference E:\server\Apache2.4\htdocs\club\Application\Runtime\Cache\Admin\7e2e2045534c88122b0a2676c2fd3203.php 第 102 行.
NOTIC: [2048] Only variables should be passed by reference E:\server\Apache2.4\htdocs\club\Application\Runtime\Cache\Admin\7e2e2045534c88122b0a2676c2fd3203.php 第 102 行.
NOTIC: [2048] Only variables should be passed by reference E:\server\Apache2.4\htdocs\club\Application\Runtime\Cache\Admin\7e2e2045534c88122b0a2676c2fd3203.php 第 102 行.
NOTIC: [2048] Only variables should be passed by reference E:\server\Apache2.4\htdocs\club\Application\Runtime\Cache\Admin\7e2e2045534c88122b0a2676c2fd3203.php 第 102 行.
NOTIC: [2048] Only variables should be passed by reference E:\server\Apache2.4\htdocs\club\Application\Runtime\Cache\Admin\7e2e2045534c88122b0a2676c2fd3203.php 第 102 行.
NOTIC: [2048] Only variables should be passed by reference E:\server\Apache2.4\htdocs\club\Application\Runtime\Cache\Admin\7e2e2045534c88122b0a2676c2fd3203.php 第 102 行.
NOTIC: [2048] Only variables should be passed by reference E:\server\Apache2.4\htdocs\club\Application\Runtime\Cache\Admin\7e2e2045534c88122b0a2676c2fd3203.php 第 102 行.
NOTIC: [2048] Only variables should be passed by reference E:\server\Apache2.4\htdocs\club\Application\Runtime\Cache\Admin\7e2e2045534c88122b0a2676c2fd3203.php 第 102 行.
NOTIC: [2048] Only variables should be passed by reference E:\server\Apache2.4\htdocs\club\Application\Runtime\Cache\Admin\7e2e2045534c88122b0a2676c2fd3203.php 第 102 行.
NOTIC: [2048] Only variables should be passed by reference E:\server\Apache2.4\htdocs\club\Application\Runtime\Cache\Admin\7e2e2045534c88122b0a2676c2fd3203.php 第 102 行.
NOTIC: [2048] Only variables should be passed by reference E:\server\Apache2.4\htdocs\club\Application\Runtime\Cache\Admin\7e2e2045534c88122b0a2676c2fd3203.php 第 102 行.
NOTIC: [2048] Only variables should be passed by reference E:\server\Apache2.4\htdocs\club\Application\Runtime\Cache\Admin\7e2e2045534c88122b0a2676c2fd3203.php 第 102 行.
NOTIC: [2048] Only variables should be passed by reference E:\server\Apache2.4\htdocs\club\Application\Runtime\Cache\Admin\7e2e2045534c88122b0a2676c2fd3203.php 第 102 行.
NOTIC: [2048] Only variables should be passed by reference E:\server\Apache2.4\htdocs\club\Application\Runtime\Cache\Admin\7e2e2045534c88122b0a2676c2fd3203.php 第 102 行.
NOTIC: [2048] Only variables should be passed by reference E:\server\Apache2.4\htdocs\club\Application\Runtime\Cache\Admin\7e2e2045534c88122b0a2676c2fd3203.php 第 102 行.
NOTIC: [2048] Only variables should be passed by reference E:\server\Apache2.4\htdocs\club\Application\Runtime\Cache\Admin\7e2e2045534c88122b0a2676c2fd3203.php 第 102 行.
NOTIC: [2048] Only variables should be passed by reference E:\server\Apache2.4\htdocs\club\Application\Runtime\Cache\Admin\7e2e2045534c88122b0a2676c2fd3203.php 第 102 行.
NOTIC: [2048] Only variables should be passed by reference E:\server\Apache2.4\htdocs\club\Application\Runtime\Cache\Admin\7e2e2045534c88122b0a2676c2fd3203.php 第 102 行.
NOTIC: [2048] Only variables should be passed by reference E:\server\Apache2.4\htdocs\club\Application\Runtime\Cache\Admin\7e2e2045534c88122b0a2676c2fd3203.php 第 102 行.
NOTIC: [2048] Only variables should be passed by reference E:\server\Apache2.4\htdocs\club\Application\Runtime\Cache\Admin\7e2e2045534c88122b0a2676c2fd3203.php 第 102 行.
NOTIC: [2048] Only variables should be passed by reference E:\server\Apache2.4\htdocs\club\Application\Runtime\Cache\Admin\7e2e2045534c88122b0a2676c2fd3203.php 第 102 行.
NOTIC: [2048] Only variables should be passed by reference E:\server\Apache2.4\htdocs\club\Application\Runtime\Cache\Admin\7e2e2045534c88122b0a2676c2fd3203.php 第 102 行.
NOTIC: [2048] Only variables should be passed by reference E:\server\Apache2.4\htdocs\club\Application\Runtime\Cache\Admin\7e2e2045534c88122b0a2676c2fd3203.php 第 102 行.
INFO: Run Behavior\ParseTemplateBehavior [ RunTime:0.131055s ]
INFO: [ view_parse ] --END-- [ RunTime:0.131116s ]
INFO: [ view_filter ] --START--
INFO: Run Behavior\WriteHtmlCacheBehavior [ RunTime:0.000596s ]
INFO: [ view_filter ] --END-- [ RunTime:0.000637s ]
INFO: [ app_end ] --START--
INFO: Run Behavior\ShowPageTraceBehavior [ RunTime:0.000916s ]
INFO: [ app_end ] --END-- [ RunTime:0.000984s ]

[ 2015-04-23T09:40:23+08:00 ] 127.0.0.1 /admin/index/all
INFO: [ app_init ] --START--
INFO: Run Behavior\BuildLiteBehavior [ RunTime:0.000016s ]
INFO: [ app_init ] --END-- [ RunTime:0.000424s ]
INFO: [ app_begin ] --START--
INFO: Run Behavior\ReadHtmlCacheBehavior [ RunTime:0.000740s ]
INFO: [ app_begin ] --END-- [ RunTime:0.000826s ]
SQL: SHOW COLUMNS FROM `yzclub_admin_node` [ RunTime:0.0062s ]
SQL: SELECT * FROM `yzclub_admin_node` WHERE `name` = 'Index' AND `level` = '1' LIMIT 1   [ RunTime:0.0009s ]
SQL: SELECT * FROM `yzclub_admin_node` WHERE `name` = 'all' AND `pid` = null LIMIT 1   [ RunTime:0.0007s ]
SQL: SELECT * FROM `yzclub_admin_node` WHERE ( level != "-1" and status > 0 )  [ RunTime:0.0009s ]
INFO: [ view_parse ] --START--
INFO: [ template_filter ] --START--
INFO: Run Behavior\ContentReplaceBehavior [ RunTime:0.000747s ]
INFO: [ template_filter ] --END-- [ RunTime:0.000904s ]
NOTIC: [8] Undefined index: _child E:\server\Apache2.4\htdocs\club\Application\Runtime\Cache\Admin\f3cbbd0bfc30500bc4905a546f6771a9.php 第 35 行.
NOTIC: [8] Undefined index: _child E:\server\Apache2.4\htdocs\club\Application\Runtime\Cache\Admin\f3cbbd0bfc30500bc4905a546f6771a9.php 第 35 行.
NOTIC: [8] Undefined index: _child E:\server\Apache2.4\htdocs\club\Application\Runtime\Cache\Admin\f3cbbd0bfc30500bc4905a546f6771a9.php 第 35 行.
NOTIC: [8] Undefined index: _child E:\server\Apache2.4\htdocs\club\Application\Runtime\Cache\Admin\f3cbbd0bfc30500bc4905a546f6771a9.php 第 29 行.
NOTIC: [8] Undefined index: _child E:\server\Apache2.4\htdocs\club\Application\Runtime\Cache\Admin\f3cbbd0bfc30500bc4905a546f6771a9.php 第 29 行.
INFO: Run Behavior\ParseTemplateBehavior [ RunTime:0.146417s ]
INFO: [ view_parse ] --END-- [ RunTime:0.146487s ]
INFO: [ view_filter ] --START--
INFO: Run Behavior\WriteHtmlCacheBehavior [ RunTime:0.000795s ]
INFO: [ view_filter ] --END-- [ RunTime:0.001082s ]
INFO: [ app_end ] --START--
INFO: Run Behavior\ShowPageTraceBehavior [ RunTime:0.000886s ]
INFO: [ app_end ] --END-- [ RunTime:0.000979s ]

[ 2015-04-23T09:44:02+08:00 ] 127.0.0.1 /index.php/admin
INFO: [ app_init ] --START--
INFO: Run Behavior\BuildLiteBehavior [ RunTime:0.000016s ]
INFO: [ app_init ] --END-- [ RunTime:0.000541s ]
INFO: [ app_begin ] --START--
INFO: Run Behavior\ReadHtmlCacheBehavior [ RunTime:0.000589s ]
INFO: [ app_begin ] --END-- [ RunTime:0.000638s ]
SQL: SHOW COLUMNS FROM `yzclub_admin_node` [ RunTime:0.0071s ]
SQL: SELECT * FROM `yzclub_admin_node` WHERE `name` = 'Index' AND `level` = '1' LIMIT 1   [ RunTime:0.0007s ]
SQL: SELECT * FROM `yzclub_admin_node` WHERE `name` = 'index' AND `pid` = null LIMIT 1   [ RunTime:0.0004s ]
INFO: [ view_parse ] --START--
INFO: [ template_filter ] --START--
INFO: Run Behavior\ContentReplaceBehavior [ RunTime:0.000073s ]
INFO: [ template_filter ] --END-- [ RunTime:0.000131s ]
INFO: Run Behavior\ParseTemplateBehavior [ RunTime:0.006274s ]
INFO: [ view_parse ] --END-- [ RunTime:0.006331s ]
INFO: [ view_filter ] --START--
INFO: Run Behavior\WriteHtmlCacheBehavior [ RunTime:0.000520s ]
INFO: [ view_filter ] --END-- [ RunTime:0.000567s ]
INFO: [ app_end ] --START--
INFO: Run Behavior\ShowPageTraceBehavior [ RunTime:0.000574s ]
INFO: [ app_end ] --END-- [ RunTime:0.000623s ]

[ 2015-04-23T09:44:02+08:00 ] 127.0.0.1 /index.php/admin/index/top
INFO: [ app_init ] --START--
INFO: Run Behavior\BuildLiteBehavior [ RunTime:0.000019s ]
INFO: [ app_init ] --END-- [ RunTime:0.000364s ]
INFO: [ app_begin ] --START--
INFO: Run Behavior\ReadHtmlCacheBehavior [ RunTime:0.000640s ]
INFO: [ app_begin ] --END-- [ RunTime:0.000742s ]
SQL: SHOW COLUMNS FROM `yzclub_admin_node` [ RunTime:0.0079s ]
SQL: SELECT * FROM `yzclub_admin_node` WHERE `name` = 'Index' AND `level` = '1' LIMIT 1   [ RunTime:0.0008s ]
SQL: SELECT * FROM `yzclub_admin_node` WHERE `name` = 'top' AND `pid` = null LIMIT 1   [ RunTime:0.0004s ]
SQL: SELECT * FROM `yzclub_admin_node` WHERE ( level="0" ) ORDER BY sort asc  [ RunTime:0.0006s ]
INFO: [ view_parse ] --START--
INFO: [ template_filter ] --START--
INFO: Run Behavior\ContentReplaceBehavior [ RunTime:0.000134s ]
INFO: [ template_filter ] --END-- [ RunTime:0.000209s ]
INFO: Run Behavior\ParseTemplateBehavior [ RunTime:0.010599s ]
INFO: [ view_parse ] --END-- [ RunTime:0.010712s ]
INFO: [ view_filter ] --START--
INFO: Run Behavior\WriteHtmlCacheBehavior [ RunTime:0.000576s ]
INFO: [ view_filter ] --END-- [ RunTime:0.000636s ]
INFO: [ app_end ] --START--
INFO: Run Behavior\ShowPageTraceBehavior [ RunTime:0.001058s ]
INFO: [ app_end ] --END-- [ RunTime:0.001157s ]

[ 2015-04-23T09:44:02+08:00 ] 127.0.0.1 /index.php/admin/index/left
INFO: [ app_init ] --START--
INFO: Run Behavior\BuildLiteBehavior [ RunTime:0.000018s ]
INFO: [ app_init ] --END-- [ RunTime:0.000497s ]
INFO: [ app_begin ] --START--
INFO: Run Behavior\ReadHtmlCacheBehavior [ RunTime:0.000719s ]
INFO: [ app_begin ] --END-- [ RunTime:0.000809s ]
SQL: SHOW COLUMNS FROM `yzclub_admin_node` [ RunTime:0.0065s ]
SQL: SELECT * FROM `yzclub_admin_node` WHERE `name` = 'Index' AND `level` = '1' LIMIT 1   [ RunTime:0.0005s ]
SQL: SELECT * FROM `yzclub_admin_node` WHERE `name` = 'left' AND `pid` = null LIMIT 1   [ RunTime:0.0004s ]
SQL: SELECT * FROM `yzclub_admin_node` WHERE ( level != "-1" and status > 0 ) ORDER BY id asc  [ RunTime:0.0008s ]
INFO: [ view_parse ] --START--
INFO: [ template_filter ] --START--
INFO: Run Behavior\ContentReplaceBehavior [ RunTime:0.000081s ]
INFO: [ template_filter ] --END-- [ RunTime:0.000149s ]
NOTIC: [8] Undefined index: _child E:\server\Apache2.4\htdocs\club\Application\Runtime\Cache\Admin\6778f0baf40e879d2b8c18d2052abd0c.php 第 25 行.
NOTIC: [8] Undefined index: _child E:\server\Apache2.4\htdocs\club\Application\Runtime\Cache\Admin\6778f0baf40e879d2b8c18d2052abd0c.php 第 25 行.
NOTIC: [8] Undefined index: _child E:\server\Apache2.4\htdocs\club\Application\Runtime\Cache\Admin\6778f0baf40e879d2b8c18d2052abd0c.php 第 25 行.
NOTIC: [8] Undefined index: _child E:\server\Apache2.4\htdocs\club\Application\Runtime\Cache\Admin\6778f0baf40e879d2b8c18d2052abd0c.php 第 22 行.
NOTIC: [8] Undefined index: _child E:\server\Apache2.4\htdocs\club\Application\Runtime\Cache\Admin\6778f0baf40e879d2b8c18d2052abd0c.php 第 22 行.
INFO: Run Behavior\ParseTemplateBehavior [ RunTime:0.010925s ]
INFO: [ view_parse ] --END-- [ RunTime:0.010978s ]
INFO: [ view_filter ] --START--
INFO: Run Behavior\WriteHtmlCacheBehavior [ RunTime:0.000401s ]
INFO: [ view_filter ] --END-- [ RunTime:0.000439s ]
INFO: [ app_end ] --START--
INFO: Run Behavior\ShowPageTraceBehavior [ RunTime:0.000620s ]
INFO: [ app_end ] --END-- [ RunTime:0.000661s ]

[ 2015-04-23T09:44:02+08:00 ] 127.0.0.1 /index.php/admin/index/right
INFO: [ app_init ] --START--
INFO: Run Behavior\BuildLiteBehavior [ RunTime:0.000018s ]
INFO: [ app_init ] --END-- [ RunTime:0.000618s ]
INFO: [ app_begin ] --START--
INFO: Run Behavior\ReadHtmlCacheBehavior [ RunTime:0.000750s ]
INFO: [ app_begin ] --END-- [ RunTime:0.000820s ]
SQL: SHOW COLUMNS FROM `yzclub_admin_node` [ RunTime:0.0073s ]
SQL: SELECT * FROM `yzclub_admin_node` WHERE `name` = 'Index' AND `level` = '1' LIMIT 1   [ RunTime:0.0006s ]
SQL: SELECT * FROM `yzclub_admin_node` WHERE `name` = 'right' AND `pid` = null LIMIT 1   [ RunTime:0.0006s ]
SQL: SHOW COLUMNS FROM `yzclub_admin` [ RunTime:0.0066s ]
SQL: SELECT * FROM `yzclub_admin` WHERE `id` = 1 LIMIT 1   [ RunTime:0.0005s ]
INFO: [ view_parse ] --START--
INFO: [ template_filter ] --START--
INFO: Run Behavior\ContentReplaceBehavior [ RunTime:0.000148s ]
INFO: [ template_filter ] --END-- [ RunTime:0.000204s ]
NOTIC: [8] Undefined variable: count E:\server\Apache2.4\htdocs\club\Application\Runtime\Cache\Admin\7e2e2045534c88122b0a2676c2fd3203.php 第 43 行.
NOTIC: [8] Undefined variable: count E:\server\Apache2.4\htdocs\club\Application\Runtime\Cache\Admin\7e2e2045534c88122b0a2676c2fd3203.php 第 44 行.
NOTIC: [8] Undefined variable: count E:\server\Apache2.4\htdocs\club\Application\Runtime\Cache\Admin\7e2e2045534c88122b0a2676c2fd3203.php 第 45 行.
NOTIC: [8] Undefined variable: count E:\server\Apache2.4\htdocs\club\Application\Runtime\Cache\Admin\7e2e2045534c88122b0a2676c2fd3203.php 第 46 行.
NOTIC: [8] Undefined variable: count E:\server\Apache2.4\htdocs\club\Application\Runtime\Cache\Admin\7e2e2045534c88122b0a2676c2fd3203.php 第 47 行.
NOTIC: [8] Undefined variable: count E:\server\Apache2.4\htdocs\club\Application\Runtime\Cache\Admin\7e2e2045534c88122b0a2676c2fd3203.php 第 48 行.
NOTIC: [8] Undefined variable: count E:\server\Apache2.4\htdocs\club\Application\Runtime\Cache\Admin\7e2e2045534c88122b0a2676c2fd3203.php 第 54 行.
NOTIC: [8] Undefined variable: count E:\server\Apache2.4\htdocs\club\Application\Runtime\Cache\Admin\7e2e2045534c88122b0a2676c2fd3203.php 第 55 行.
NOTIC: [8] Undefined variable: count E:\server\Apache2.4\htdocs\club\Application\Runtime\Cache\Admin\7e2e2045534c88122b0a2676c2fd3203.php 第 61 行.
NOTIC: [8] Undefined variable: count E:\server\Apache2.4\htdocs\club\Application\Runtime\Cache\Admin\7e2e2045534c88122b0a2676c2fd3203.php 第 62 行.
NOTIC: [2048] Only variables should be passed by reference E:\server\Apache2.4\htdocs\club\Application\Runtime\Cache\Admin\7e2e2045534c88122b0a2676c2fd3203.php 第 102 行.
NOTIC: [2048] Only variables should be passed by reference E:\server\Apache2.4\htdocs\club\Application\Runtime\Cache\Admin\7e2e2045534c88122b0a2676c2fd3203.php 第 102 行.
NOTIC: [2048] Only variables should be passed by reference E:\server\Apache2.4\htdocs\club\Application\Runtime\Cache\Admin\7e2e2045534c88122b0a2676c2fd3203.php 第 102 行.
NOTIC: [2048] Only variables should be passed by reference E:\server\Apache2.4\htdocs\club\Application\Runtime\Cache\Admin\7e2e2045534c88122b0a2676c2fd3203.php 第 102 行.
NOTIC: [2048] Only variables should be passed by reference E:\server\Apache2.4\htdocs\club\Application\Runtime\Cache\Admin\7e2e2045534c88122b0a2676c2fd3203.php 第 102 行.
NOTIC: [2048] Only variables should be passed by reference E:\server\Apache2.4\htdocs\club\Application\Runtime\Cache\Admin\7e2e2045534c88122b0a2676c2fd3203.php 第 102 行.
NOTIC: [2048] Only variables should be passed by reference E:\server\Apache2.4\htdocs\club\Application\Runtime\Cache\Admin\7e2e2045534c88122b0a2676c2fd3203.php 第 102 行.
NOTIC: [2048] Only variables should be passed by reference E:\server\Apache2.4\htdocs\club\Application\Runtime\Cache\Admin\7e2e2045534c88122b0a2676c2fd3203.php 第 102 行.
NOTIC: [2048] Only variables should be passed by reference E:\server\Apache2.4\htdocs\club\Application\Runtime\Cache\Admin\7e2e2045534c88122b0a2676c2fd3203.php 第 102 行.
NOTIC: [2048] Only variables should be passed by reference E:\server\Apache2.4\htdocs\club\Application\Runtime\Cache\Admin\7e2e2045534c88122b0a2676c2fd3203.php 第 102 行.
NOTIC: [2048] Only variables should be passed by reference E:\server\Apache2.4\htdocs\club\Application\Runtime\Cache\Admin\7e2e2045534c88122b0a2676c2fd3203.php 第 102 行.
NOTIC: [2048] Only variables should be passed by reference E:\server\Apache2.4\htdocs\club\Application\Runtime\Cache\Admin\7e2e2045534c88122b0a2676c2fd3203.php 第 102 行.
NOTIC: [2048] Only variables should be passed by reference E:\server\Apache2.4\htdocs\club\Application\Runtime\Cache\Admin\7e2e2045534c88122b0a2676c2fd3203.php 第 102 行.
NOTIC: [2048] Only variables should be passed by reference E:\server\Apache2.4\htdocs\club\Application\Runtime\Cache\Admin\7e2e2045534c88122b0a2676c2fd3203.php 第 102 行.
NOTIC: [2048] Only variables should be passed by reference E:\server\Apache2.4\htdocs\club\Application\Runtime\Cache\Admin\7e2e2045534c88122b0a2676c2fd3203.php 第 102 行.
NOTIC: [2048] Only variables should be passed by reference E:\server\Apache2.4\htdocs\club\Application\Runtime\Cache\Admin\7e2e2045534c88122b0a2676c2fd3203.php 第 102 行.
NOTIC: [2048] Only variables should be passed by reference E:\server\Apache2.4\htdocs\club\Application\Runtime\Cache\Admin\7e2e2045534c88122b0a2676c2fd3203.php 第 102 行.
NOTIC: [2048] Only variables should be passed by reference E:\server\Apache2.4\htdocs\club\Application\Runtime\Cache\Admin\7e2e2045534c88122b0a2676c2fd3203.php 第 102 行.
NOTIC: [2048] Only variables should be passed by reference E:\server\Apache2.4\htdocs\club\Application\Runtime\Cache\Admin\7e2e2045534c88122b0a2676c2fd3203.php 第 102 行.
NOTIC: [2048] Only variables should be passed by reference E:\server\Apache2.4\htdocs\club\Application\Runtime\Cache\Admin\7e2e2045534c88122b0a2676c2fd3203.php 第 102 行.
NOTIC: [2048] Only variables should be passed by reference E:\server\Apache2.4\htdocs\club\Application\Runtime\Cache\Admin\7e2e2045534c88122b0a2676c2fd3203.php 第 102 行.
NOTIC: [2048] Only variables should be passed by reference E:\server\Apache2.4\htdocs\club\Application\Runtime\Cache\Admin\7e2e2045534c88122b0a2676c2fd3203.php 第 102 行.
NOTIC: [2048] Only variables should be passed by reference E:\server\Apache2.4\htdocs\club\Application\Runtime\Cache\Admin\7e2e2045534c88122b0a2676c2fd3203.php 第 102 行.
NOTIC: [2048] Only variables should be passed by reference E:\server\Apache2.4\htdocs\club\Application\Runtime\Cache\Admin\7e2e2045534c88122b0a2676c2fd3203.php 第 102 行.
NOTIC: [2048] Only variables should be passed by reference E:\server\Apache2.4\htdocs\club\Application\Runtime\Cache\Admin\7e2e2045534c88122b0a2676c2fd3203.php 第 102 行.
NOTIC: [2048] Only variables should be passed by reference E:\server\Apache2.4\htdocs\club\Application\Runtime\Cache\Admin\7e2e2045534c88122b0a2676c2fd3203.php 第 102 行.
NOTIC: [2048] Only variables should be passed by reference E:\server\Apache2.4\htdocs\club\Application\Runtime\Cache\Admin\7e2e2045534c88122b0a2676c2fd3203.php 第 102 行.
NOTIC: [2048] Only variables should be passed by reference E:\server\Apache2.4\htdocs\club\Application\Runtime\Cache\Admin\7e2e2045534c88122b0a2676c2fd3203.php 第 102 行.
INFO: Run Behavior\ParseTemplateBehavior [ RunTime:0.014425s ]
INFO: [ view_parse ] --END-- [ RunTime:0.014494s ]
INFO: [ view_filter ] --START--
INFO: Run Behavior\WriteHtmlCacheBehavior [ RunTime:0.000680s ]
INFO: [ view_filter ] --END-- [ RunTime:0.000733s ]
INFO: [ app_end ] --START--
INFO: Run Behavior\ShowPageTraceBehavior [ RunTime:0.000861s ]
INFO: [ app_end ] --END-- [ RunTime:0.000935s ]

[ 2015-04-23T09:44:06+08:00 ] 127.0.0.1 /admin/User/apply
INFO: [ app_init ] --START--
INFO: Run Behavior\BuildLiteBehavior [ RunTime:0.000016s ]
INFO: [ app_init ] --END-- [ RunTime:0.000417s ]
INFO: [ app_begin ] --START--
INFO: Run Behavior\ReadHtmlCacheBehavior [ RunTime:0.000693s ]
INFO: [ app_begin ] --END-- [ RunTime:0.000742s ]
SQL: SHOW COLUMNS FROM `yzclub_admin_node` [ RunTime:0.0062s ]
SQL: SELECT * FROM `yzclub_admin_node` WHERE `name` = 'User' AND `level` = '1' LIMIT 1   [ RunTime:0.0009s ]
SQL: SELECT * FROM `yzclub_admin_node` WHERE `name` = 'apply' AND `pid` = 5 LIMIT 1   [ RunTime:0.0006s ]
NOTIC: [2] Illegal string offset 'title' E:\server\Apache2.4\htdocs\club\Application\Common\Controller\BaseController.class.php 第 32 行.
SQL: SHOW COLUMNS FROM `yzclub_apply` [ RunTime:0.0061s ]
NOTIC: [8] Undefined variable: map E:\server\Apache2.4\htdocs\club\Application\Admin\Controller\UserController.class.php 第 33 行.
SQL: SELECT * FROM `yzclub_apply`  [ RunTime:0.0004s ]
INFO: [ view_parse ] --START--
INFO: [ template_filter ] --START--
INFO: Run Behavior\ContentReplaceBehavior [ RunTime:0.000208s ]
INFO: [ template_filter ] --END-- [ RunTime:0.000259s ]
NOTIC: [8] Undefined variable: status E:\server\Apache2.4\htdocs\club\Application\Runtime\Cache\Admin\e52a90a0948ad726925734256fe4dc95.php 第 65 行.
NOTIC: [8] Undefined variable: status E:\server\Apache2.4\htdocs\club\Application\Runtime\Cache\Admin\e52a90a0948ad726925734256fe4dc95.php 第 68 行.
NOTIC: [8] Undefined variable: status E:\server\Apache2.4\htdocs\club\Application\Runtime\Cache\Admin\e52a90a0948ad726925734256fe4dc95.php 第 71 行.
NOTIC: [8] Undefined variable: status E:\server\Apache2.4\htdocs\club\Application\Runtime\Cache\Admin\e52a90a0948ad726925734256fe4dc95.php 第 74 行.
NOTIC: [8] Undefined variable: status E:\server\Apache2.4\htdocs\club\Application\Runtime\Cache\Admin\e52a90a0948ad726925734256fe4dc95.php 第 77 行.
NOTIC: [8] Undefined index: uid E:\server\Apache2.4\htdocs\club\Application\Runtime\Cache\Admin\e52a90a0948ad726925734256fe4dc95.php 第 106 行.
NOTIC: [8] Undefined index: add_time E:\server\Apache2.4\htdocs\club\Application\Runtime\Cache\Admin\e52a90a0948ad726925734256fe4dc95.php 第 111 行.
NOTIC: [8] Undefined variable: page E:\server\Apache2.4\htdocs\club\Application\Runtime\Cache\Admin\e52a90a0948ad726925734256fe4dc95.php 第 145 行.
INFO: Run Behavior\ParseTemplateBehavior [ RunTime:0.097645s ]
INFO: [ view_parse ] --END-- [ RunTime:0.097706s ]
INFO: [ view_filter ] --START--
INFO: Run Behavior\WriteHtmlCacheBehavior [ RunTime:0.000497s ]
INFO: [ view_filter ] --END-- [ RunTime:0.000536s ]
INFO: [ app_end ] --START--
INFO: Run Behavior\ShowPageTraceBehavior [ RunTime:0.000972s ]
INFO: [ app_end ] --END-- [ RunTime:0.001056s ]

[ 2015-04-23T09:45:11+08:00 ] 127.0.0.1 /index.php/Admin/user/do_apply.html
INFO: [ app_init ] --START--
INFO: Run Behavior\BuildLiteBehavior [ RunTime:0.000016s ]
INFO: [ app_init ] --END-- [ RunTime:0.000439s ]
INFO: [ app_begin ] --START--
INFO: Run Behavior\ReadHtmlCacheBehavior [ RunTime:0.000538s ]
INFO: [ app_begin ] --END-- [ RunTime:0.000595s ]
SQL: SHOW COLUMNS FROM `yzclub_admin_node` [ RunTime:0.0071s ]
SQL: SELECT * FROM `yzclub_admin_node` WHERE `name` = 'User' AND `level` = '1' LIMIT 1   [ RunTime:0.0007s ]
SQL: SELECT * FROM `yzclub_admin_node` WHERE `name` = 'do_apply' AND `pid` = 5 LIMIT 1   [ RunTime:0.0006s ]
SQL: SHOW COLUMNS FROM `yzclub_apply` [ RunTime:0.0062s ]
SQL: UPDATE `yzclub_apply` SET `status`='1' WHERE `id` = 1 [ RunTime:0.0016s ]
INFO: [ view_parse ] --START--
INFO: [ template_filter ] --START--
INFO: Run Behavior\ContentReplaceBehavior [ RunTime:0.000076s ]
INFO: [ template_filter ] --END-- [ RunTime:0.000132s ]
INFO: Run Behavior\ParseTemplateBehavior [ RunTime:0.006958s ]
INFO: [ view_parse ] --END-- [ RunTime:0.007065s ]
INFO: [ view_filter ] --START--
INFO: Run Behavior\WriteHtmlCacheBehavior [ RunTime:0.000594s ]
INFO: [ view_filter ] --END-- [ RunTime:0.000650s ]
INFO: [ app_end ] --START--
INFO: Run Behavior\ShowPageTraceBehavior [ RunTime:0.000797s ]
INFO: [ app_end ] --END-- [ RunTime:0.000849s ]

[ 2015-04-23T09:45:12+08:00 ] 127.0.0.1 /admin/User/apply
INFO: [ app_init ] --START--
INFO: Run Behavior\BuildLiteBehavior [ RunTime:0.000014s ]
INFO: [ app_init ] --END-- [ RunTime:0.000362s ]
INFO: [ app_begin ] --START--
INFO: Run Behavior\ReadHtmlCacheBehavior [ RunTime:0.000522s ]
INFO: [ app_begin ] --END-- [ RunTime:0.000582s ]
SQL: SHOW COLUMNS FROM `yzclub_admin_node` [ RunTime:0.0067s ]
SQL: SELECT * FROM `yzclub_admin_node` WHERE `name` = 'User' AND `level` = '1' LIMIT 1   [ RunTime:0.0006s ]
SQL: SELECT * FROM `yzclub_admin_node` WHERE `name` = 'apply' AND `pid` = 5 LIMIT 1   [ RunTime:0.0007s ]
NOTIC: [2] Illegal string offset 'title' E:\server\Apache2.4\htdocs\club\Application\Common\Controller\BaseController.class.php 第 32 行.
SQL: SHOW COLUMNS FROM `yzclub_apply` [ RunTime:0.0070s ]
NOTIC: [8] Undefined variable: map E:\server\Apache2.4\htdocs\club\Application\Admin\Controller\UserController.class.php 第 33 行.
SQL: SELECT * FROM `yzclub_apply`  [ RunTime:0.0006s ]
INFO: [ view_parse ] --START--
INFO: [ template_filter ] --START--
INFO: Run Behavior\ContentReplaceBehavior [ RunTime:0.000172s ]
INFO: [ template_filter ] --END-- [ RunTime:0.000232s ]
NOTIC: [8] Undefined variable: status E:\server\Apache2.4\htdocs\club\Application\Runtime\Cache\Admin\e52a90a0948ad726925734256fe4dc95.php 第 65 行.
NOTIC: [8] Undefined variable: status E:\server\Apache2.4\htdocs\club\Application\Runtime\Cache\Admin\e52a90a0948ad726925734256fe4dc95.php 第 68 行.
NOTIC: [8] Undefined variable: status E:\server\Apache2.4\htdocs\club\Application\Runtime\Cache\Admin\e52a90a0948ad726925734256fe4dc95.php 第 71 行.
NOTIC: [8] Undefined variable: status E:\server\Apache2.4\htdocs\club\Application\Runtime\Cache\Admin\e52a90a0948ad726925734256fe4dc95.php 第 74 行.
NOTIC: [8] Undefined variable: status E:\server\Apache2.4\htdocs\club\Application\Runtime\Cache\Admin\e52a90a0948ad726925734256fe4dc95.php 第 77 行.
NOTIC: [8] Undefined index: uid E:\server\Apache2.4\htdocs\club\Application\Runtime\Cache\Admin\e52a90a0948ad726925734256fe4dc95.php 第 106 行.
NOTIC: [8] Undefined variable: page E:\server\Apache2.4\htdocs\club\Application\Runtime\Cache\Admin\e52a90a0948ad726925734256fe4dc95.php 第 145 行.
INFO: Run Behavior\ParseTemplateBehavior [ RunTime:0.013064s ]
INFO: [ view_parse ] --END-- [ RunTime:0.013135s ]
INFO: [ view_filter ] --START--
INFO: Run Behavior\WriteHtmlCacheBehavior [ RunTime:0.000436s ]
INFO: [ view_filter ] --END-- [ RunTime:0.000483s ]
INFO: [ app_end ] --START--
INFO: Run Behavior\ShowPageTraceBehavior [ RunTime:0.000739s ]
INFO: [ app_end ] --END-- [ RunTime:0.000804s ]

[ 2015-04-23T09:45:37+08:00 ] 127.0.0.1 /admin/User/apply
INFO: [ app_init ] --START--
INFO: Run Behavior\BuildLiteBehavior [ RunTime:0.000013s ]
INFO: [ app_init ] --END-- [ RunTime:0.000335s ]
INFO: [ app_begin ] --START--
INFO: Run Behavior\ReadHtmlCacheBehavior [ RunTime:0.000501s ]
INFO: [ app_begin ] --END-- [ RunTime:0.000549s ]
SQL: SHOW COLUMNS FROM `yzclub_admin_node` [ RunTime:0.0065s ]
SQL: SELECT * FROM `yzclub_admin_node` WHERE `name` = 'User' AND `level` = '1' LIMIT 1   [ RunTime:0.0007s ]
SQL: SELECT * FROM `yzclub_admin_node` WHERE `name` = 'apply' AND `pid` = 5 LIMIT 1   [ RunTime:0.0005s ]
NOTIC: [2] Illegal string offset 'title' E:\server\Apache2.4\htdocs\club\Application\Common\Controller\BaseController.class.php 第 32 行.
SQL: SHOW COLUMNS FROM `yzclub_apply` [ RunTime:0.0067s ]
NOTIC: [8] Undefined variable: map E:\server\Apache2.4\htdocs\club\Application\Admin\Controller\UserController.class.php 第 33 行.
SQL: SELECT * FROM `yzclub_apply`  [ RunTime:0.0007s ]
INFO: [ view_parse ] --START--
INFO: [ template_filter ] --START--
INFO: Run Behavior\ContentReplaceBehavior [ RunTime:0.000170s ]
INFO: [ template_filter ] --END-- [ RunTime:0.000229s ]
NOTIC: [8] Undefined variable: status E:\server\Apache2.4\htdocs\club\Application\Runtime\Cache\Admin\e52a90a0948ad726925734256fe4dc95.php 第 65 行.
NOTIC: [8] Undefined variable: status E:\server\Apache2.4\htdocs\club\Application\Runtime\Cache\Admin\e52a90a0948ad726925734256fe4dc95.php 第 68 行.
NOTIC: [8] Undefined variable: status E:\server\Apache2.4\htdocs\club\Application\Runtime\Cache\Admin\e52a90a0948ad726925734256fe4dc95.php 第 71 行.
NOTIC: [8] Undefined variable: status E:\server\Apache2.4\htdocs\club\Application\Runtime\Cache\Admin\e52a90a0948ad726925734256fe4dc95.php 第 74 行.
NOTIC: [8] Undefined variable: status E:\server\Apache2.4\htdocs\club\Application\Runtime\Cache\Admin\e52a90a0948ad726925734256fe4dc95.php 第 77 行.
NOTIC: [8] Undefined index: uid E:\server\Apache2.4\htdocs\club\Application\Runtime\Cache\Admin\e52a90a0948ad726925734256fe4dc95.php 第 106 行.
NOTIC: [8] Undefined variable: page E:\server\Apache2.4\htdocs\club\Application\Runtime\Cache\Admin\e52a90a0948ad726925734256fe4dc95.php 第 145 行.
INFO: Run Behavior\ParseTemplateBehavior [ RunTime:0.012568s ]
INFO: [ view_parse ] --END-- [ RunTime:0.012628s ]
INFO: [ view_filter ] --START--
INFO: Run Behavior\WriteHtmlCacheBehavior [ RunTime:0.000470s ]
INFO: [ view_filter ] --END-- [ RunTime:0.000515s ]
INFO: [ app_end ] --START--
INFO: Run Behavior\ShowPageTraceBehavior [ RunTime:0.000658s ]
INFO: [ app_end ] --END-- [ RunTime:0.000707s ]

[ 2015-04-23T09:45:42+08:00 ] 127.0.0.1 /admin/User/apply?start_time=&end_time=&status=0
INFO: [ app_init ] --START--
INFO: Run Behavior\BuildLiteBehavior [ RunTime:0.000013s ]
INFO: [ app_init ] --END-- [ RunTime:0.000365s ]
INFO: [ app_begin ] --START--
INFO: Run Behavior\ReadHtmlCacheBehavior [ RunTime:0.000748s ]
INFO: [ app_begin ] --END-- [ RunTime:0.000796s ]
SQL: SHOW COLUMNS FROM `yzclub_admin_node` [ RunTime:0.0071s ]
SQL: SELECT * FROM `yzclub_admin_node` WHERE `name` = 'User' AND `level` = '1' LIMIT 1   [ RunTime:0.0008s ]
SQL: SELECT * FROM `yzclub_admin_node` WHERE `name` = 'apply' AND `pid` = 5 LIMIT 1   [ RunTime:0.0004s ]
NOTIC: [2] Illegal string offset 'title' E:\server\Apache2.4\htdocs\club\Application\Common\Controller\BaseController.class.php 第 32 行.
SQL: SHOW COLUMNS FROM `yzclub_apply` [ RunTime:0.0067s ]
NOTIC: [8] Undefined variable: map E:\server\Apache2.4\htdocs\club\Application\Admin\Controller\UserController.class.php 第 33 行.
SQL: SELECT * FROM `yzclub_apply`  [ RunTime:0.0007s ]
INFO: [ view_parse ] --START--
INFO: [ template_filter ] --START--
INFO: Run Behavior\ContentReplaceBehavior [ RunTime:0.000204s ]
INFO: [ template_filter ] --END-- [ RunTime:0.000268s ]
NOTIC: [8] Undefined variable: status E:\server\Apache2.4\htdocs\club\Application\Runtime\Cache\Admin\e52a90a0948ad726925734256fe4dc95.php 第 65 行.
NOTIC: [8] Undefined variable: status E:\server\Apache2.4\htdocs\club\Application\Runtime\Cache\Admin\e52a90a0948ad726925734256fe4dc95.php 第 68 行.
NOTIC: [8] Undefined variable: status E:\server\Apache2.4\htdocs\club\Application\Runtime\Cache\Admin\e52a90a0948ad726925734256fe4dc95.php 第 71 行.
NOTIC: [8] Undefined variable: status E:\server\Apache2.4\htdocs\club\Application\Runtime\Cache\Admin\e52a90a0948ad726925734256fe4dc95.php 第 74 行.
NOTIC: [8] Undefined variable: status E:\server\Apache2.4\htdocs\club\Application\Runtime\Cache\Admin\e52a90a0948ad726925734256fe4dc95.php 第 77 行.
NOTIC: [8] Undefined index: uid E:\server\Apache2.4\htdocs\club\Application\Runtime\Cache\Admin\e52a90a0948ad726925734256fe4dc95.php 第 106 行.
NOTIC: [8] Undefined variable: page E:\server\Apache2.4\htdocs\club\Application\Runtime\Cache\Admin\e52a90a0948ad726925734256fe4dc95.php 第 145 行.
INFO: Run Behavior\ParseTemplateBehavior [ RunTime:0.012274s ]
INFO: [ view_parse ] --END-- [ RunTime:0.012324s ]
INFO: [ view_filter ] --START--
INFO: Run Behavior\WriteHtmlCacheBehavior [ RunTime:0.000520s ]
INFO: [ view_filter ] --END-- [ RunTime:0.000558s ]
INFO: [ app_end ] --START--
INFO: Run Behavior\ShowPageTraceBehavior [ RunTime:0.000732s ]
INFO: [ app_end ] --END-- [ RunTime:0.000788s ]

[ 2015-04-23T09:45:45+08:00 ] 127.0.0.1 /admin/User/apply?start_time=&end_time=&status=1
INFO: [ app_init ] --START--
INFO: Run Behavior\BuildLiteBehavior [ RunTime:0.000013s ]
INFO: [ app_init ] --END-- [ RunTime:0.000459s ]
INFO: [ app_begin ] --START--
INFO: Run Behavior\ReadHtmlCacheBehavior [ RunTime:0.000501s ]
INFO: [ app_begin ] --END-- [ RunTime:0.000552s ]
SQL: SHOW COLUMNS FROM `yzclub_admin_node` [ RunTime:0.0066s ]
SQL: SELECT * FROM `yzclub_admin_node` WHERE `name` = 'User' AND `level` = '1' LIMIT 1   [ RunTime:0.0008s ]
SQL: SELECT * FROM `yzclub_admin_node` WHERE `name` = 'apply' AND `pid` = 5 LIMIT 1   [ RunTime:0.0007s ]
NOTIC: [2] Illegal string offset 'title' E:\server\Apache2.4\htdocs\club\Application\Common\Controller\BaseController.class.php 第 32 行.
SQL: SHOW COLUMNS FROM `yzclub_apply` [ RunTime:0.0070s ]
SQL: SELECT * FROM `yzclub_apply` WHERE `status` = 1  [ RunTime:0.0007s ]
INFO: [ view_parse ] --START--
INFO: [ template_filter ] --START--
INFO: Run Behavior\ContentReplaceBehavior [ RunTime:0.000170s ]
INFO: [ template_filter ] --END-- [ RunTime:0.000233s ]
NOTIC: [8] Undefined index: uid E:\server\Apache2.4\htdocs\club\Application\Runtime\Cache\Admin\e52a90a0948ad726925734256fe4dc95.php 第 106 行.
NOTIC: [8] Undefined variable: page E:\server\Apache2.4\htdocs\club\Application\Runtime\Cache\Admin\e52a90a0948ad726925734256fe4dc95.php 第 145 行.
INFO: Run Behavior\ParseTemplateBehavior [ RunTime:0.012201s ]
INFO: [ view_parse ] --END-- [ RunTime:0.012289s ]
INFO: [ view_filter ] --START--
INFO: Run Behavior\WriteHtmlCacheBehavior [ RunTime:0.000455s ]
INFO: [ view_filter ] --END-- [ RunTime:0.000494s ]
INFO: [ app_end ] --START--
INFO: Run Behavior\ShowPageTraceBehavior [ RunTime:0.000786s ]
INFO: [ app_end ] --END-- [ RunTime:0.000851s ]

[ 2015-04-23T09:45:48+08:00 ] 127.0.0.1 /admin/User/apply?start_time=&end_time=&status=2
INFO: [ app_init ] --START--
INFO: Run Behavior\BuildLiteBehavior [ RunTime:0.000025s ]
INFO: [ app_init ] --END-- [ RunTime:0.000346s ]
INFO: [ app_begin ] --START--
INFO: Run Behavior\ReadHtmlCacheBehavior [ RunTime:0.000423s ]
INFO: [ app_begin ] --END-- [ RunTime:0.000492s ]
SQL: SHOW COLUMNS FROM `yzclub_admin_node` [ RunTime:0.0063s ]
SQL: SELECT * FROM `yzclub_admin_node` WHERE `name` = 'User' AND `level` = '1' LIMIT 1   [ RunTime:0.0007s ]
SQL: SELECT * FROM `yzclub_admin_node` WHERE `name` = 'apply' AND `pid` = 5 LIMIT 1   [ RunTime:0.0007s ]
NOTIC: [2] Illegal string offset 'title' E:\server\Apache2.4\htdocs\club\Application\Common\Controller\BaseController.class.php 第 32 行.
SQL: SHOW COLUMNS FROM `yzclub_apply` [ RunTime:0.0066s ]
SQL: SELECT * FROM `yzclub_apply` WHERE `status` = 2  [ RunTime:0.0006s ]
INFO: [ view_parse ] --START--
INFO: [ template_filter ] --START--
INFO: Run Behavior\ContentReplaceBehavior [ RunTime:0.000168s ]
INFO: [ template_filter ] --END-- [ RunTime:0.000223s ]
NOTIC: [8] Undefined variable: page E:\server\Apache2.4\htdocs\club\Application\Runtime\Cache\Admin\e52a90a0948ad726925734256fe4dc95.php 第 145 行.
INFO: Run Behavior\ParseTemplateBehavior [ RunTime:0.012213s ]
INFO: [ view_parse ] --END-- [ RunTime:0.012277s ]
INFO: [ view_filter ] --START--
INFO: Run Behavior\WriteHtmlCacheBehavior [ RunTime:0.000413s ]
INFO: [ view_filter ] --END-- [ RunTime:0.000456s ]
INFO: [ app_end ] --START--
INFO: Run Behavior\ShowPageTraceBehavior [ RunTime:0.000652s ]
INFO: [ app_end ] --END-- [ RunTime:0.000696s ]

[ 2015-04-23T09:45:51+08:00 ] 127.0.0.1 /admin/User/apply?start_time=&end_time=&status=-1
INFO: [ app_init ] --START--
INFO: Run Behavior\BuildLiteBehavior [ RunTime:0.000020s ]
INFO: [ app_init ] --END-- [ RunTime:0.000419s ]
INFO: [ app_begin ] --START--
INFO: Run Behavior\ReadHtmlCacheBehavior [ RunTime:0.000475s ]
INFO: [ app_begin ] --END-- [ RunTime:0.000555s ]
SQL: SHOW COLUMNS FROM `yzclub_admin_node` [ RunTime:0.0069s ]
SQL: SELECT * FROM `yzclub_admin_node` WHERE `name` = 'User' AND `level` = '1' LIMIT 1   [ RunTime:0.0007s ]
SQL: SELECT * FROM `yzclub_admin_node` WHERE `name` = 'apply' AND `pid` = 5 LIMIT 1   [ RunTime:0.0005s ]
NOTIC: [2] Illegal string offset 'title' E:\server\Apache2.4\htdocs\club\Application\Common\Controller\BaseController.class.php 第 32 行.
SQL: SHOW COLUMNS FROM `yzclub_apply` [ RunTime:0.0067s ]
SQL: SELECT * FROM `yzclub_apply` WHERE `status` = -1  [ RunTime:0.0008s ]
INFO: [ view_parse ] --START--
INFO: [ template_filter ] --START--
INFO: Run Behavior\ContentReplaceBehavior [ RunTime:0.000165s ]
INFO: [ template_filter ] --END-- [ RunTime:0.000219s ]
NOTIC: [8] Undefined variable: page E:\server\Apache2.4\htdocs\club\Application\Runtime\Cache\Admin\e52a90a0948ad726925734256fe4dc95.php 第 145 行.
INFO: Run Behavior\ParseTemplateBehavior [ RunTime:0.011396s ]
INFO: [ view_parse ] --END-- [ RunTime:0.011455s ]
INFO: [ view_filter ] --START--
INFO: Run Behavior\WriteHtmlCacheBehavior [ RunTime:0.000584s ]
INFO: [ view_filter ] --END-- [ RunTime:0.000624s ]
INFO: [ app_end ] --START--
INFO: Run Behavior\ShowPageTraceBehavior [ RunTime:0.000578s ]
INFO: [ app_end ] --END-- [ RunTime:0.000619s ]

[ 2015-04-23T09:45:54+08:00 ] 127.0.0.1 /admin/User/apply?start_time=&end_time=&status=1
INFO: [ app_init ] --START--
INFO: Run Behavior\BuildLiteBehavior [ RunTime:0.000019s ]
INFO: [ app_init ] --END-- [ RunTime:0.000351s ]
INFO: [ app_begin ] --START--
INFO: Run Behavior\ReadHtmlCacheBehavior [ RunTime:0.000482s ]
INFO: [ app_begin ] --END-- [ RunTime:0.000582s ]
SQL: SHOW COLUMNS FROM `yzclub_admin_node` [ RunTime:0.0063s ]
SQL: SELECT * FROM `yzclub_admin_node` WHERE `name` = 'User' AND `level` = '1' LIMIT 1   [ RunTime:0.0008s ]
SQL: SELECT * FROM `yzclub_admin_node` WHERE `name` = 'apply' AND `pid` = 5 LIMIT 1   [ RunTime:0.0004s ]
NOTIC: [2] Illegal string offset 'title' E:\server\Apache2.4\htdocs\club\Application\Common\Controller\BaseController.class.php 第 32 行.
SQL: SHOW COLUMNS FROM `yzclub_apply` [ RunTime:0.0063s ]
SQL: SELECT * FROM `yzclub_apply` WHERE `status` = 1  [ RunTime:0.0007s ]
INFO: [ view_parse ] --START--
INFO: [ template_filter ] --START--
INFO: Run Behavior\ContentReplaceBehavior [ RunTime:0.000148s ]
INFO: [ template_filter ] --END-- [ RunTime:0.000209s ]
NOTIC: [8] Undefined index: uid E:\server\Apache2.4\htdocs\club\Application\Runtime\Cache\Admin\e52a90a0948ad726925734256fe4dc95.php 第 106 行.
NOTIC: [8] Undefined variable: page E:\server\Apache2.4\htdocs\club\Application\Runtime\Cache\Admin\e52a90a0948ad726925734256fe4dc95.php 第 145 行.
INFO: Run Behavior\ParseTemplateBehavior [ RunTime:0.011314s ]
INFO: [ view_parse ] --END-- [ RunTime:0.011409s ]
INFO: [ view_filter ] --START--
INFO: Run Behavior\WriteHtmlCacheBehavior [ RunTime:0.000444s ]
INFO: [ view_filter ] --END-- [ RunTime:0.000485s ]
INFO: [ app_end ] --START--
INFO: Run Behavior\ShowPageTraceBehavior [ RunTime:0.000614s ]
INFO: [ app_end ] --END-- [ RunTime:0.000670s ]

[ 2015-04-23T09:45:58+08:00 ] 127.0.0.1 /admin/User/apply?start_time=&end_time=&status=0
INFO: [ app_init ] --START--
INFO: Run Behavior\BuildLiteBehavior [ RunTime:0.000013s ]
INFO: [ app_init ] --END-- [ RunTime:0.000332s ]
INFO: [ app_begin ] --START--
INFO: Run Behavior\ReadHtmlCacheBehavior [ RunTime:0.000450s ]
INFO: [ app_begin ] --END-- [ RunTime:0.000505s ]
SQL: SHOW COLUMNS FROM `yzclub_admin_node` [ RunTime:0.0071s ]
SQL: SELECT * FROM `yzclub_admin_node` WHERE `name` = 'User' AND `level` = '1' LIMIT 1   [ RunTime:0.0008s ]
SQL: SELECT * FROM `yzclub_admin_node` WHERE `name` = 'apply' AND `pid` = 5 LIMIT 1   [ RunTime:0.0007s ]
NOTIC: [2] Illegal string offset 'title' E:\server\Apache2.4\htdocs\club\Application\Common\Controller\BaseController.class.php 第 32 行.
SQL: SHOW COLUMNS FROM `yzclub_apply` [ RunTime:0.0066s ]
NOTIC: [8] Undefined variable: map E:\server\Apache2.4\htdocs\club\Application\Admin\Controller\UserController.class.php 第 33 行.
SQL: SELECT * FROM `yzclub_apply`  [ RunTime:0.0004s ]
INFO: [ view_parse ] --START--
INFO: [ template_filter ] --START--
INFO: Run Behavior\ContentReplaceBehavior [ RunTime:0.000166s ]
INFO: [ template_filter ] --END-- [ RunTime:0.000221s ]
NOTIC: [8] Undefined variable: status E:\server\Apache2.4\htdocs\club\Application\Runtime\Cache\Admin\e52a90a0948ad726925734256fe4dc95.php 第 65 行.
NOTIC: [8] Undefined variable: status E:\server\Apache2.4\htdocs\club\Application\Runtime\Cache\Admin\e52a90a0948ad726925734256fe4dc95.php 第 68 行.
NOTIC: [8] Undefined variable: status E:\server\Apache2.4\htdocs\club\Application\Runtime\Cache\Admin\e52a90a0948ad726925734256fe4dc95.php 第 71 行.
NOTIC: [8] Undefined variable: status E:\server\Apache2.4\htdocs\club\Application\Runtime\Cache\Admin\e52a90a0948ad726925734256fe4dc95.php 第 74 行.
NOTIC: [8] Undefined variable: status E:\server\Apache2.4\htdocs\club\Application\Runtime\Cache\Admin\e52a90a0948ad726925734256fe4dc95.php 第 77 行.
NOTIC: [8] Undefined index: uid E:\server\Apache2.4\htdocs\club\Application\Runtime\Cache\Admin\e52a90a0948ad726925734256fe4dc95.php 第 106 行.
NOTIC: [8] Undefined variable: page E:\server\Apache2.4\htdocs\club\Application\Runtime\Cache\Admin\e52a90a0948ad726925734256fe4dc95.php 第 145 行.
INFO: Run Behavior\ParseTemplateBehavior [ RunTime:0.012611s ]
INFO: [ view_parse ] --END-- [ RunTime:0.012673s ]
INFO: [ view_filter ] --START--
INFO: Run Behavior\WriteHtmlCacheBehavior [ RunTime:0.000461s ]
INFO: [ view_filter ] --END-- [ RunTime:0.000504s ]
INFO: [ app_end ] --START--
INFO: Run Behavior\ShowPageTraceBehavior [ RunTime:0.000577s ]
INFO: [ app_end ] --END-- [ RunTime:0.000624s ]

[ 2015-04-23T09:46:56+08:00 ] 127.0.0.1 /admin/User/apply
INFO: [ app_init ] --START--
INFO: Run Behavior\BuildLiteBehavior [ RunTime:0.000014s ]
INFO: [ app_init ] --END-- [ RunTime:0.000355s ]
INFO: [ app_begin ] --START--
INFO: Run Behavior\ReadHtmlCacheBehavior [ RunTime:0.000496s ]
INFO: [ app_begin ] --END-- [ RunTime:0.000546s ]
SQL: SHOW COLUMNS FROM `yzclub_admin_node` [ RunTime:0.0063s ]
SQL: SELECT * FROM `yzclub_admin_node` WHERE `name` = 'User' AND `level` = '1' LIMIT 1   [ RunTime:0.0006s ]
SQL: SELECT * FROM `yzclub_admin_node` WHERE `name` = 'apply' AND `pid` = 5 LIMIT 1   [ RunTime:0.0008s ]
NOTIC: [2] Illegal string offset 'title' E:\server\Apache2.4\htdocs\club\Application\Common\Controller\BaseController.class.php 第 32 行.
NOTIC: [8] Undefined index: status E:\server\Apache2.4\htdocs\club\Application\Admin\Controller\UserController.class.php 第 29 行.
SQL: SHOW COLUMNS FROM `yzclub_apply` [ RunTime:0.0066s ]
SQL: SELECT * FROM `yzclub_apply` WHERE `status` = 0  [ RunTime:0.0009s ]
INFO: [ view_parse ] --START--
INFO: [ template_filter ] --START--
INFO: Run Behavior\ContentReplaceBehavior [ RunTime:0.000207s ]
INFO: [ template_filter ] --END-- [ RunTime:0.000261s ]
NOTIC: [8] Undefined variable: page E:\server\Apache2.4\htdocs\club\Application\Runtime\Cache\Admin\e52a90a0948ad726925734256fe4dc95.php 第 145 行.
INFO: Run Behavior\ParseTemplateBehavior [ RunTime:0.015523s ]
INFO: [ view_parse ] --END-- [ RunTime:0.015632s ]
INFO: [ view_filter ] --START--
INFO: Run Behavior\WriteHtmlCacheBehavior [ RunTime:0.000496s ]
INFO: [ view_filter ] --END-- [ RunTime:0.000541s ]
INFO: [ app_end ] --START--
INFO: Run Behavior\ShowPageTraceBehavior [ RunTime:0.000716s ]
INFO: [ app_end ] --END-- [ RunTime:0.000766s ]

[ 2015-04-23T09:47:00+08:00 ] 127.0.0.1 /admin/User/apply?start_time=&end_time=&status=
INFO: [ app_init ] --START--
INFO: Run Behavior\BuildLiteBehavior [ RunTime:0.000014s ]
INFO: [ app_init ] --END-- [ RunTime:0.000394s ]
INFO: [ app_begin ] --START--
INFO: Run Behavior\ReadHtmlCacheBehavior [ RunTime:0.000448s ]
INFO: [ app_begin ] --END-- [ RunTime:0.000492s ]
SQL: SHOW COLUMNS FROM `yzclub_admin_node` [ RunTime:0.0065s ]
SQL: SELECT * FROM `yzclub_admin_node` WHERE `name` = 'User' AND `level` = '1' LIMIT 1   [ RunTime:0.0006s ]
SQL: SELECT * FROM `yzclub_admin_node` WHERE `name` = 'apply' AND `pid` = 5 LIMIT 1   [ RunTime:0.0004s ]
NOTIC: [2] Illegal string offset 'title' E:\server\Apache2.4\htdocs\club\Application\Common\Controller\BaseController.class.php 第 32 行.
SQL: SHOW COLUMNS FROM `yzclub_apply` [ RunTime:0.0060s ]
NOTIC: [8] Undefined variable: map E:\server\Apache2.4\htdocs\club\Application\Admin\Controller\UserController.class.php 第 33 行.
SQL: SELECT * FROM `yzclub_apply`  [ RunTime:0.0006s ]
INFO: [ view_parse ] --START--
INFO: [ template_filter ] --START--
INFO: Run Behavior\ContentReplaceBehavior [ RunTime:0.000169s ]
INFO: [ template_filter ] --END-- [ RunTime:0.000226s ]
NOTIC: [8] Undefined variable: status E:\server\Apache2.4\htdocs\club\Application\Runtime\Cache\Admin\e52a90a0948ad726925734256fe4dc95.php 第 65 行.
NOTIC: [8] Undefined variable: status E:\server\Apache2.4\htdocs\club\Application\Runtime\Cache\Admin\e52a90a0948ad726925734256fe4dc95.php 第 68 行.
NOTIC: [8] Undefined variable: status E:\server\Apache2.4\htdocs\club\Application\Runtime\Cache\Admin\e52a90a0948ad726925734256fe4dc95.php 第 71 行.
NOTIC: [8] Undefined variable: status E:\server\Apache2.4\htdocs\club\Application\Runtime\Cache\Admin\e52a90a0948ad726925734256fe4dc95.php 第 74 行.
NOTIC: [8] Undefined variable: status E:\server\Apache2.4\htdocs\club\Application\Runtime\Cache\Admin\e52a90a0948ad726925734256fe4dc95.php 第 77 行.
NOTIC: [8] Undefined index: uid E:\server\Apache2.4\htdocs\club\Application\Runtime\Cache\Admin\e52a90a0948ad726925734256fe4dc95.php 第 106 行.
NOTIC: [8] Undefined variable: page E:\server\Apache2.4\htdocs\club\Application\Runtime\Cache\Admin\e52a90a0948ad726925734256fe4dc95.php 第 145 行.
INFO: Run Behavior\ParseTemplateBehavior [ RunTime:0.011624s ]
INFO: [ view_parse ] --END-- [ RunTime:0.011703s ]
INFO: [ view_filter ] --START--
INFO: Run Behavior\WriteHtmlCacheBehavior [ RunTime:0.000465s ]
INFO: [ view_filter ] --END-- [ RunTime:0.000502s ]
INFO: [ app_end ] --START--
INFO: Run Behavior\ShowPageTraceBehavior [ RunTime:0.000636s ]
INFO: [ app_end ] --END-- [ RunTime:0.000696s ]

[ 2015-04-23T09:47:04+08:00 ] 127.0.0.1 /admin/User/apply?start_time=&end_time=&status=0
INFO: [ app_init ] --START--
INFO: Run Behavior\BuildLiteBehavior [ RunTime:0.000026s ]
INFO: [ app_init ] --END-- [ RunTime:0.000308s ]
INFO: [ app_begin ] --START--
INFO: Run Behavior\ReadHtmlCacheBehavior [ RunTime:0.000443s ]
INFO: [ app_begin ] --END-- [ RunTime:0.000488s ]
SQL: SHOW COLUMNS FROM `yzclub_admin_node` [ RunTime:0.0066s ]
SQL: SELECT * FROM `yzclub_admin_node` WHERE `name` = 'User' AND `level` = '1' LIMIT 1   [ RunTime:0.0007s ]
SQL: SELECT * FROM `yzclub_admin_node` WHERE `name` = 'apply' AND `pid` = 5 LIMIT 1   [ RunTime:0.0007s ]
NOTIC: [2] Illegal string offset 'title' E:\server\Apache2.4\htdocs\club\Application\Common\Controller\BaseController.class.php 第 32 行.
SQL: SHOW COLUMNS FROM `yzclub_apply` [ RunTime:0.0062s ]
SQL: SELECT * FROM `yzclub_apply` WHERE `status` = 0  [ RunTime:0.0006s ]
INFO: [ view_parse ] --START--
INFO: [ template_filter ] --START--
INFO: Run Behavior\ContentReplaceBehavior [ RunTime:0.000166s ]
INFO: [ template_filter ] --END-- [ RunTime:0.000220s ]
NOTIC: [8] Undefined variable: page E:\server\Apache2.4\htdocs\club\Application\Runtime\Cache\Admin\e52a90a0948ad726925734256fe4dc95.php 第 145 行.
INFO: Run Behavior\ParseTemplateBehavior [ RunTime:0.011654s ]
INFO: [ view_parse ] --END-- [ RunTime:0.011705s ]
INFO: [ view_filter ] --START--
INFO: Run Behavior\WriteHtmlCacheBehavior [ RunTime:0.000409s ]
INFO: [ view_filter ] --END-- [ RunTime:0.000447s ]
INFO: [ app_end ] --START--
INFO: Run Behavior\ShowPageTraceBehavior [ RunTime:0.000565s ]
INFO: [ app_end ] --END-- [ RunTime:0.000628s ]

[ 2015-04-23T09:47:05+08:00 ] 127.0.0.1 /admin/User/apply?start_time=&end_time=&status=1
INFO: [ app_init ] --START--
INFO: Run Behavior\BuildLiteBehavior [ RunTime:0.000014s ]
INFO: [ app_init ] --END-- [ RunTime:0.000393s ]
INFO: [ app_begin ] --START--
INFO: Run Behavior\ReadHtmlCacheBehavior [ RunTime:0.000545s ]
INFO: [ app_begin ] --END-- [ RunTime:0.000600s ]
SQL: SHOW COLUMNS FROM `yzclub_admin_node` [ RunTime:0.0068s ]
SQL: SELECT * FROM `yzclub_admin_node` WHERE `name` = 'User' AND `level` = '1' LIMIT 1   [ RunTime:0.0007s ]
SQL: SELECT * FROM `yzclub_admin_node` WHERE `name` = 'apply' AND `pid` = 5 LIMIT 1   [ RunTime:0.0006s ]
NOTIC: [2] Illegal string offset 'title' E:\server\Apache2.4\htdocs\club\Application\Common\Controller\BaseController.class.php 第 32 行.
SQL: SHOW COLUMNS FROM `yzclub_apply` [ RunTime:0.0065s ]
SQL: SELECT * FROM `yzclub_apply` WHERE `status` = 1  [ RunTime:0.0005s ]
INFO: [ view_parse ] --START--
INFO: [ template_filter ] --START--
INFO: Run Behavior\ContentReplaceBehavior [ RunTime:0.000215s ]
INFO: [ template_filter ] --END-- [ RunTime:0.000291s ]
NOTIC: [8] Undefined index: uid E:\server\Apache2.4\htdocs\club\Application\Runtime\Cache\Admin\e52a90a0948ad726925734256fe4dc95.php 第 106 行.
NOTIC: [8] Undefined variable: page E:\server\Apache2.4\htdocs\club\Application\Runtime\Cache\Admin\e52a90a0948ad726925734256fe4dc95.php 第 145 行.
INFO: Run Behavior\ParseTemplateBehavior [ RunTime:0.011747s ]
INFO: [ view_parse ] --END-- [ RunTime:0.011796s ]
INFO: [ view_filter ] --START--
INFO: Run Behavior\WriteHtmlCacheBehavior [ RunTime:0.000405s ]
INFO: [ view_filter ] --END-- [ RunTime:0.000444s ]
INFO: [ app_end ] --START--
INFO: Run Behavior\ShowPageTraceBehavior [ RunTime:0.000688s ]
INFO: [ app_end ] --END-- [ RunTime:0.000755s ]

[ 2015-04-23T09:47:07+08:00 ] 127.0.0.1 /admin/User/apply?start_time=&end_time=&status=2
INFO: [ app_init ] --START--
INFO: Run Behavior\BuildLiteBehavior [ RunTime:0.000015s ]
INFO: [ app_init ] --END-- [ RunTime:0.000407s ]
INFO: [ app_begin ] --START--
INFO: Run Behavior\ReadHtmlCacheBehavior [ RunTime:0.000508s ]
INFO: [ app_begin ] --END-- [ RunTime:0.000554s ]
SQL: SHOW COLUMNS FROM `yzclub_admin_node` [ RunTime:0.0064s ]
SQL: SELECT * FROM `yzclub_admin_node` WHERE `name` = 'User' AND `level` = '1' LIMIT 1   [ RunTime:0.0007s ]
SQL: SELECT * FROM `yzclub_admin_node` WHERE `name` = 'apply' AND `pid` = 5 LIMIT 1   [ RunTime:0.0004s ]
NOTIC: [2] Illegal string offset 'title' E:\server\Apache2.4\htdocs\club\Application\Common\Controller\BaseController.class.php 第 32 行.
SQL: SHOW COLUMNS FROM `yzclub_apply` [ RunTime:0.0067s ]
SQL: SELECT * FROM `yzclub_apply` WHERE `status` = 2  [ RunTime:0.0006s ]
INFO: [ view_parse ] --START--
INFO: [ template_filter ] --START--
INFO: Run Behavior\ContentReplaceBehavior [ RunTime:0.000206s ]
INFO: [ template_filter ] --END-- [ RunTime:0.000260s ]
NOTIC: [8] Undefined variable: page E:\server\Apache2.4\htdocs\club\Application\Runtime\Cache\Admin\e52a90a0948ad726925734256fe4dc95.php 第 145 行.
INFO: Run Behavior\ParseTemplateBehavior [ RunTime:0.011272s ]
INFO: [ view_parse ] --END-- [ RunTime:0.011339s ]
INFO: [ view_filter ] --START--
INFO: Run Behavior\WriteHtmlCacheBehavior [ RunTime:0.000391s ]
INFO: [ view_filter ] --END-- [ RunTime:0.000435s ]
INFO: [ app_end ] --START--
INFO: Run Behavior\ShowPageTraceBehavior [ RunTime:0.000631s ]
INFO: [ app_end ] --END-- [ RunTime:0.000671s ]

[ 2015-04-23T09:47:08+08:00 ] 127.0.0.1 /admin/User/apply?start_time=&end_time=&status=-1
INFO: [ app_init ] --START--
INFO: Run Behavior\BuildLiteBehavior [ RunTime:0.000016s ]
INFO: [ app_init ] --END-- [ RunTime:0.000346s ]
INFO: [ app_begin ] --START--
INFO: Run Behavior\ReadHtmlCacheBehavior [ RunTime:0.000451s ]
INFO: [ app_begin ] --END-- [ RunTime:0.000523s ]
SQL: SHOW COLUMNS FROM `yzclub_admin_node` [ RunTime:0.0062s ]
SQL: SELECT * FROM `yzclub_admin_node` WHERE `name` = 'User' AND `level` = '1' LIMIT 1   [ RunTime:0.0005s ]
SQL: SELECT * FROM `yzclub_admin_node` WHERE `name` = 'apply' AND `pid` = 5 LIMIT 1   [ RunTime:0.0006s ]
NOTIC: [2] Illegal string offset 'title' E:\server\Apache2.4\htdocs\club\Application\Common\Controller\BaseController.class.php 第 32 行.
SQL: SHOW COLUMNS FROM `yzclub_apply` [ RunTime:0.0065s ]
SQL: SELECT * FROM `yzclub_apply` WHERE `status` = -1  [ RunTime:0.0006s ]
INFO: [ view_parse ] --START--
INFO: [ template_filter ] --START--
INFO: Run Behavior\ContentReplaceBehavior [ RunTime:0.000224s ]
INFO: [ template_filter ] --END-- [ RunTime:0.000293s ]
NOTIC: [8] Undefined variable: page E:\server\Apache2.4\htdocs\club\Application\Runtime\Cache\Admin\e52a90a0948ad726925734256fe4dc95.php 第 145 行.
INFO: Run Behavior\ParseTemplateBehavior [ RunTime:0.013132s ]
INFO: [ view_parse ] --END-- [ RunTime:0.013195s ]
INFO: [ view_filter ] --START--
INFO: Run Behavior\WriteHtmlCacheBehavior [ RunTime:0.000406s ]
INFO: [ view_filter ] --END-- [ RunTime:0.000445s ]
INFO: [ app_end ] --START--
INFO: Run Behavior\ShowPageTraceBehavior [ RunTime:0.000595s ]
INFO: [ app_end ] --END-- [ RunTime:0.000662s ]

[ 2015-04-23T09:47:10+08:00 ] 127.0.0.1 /admin/User/apply?start_time=&end_time=&status=0
INFO: [ app_init ] --START--
INFO: Run Behavior\BuildLiteBehavior [ RunTime:0.000013s ]
INFO: [ app_init ] --END-- [ RunTime:0.000362s ]
INFO: [ app_begin ] --START--
INFO: Run Behavior\ReadHtmlCacheBehavior [ RunTime:0.000483s ]
INFO: [ app_begin ] --END-- [ RunTime:0.000529s ]
SQL: SHOW COLUMNS FROM `yzclub_admin_node` [ RunTime:0.0062s ]
SQL: SELECT * FROM `yzclub_admin_node` WHERE `name` = 'User' AND `level` = '1' LIMIT 1   [ RunTime:0.0006s ]
SQL: SELECT * FROM `yzclub_admin_node` WHERE `name` = 'apply' AND `pid` = 5 LIMIT 1   [ RunTime:0.0006s ]
NOTIC: [2] Illegal string offset 'title' E:\server\Apache2.4\htdocs\club\Application\Common\Controller\BaseController.class.php 第 32 行.
SQL: SHOW COLUMNS FROM `yzclub_apply` [ RunTime:0.0062s ]
SQL: SELECT * FROM `yzclub_apply` WHERE `status` = 0  [ RunTime:0.0005s ]
INFO: [ view_parse ] --START--
INFO: [ template_filter ] --START--
INFO: Run Behavior\ContentReplaceBehavior [ RunTime:0.000152s ]
INFO: [ template_filter ] --END-- [ RunTime:0.000213s ]
NOTIC: [8] Undefined variable: page E:\server\Apache2.4\htdocs\club\Application\Runtime\Cache\Admin\e52a90a0948ad726925734256fe4dc95.php 第 145 行.
INFO: Run Behavior\ParseTemplateBehavior [ RunTime:0.012301s ]
INFO: [ view_parse ] --END-- [ RunTime:0.012365s ]
INFO: [ view_filter ] --START--
INFO: Run Behavior\WriteHtmlCacheBehavior [ RunTime:0.000489s ]
INFO: [ view_filter ] --END-- [ RunTime:0.000527s ]
INFO: [ app_end ] --START--
INFO: Run Behavior\ShowPageTraceBehavior [ RunTime:0.000670s ]
INFO: [ app_end ] --END-- [ RunTime:0.000712s ]

[ 2015-04-23T09:47:13+08:00 ] 127.0.0.1 /admin/User/apply?start_time=&end_time=&status=
INFO: [ app_init ] --START--
INFO: Run Behavior\BuildLiteBehavior [ RunTime:0.000027s ]
INFO: [ app_init ] --END-- [ RunTime:0.000437s ]
INFO: [ app_begin ] --START--
INFO: Run Behavior\ReadHtmlCacheBehavior [ RunTime:0.000618s ]
INFO: [ app_begin ] --END-- [ RunTime:0.000665s ]
SQL: SHOW COLUMNS FROM `yzclub_admin_node` [ RunTime:0.0058s ]
SQL: SELECT * FROM `yzclub_admin_node` WHERE `name` = 'User' AND `level` = '1' LIMIT 1   [ RunTime:0.0009s ]
SQL: SELECT * FROM `yzclub_admin_node` WHERE `name` = 'apply' AND `pid` = 5 LIMIT 1   [ RunTime:0.0010s ]
NOTIC: [2] Illegal string offset 'title' E:\server\Apache2.4\htdocs\club\Application\Common\Controller\BaseController.class.php 第 32 行.
SQL: SHOW COLUMNS FROM `yzclub_apply` [ RunTime:0.0074s ]
NOTIC: [8] Undefined variable: map E:\server\Apache2.4\htdocs\club\Application\Admin\Controller\UserController.class.php 第 33 行.
SQL: SELECT * FROM `yzclub_apply`  [ RunTime:0.0005s ]
INFO: [ view_parse ] --START--
INFO: [ template_filter ] --START--
INFO: Run Behavior\ContentReplaceBehavior [ RunTime:0.000167s ]
INFO: [ template_filter ] --END-- [ RunTime:0.000221s ]
NOTIC: [8] Undefined variable: status E:\server\Apache2.4\htdocs\club\Application\Runtime\Cache\Admin\e52a90a0948ad726925734256fe4dc95.php 第 65 行.
NOTIC: [8] Undefined variable: status E:\server\Apache2.4\htdocs\club\Application\Runtime\Cache\Admin\e52a90a0948ad726925734256fe4dc95.php 第 68 行.
NOTIC: [8] Undefined variable: status E:\server\Apache2.4\htdocs\club\Application\Runtime\Cache\Admin\e52a90a0948ad726925734256fe4dc95.php 第 71 行.
NOTIC: [8] Undefined variable: status E:\server\Apache2.4\htdocs\club\Application\Runtime\Cache\Admin\e52a90a0948ad726925734256fe4dc95.php 第 74 行.
NOTIC: [8] Undefined variable: status E:\server\Apache2.4\htdocs\club\Application\Runtime\Cache\Admin\e52a90a0948ad726925734256fe4dc95.php 第 77 行.
NOTIC: [8] Undefined index: uid E:\server\Apache2.4\htdocs\club\Application\Runtime\Cache\Admin\e52a90a0948ad726925734256fe4dc95.php 第 106 行.
NOTIC: [8] Undefined variable: page E:\server\Apache2.4\htdocs\club\Application\Runtime\Cache\Admin\e52a90a0948ad726925734256fe4dc95.php 第 145 行.
INFO: Run Behavior\ParseTemplateBehavior [ RunTime:0.012533s ]
INFO: [ view_parse ] --END-- [ RunTime:0.012653s ]
INFO: [ view_filter ] --START--
INFO: Run Behavior\WriteHtmlCacheBehavior [ RunTime:0.000581s ]
INFO: [ view_filter ] --END-- [ RunTime:0.000625s ]
INFO: [ app_end ] --START--
INFO: Run Behavior\ShowPageTraceBehavior [ RunTime:0.001302s ]
INFO: [ app_end ] --END-- [ RunTime:0.001501s ]

[ 2015-04-23T09:47:16+08:00 ] 127.0.0.1 /admin/User/apply?start_time=&end_time=2015-04-23&status=
INFO: [ app_init ] --START--
INFO: Run Behavior\BuildLiteBehavior [ RunTime:0.000015s ]
INFO: [ app_init ] --END-- [ RunTime:0.000324s ]
INFO: [ app_begin ] --START--
INFO: Run Behavior\ReadHtmlCacheBehavior [ RunTime:0.000454s ]
INFO: [ app_begin ] --END-- [ RunTime:0.000523s ]
SQL: SHOW COLUMNS FROM `yzclub_admin_node` [ RunTime:0.0061s ]
SQL: SELECT * FROM `yzclub_admin_node` WHERE `name` = 'User' AND `level` = '1' LIMIT 1   [ RunTime:0.0006s ]
SQL: SELECT * FROM `yzclub_admin_node` WHERE `name` = 'apply' AND `pid` = 5 LIMIT 1   [ RunTime:0.0004s ]
NOTIC: [2] Illegal string offset 'title' E:\server\Apache2.4\htdocs\club\Application\Common\Controller\BaseController.class.php 第 32 行.
SQL: SHOW COLUMNS FROM `yzclub_apply` [ RunTime:0.0066s ]
SQL: SELECT * FROM `yzclub_apply` WHERE `add_time` < 1429718400  [ RunTime:0.0005s ]
INFO: [ view_parse ] --START--
INFO: [ template_filter ] --START--
INFO: Run Behavior\ContentReplaceBehavior [ RunTime:0.000179s ]
INFO: [ template_filter ] --END-- [ RunTime:0.000244s ]
NOTIC: [8] Undefined variable: status E:\server\Apache2.4\htdocs\club\Application\Runtime\Cache\Admin\e52a90a0948ad726925734256fe4dc95.php 第 65 行.
NOTIC: [8] Undefined variable: status E:\server\Apache2.4\htdocs\club\Application\Runtime\Cache\Admin\e52a90a0948ad726925734256fe4dc95.php 第 68 行.
NOTIC: [8] Undefined variable: status E:\server\Apache2.4\htdocs\club\Application\Runtime\Cache\Admin\e52a90a0948ad726925734256fe4dc95.php 第 71 行.
NOTIC: [8] Undefined variable: status E:\server\Apache2.4\htdocs\club\Application\Runtime\Cache\Admin\e52a90a0948ad726925734256fe4dc95.php 第 74 行.
NOTIC: [8] Undefined variable: status E:\server\Apache2.4\htdocs\club\Application\Runtime\Cache\Admin\e52a90a0948ad726925734256fe4dc95.php 第 77 行.
NOTIC: [8] Undefined variable: page E:\server\Apache2.4\htdocs\club\Application\Runtime\Cache\Admin\e52a90a0948ad726925734256fe4dc95.php 第 145 行.
INFO: Run Behavior\ParseTemplateBehavior [ RunTime:0.011682s ]
INFO: [ view_parse ] --END-- [ RunTime:0.011734s ]
INFO: [ view_filter ] --START--
INFO: Run Behavior\WriteHtmlCacheBehavior [ RunTime:0.000425s ]
INFO: [ view_filter ] --END-- [ RunTime:0.000465s ]
INFO: [ app_end ] --START--
INFO: Run Behavior\ShowPageTraceBehavior [ RunTime:0.000629s ]
INFO: [ app_end ] --END-- [ RunTime:0.000668s ]

[ 2015-04-23T09:47:44+08:00 ] 127.0.0.1 /admin/User/apply?start_time=&end_time=2015-04-23&status=
INFO: [ app_init ] --START--
INFO: Run Behavior\BuildLiteBehavior [ RunTime:0.000013s ]
INFO: [ app_init ] --END-- [ RunTime:0.000345s ]
INFO: [ app_begin ] --START--
INFO: Run Behavior\ReadHtmlCacheBehavior [ RunTime:0.000437s ]
INFO: [ app_begin ] --END-- [ RunTime:0.000483s ]
SQL: SHOW COLUMNS FROM `yzclub_admin_node` [ RunTime:0.0062s ]
SQL: SELECT * FROM `yzclub_admin_node` WHERE `name` = 'User' AND `level` = '1' LIMIT 1   [ RunTime:0.0005s ]
SQL: SELECT * FROM `yzclub_admin_node` WHERE `name` = 'apply' AND `pid` = 5 LIMIT 1   [ RunTime:0.0004s ]
NOTIC: [2] Illegal string offset 'title' E:\server\Apache2.4\htdocs\club\Application\Common\Controller\BaseController.class.php 第 32 行.
SQL: SHOW COLUMNS FROM `yzclub_apply` [ RunTime:0.0065s ]
SQL: SELECT * FROM `yzclub_apply` WHERE `add_time` < 1429718400  [ RunTime:0.0005s ]
INFO: [ view_parse ] --START--
INFO: [ template_filter ] --START--
INFO: Run Behavior\ContentReplaceBehavior [ RunTime:0.000171s ]
INFO: [ template_filter ] --END-- [ RunTime:0.000258s ]
NOTIC: [8] Undefined variable: status E:\server\Apache2.4\htdocs\club\Application\Runtime\Cache\Admin\e52a90a0948ad726925734256fe4dc95.php 第 65 行.
NOTIC: [8] Undefined variable: status E:\server\Apache2.4\htdocs\club\Application\Runtime\Cache\Admin\e52a90a0948ad726925734256fe4dc95.php 第 68 行.
NOTIC: [8] Undefined variable: status E:\server\Apache2.4\htdocs\club\Application\Runtime\Cache\Admin\e52a90a0948ad726925734256fe4dc95.php 第 71 行.
NOTIC: [8] Undefined variable: status E:\server\Apache2.4\htdocs\club\Application\Runtime\Cache\Admin\e52a90a0948ad726925734256fe4dc95.php 第 74 行.
NOTIC: [8] Undefined variable: status E:\server\Apache2.4\htdocs\club\Application\Runtime\Cache\Admin\e52a90a0948ad726925734256fe4dc95.php 第 77 行.
NOTIC: [8] Undefined variable: page E:\server\Apache2.4\htdocs\club\Application\Runtime\Cache\Admin\e52a90a0948ad726925734256fe4dc95.php 第 145 行.
INFO: Run Behavior\ParseTemplateBehavior [ RunTime:0.013498s ]
INFO: [ view_parse ] --END-- [ RunTime:0.013549s ]
INFO: [ view_filter ] --START--
INFO: Run Behavior\WriteHtmlCacheBehavior [ RunTime:0.000383s ]
INFO: [ view_filter ] --END-- [ RunTime:0.000445s ]
INFO: [ app_end ] --START--
INFO: Run Behavior\ShowPageTraceBehavior [ RunTime:0.000789s ]
INFO: [ app_end ] --END-- [ RunTime:0.000844s ]

[ 2015-04-23T09:48:03+08:00 ] 127.0.0.1 /admin/User/apply
INFO: [ app_init ] --START--
INFO: Run Behavior\BuildLiteBehavior [ RunTime:0.000014s ]
INFO: [ app_init ] --END-- [ RunTime:0.000460s ]
INFO: [ app_begin ] --START--
INFO: Run Behavior\ReadHtmlCacheBehavior [ RunTime:0.000437s ]
INFO: [ app_begin ] --END-- [ RunTime:0.000497s ]
SQL: SHOW COLUMNS FROM `yzclub_admin_node` [ RunTime:0.0065s ]
SQL: SELECT * FROM `yzclub_admin_node` WHERE `name` = 'User' AND `level` = '1' LIMIT 1   [ RunTime:0.0008s ]
SQL: SELECT * FROM `yzclub_admin_node` WHERE `name` = 'apply' AND `pid` = 5 LIMIT 1   [ RunTime:0.0008s ]
NOTIC: [2] Illegal string offset 'title' E:\server\Apache2.4\htdocs\club\Application\Common\Controller\BaseController.class.php 第 32 行.
NOTIC: [8] Undefined index: status E:\server\Apache2.4\htdocs\club\Application\Admin\Controller\UserController.class.php 第 29 行.
SQL: SHOW COLUMNS FROM `yzclub_apply` [ RunTime:0.0066s ]
SQL: SELECT * FROM `yzclub_apply` WHERE `status` = 0  [ RunTime:0.0007s ]
INFO: [ view_parse ] --START--
INFO: [ template_filter ] --START--
INFO: Run Behavior\ContentReplaceBehavior [ RunTime:0.000167s ]
INFO: [ template_filter ] --END-- [ RunTime:0.000242s ]
NOTIC: [8] Undefined variable: page E:\server\Apache2.4\htdocs\club\Application\Runtime\Cache\Admin\e52a90a0948ad726925734256fe4dc95.php 第 145 行.
INFO: Run Behavior\ParseTemplateBehavior [ RunTime:0.011636s ]
INFO: [ view_parse ] --END-- [ RunTime:0.011697s ]
INFO: [ view_filter ] --START--
INFO: Run Behavior\WriteHtmlCacheBehavior [ RunTime:0.000438s ]
INFO: [ view_filter ] --END-- [ RunTime:0.000475s ]
INFO: [ app_end ] --START--
INFO: Run Behavior\ShowPageTraceBehavior [ RunTime:0.000665s ]
INFO: [ app_end ] --END-- [ RunTime:0.000720s ]

[ 2015-04-23T09:48:08+08:00 ] 127.0.0.1 /admin/User/apply?start_time=&end_time=2015-04-23&status=
INFO: [ app_init ] --START--
INFO: Run Behavior\BuildLiteBehavior [ RunTime:0.000013s ]
INFO: [ app_init ] --END-- [ RunTime:0.000311s ]
INFO: [ app_begin ] --START--
INFO: Run Behavior\ReadHtmlCacheBehavior [ RunTime:0.000476s ]
INFO: [ app_begin ] --END-- [ RunTime:0.000521s ]
SQL: SHOW COLUMNS FROM `yzclub_admin_node` [ RunTime:0.0063s ]
SQL: SELECT * FROM `yzclub_admin_node` WHERE `name` = 'User' AND `level` = '1' LIMIT 1   [ RunTime:0.0007s ]
SQL: SELECT * FROM `yzclub_admin_node` WHERE `name` = 'apply' AND `pid` = 5 LIMIT 1   [ RunTime:0.0006s ]
NOTIC: [2] Illegal string offset 'title' E:\server\Apache2.4\htdocs\club\Application\Common\Controller\BaseController.class.php 第 32 行.
SQL: SHOW COLUMNS FROM `yzclub_apply` [ RunTime:0.0064s ]
SQL: SELECT * FROM `yzclub_apply` WHERE `add_time` < 1429718400  [ RunTime:0.0004s ]
INFO: [ view_parse ] --START--
INFO: [ template_filter ] --START--
INFO: Run Behavior\ContentReplaceBehavior [ RunTime:0.000155s ]
INFO: [ template_filter ] --END-- [ RunTime:0.000218s ]
NOTIC: [8] Undefined variable: status E:\server\Apache2.4\htdocs\club\Application\Runtime\Cache\Admin\e52a90a0948ad726925734256fe4dc95.php 第 65 行.
NOTIC: [8] Undefined variable: status E:\server\Apache2.4\htdocs\club\Application\Runtime\Cache\Admin\e52a90a0948ad726925734256fe4dc95.php 第 68 行.
NOTIC: [8] Undefined variable: status E:\server\Apache2.4\htdocs\club\Application\Runtime\Cache\Admin\e52a90a0948ad726925734256fe4dc95.php 第 71 行.
NOTIC: [8] Undefined variable: status E:\server\Apache2.4\htdocs\club\Application\Runtime\Cache\Admin\e52a90a0948ad726925734256fe4dc95.php 第 74 行.
NOTIC: [8] Undefined variable: status E:\server\Apache2.4\htdocs\club\Application\Runtime\Cache\Admin\e52a90a0948ad726925734256fe4dc95.php 第 77 行.
NOTIC: [8] Undefined variable: page E:\server\Apache2.4\htdocs\club\Application\Runtime\Cache\Admin\e52a90a0948ad726925734256fe4dc95.php 第 145 行.
INFO: Run Behavior\ParseTemplateBehavior [ RunTime:0.011203s ]
INFO: [ view_parse ] --END-- [ RunTime:0.011271s ]
INFO: [ view_filter ] --START--
INFO: Run Behavior\WriteHtmlCacheBehavior [ RunTime:0.000414s ]
INFO: [ view_filter ] --END-- [ RunTime:0.000451s ]
INFO: [ app_end ] --START--
INFO: Run Behavior\ShowPageTraceBehavior [ RunTime:0.000936s ]
INFO: [ app_end ] --END-- [ RunTime:0.001090s ]

[ 2015-04-23T10:04:16+08:00 ] 127.0.0.1 /admin/User/apply
INFO: [ app_init ] --START--
INFO: Run Behavior\BuildLiteBehavior [ RunTime:0.000015s ]
INFO: [ app_init ] --END-- [ RunTime:0.000453s ]
INFO: [ app_begin ] --START--
INFO: Run Behavior\ReadHtmlCacheBehavior [ RunTime:0.000698s ]
INFO: [ app_begin ] --END-- [ RunTime:0.000754s ]
SQL: SHOW COLUMNS FROM `yzclub_admin_node` [ RunTime:0.0061s ]
SQL: SELECT * FROM `yzclub_admin_node` WHERE `name` = 'User' AND `level` = '1' LIMIT 1   [ RunTime:0.0007s ]
SQL: SELECT * FROM `yzclub_admin_node` WHERE `name` = 'apply' AND `pid` = 5 LIMIT 1   [ RunTime:0.0005s ]
NOTIC: [2] Illegal string offset 'title' E:\server\Apache2.4\htdocs\club\Application\Common\Controller\BaseController.class.php 第 32 行.
NOTIC: [8] Undefined index: status E:\server\Apache2.4\htdocs\club\Application\Admin\Controller\UserController.class.php 第 29 行.
SQL: SHOW COLUMNS FROM `yzclub_apply` [ RunTime:0.0065s ]
SQL: SELECT * FROM `yzclub_apply` WHERE `status` = 0  [ RunTime:0.0005s ]
INFO: [ view_parse ] --START--
INFO: [ template_filter ] --START--
INFO: Run Behavior\ContentReplaceBehavior [ RunTime:0.000170s ]
INFO: [ template_filter ] --END-- [ RunTime:0.000220s ]
NOTIC: [8] Undefined variable: page E:\server\Apache2.4\htdocs\club\Application\Runtime\Cache\Admin\e52a90a0948ad726925734256fe4dc95.php 第 145 行.
INFO: Run Behavior\ParseTemplateBehavior [ RunTime:0.011441s ]
INFO: [ view_parse ] --END-- [ RunTime:0.011493s ]
INFO: [ view_filter ] --START--
INFO: Run Behavior\WriteHtmlCacheBehavior [ RunTime:0.000466s ]
INFO: [ view_filter ] --END-- [ RunTime:0.000505s ]
INFO: [ app_end ] --START--
INFO: Run Behavior\ShowPageTraceBehavior [ RunTime:0.001147s ]
INFO: [ app_end ] --END-- [ RunTime:0.001540s ]

[ 2015-04-23T10:05:34+08:00 ] 127.0.0.1 /index.php/admin
INFO: [ app_init ] --START--
INFO: Run Behavior\BuildLiteBehavior [ RunTime:0.000013s ]
INFO: [ app_init ] --END-- [ RunTime:0.000314s ]
INFO: [ app_begin ] --START--
INFO: Run Behavior\ReadHtmlCacheBehavior [ RunTime:0.000506s ]
INFO: [ app_begin ] --END-- [ RunTime:0.000550s ]
SQL: SHOW COLUMNS FROM `yzclub_admin_node` [ RunTime:0.0061s ]
SQL: SELECT * FROM `yzclub_admin_node` WHERE `name` = 'Index' AND `level` = '1' LIMIT 1   [ RunTime:0.0008s ]
SQL: SELECT * FROM `yzclub_admin_node` WHERE `name` = 'index' AND `pid` = null LIMIT 1   [ RunTime:0.0004s ]
INFO: [ view_parse ] --START--
INFO: [ template_filter ] --START--
INFO: Run Behavior\ContentReplaceBehavior [ RunTime:0.000049s ]
INFO: [ template_filter ] --END-- [ RunTime:0.000113s ]
INFO: Run Behavior\ParseTemplateBehavior [ RunTime:0.006258s ]
INFO: [ view_parse ] --END-- [ RunTime:0.006314s ]
INFO: [ view_filter ] --START--
INFO: Run Behavior\WriteHtmlCacheBehavior [ RunTime:0.000593s ]
INFO: [ view_filter ] --END-- [ RunTime:0.000654s ]
INFO: [ app_end ] --START--
INFO: Run Behavior\ShowPageTraceBehavior [ RunTime:0.000572s ]
INFO: [ app_end ] --END-- [ RunTime:0.000617s ]

[ 2015-04-23T10:05:35+08:00 ] 127.0.0.1 /index.php/admin/index/top
INFO: [ app_init ] --START--
INFO: Run Behavior\BuildLiteBehavior [ RunTime:0.000016s ]
INFO: [ app_init ] --END-- [ RunTime:0.000397s ]
INFO: [ app_begin ] --START--
INFO: Run Behavior\ReadHtmlCacheBehavior [ RunTime:0.000526s ]
INFO: [ app_begin ] --END-- [ RunTime:0.000589s ]
SQL: SHOW COLUMNS FROM `yzclub_admin_node` [ RunTime:0.0073s ]
SQL: SELECT * FROM `yzclub_admin_node` WHERE `name` = 'Index' AND `level` = '1' LIMIT 1   [ RunTime:0.0007s ]
SQL: SELECT * FROM `yzclub_admin_node` WHERE `name` = 'top' AND `pid` = null LIMIT 1   [ RunTime:0.0006s ]
SQL: SELECT * FROM `yzclub_admin_node` WHERE ( level="0" ) ORDER BY sort asc  [ RunTime:0.0008s ]
INFO: [ view_parse ] --START--
INFO: [ template_filter ] --START--
INFO: Run Behavior\ContentReplaceBehavior [ RunTime:0.000086s ]
INFO: [ template_filter ] --END-- [ RunTime:0.000172s ]
INFO: Run Behavior\ParseTemplateBehavior [ RunTime:0.010521s ]
INFO: [ view_parse ] --END-- [ RunTime:0.010630s ]
INFO: [ view_filter ] --START--
INFO: Run Behavior\WriteHtmlCacheBehavior [ RunTime:0.000769s ]
INFO: [ view_filter ] --END-- [ RunTime:0.000844s ]
INFO: [ app_end ] --START--
INFO: Run Behavior\ShowPageTraceBehavior [ RunTime:0.000841s ]
INFO: [ app_end ] --END-- [ RunTime:0.000906s ]

[ 2015-04-23T10:05:35+08:00 ] 127.0.0.1 /index.php/admin/index/right
INFO: [ app_init ] --START--
INFO: Run Behavior\BuildLiteBehavior [ RunTime:0.000020s ]
INFO: [ app_init ] --END-- [ RunTime:0.000591s ]
INFO: [ app_begin ] --START--
INFO: Run Behavior\ReadHtmlCacheBehavior [ RunTime:0.001150s ]
INFO: [ app_begin ] --END-- [ RunTime:0.001301s ]
SQL: SHOW COLUMNS FROM `yzclub_admin_node` [ RunTime:0.0069s ]
SQL: SELECT * FROM `yzclub_admin_node` WHERE `name` = 'Index' AND `level` = '1' LIMIT 1   [ RunTime:0.0007s ]
SQL: SELECT * FROM `yzclub_admin_node` WHERE `name` = 'right' AND `pid` = null LIMIT 1   [ RunTime:0.0005s ]
SQL: SHOW COLUMNS FROM `yzclub_admin` [ RunTime:0.0074s ]
SQL: SELECT * FROM `yzclub_admin` WHERE `id` = 1 LIMIT 1   [ RunTime:0.0007s ]
INFO: [ view_parse ] --START--
INFO: [ template_filter ] --START--
INFO: Run Behavior\ContentReplaceBehavior [ RunTime:0.000204s ]
INFO: [ template_filter ] --END-- [ RunTime:0.000266s ]
NOTIC: [8] Undefined variable: count E:\server\Apache2.4\htdocs\club\Application\Runtime\Cache\Admin\7e2e2045534c88122b0a2676c2fd3203.php 第 43 行.
NOTIC: [8] Undefined variable: count E:\server\Apache2.4\htdocs\club\Application\Runtime\Cache\Admin\7e2e2045534c88122b0a2676c2fd3203.php 第 44 行.
NOTIC: [8] Undefined variable: count E:\server\Apache2.4\htdocs\club\Application\Runtime\Cache\Admin\7e2e2045534c88122b0a2676c2fd3203.php 第 45 行.
NOTIC: [8] Undefined variable: count E:\server\Apache2.4\htdocs\club\Application\Runtime\Cache\Admin\7e2e2045534c88122b0a2676c2fd3203.php 第 46 行.
NOTIC: [8] Undefined variable: count E:\server\Apache2.4\htdocs\club\Application\Runtime\Cache\Admin\7e2e2045534c88122b0a2676c2fd3203.php 第 47 行.
NOTIC: [8] Undefined variable: count E:\server\Apache2.4\htdocs\club\Application\Runtime\Cache\Admin\7e2e2045534c88122b0a2676c2fd3203.php 第 48 行.
NOTIC: [8] Undefined variable: count E:\server\Apache2.4\htdocs\club\Application\Runtime\Cache\Admin\7e2e2045534c88122b0a2676c2fd3203.php 第 54 行.
NOTIC: [8] Undefined variable: count E:\server\Apache2.4\htdocs\club\Application\Runtime\Cache\Admin\7e2e2045534c88122b0a2676c2fd3203.php 第 55 行.
NOTIC: [8] Undefined variable: count E:\server\Apache2.4\htdocs\club\Application\Runtime\Cache\Admin\7e2e2045534c88122b0a2676c2fd3203.php 第 61 行.
NOTIC: [8] Undefined variable: count E:\server\Apache2.4\htdocs\club\Application\Runtime\Cache\Admin\7e2e2045534c88122b0a2676c2fd3203.php 第 62 行.
NOTIC: [2048] Only variables should be passed by reference E:\server\Apache2.4\htdocs\club\Application\Runtime\Cache\Admin\7e2e2045534c88122b0a2676c2fd3203.php 第 102 行.
NOTIC: [2048] Only variables should be passed by reference E:\server\Apache2.4\htdocs\club\Application\Runtime\Cache\Admin\7e2e2045534c88122b0a2676c2fd3203.php 第 102 行.
NOTIC: [2048] Only variables should be passed by reference E:\server\Apache2.4\htdocs\club\Application\Runtime\Cache\Admin\7e2e2045534c88122b0a2676c2fd3203.php 第 102 行.
NOTIC: [2048] Only variables should be passed by reference E:\server\Apache2.4\htdocs\club\Application\Runtime\Cache\Admin\7e2e2045534c88122b0a2676c2fd3203.php 第 102 行.
NOTIC: [2048] Only variables should be passed by reference E:\server\Apache2.4\htdocs\club\Application\Runtime\Cache\Admin\7e2e2045534c88122b0a2676c2fd3203.php 第 102 行.
NOTIC: [2048] Only variables should be passed by reference E:\server\Apache2.4\htdocs\club\Application\Runtime\Cache\Admin\7e2e2045534c88122b0a2676c2fd3203.php 第 102 行.
NOTIC: [2048] Only variables should be passed by reference E:\server\Apache2.4\htdocs\club\Application\Runtime\Cache\Admin\7e2e2045534c88122b0a2676c2fd3203.php 第 102 行.
NOTIC: [2048] Only variables should be passed by reference E:\server\Apache2.4\htdocs\club\Application\Runtime\Cache\Admin\7e2e2045534c88122b0a2676c2fd3203.php 第 102 行.
NOTIC: [2048] Only variables should be passed by reference E:\server\Apache2.4\htdocs\club\Application\Runtime\Cache\Admin\7e2e2045534c88122b0a2676c2fd3203.php 第 102 行.
NOTIC: [2048] Only variables should be passed by reference E:\server\Apache2.4\htdocs\club\Application\Runtime\Cache\Admin\7e2e2045534c88122b0a2676c2fd3203.php 第 102 行.
NOTIC: [2048] Only variables should be passed by reference E:\server\Apache2.4\htdocs\club\Application\Runtime\Cache\Admin\7e2e2045534c88122b0a2676c2fd3203.php 第 102 行.
NOTIC: [2048] Only variables should be passed by reference E:\server\Apache2.4\htdocs\club\Application\Runtime\Cache\Admin\7e2e2045534c88122b0a2676c2fd3203.php 第 102 行.
NOTIC: [2048] Only variables should be passed by reference E:\server\Apache2.4\htdocs\club\Application\Runtime\Cache\Admin\7e2e2045534c88122b0a2676c2fd3203.php 第 102 行.
NOTIC: [2048] Only variables should be passed by reference E:\server\Apache2.4\htdocs\club\Application\Runtime\Cache\Admin\7e2e2045534c88122b0a2676c2fd3203.php 第 102 行.
NOTIC: [2048] Only variables should be passed by reference E:\server\Apache2.4\htdocs\club\Application\Runtime\Cache\Admin\7e2e2045534c88122b0a2676c2fd3203.php 第 102 行.
NOTIC: [2048] Only variables should be passed by reference E:\server\Apache2.4\htdocs\club\Application\Runtime\Cache\Admin\7e2e2045534c88122b0a2676c2fd3203.php 第 102 行.
NOTIC: [2048] Only variables should be passed by reference E:\server\Apache2.4\htdocs\club\Application\Runtime\Cache\Admin\7e2e2045534c88122b0a2676c2fd3203.php 第 102 行.
NOTIC: [2048] Only variables should be passed by reference E:\server\Apache2.4\htdocs\club\Application\Runtime\Cache\Admin\7e2e2045534c88122b0a2676c2fd3203.php 第 102 行.
NOTIC: [2048] Only variables should be passed by reference E:\server\Apache2.4\htdocs\club\Application\Runtime\Cache\Admin\7e2e2045534c88122b0a2676c2fd3203.php 第 102 行.
NOTIC: [2048] Only variables should be passed by reference E:\server\Apache2.4\htdocs\club\Application\Runtime\Cache\Admin\7e2e2045534c88122b0a2676c2fd3203.php 第 102 行.
NOTIC: [2048] Only variables should be passed by reference E:\server\Apache2.4\htdocs\club\Application\Runtime\Cache\Admin\7e2e2045534c88122b0a2676c2fd3203.php 第 102 行.
NOTIC: [2048] Only variables should be passed by reference E:\server\Apache2.4\htdocs\club\Application\Runtime\Cache\Admin\7e2e2045534c88122b0a2676c2fd3203.php 第 102 行.
NOTIC: [2048] Only variables should be passed by reference E:\server\Apache2.4\htdocs\club\Application\Runtime\Cache\Admin\7e2e2045534c88122b0a2676c2fd3203.php 第 102 行.
NOTIC: [2048] Only variables should be passed by reference E:\server\Apache2.4\htdocs\club\Application\Runtime\Cache\Admin\7e2e2045534c88122b0a2676c2fd3203.php 第 102 行.
NOTIC: [2048] Only variables should be passed by reference E:\server\Apache2.4\htdocs\club\Application\Runtime\Cache\Admin\7e2e2045534c88122b0a2676c2fd3203.php 第 102 行.
NOTIC: [2048] Only variables should be passed by reference E:\server\Apache2.4\htdocs\club\Application\Runtime\Cache\Admin\7e2e2045534c88122b0a2676c2fd3203.php 第 102 行.
NOTIC: [2048] Only variables should be passed by reference E:\server\Apache2.4\htdocs\club\Application\Runtime\Cache\Admin\7e2e2045534c88122b0a2676c2fd3203.php 第 102 行.
NOTIC: [2048] Only variables should be passed by reference E:\server\Apache2.4\htdocs\club\Application\Runtime\Cache\Admin\7e2e2045534c88122b0a2676c2fd3203.php 第 102 行.
INFO: Run Behavior\ParseTemplateBehavior [ RunTime:0.013603s ]
INFO: [ view_parse ] --END-- [ RunTime:0.013668s ]
INFO: [ view_filter ] --START--
INFO: Run Behavior\WriteHtmlCacheBehavior [ RunTime:0.000701s ]
INFO: [ view_filter ] --END-- [ RunTime:0.000756s ]
INFO: [ app_end ] --START--
INFO: Run Behavior\ShowPageTraceBehavior [ RunTime:0.000929s ]
INFO: [ app_end ] --END-- [ RunTime:0.001007s ]

[ 2015-04-23T10:05:35+08:00 ] 127.0.0.1 /index.php/admin/index/left
INFO: [ app_init ] --START--
INFO: Run Behavior\BuildLiteBehavior [ RunTime:0.000019s ]
INFO: [ app_init ] --END-- [ RunTime:0.000579s ]
INFO: [ app_begin ] --START--
INFO: Run Behavior\ReadHtmlCacheBehavior [ RunTime:0.000723s ]
INFO: [ app_begin ] --END-- [ RunTime:0.000821s ]
SQL: SHOW COLUMNS FROM `yzclub_admin_node` [ RunTime:0.0073s ]
SQL: SELECT * FROM `yzclub_admin_node` WHERE `name` = 'Index' AND `level` = '1' LIMIT 1   [ RunTime:0.0007s ]
SQL: SELECT * FROM `yzclub_admin_node` WHERE `name` = 'left' AND `pid` = null LIMIT 1   [ RunTime:0.0006s ]
SQL: SELECT * FROM `yzclub_admin_node` WHERE ( level != "-1" and status > 0 ) ORDER BY id asc  [ RunTime:0.0008s ]
INFO: [ view_parse ] --START--
INFO: [ template_filter ] --START--
INFO: Run Behavior\ContentReplaceBehavior [ RunTime:0.000059s ]
INFO: [ template_filter ] --END-- [ RunTime:0.000126s ]
NOTIC: [8] Undefined index: _child E:\server\Apache2.4\htdocs\club\Application\Runtime\Cache\Admin\6778f0baf40e879d2b8c18d2052abd0c.php 第 25 行.
NOTIC: [8] Undefined index: _child E:\server\Apache2.4\htdocs\club\Application\Runtime\Cache\Admin\6778f0baf40e879d2b8c18d2052abd0c.php 第 25 行.
NOTIC: [8] Undefined index: _child E:\server\Apache2.4\htdocs\club\Application\Runtime\Cache\Admin\6778f0baf40e879d2b8c18d2052abd0c.php 第 25 行.
NOTIC: [8] Undefined index: _child E:\server\Apache2.4\htdocs\club\Application\Runtime\Cache\Admin\6778f0baf40e879d2b8c18d2052abd0c.php 第 22 行.
NOTIC: [8] Undefined index: _child E:\server\Apache2.4\htdocs\club\Application\Runtime\Cache\Admin\6778f0baf40e879d2b8c18d2052abd0c.php 第 22 行.
INFO: Run Behavior\ParseTemplateBehavior [ RunTime:0.012023s ]
INFO: [ view_parse ] --END-- [ RunTime:0.012088s ]
INFO: [ view_filter ] --START--
INFO: Run Behavior\WriteHtmlCacheBehavior [ RunTime:0.000445s ]
INFO: [ view_filter ] --END-- [ RunTime:0.000484s ]
INFO: [ app_end ] --START--
INFO: Run Behavior\ShowPageTraceBehavior [ RunTime:0.000652s ]
INFO: [ app_end ] --END-- [ RunTime:0.000693s ]

[ 2015-04-23T10:05:39+08:00 ] 127.0.0.1 /admin/User/apply
INFO: [ app_init ] --START--
INFO: Run Behavior\BuildLiteBehavior [ RunTime:0.000013s ]
INFO: [ app_init ] --END-- [ RunTime:0.000321s ]
INFO: [ app_begin ] --START--
INFO: Run Behavior\ReadHtmlCacheBehavior [ RunTime:0.000576s ]
INFO: [ app_begin ] --END-- [ RunTime:0.000644s ]
SQL: SHOW COLUMNS FROM `yzclub_admin_node` [ RunTime:0.0068s ]
SQL: SELECT * FROM `yzclub_admin_node` WHERE `name` = 'User' AND `level` = '1' LIMIT 1   [ RunTime:0.0005s ]
SQL: SELECT * FROM `yzclub_admin_node` WHERE `name` = 'apply' AND `pid` = 5 LIMIT 1   [ RunTime:0.0004s ]
NOTIC: [2] Illegal string offset 'title' E:\server\Apache2.4\htdocs\club\Application\Common\Controller\BaseController.class.php 第 32 行.
NOTIC: [8] Undefined index: status E:\server\Apache2.4\htdocs\club\Application\Admin\Controller\UserController.class.php 第 29 行.
SQL: SHOW COLUMNS FROM `yzclub_apply` [ RunTime:0.0079s ]
SQL: SELECT * FROM `yzclub_apply` WHERE `status` = 0  [ RunTime:0.0004s ]
INFO: [ view_parse ] --START--
INFO: [ template_filter ] --START--
INFO: Run Behavior\ContentReplaceBehavior [ RunTime:0.000164s ]
INFO: [ template_filter ] --END-- [ RunTime:0.000219s ]
NOTIC: [8] Undefined variable: page E:\server\Apache2.4\htdocs\club\Application\Runtime\Cache\Admin\e52a90a0948ad726925734256fe4dc95.php 第 145 行.
INFO: Run Behavior\ParseTemplateBehavior [ RunTime:0.016568s ]
INFO: [ view_parse ] --END-- [ RunTime:0.016630s ]
INFO: [ view_filter ] --START--
INFO: Run Behavior\WriteHtmlCacheBehavior [ RunTime:0.000607s ]
INFO: [ view_filter ] --END-- [ RunTime:0.000667s ]
INFO: [ app_end ] --START--
INFO: Run Behavior\ShowPageTraceBehavior [ RunTime:0.000859s ]
INFO: [ app_end ] --END-- [ RunTime:0.000998s ]

[ 2015-04-23T10:05:44+08:00 ] 127.0.0.1 /admin/User/apply?start_time=&end_time=2015-04-23&status=
INFO: [ app_init ] --START--
INFO: Run Behavior\BuildLiteBehavior [ RunTime:0.000014s ]
INFO: [ app_init ] --END-- [ RunTime:0.000347s ]
INFO: [ app_begin ] --START--
INFO: Run Behavior\ReadHtmlCacheBehavior [ RunTime:0.000465s ]
INFO: [ app_begin ] --END-- [ RunTime:0.000522s ]
SQL: SHOW COLUMNS FROM `yzclub_admin_node` [ RunTime:0.0059s ]
SQL: SELECT * FROM `yzclub_admin_node` WHERE `name` = 'User' AND `level` = '1' LIMIT 1   [ RunTime:0.0008s ]
SQL: SELECT * FROM `yzclub_admin_node` WHERE `name` = 'apply' AND `pid` = 5 LIMIT 1   [ RunTime:0.0006s ]
NOTIC: [2] Illegal string offset 'title' E:\server\Apache2.4\htdocs\club\Application\Common\Controller\BaseController.class.php 第 32 行.
SQL: SHOW COLUMNS FROM `yzclub_apply` [ RunTime:0.0059s ]
SQL: SELECT * FROM `yzclub_apply` WHERE `add_time` < 1429718400  [ RunTime:0.0006s ]
INFO: [ view_parse ] --START--
INFO: [ template_filter ] --START--
INFO: Run Behavior\ContentReplaceBehavior [ RunTime:0.000174s ]
INFO: [ template_filter ] --END-- [ RunTime:0.000236s ]
NOTIC: [8] Undefined variable: status E:\server\Apache2.4\htdocs\club\Application\Runtime\Cache\Admin\e52a90a0948ad726925734256fe4dc95.php 第 65 行.
NOTIC: [8] Undefined variable: status E:\server\Apache2.4\htdocs\club\Application\Runtime\Cache\Admin\e52a90a0948ad726925734256fe4dc95.php 第 68 行.
NOTIC: [8] Undefined variable: status E:\server\Apache2.4\htdocs\club\Application\Runtime\Cache\Admin\e52a90a0948ad726925734256fe4dc95.php 第 71 行.
NOTIC: [8] Undefined variable: status E:\server\Apache2.4\htdocs\club\Application\Runtime\Cache\Admin\e52a90a0948ad726925734256fe4dc95.php 第 74 行.
NOTIC: [8] Undefined variable: status E:\server\Apache2.4\htdocs\club\Application\Runtime\Cache\Admin\e52a90a0948ad726925734256fe4dc95.php 第 77 行.
NOTIC: [8] Undefined variable: page E:\server\Apache2.4\htdocs\club\Application\Runtime\Cache\Admin\e52a90a0948ad726925734256fe4dc95.php 第 145 行.
INFO: Run Behavior\ParseTemplateBehavior [ RunTime:0.011431s ]
INFO: [ view_parse ] --END-- [ RunTime:0.011535s ]
INFO: [ view_filter ] --START--
INFO: Run Behavior\WriteHtmlCacheBehavior [ RunTime:0.000378s ]
INFO: [ view_filter ] --END-- [ RunTime:0.000416s ]
INFO: [ app_end ] --START--
INFO: Run Behavior\ShowPageTraceBehavior [ RunTime:0.001905s ]
INFO: [ app_end ] --END-- [ RunTime:0.002066s ]

[ 2015-04-23T10:06:06+08:00 ] 127.0.0.1 /admin/User/apply
INFO: [ app_init ] --START--
INFO: Run Behavior\BuildLiteBehavior [ RunTime:0.000034s ]
INFO: [ app_init ] --END-- [ RunTime:0.001644s ]
INFO: [ app_begin ] --START--
INFO: Run Behavior\ReadHtmlCacheBehavior [ RunTime:0.001293s ]
INFO: [ app_begin ] --END-- [ RunTime:0.001677s ]
SQL: SHOW COLUMNS FROM `yzclub_admin_node` [ RunTime:0.0065s ]
SQL: SELECT * FROM `yzclub_admin_node` WHERE `name` = 'User' AND `level` = '1' LIMIT 1   [ RunTime:0.0005s ]
SQL: SELECT * FROM `yzclub_admin_node` WHERE `name` = 'apply' AND `pid` = 5 LIMIT 1   [ RunTime:0.0005s ]
NOTIC: [2] Illegal string offset 'title' E:\server\Apache2.4\htdocs\club\Application\Common\Controller\BaseController.class.php 第 32 行.
NOTIC: [8] Undefined index: status E:\server\Apache2.4\htdocs\club\Application\Admin\Controller\UserController.class.php 第 29 行.
SQL: SHOW COLUMNS FROM `yzclub_apply` [ RunTime:0.0063s ]
SQL: SELECT * FROM `yzclub_apply` WHERE `status` = 0  [ RunTime:0.0005s ]
INFO: [ view_parse ] --START--
INFO: [ template_filter ] --START--
INFO: Run Behavior\ContentReplaceBehavior [ RunTime:0.000143s ]
INFO: [ template_filter ] --END-- [ RunTime:0.000202s ]
NOTIC: [8] Undefined variable: page E:\server\Apache2.4\htdocs\club\Application\Runtime\Cache\Admin\e52a90a0948ad726925734256fe4dc95.php 第 145 行.
INFO: Run Behavior\ParseTemplateBehavior [ RunTime:0.012702s ]
INFO: [ view_parse ] --END-- [ RunTime:0.012773s ]
INFO: [ view_filter ] --START--
INFO: Run Behavior\WriteHtmlCacheBehavior [ RunTime:0.000540s ]
INFO: [ view_filter ] --END-- [ RunTime:0.000600s ]
INFO: [ app_end ] --START--
INFO: Run Behavior\ShowPageTraceBehavior [ RunTime:0.001974s ]
INFO: [ app_end ] --END-- [ RunTime:0.002144s ]

[ 2015-04-23T10:06:10+08:00 ] 127.0.0.1 /admin/User/apply?start_time=&end_time=2015-04-23&status=
INFO: [ app_init ] --START--
INFO: Run Behavior\BuildLiteBehavior [ RunTime:0.000013s ]
INFO: [ app_init ] --END-- [ RunTime:0.000342s ]
INFO: [ app_begin ] --START--
INFO: Run Behavior\ReadHtmlCacheBehavior [ RunTime:0.000414s ]
INFO: [ app_begin ] --END-- [ RunTime:0.000467s ]
SQL: SHOW COLUMNS FROM `yzclub_admin_node` [ RunTime:0.0062s ]
SQL: SELECT * FROM `yzclub_admin_node` WHERE `name` = 'User' AND `level` = '1' LIMIT 1   [ RunTime:0.0007s ]
SQL: SELECT * FROM `yzclub_admin_node` WHERE `name` = 'apply' AND `pid` = 5 LIMIT 1   [ RunTime:0.0008s ]
NOTIC: [2] Illegal string offset 'title' E:\server\Apache2.4\htdocs\club\Application\Common\Controller\BaseController.class.php 第 32 行.
SQL: SHOW COLUMNS FROM `yzclub_apply` [ RunTime:0.0071s ]
SQL: SELECT * FROM `yzclub_apply` WHERE `add_time` < 1429718400  [ RunTime:0.0004s ]
INFO: [ view_parse ] --START--
INFO: [ template_filter ] --START--
INFO: Run Behavior\ContentReplaceBehavior [ RunTime:0.000162s ]
INFO: [ template_filter ] --END-- [ RunTime:0.000216s ]
NOTIC: [8] Undefined variable: status E:\server\Apache2.4\htdocs\club\Application\Runtime\Cache\Admin\e52a90a0948ad726925734256fe4dc95.php 第 65 行.
NOTIC: [8] Undefined variable: status E:\server\Apache2.4\htdocs\club\Application\Runtime\Cache\Admin\e52a90a0948ad726925734256fe4dc95.php 第 68 行.
NOTIC: [8] Undefined variable: status E:\server\Apache2.4\htdocs\club\Application\Runtime\Cache\Admin\e52a90a0948ad726925734256fe4dc95.php 第 71 行.
NOTIC: [8] Undefined variable: status E:\server\Apache2.4\htdocs\club\Application\Runtime\Cache\Admin\e52a90a0948ad726925734256fe4dc95.php 第 74 行.
NOTIC: [8] Undefined variable: status E:\server\Apache2.4\htdocs\club\Application\Runtime\Cache\Admin\e52a90a0948ad726925734256fe4dc95.php 第 77 行.
NOTIC: [8] Undefined index: uid E:\server\Apache2.4\htdocs\club\Application\Runtime\Cache\Admin\e52a90a0948ad726925734256fe4dc95.php 第 106 行.
NOTIC: [8] Undefined variable: page E:\server\Apache2.4\htdocs\club\Application\Runtime\Cache\Admin\e52a90a0948ad726925734256fe4dc95.php 第 145 行.
INFO: Run Behavior\ParseTemplateBehavior [ RunTime:0.012150s ]
INFO: [ view_parse ] --END-- [ RunTime:0.012207s ]
INFO: [ view_filter ] --START--
INFO: Run Behavior\WriteHtmlCacheBehavior [ RunTime:0.000401s ]
INFO: [ view_filter ] --END-- [ RunTime:0.000440s ]
INFO: [ app_end ] --START--
INFO: Run Behavior\ShowPageTraceBehavior [ RunTime:0.000574s ]
INFO: [ app_end ] --END-- [ RunTime:0.000619s ]

