[ 2015-05-05T11:23:34+08:00 ] 127.0.0.1 /admin
INFO: [ app_init ] --START--
INFO: Run Behavior\BuildLiteBehavior [ RunTime:0.000047s ]
INFO: [ app_init ] --END-- [ RunTime:0.000591s ]
INFO: [ app_begin ] --START--
INFO: Run Behavior\ReadHtmlCacheBehavior [ RunTime:0.000680s ]
INFO: [ app_begin ] --END-- [ RunTime:0.000954s ]
SQL: SHOW COLUMNS FROM `yzclub_admin_node` [ RunTime:0.0106s ]
SQL: SELECT * FROM `yzclub_admin_node` WHERE `name` = 'Index' AND `level` = '1' LIMIT 1   [ RunTime:0.0376s ]
SQL: SELECT * FROM `yzclub_admin_node` WHERE `name` = 'index' AND `pid` = null LIMIT 1   [ RunTime:0.0095s ]
NOTIC: [8] Undefined index: authId E:\server\Apache2.4\htdocs\club\Application\Common\Controller\BaseController.class.php 第 36 行.

[ 2015-05-05T11:23:34+08:00 ] 127.0.0.1 /index.php/admin/public/login
INFO: [ app_init ] --START--
INFO: Run Behavior\BuildLiteBehavior [ RunTime:0.000060s ]
INFO: [ app_init ] --END-- [ RunTime:0.000753s ]
INFO: [ app_begin ] --START--
INFO: Run Behavior\ReadHtmlCacheBehavior [ RunTime:0.000673s ]
INFO: [ app_begin ] --END-- [ RunTime:0.000971s ]
SQL: SHOW COLUMNS FROM `yzclub_admin_node` [ RunTime:0.0103s ]
SQL: SELECT * FROM `yzclub_admin_node` WHERE `name` = 'Public' AND `level` = '1' LIMIT 1   [ RunTime:0.0005s ]
SQL: SELECT * FROM `yzclub_admin_node` WHERE `name` = 'login' AND `pid` = null LIMIT 1   [ RunTime:0.0006s ]
NOTIC: [8] Undefined index: authId E:\server\Apache2.4\htdocs\club\Application\Common\Controller\BaseController.class.php 第 36 行.
INFO: [ view_parse ] --START--
INFO: [ template_filter ] --START--
INFO: Run Behavior\ContentReplaceBehavior [ RunTime:0.000145s ]
INFO: [ template_filter ] --END-- [ RunTime:0.000463s ]
INFO: Run Behavior\ParseTemplateBehavior [ RunTime:0.032031s ]
INFO: [ view_parse ] --END-- [ RunTime:0.032315s ]
INFO: [ view_filter ] --START--
INFO: Run Behavior\WriteHtmlCacheBehavior [ RunTime:0.000575s ]
INFO: [ view_filter ] --END-- [ RunTime:0.000809s ]
INFO: [ app_end ] --START--
INFO: Run Behavior\ShowPageTraceBehavior [ RunTime:0.000766s ]
INFO: [ app_end ] --END-- [ RunTime:0.001033s ]

[ 2015-05-05T11:23:34+08:00 ] 127.0.0.1 /admin
INFO: [ app_init ] --START--
INFO: Run Behavior\BuildLiteBehavior [ RunTime:0.000048s ]
INFO: [ app_init ] --END-- [ RunTime:0.000628s ]
INFO: [ app_begin ] --START--
INFO: Run Behavior\ReadHtmlCacheBehavior [ RunTime:0.000765s ]
INFO: [ app_begin ] --END-- [ RunTime:0.001115s ]
SQL: SHOW COLUMNS FROM `yzclub_admin_node` [ RunTime:0.0072s ]
SQL: SELECT * FROM `yzclub_admin_node` WHERE `name` = 'Index' AND `level` = '1' LIMIT 1   [ RunTime:0.0007s ]
SQL: SELECT * FROM `yzclub_admin_node` WHERE `name` = 'index' AND `pid` = null LIMIT 1   [ RunTime:0.0101s ]
NOTIC: [8] Undefined index: authId E:\server\Apache2.4\htdocs\club\Application\Common\Controller\BaseController.class.php 第 36 行.

[ 2015-05-05T11:23:34+08:00 ] 127.0.0.1 /index.php/admin/public/login
INFO: [ app_init ] --START--
INFO: Run Behavior\BuildLiteBehavior [ RunTime:0.000048s ]
INFO: [ app_init ] --END-- [ RunTime:0.000587s ]
INFO: [ app_begin ] --START--
INFO: Run Behavior\ReadHtmlCacheBehavior [ RunTime:0.000586s ]
INFO: [ app_begin ] --END-- [ RunTime:0.000810s ]
SQL: SHOW COLUMNS FROM `yzclub_admin_node` [ RunTime:0.0070s ]
SQL: SELECT * FROM `yzclub_admin_node` WHERE `name` = 'Public' AND `level` = '1' LIMIT 1   [ RunTime:0.0006s ]
SQL: SELECT * FROM `yzclub_admin_node` WHERE `name` = 'login' AND `pid` = null LIMIT 1   [ RunTime:0.0005s ]
NOTIC: [8] Undefined index: authId E:\server\Apache2.4\htdocs\club\Application\Common\Controller\BaseController.class.php 第 36 行.
INFO: [ view_parse ] --START--
INFO: [ template_filter ] --START--
INFO: Run Behavior\ContentReplaceBehavior [ RunTime:0.000122s ]
INFO: [ template_filter ] --END-- [ RunTime:0.000370s ]
INFO: Run Behavior\ParseTemplateBehavior [ RunTime:0.009029s ]
INFO: [ view_parse ] --END-- [ RunTime:0.009283s ]
INFO: [ view_filter ] --START--
INFO: Run Behavior\WriteHtmlCacheBehavior [ RunTime:0.000533s ]
INFO: [ view_filter ] --END-- [ RunTime:0.000767s ]
INFO: [ app_end ] --START--
INFO: Run Behavior\ShowPageTraceBehavior [ RunTime:0.000760s ]
INFO: [ app_end ] --END-- [ RunTime:0.000987s ]

[ 2015-05-05T11:23:41+08:00 ] 127.0.0.1 /index.php/admin/public/login
INFO: [ app_init ] --START--
INFO: Run Behavior\BuildLiteBehavior [ RunTime:0.000050s ]
INFO: [ app_init ] --END-- [ RunTime:0.000593s ]
INFO: [ app_begin ] --START--
INFO: Run Behavior\ReadHtmlCacheBehavior [ RunTime:0.000516s ]
INFO: [ app_begin ] --END-- [ RunTime:0.000746s ]
SQL: SHOW COLUMNS FROM `yzclub_admin_node` [ RunTime:0.0471s ]
SQL: SELECT * FROM `yzclub_admin_node` WHERE `name` = 'Public' AND `level` = '1' LIMIT 1   [ RunTime:0.0007s ]
SQL: SELECT * FROM `yzclub_admin_node` WHERE `name` = 'login' AND `pid` = null LIMIT 1   [ RunTime:0.0003s ]
NOTIC: [8] Undefined index: authId E:\server\Apache2.4\htdocs\club\Application\Common\Controller\BaseController.class.php 第 36 行.
SQL: SHOW COLUMNS FROM `yzclub_admin` [ RunTime:0.0121s ]
SQL: SELECT * FROM `yzclub_admin` WHERE `username` = 'administrator' AND `status` > 0 LIMIT 1   [ RunTime:0.0280s ]
SQL: UPDATE `yzclub_admin` SET `last_login_time`='1430796221',`login_count`=login_count+1,`last_login_ip`='127.0.0.1' WHERE `id` = 1 [ RunTime:0.1144s ]
INFO: [ view_parse ] --START--
INFO: [ template_filter ] --START--
INFO: Run Behavior\ContentReplaceBehavior [ RunTime:0.000127s ]
INFO: [ template_filter ] --END-- [ RunTime:0.000395s ]
INFO: Run Behavior\ParseTemplateBehavior [ RunTime:0.037350s ]
INFO: [ view_parse ] --END-- [ RunTime:0.037615s ]
INFO: [ view_filter ] --START--
INFO: Run Behavior\WriteHtmlCacheBehavior [ RunTime:0.000501s ]
INFO: [ view_filter ] --END-- [ RunTime:0.000725s ]
INFO: [ app_end ] --START--
INFO: Run Behavior\ShowPageTraceBehavior [ RunTime:0.000738s ]
INFO: [ app_end ] --END-- [ RunTime:0.000966s ]

[ 2015-05-05T11:23:43+08:00 ] 127.0.0.1 /index.php/admin
INFO: [ app_init ] --START--
INFO: Run Behavior\BuildLiteBehavior [ RunTime:0.000063s ]
INFO: [ app_init ] --END-- [ RunTime:0.001110s ]
INFO: [ app_begin ] --START--
INFO: Run Behavior\ReadHtmlCacheBehavior [ RunTime:0.000630s ]
INFO: [ app_begin ] --END-- [ RunTime:0.000989s ]
SQL: SHOW COLUMNS FROM `yzclub_admin_node` [ RunTime:0.0120s ]
SQL: SELECT * FROM `yzclub_admin_node` WHERE `name` = 'Index' AND `level` = '1' LIMIT 1   [ RunTime:0.0006s ]
SQL: SELECT * FROM `yzclub_admin_node` WHERE `name` = 'index' AND `pid` = null LIMIT 1   [ RunTime:0.0003s ]
INFO: [ view_parse ] --START--
INFO: [ template_filter ] --START--
INFO: Run Behavior\ContentReplaceBehavior [ RunTime:0.000309s ]
INFO: [ template_filter ] --END-- [ RunTime:0.001011s ]
INFO: Run Behavior\ParseTemplateBehavior [ RunTime:0.049973s ]
INFO: [ view_parse ] --END-- [ RunTime:0.050496s ]
INFO: [ view_filter ] --START--
INFO: Run Behavior\WriteHtmlCacheBehavior [ RunTime:0.000751s ]
INFO: [ view_filter ] --END-- [ RunTime:0.001113s ]
INFO: [ app_end ] --START--
INFO: Run Behavior\ShowPageTraceBehavior [ RunTime:0.001074s ]
INFO: [ app_end ] --END-- [ RunTime:0.001406s ]

[ 2015-05-05T11:23:43+08:00 ] 127.0.0.1 /index.php/admin/index/top
INFO: [ app_init ] --START--
INFO: Run Behavior\BuildLiteBehavior [ RunTime:0.000065s ]
INFO: [ app_init ] --END-- [ RunTime:0.000731s ]
INFO: [ app_begin ] --START--
INFO: Run Behavior\ReadHtmlCacheBehavior [ RunTime:0.000945s ]
INFO: [ app_begin ] --END-- [ RunTime:0.001299s ]
SQL: SHOW COLUMNS FROM `yzclub_admin_node` [ RunTime:0.0112s ]
SQL: SELECT * FROM `yzclub_admin_node` WHERE `name` = 'Index' AND `level` = '1' LIMIT 1   [ RunTime:0.0007s ]
SQL: SELECT * FROM `yzclub_admin_node` WHERE `name` = 'top' AND `pid` = null LIMIT 1   [ RunTime:0.0003s ]
SQL: SELECT * FROM `yzclub_admin_node` WHERE ( level="0" ) ORDER BY sort asc  [ RunTime:0.0137s ]
INFO: [ view_parse ] --START--
INFO: [ template_filter ] --START--
INFO: Run Behavior\ContentReplaceBehavior [ RunTime:0.000135s ]
INFO: [ template_filter ] --END-- [ RunTime:0.000389s ]
INFO: Run Behavior\ParseTemplateBehavior [ RunTime:0.039283s ]
INFO: [ view_parse ] --END-- [ RunTime:0.039583s ]
INFO: [ view_filter ] --START--
INFO: Run Behavior\WriteHtmlCacheBehavior [ RunTime:0.000596s ]
INFO: [ view_filter ] --END-- [ RunTime:0.000885s ]
INFO: [ app_end ] --START--
INFO: Run Behavior\ShowPageTraceBehavior [ RunTime:0.000758s ]
INFO: [ app_end ] --END-- [ RunTime:0.001038s ]

[ 2015-05-05T11:23:44+08:00 ] 127.0.0.1 /index.php/admin/index/left
INFO: [ app_init ] --START--
INFO: Run Behavior\BuildLiteBehavior [ RunTime:0.000145s ]
INFO: [ app_init ] --END-- [ RunTime:0.001066s ]
INFO: [ app_begin ] --START--
INFO: Run Behavior\ReadHtmlCacheBehavior [ RunTime:0.000871s ]
INFO: [ app_begin ] --END-- [ RunTime:0.001773s ]
SQL: SHOW COLUMNS FROM `yzclub_admin_node` [ RunTime:0.0082s ]
SQL: SELECT * FROM `yzclub_admin_node` WHERE `name` = 'Index' AND `level` = '1' LIMIT 1   [ RunTime:0.0010s ]
SQL: SELECT * FROM `yzclub_admin_node` WHERE `name` = 'left' AND `pid` = null LIMIT 1   [ RunTime:0.0005s ]
SQL: SELECT * FROM `yzclub_admin_node` WHERE ( level != "-1" and status > 0 ) ORDER BY id asc  [ RunTime:0.0008s ]
INFO: [ view_parse ] --START--
INFO: [ template_filter ] --START--
INFO: Run Behavior\ContentReplaceBehavior [ RunTime:0.000142s ]
INFO: [ template_filter ] --END-- [ RunTime:0.000432s ]
NOTIC: [8] Undefined index: _child E:\server\Apache2.4\htdocs\club\Application\Runtime\Cache\Admin\6778f0baf40e879d2b8c18d2052abd0c.php 第 25 行.
NOTIC: [8] Undefined index: _child E:\server\Apache2.4\htdocs\club\Application\Runtime\Cache\Admin\6778f0baf40e879d2b8c18d2052abd0c.php 第 25 行.
NOTIC: [8] Undefined index: _child E:\server\Apache2.4\htdocs\club\Application\Runtime\Cache\Admin\6778f0baf40e879d2b8c18d2052abd0c.php 第 22 行.
INFO: Run Behavior\ParseTemplateBehavior [ RunTime:0.041216s ]
INFO: [ view_parse ] --END-- [ RunTime:0.041522s ]
INFO: [ view_filter ] --START--
INFO: Run Behavior\WriteHtmlCacheBehavior [ RunTime:0.000741s ]
INFO: [ view_filter ] --END-- [ RunTime:0.001014s ]
INFO: [ app_end ] --START--
INFO: Run Behavior\ShowPageTraceBehavior [ RunTime:0.001519s ]
INFO: [ app_end ] --END-- [ RunTime:0.001807s ]

[ 2015-05-05T11:23:44+08:00 ] 127.0.0.1 /index.php/admin/index/right
INFO: [ app_init ] --START--
INFO: Run Behavior\BuildLiteBehavior [ RunTime:0.000052s ]
INFO: [ app_init ] --END-- [ RunTime:0.000737s ]
INFO: [ app_begin ] --START--
INFO: Run Behavior\ReadHtmlCacheBehavior [ RunTime:0.001024s ]
INFO: [ app_begin ] --END-- [ RunTime:0.001360s ]
SQL: SHOW COLUMNS FROM `yzclub_admin_node` [ RunTime:0.0196s ]
SQL: SELECT * FROM `yzclub_admin_node` WHERE `name` = 'Index' AND `level` = '1' LIMIT 1   [ RunTime:0.0008s ]
SQL: SELECT * FROM `yzclub_admin_node` WHERE `name` = 'right' AND `pid` = null LIMIT 1   [ RunTime:0.0006s ]
SQL: SHOW COLUMNS FROM `yzclub_admin` [ RunTime:0.0107s ]
SQL: SELECT * FROM `yzclub_admin` WHERE `id` = 1 LIMIT 1   [ RunTime:0.0004s ]
INFO: [ view_parse ] --START--
INFO: [ template_filter ] --START--
INFO: Run Behavior\ContentReplaceBehavior [ RunTime:0.000343s ]
INFO: [ template_filter ] --END-- [ RunTime:0.000734s ]
NOTIC: [8] Undefined variable: count E:\server\Apache2.4\htdocs\club\Application\Runtime\Cache\Admin\7e2e2045534c88122b0a2676c2fd3203.php 第 43 行.
NOTIC: [8] Undefined variable: count E:\server\Apache2.4\htdocs\club\Application\Runtime\Cache\Admin\7e2e2045534c88122b0a2676c2fd3203.php 第 44 行.
NOTIC: [8] Undefined variable: count E:\server\Apache2.4\htdocs\club\Application\Runtime\Cache\Admin\7e2e2045534c88122b0a2676c2fd3203.php 第 45 行.
NOTIC: [8] Undefined variable: count E:\server\Apache2.4\htdocs\club\Application\Runtime\Cache\Admin\7e2e2045534c88122b0a2676c2fd3203.php 第 46 行.
NOTIC: [8] Undefined variable: count E:\server\Apache2.4\htdocs\club\Application\Runtime\Cache\Admin\7e2e2045534c88122b0a2676c2fd3203.php 第 47 行.
NOTIC: [8] Undefined variable: count E:\server\Apache2.4\htdocs\club\Application\Runtime\Cache\Admin\7e2e2045534c88122b0a2676c2fd3203.php 第 48 行.
NOTIC: [8] Undefined variable: count E:\server\Apache2.4\htdocs\club\Application\Runtime\Cache\Admin\7e2e2045534c88122b0a2676c2fd3203.php 第 54 行.
NOTIC: [8] Undefined variable: count E:\server\Apache2.4\htdocs\club\Application\Runtime\Cache\Admin\7e2e2045534c88122b0a2676c2fd3203.php 第 55 行.
NOTIC: [8] Undefined variable: count E:\server\Apache2.4\htdocs\club\Application\Runtime\Cache\Admin\7e2e2045534c88122b0a2676c2fd3203.php 第 61 行.
NOTIC: [8] Undefined variable: count E:\server\Apache2.4\htdocs\club\Application\Runtime\Cache\Admin\7e2e2045534c88122b0a2676c2fd3203.php 第 62 行.
NOTIC: [2048] Only variables should be passed by reference E:\server\Apache2.4\htdocs\club\Application\Runtime\Cache\Admin\7e2e2045534c88122b0a2676c2fd3203.php 第 102 行.
NOTIC: [2048] Only variables should be passed by reference E:\server\Apache2.4\htdocs\club\Application\Runtime\Cache\Admin\7e2e2045534c88122b0a2676c2fd3203.php 第 102 行.
NOTIC: [2048] Only variables should be passed by reference E:\server\Apache2.4\htdocs\club\Application\Runtime\Cache\Admin\7e2e2045534c88122b0a2676c2fd3203.php 第 102 行.
NOTIC: [2048] Only variables should be passed by reference E:\server\Apache2.4\htdocs\club\Application\Runtime\Cache\Admin\7e2e2045534c88122b0a2676c2fd3203.php 第 102 行.
NOTIC: [2048] Only variables should be passed by reference E:\server\Apache2.4\htdocs\club\Application\Runtime\Cache\Admin\7e2e2045534c88122b0a2676c2fd3203.php 第 102 行.
NOTIC: [2048] Only variables should be passed by reference E:\server\Apache2.4\htdocs\club\Application\Runtime\Cache\Admin\7e2e2045534c88122b0a2676c2fd3203.php 第 102 行.
NOTIC: [2048] Only variables should be passed by reference E:\server\Apache2.4\htdocs\club\Application\Runtime\Cache\Admin\7e2e2045534c88122b0a2676c2fd3203.php 第 102 行.
NOTIC: [2048] Only variables should be passed by reference E:\server\Apache2.4\htdocs\club\Application\Runtime\Cache\Admin\7e2e2045534c88122b0a2676c2fd3203.php 第 102 行.
NOTIC: [2048] Only variables should be passed by reference E:\server\Apache2.4\htdocs\club\Application\Runtime\Cache\Admin\7e2e2045534c88122b0a2676c2fd3203.php 第 102 行.
NOTIC: [2048] Only variables should be passed by reference E:\server\Apache2.4\htdocs\club\Application\Runtime\Cache\Admin\7e2e2045534c88122b0a2676c2fd3203.php 第 102 行.
NOTIC: [2048] Only variables should be passed by reference E:\server\Apache2.4\htdocs\club\Application\Runtime\Cache\Admin\7e2e2045534c88122b0a2676c2fd3203.php 第 102 行.
NOTIC: [2048] Only variables should be passed by reference E:\server\Apache2.4\htdocs\club\Application\Runtime\Cache\Admin\7e2e2045534c88122b0a2676c2fd3203.php 第 102 行.
NOTIC: [2048] Only variables should be passed by reference E:\server\Apache2.4\htdocs\club\Application\Runtime\Cache\Admin\7e2e2045534c88122b0a2676c2fd3203.php 第 102 行.
NOTIC: [2048] Only variables should be passed by reference E:\server\Apache2.4\htdocs\club\Application\Runtime\Cache\Admin\7e2e2045534c88122b0a2676c2fd3203.php 第 102 行.
NOTIC: [2048] Only variables should be passed by reference E:\server\Apache2.4\htdocs\club\Application\Runtime\Cache\Admin\7e2e2045534c88122b0a2676c2fd3203.php 第 102 行.
NOTIC: [2048] Only variables should be passed by reference E:\server\Apache2.4\htdocs\club\Application\Runtime\Cache\Admin\7e2e2045534c88122b0a2676c2fd3203.php 第 102 行.
NOTIC: [2048] Only variables should be passed by reference E:\server\Apache2.4\htdocs\club\Application\Runtime\Cache\Admin\7e2e2045534c88122b0a2676c2fd3203.php 第 102 行.
NOTIC: [2048] Only variables should be passed by reference E:\server\Apache2.4\htdocs\club\Application\Runtime\Cache\Admin\7e2e2045534c88122b0a2676c2fd3203.php 第 102 行.
NOTIC: [2048] Only variables should be passed by reference E:\server\Apache2.4\htdocs\club\Application\Runtime\Cache\Admin\7e2e2045534c88122b0a2676c2fd3203.php 第 102 行.
NOTIC: [2048] Only variables should be passed by reference E:\server\Apache2.4\htdocs\club\Application\Runtime\Cache\Admin\7e2e2045534c88122b0a2676c2fd3203.php 第 102 行.
NOTIC: [2048] Only variables should be passed by reference E:\server\Apache2.4\htdocs\club\Application\Runtime\Cache\Admin\7e2e2045534c88122b0a2676c2fd3203.php 第 102 行.
NOTIC: [2048] Only variables should be passed by reference E:\server\Apache2.4\htdocs\club\Application\Runtime\Cache\Admin\7e2e2045534c88122b0a2676c2fd3203.php 第 102 行.
NOTIC: [2048] Only variables should be passed by reference E:\server\Apache2.4\htdocs\club\Application\Runtime\Cache\Admin\7e2e2045534c88122b0a2676c2fd3203.php 第 102 行.
NOTIC: [2048] Only variables should be passed by reference E:\server\Apache2.4\htdocs\club\Application\Runtime\Cache\Admin\7e2e2045534c88122b0a2676c2fd3203.php 第 102 行.
NOTIC: [2048] Only variables should be passed by reference E:\server\Apache2.4\htdocs\club\Application\Runtime\Cache\Admin\7e2e2045534c88122b0a2676c2fd3203.php 第 102 行.
NOTIC: [2048] Only variables should be passed by reference E:\server\Apache2.4\htdocs\club\Application\Runtime\Cache\Admin\7e2e2045534c88122b0a2676c2fd3203.php 第 102 行.
NOTIC: [2048] Only variables should be passed by reference E:\server\Apache2.4\htdocs\club\Application\Runtime\Cache\Admin\7e2e2045534c88122b0a2676c2fd3203.php 第 102 行.
NOTIC: [2048] Only variables should be passed by reference E:\server\Apache2.4\htdocs\club\Application\Runtime\Cache\Admin\7e2e2045534c88122b0a2676c2fd3203.php 第 102 行.
INFO: Run Behavior\ParseTemplateBehavior [ RunTime:0.183904s ]
INFO: [ view_parse ] --END-- [ RunTime:0.184179s ]
INFO: [ view_filter ] --START--
INFO: Run Behavior\WriteHtmlCacheBehavior [ RunTime:0.000844s ]
INFO: [ view_filter ] --END-- [ RunTime:0.001112s ]
INFO: [ app_end ] --START--
INFO: Run Behavior\ShowPageTraceBehavior [ RunTime:0.001040s ]
INFO: [ app_end ] --END-- [ RunTime:0.001323s ]

[ 2015-05-05T11:26:18+08:00 ] 127.0.0.1 /index.php/admin
INFO: [ app_init ] --START--
INFO: Run Behavior\BuildLiteBehavior [ RunTime:0.000050s ]
INFO: [ app_init ] --END-- [ RunTime:0.000650s ]
INFO: [ app_begin ] --START--
INFO: Run Behavior\ReadHtmlCacheBehavior [ RunTime:0.000825s ]
INFO: [ app_begin ] --END-- [ RunTime:0.001080s ]
SQL: SHOW COLUMNS FROM `yzclub_admin_node` [ RunTime:0.0113s ]
SQL: SELECT * FROM `yzclub_admin_node` WHERE `name` = 'Index' AND `level` = '1' LIMIT 1   [ RunTime:0.0007s ]
SQL: SELECT * FROM `yzclub_admin_node` WHERE `name` = 'index' AND `pid` = null LIMIT 1   [ RunTime:0.0005s ]
INFO: [ view_parse ] --START--
INFO: [ template_filter ] --START--
INFO: Run Behavior\ContentReplaceBehavior [ RunTime:0.000121s ]
INFO: [ template_filter ] --END-- [ RunTime:0.000386s ]
INFO: Run Behavior\ParseTemplateBehavior [ RunTime:0.009412s ]
INFO: [ view_parse ] --END-- [ RunTime:0.009662s ]
INFO: [ view_filter ] --START--
INFO: Run Behavior\WriteHtmlCacheBehavior [ RunTime:0.000494s ]
INFO: [ view_filter ] --END-- [ RunTime:0.000725s ]
INFO: [ app_end ] --START--
INFO: Run Behavior\ShowPageTraceBehavior [ RunTime:0.000709s ]
INFO: [ app_end ] --END-- [ RunTime:0.000938s ]

[ 2015-05-05T11:26:18+08:00 ] 127.0.0.1 /index.php/admin/index/top
INFO: [ app_init ] --START--
INFO: Run Behavior\BuildLiteBehavior [ RunTime:0.000061s ]
INFO: [ app_init ] --END-- [ RunTime:0.000678s ]
INFO: [ app_begin ] --START--
INFO: Run Behavior\ReadHtmlCacheBehavior [ RunTime:0.000818s ]
INFO: [ app_begin ] --END-- [ RunTime:0.001174s ]
SQL: SHOW COLUMNS FROM `yzclub_admin_node` [ RunTime:0.0096s ]
SQL: SELECT * FROM `yzclub_admin_node` WHERE `name` = 'Index' AND `level` = '1' LIMIT 1   [ RunTime:0.0007s ]
SQL: SELECT * FROM `yzclub_admin_node` WHERE `name` = 'top' AND `pid` = null LIMIT 1   [ RunTime:0.0004s ]
SQL: SELECT * FROM `yzclub_admin_node` WHERE ( level="0" ) ORDER BY sort asc  [ RunTime:0.0005s ]
INFO: [ view_parse ] --START--
INFO: [ template_filter ] --START--
INFO: Run Behavior\ContentReplaceBehavior [ RunTime:0.000198s ]
INFO: [ template_filter ] --END-- [ RunTime:0.000519s ]
INFO: Run Behavior\ParseTemplateBehavior [ RunTime:0.016424s ]
INFO: [ view_parse ] --END-- [ RunTime:0.016759s ]
INFO: [ view_filter ] --START--
INFO: Run Behavior\WriteHtmlCacheBehavior [ RunTime:0.000616s ]
INFO: [ view_filter ] --END-- [ RunTime:0.000881s ]
INFO: [ app_end ] --START--
INFO: Run Behavior\ShowPageTraceBehavior [ RunTime:0.000683s ]
INFO: [ app_end ] --END-- [ RunTime:0.000910s ]

[ 2015-05-05T11:26:18+08:00 ] 127.0.0.1 /index.php/admin/index/left
INFO: [ app_init ] --START--
INFO: Run Behavior\BuildLiteBehavior [ RunTime:0.000170s ]
INFO: [ app_init ] --END-- [ RunTime:0.001180s ]
INFO: [ app_begin ] --START--
INFO: Run Behavior\ReadHtmlCacheBehavior [ RunTime:0.001288s ]
INFO: [ app_begin ] --END-- [ RunTime:0.001618s ]
SQL: SHOW COLUMNS FROM `yzclub_admin_node` [ RunTime:0.0228s ]
SQL: SELECT * FROM `yzclub_admin_node` WHERE `name` = 'Index' AND `level` = '1' LIMIT 1   [ RunTime:0.0009s ]
SQL: SELECT * FROM `yzclub_admin_node` WHERE `name` = 'left' AND `pid` = null LIMIT 1   [ RunTime:0.0007s ]
SQL: SELECT * FROM `yzclub_admin_node` WHERE ( level != "-1" and status > 0 ) ORDER BY id asc  [ RunTime:0.0011s ]
INFO: [ view_parse ] --START--
INFO: [ template_filter ] --START--
INFO: Run Behavior\ContentReplaceBehavior [ RunTime:0.000147s ]
INFO: [ template_filter ] --END-- [ RunTime:0.000478s ]
NOTIC: [8] Undefined index: _child E:\server\Apache2.4\htdocs\club\Application\Runtime\Cache\Admin\6778f0baf40e879d2b8c18d2052abd0c.php 第 25 行.
NOTIC: [8] Undefined index: _child E:\server\Apache2.4\htdocs\club\Application\Runtime\Cache\Admin\6778f0baf40e879d2b8c18d2052abd0c.php 第 25 行.
NOTIC: [8] Undefined index: _child E:\server\Apache2.4\htdocs\club\Application\Runtime\Cache\Admin\6778f0baf40e879d2b8c18d2052abd0c.php 第 22 行.
INFO: Run Behavior\ParseTemplateBehavior [ RunTime:0.020590s ]
INFO: [ view_parse ] --END-- [ RunTime:0.020917s ]
INFO: [ view_filter ] --START--
INFO: Run Behavior\WriteHtmlCacheBehavior [ RunTime:0.000605s ]
INFO: [ view_filter ] --END-- [ RunTime:0.000885s ]
INFO: [ app_end ] --START--
INFO: Run Behavior\ShowPageTraceBehavior [ RunTime:0.000989s ]
INFO: [ app_end ] --END-- [ RunTime:0.001305s ]

[ 2015-05-05T11:26:19+08:00 ] 127.0.0.1 /index.php/admin/index/right
INFO: [ app_init ] --START--
INFO: Run Behavior\BuildLiteBehavior [ RunTime:0.000052s ]
INFO: [ app_init ] --END-- [ RunTime:0.000616s ]
INFO: [ app_begin ] --START--
INFO: Run Behavior\ReadHtmlCacheBehavior [ RunTime:0.000954s ]
INFO: [ app_begin ] --END-- [ RunTime:0.001277s ]
SQL: SHOW COLUMNS FROM `yzclub_admin_node` [ RunTime:0.0077s ]
SQL: SELECT * FROM `yzclub_admin_node` WHERE `name` = 'Index' AND `level` = '1' LIMIT 1   [ RunTime:0.0005s ]
SQL: SELECT * FROM `yzclub_admin_node` WHERE `name` = 'right' AND `pid` = null LIMIT 1   [ RunTime:0.0003s ]
SQL: SHOW COLUMNS FROM `yzclub_admin` [ RunTime:0.0119s ]
SQL: SELECT * FROM `yzclub_admin` WHERE `id` = 1 LIMIT 1   [ RunTime:0.0005s ]
INFO: [ view_parse ] --START--
INFO: [ template_filter ] --START--
INFO: Run Behavior\ContentReplaceBehavior [ RunTime:0.000277s ]
INFO: [ template_filter ] --END-- [ RunTime:0.000601s ]
NOTIC: [8] Undefined variable: count E:\server\Apache2.4\htdocs\club\Application\Runtime\Cache\Admin\7e2e2045534c88122b0a2676c2fd3203.php 第 43 行.
NOTIC: [8] Undefined variable: count E:\server\Apache2.4\htdocs\club\Application\Runtime\Cache\Admin\7e2e2045534c88122b0a2676c2fd3203.php 第 44 行.
NOTIC: [8] Undefined variable: count E:\server\Apache2.4\htdocs\club\Application\Runtime\Cache\Admin\7e2e2045534c88122b0a2676c2fd3203.php 第 45 行.
NOTIC: [8] Undefined variable: count E:\server\Apache2.4\htdocs\club\Application\Runtime\Cache\Admin\7e2e2045534c88122b0a2676c2fd3203.php 第 46 行.
NOTIC: [8] Undefined variable: count E:\server\Apache2.4\htdocs\club\Application\Runtime\Cache\Admin\7e2e2045534c88122b0a2676c2fd3203.php 第 47 行.
NOTIC: [8] Undefined variable: count E:\server\Apache2.4\htdocs\club\Application\Runtime\Cache\Admin\7e2e2045534c88122b0a2676c2fd3203.php 第 48 行.
NOTIC: [8] Undefined variable: count E:\server\Apache2.4\htdocs\club\Application\Runtime\Cache\Admin\7e2e2045534c88122b0a2676c2fd3203.php 第 54 行.
NOTIC: [8] Undefined variable: count E:\server\Apache2.4\htdocs\club\Application\Runtime\Cache\Admin\7e2e2045534c88122b0a2676c2fd3203.php 第 55 行.
NOTIC: [8] Undefined variable: count E:\server\Apache2.4\htdocs\club\Application\Runtime\Cache\Admin\7e2e2045534c88122b0a2676c2fd3203.php 第 61 行.
NOTIC: [8] Undefined variable: count E:\server\Apache2.4\htdocs\club\Application\Runtime\Cache\Admin\7e2e2045534c88122b0a2676c2fd3203.php 第 62 行.
NOTIC: [2048] Only variables should be passed by reference E:\server\Apache2.4\htdocs\club\Application\Runtime\Cache\Admin\7e2e2045534c88122b0a2676c2fd3203.php 第 102 行.
NOTIC: [2048] Only variables should be passed by reference E:\server\Apache2.4\htdocs\club\Application\Runtime\Cache\Admin\7e2e2045534c88122b0a2676c2fd3203.php 第 102 行.
NOTIC: [2048] Only variables should be passed by reference E:\server\Apache2.4\htdocs\club\Application\Runtime\Cache\Admin\7e2e2045534c88122b0a2676c2fd3203.php 第 102 行.
NOTIC: [2048] Only variables should be passed by reference E:\server\Apache2.4\htdocs\club\Application\Runtime\Cache\Admin\7e2e2045534c88122b0a2676c2fd3203.php 第 102 行.
NOTIC: [2048] Only variables should be passed by reference E:\server\Apache2.4\htdocs\club\Application\Runtime\Cache\Admin\7e2e2045534c88122b0a2676c2fd3203.php 第 102 行.
NOTIC: [2048] Only variables should be passed by reference E:\server\Apache2.4\htdocs\club\Application\Runtime\Cache\Admin\7e2e2045534c88122b0a2676c2fd3203.php 第 102 行.
NOTIC: [2048] Only variables should be passed by reference E:\server\Apache2.4\htdocs\club\Application\Runtime\Cache\Admin\7e2e2045534c88122b0a2676c2fd3203.php 第 102 行.
NOTIC: [2048] Only variables should be passed by reference E:\server\Apache2.4\htdocs\club\Application\Runtime\Cache\Admin\7e2e2045534c88122b0a2676c2fd3203.php 第 102 行.
NOTIC: [2048] Only variables should be passed by reference E:\server\Apache2.4\htdocs\club\Application\Runtime\Cache\Admin\7e2e2045534c88122b0a2676c2fd3203.php 第 102 行.
NOTIC: [2048] Only variables should be passed by reference E:\server\Apache2.4\htdocs\club\Application\Runtime\Cache\Admin\7e2e2045534c88122b0a2676c2fd3203.php 第 102 行.
NOTIC: [2048] Only variables should be passed by reference E:\server\Apache2.4\htdocs\club\Application\Runtime\Cache\Admin\7e2e2045534c88122b0a2676c2fd3203.php 第 102 行.
NOTIC: [2048] Only variables should be passed by reference E:\server\Apache2.4\htdocs\club\Application\Runtime\Cache\Admin\7e2e2045534c88122b0a2676c2fd3203.php 第 102 行.
NOTIC: [2048] Only variables should be passed by reference E:\server\Apache2.4\htdocs\club\Application\Runtime\Cache\Admin\7e2e2045534c88122b0a2676c2fd3203.php 第 102 行.
NOTIC: [2048] Only variables should be passed by reference E:\server\Apache2.4\htdocs\club\Application\Runtime\Cache\Admin\7e2e2045534c88122b0a2676c2fd3203.php 第 102 行.
NOTIC: [2048] Only variables should be passed by reference E:\server\Apache2.4\htdocs\club\Application\Runtime\Cache\Admin\7e2e2045534c88122b0a2676c2fd3203.php 第 102 行.
NOTIC: [2048] Only variables should be passed by reference E:\server\Apache2.4\htdocs\club\Application\Runtime\Cache\Admin\7e2e2045534c88122b0a2676c2fd3203.php 第 102 行.
NOTIC: [2048] Only variables should be passed by reference E:\server\Apache2.4\htdocs\club\Application\Runtime\Cache\Admin\7e2e2045534c88122b0a2676c2fd3203.php 第 102 行.
NOTIC: [2048] Only variables should be passed by reference E:\server\Apache2.4\htdocs\club\Application\Runtime\Cache\Admin\7e2e2045534c88122b0a2676c2fd3203.php 第 102 行.
NOTIC: [2048] Only variables should be passed by reference E:\server\Apache2.4\htdocs\club\Application\Runtime\Cache\Admin\7e2e2045534c88122b0a2676c2fd3203.php 第 102 行.
NOTIC: [2048] Only variables should be passed by reference E:\server\Apache2.4\htdocs\club\Application\Runtime\Cache\Admin\7e2e2045534c88122b0a2676c2fd3203.php 第 102 行.
NOTIC: [2048] Only variables should be passed by reference E:\server\Apache2.4\htdocs\club\Application\Runtime\Cache\Admin\7e2e2045534c88122b0a2676c2fd3203.php 第 102 行.
NOTIC: [2048] Only variables should be passed by reference E:\server\Apache2.4\htdocs\club\Application\Runtime\Cache\Admin\7e2e2045534c88122b0a2676c2fd3203.php 第 102 行.
NOTIC: [2048] Only variables should be passed by reference E:\server\Apache2.4\htdocs\club\Application\Runtime\Cache\Admin\7e2e2045534c88122b0a2676c2fd3203.php 第 102 行.
NOTIC: [2048] Only variables should be passed by reference E:\server\Apache2.4\htdocs\club\Application\Runtime\Cache\Admin\7e2e2045534c88122b0a2676c2fd3203.php 第 102 行.
NOTIC: [2048] Only variables should be passed by reference E:\server\Apache2.4\htdocs\club\Application\Runtime\Cache\Admin\7e2e2045534c88122b0a2676c2fd3203.php 第 102 行.
NOTIC: [2048] Only variables should be passed by reference E:\server\Apache2.4\htdocs\club\Application\Runtime\Cache\Admin\7e2e2045534c88122b0a2676c2fd3203.php 第 102 行.
NOTIC: [2048] Only variables should be passed by reference E:\server\Apache2.4\htdocs\club\Application\Runtime\Cache\Admin\7e2e2045534c88122b0a2676c2fd3203.php 第 102 行.
NOTIC: [2048] Only variables should be passed by reference E:\server\Apache2.4\htdocs\club\Application\Runtime\Cache\Admin\7e2e2045534c88122b0a2676c2fd3203.php 第 102 行.
INFO: Run Behavior\ParseTemplateBehavior [ RunTime:0.068659s ]
INFO: [ view_parse ] --END-- [ RunTime:0.068940s ]
INFO: [ view_filter ] --START--
INFO: Run Behavior\WriteHtmlCacheBehavior [ RunTime:0.000815s ]
INFO: [ view_filter ] --END-- [ RunTime:0.001102s ]
INFO: [ app_end ] --START--
INFO: Run Behavior\ShowPageTraceBehavior [ RunTime:0.001435s ]
INFO: [ app_end ] --END-- [ RunTime:0.001760s ]

[ 2015-05-05T11:26:23+08:00 ] 127.0.0.1 /admin/Adv/index
INFO: [ app_init ] --START--
INFO: Run Behavior\BuildLiteBehavior [ RunTime:0.000048s ]
INFO: [ app_init ] --END-- [ RunTime:0.000633s ]
INFO: [ app_begin ] --START--
INFO: Run Behavior\ReadHtmlCacheBehavior [ RunTime:0.000819s ]
INFO: [ app_begin ] --END-- [ RunTime:0.001144s ]
ERR: 无法加载控制器:Adv

[ 2015-05-05T11:26:26+08:00 ] 127.0.0.1 /admin/Adv/index
INFO: [ app_init ] --START--
INFO: Run Behavior\BuildLiteBehavior [ RunTime:0.000183s ]
INFO: [ app_init ] --END-- [ RunTime:0.001057s ]
INFO: [ app_begin ] --START--
INFO: Run Behavior\ReadHtmlCacheBehavior [ RunTime:0.001222s ]
INFO: [ app_begin ] --END-- [ RunTime:0.001756s ]
ERR: 无法加载控制器:Adv

[ 2015-05-05T11:26:29+08:00 ] 127.0.0.1 /admin/Adv/index
INFO: [ app_init ] --START--
INFO: Run Behavior\BuildLiteBehavior [ RunTime:0.000049s ]
INFO: [ app_init ] --END-- [ RunTime:0.000638s ]
INFO: [ app_begin ] --START--
INFO: Run Behavior\ReadHtmlCacheBehavior [ RunTime:0.000515s ]
INFO: [ app_begin ] --END-- [ RunTime:0.000750s ]
ERR: 无法加载控制器:Adv

[ 2015-05-05T11:32:10+08:00 ] 127.0.0.1 /admin/Adv/index
INFO: [ app_init ] --START--
INFO: Run Behavior\BuildLiteBehavior [ RunTime:0.000108s ]
INFO: [ app_init ] --END-- [ RunTime:0.001111s ]
INFO: [ app_begin ] --START--
INFO: Run Behavior\ReadHtmlCacheBehavior [ RunTime:0.000743s ]
INFO: [ app_begin ] --END-- [ RunTime:0.001095s ]
SQL: SHOW COLUMNS FROM `yzclub_admin_node` [ RunTime:0.0109s ]
SQL: SELECT * FROM `yzclub_admin_node` WHERE `name` = 'Adv' AND `level` = '1' LIMIT 1   [ RunTime:0.0007s ]
SQL: SELECT * FROM `yzclub_admin_node` WHERE `name` = 'index' AND `pid` = 52 LIMIT 1   [ RunTime:0.0007s ]
SQL: SHOW COLUMNS FROM `yzclub_adv_place` [ RunTime:0.0098s ]
SQL: SELECT * FROM `yzclub_adv_place`  [ RunTime:0.0005s ]
ERR: 非法操作:index

[ 2015-05-05T11:32:14+08:00 ] 127.0.0.1 /admin/Adv/all
INFO: [ app_init ] --START--
INFO: Run Behavior\BuildLiteBehavior [ RunTime:0.000049s ]
INFO: [ app_init ] --END-- [ RunTime:0.000574s ]
INFO: [ app_begin ] --START--
INFO: Run Behavior\ReadHtmlCacheBehavior [ RunTime:0.000532s ]
INFO: [ app_begin ] --END-- [ RunTime:0.000769s ]
SQL: SHOW COLUMNS FROM `yzclub_admin_node` [ RunTime:0.0112s ]
SQL: SELECT * FROM `yzclub_admin_node` WHERE `name` = 'Adv' AND `level` = '1' LIMIT 1   [ RunTime:0.0007s ]
SQL: SELECT * FROM `yzclub_admin_node` WHERE `name` = 'all' AND `pid` = 52 LIMIT 1   [ RunTime:0.0221s ]
NOTIC: [2] Illegal string offset 'title' E:\server\Apache2.4\htdocs\club\Application\Common\Controller\BaseController.class.php 第 29 行.
SQL: SHOW COLUMNS FROM `yzclub_adv_place` [ RunTime:0.0087s ]
SQL: SELECT * FROM `yzclub_adv_place`  [ RunTime:0.0004s ]

[ 2015-05-05T11:35:30+08:00 ] 127.0.0.1 /admin/Adv/all
INFO: [ app_init ] --START--
INFO: Run Behavior\BuildLiteBehavior [ RunTime:0.000050s ]
INFO: [ app_init ] --END-- [ RunTime:0.000589s ]
INFO: [ app_begin ] --START--
INFO: Run Behavior\ReadHtmlCacheBehavior [ RunTime:0.000716s ]
INFO: [ app_begin ] --END-- [ RunTime:0.000954s ]
SQL: SHOW COLUMNS FROM `yzclub_admin_node` [ RunTime:0.0140s ]
SQL: SELECT * FROM `yzclub_admin_node` WHERE `name` = 'Adv' AND `level` = '1' LIMIT 1   [ RunTime:0.0005s ]
SQL: SELECT * FROM `yzclub_admin_node` WHERE `name` = 'all' AND `pid` = 52 LIMIT 1   [ RunTime:0.0013s ]
NOTIC: [2] Illegal string offset 'title' E:\server\Apache2.4\htdocs\club\Application\Common\Controller\BaseController.class.php 第 29 行.
SQL: SHOW COLUMNS FROM `yzclub_adv_place` [ RunTime:0.0088s ]
SQL: SELECT * FROM `yzclub_adv_place`  [ RunTime:0.0004s ]
SQL: SHOW COLUMNS FROM `yzclub_adv` [ RunTime:0.0104s ]
SQL: SELECT COUNT(*) AS tp_count FROM yzclub_adv Adv  JOIN yzclub_adv_place AdvPlace ON Adv.adv_id = AdvPlace.id LIMIT 1   [ RunTime:0.0427s ]
INFO: [ view_parse ] --START--
INFO: [ template_filter ] --START--
INFO: Run Behavior\ContentReplaceBehavior [ RunTime:0.000201s ]
INFO: [ template_filter ] --END-- [ RunTime:0.000453s ]
NOTIC: [8] Undefined index: name E:\server\Apache2.4\htdocs\club\Application\Runtime\Cache\Admin\18c5ee7828c92bee66c91e25a1e1d14c.php 第 46 行.
NOTIC: [8] Undefined index: title E:\server\Apache2.4\htdocs\club\Application\Runtime\Cache\Admin\18c5ee7828c92bee66c91e25a1e1d14c.php 第 55 行.
NOTIC: [8] Undefined variable: list E:\server\Apache2.4\htdocs\club\Application\Runtime\Cache\Admin\18c5ee7828c92bee66c91e25a1e1d14c.php 第 94 行.
NOTIC: [8] Undefined variable: page E:\server\Apache2.4\htdocs\club\Application\Runtime\Cache\Admin\18c5ee7828c92bee66c91e25a1e1d14c.php 第 109 行.
INFO: Run Behavior\ParseTemplateBehavior [ RunTime:0.071878s ]
INFO: [ view_parse ] --END-- [ RunTime:0.072145s ]
INFO: [ view_filter ] --START--
INFO: Run Behavior\WriteHtmlCacheBehavior [ RunTime:0.000508s ]
INFO: [ view_filter ] --END-- [ RunTime:0.000810s ]
INFO: [ app_end ] --START--
INFO: Run Behavior\ShowPageTraceBehavior [ RunTime:0.000760s ]
INFO: [ app_end ] --END-- [ RunTime:0.001016s ]

[ 2015-05-05T11:35:36+08:00 ] 127.0.0.1 /admin/Adv/add
INFO: [ app_init ] --START--
INFO: Run Behavior\BuildLiteBehavior [ RunTime:0.000054s ]
INFO: [ app_init ] --END-- [ RunTime:0.000638s ]
INFO: [ app_begin ] --START--
INFO: Run Behavior\ReadHtmlCacheBehavior [ RunTime:0.000610s ]
INFO: [ app_begin ] --END-- [ RunTime:0.000904s ]
SQL: SHOW COLUMNS FROM `yzclub_admin_node` [ RunTime:0.0108s ]
SQL: SELECT * FROM `yzclub_admin_node` WHERE `name` = 'Adv' AND `level` = '1' LIMIT 1   [ RunTime:0.0006s ]
SQL: SELECT * FROM `yzclub_admin_node` WHERE `name` = 'add' AND `pid` = 52 LIMIT 1   [ RunTime:0.0005s ]
NOTIC: [2] Illegal string offset 'title' E:\server\Apache2.4\htdocs\club\Application\Common\Controller\BaseController.class.php 第 29 行.
SQL: SHOW COLUMNS FROM `yzclub_adv_place` [ RunTime:0.0102s ]
SQL: SELECT * FROM `yzclub_adv_place`  [ RunTime:0.0003s ]
INFO: [ view_parse ] --START--
INFO: [ template_filter ] --START--
INFO: Run Behavior\ContentReplaceBehavior [ RunTime:0.000220s ]
INFO: [ template_filter ] --END-- [ RunTime:0.000463s ]
INFO: Run Behavior\ParseTemplateBehavior [ RunTime:0.072953s ]
INFO: [ view_parse ] --END-- [ RunTime:0.073216s ]
INFO: [ view_filter ] --START--
INFO: Run Behavior\WriteHtmlCacheBehavior [ RunTime:0.000494s ]
INFO: [ view_filter ] --END-- [ RunTime:0.000776s ]
INFO: [ app_end ] --START--
INFO: Run Behavior\ShowPageTraceBehavior [ RunTime:0.000798s ]
INFO: [ app_end ] --END-- [ RunTime:0.001050s ]

[ 2015-05-05T11:38:26+08:00 ] 127.0.0.1 /admin/Adv/placeAdd
INFO: [ app_init ] --START--
INFO: Run Behavior\BuildLiteBehavior [ RunTime:0.000050s ]
INFO: [ app_init ] --END-- [ RunTime:0.000681s ]
INFO: [ app_begin ] --START--
INFO: Run Behavior\ReadHtmlCacheBehavior [ RunTime:0.000690s ]
INFO: [ app_begin ] --END-- [ RunTime:0.001002s ]
SQL: SHOW COLUMNS FROM `yzclub_admin_node` [ RunTime:0.0116s ]
SQL: SELECT * FROM `yzclub_admin_node` WHERE `name` = 'Adv' AND `level` = '1' LIMIT 1   [ RunTime:0.0006s ]
SQL: SELECT * FROM `yzclub_admin_node` WHERE `name` = 'placeAdd' AND `pid` = 52 LIMIT 1   [ RunTime:0.0004s ]
NOTIC: [2] Illegal string offset 'title' E:\server\Apache2.4\htdocs\club\Application\Common\Controller\BaseController.class.php 第 29 行.
SQL: SHOW COLUMNS FROM `yzclub_adv_place` [ RunTime:0.0109s ]
SQL: SELECT * FROM `yzclub_adv_place`  [ RunTime:0.0005s ]
INFO: [ view_parse ] --START--
INFO: [ template_filter ] --START--
INFO: Run Behavior\ContentReplaceBehavior [ RunTime:0.000183s ]
INFO: [ template_filter ] --END-- [ RunTime:0.000443s ]
INFO: Run Behavior\ParseTemplateBehavior [ RunTime:0.019170s ]
INFO: [ view_parse ] --END-- [ RunTime:0.019438s ]
INFO: [ view_filter ] --START--
INFO: Run Behavior\WriteHtmlCacheBehavior [ RunTime:0.000551s ]
INFO: [ view_filter ] --END-- [ RunTime:0.000814s ]
INFO: [ app_end ] --START--
INFO: Run Behavior\ShowPageTraceBehavior [ RunTime:0.001041s ]
INFO: [ app_end ] --END-- [ RunTime:0.001316s ]

[ 2015-05-05T11:39:42+08:00 ] 127.0.0.1 /admin/Adv/placeAdd
INFO: [ app_init ] --START--
INFO: Run Behavior\BuildLiteBehavior [ RunTime:0.000048s ]
INFO: [ app_init ] --END-- [ RunTime:0.000625s ]
INFO: [ app_begin ] --START--
INFO: Run Behavior\ReadHtmlCacheBehavior [ RunTime:0.000688s ]
INFO: [ app_begin ] --END-- [ RunTime:0.000938s ]
SQL: SHOW COLUMNS FROM `yzclub_admin_node` [ RunTime:0.1174s ]
SQL: SELECT * FROM `yzclub_admin_node` WHERE `name` = 'Adv' AND `level` = '1' LIMIT 1   [ RunTime:0.0006s ]
SQL: SELECT * FROM `yzclub_admin_node` WHERE `name` = 'placeAdd' AND `pid` = 52 LIMIT 1   [ RunTime:0.0004s ]
NOTIC: [2] Illegal string offset 'title' E:\server\Apache2.4\htdocs\club\Application\Common\Controller\BaseController.class.php 第 29 行.
SQL: SHOW COLUMNS FROM `yzclub_adv_place` [ RunTime:0.2006s ]
SQL: SELECT * FROM `yzclub_adv_place`  [ RunTime:0.1818s ]
SQL: INSERT INTO `yzclub_adv_place` (`name`,`title`,`width`,`height`) VALUES ('index_banner','首页flash广告','1800','550') [ RunTime:0.4924s ]
INFO: [ view_parse ] --START--
INFO: [ template_filter ] --START--
INFO: Run Behavior\ContentReplaceBehavior [ RunTime:0.000123s ]
INFO: [ template_filter ] --END-- [ RunTime:0.000372s ]
INFO: Run Behavior\ParseTemplateBehavior [ RunTime:0.015342s ]
INFO: [ view_parse ] --END-- [ RunTime:0.015590s ]
INFO: [ view_filter ] --START--
INFO: Run Behavior\WriteHtmlCacheBehavior [ RunTime:0.000532s ]
INFO: [ view_filter ] --END-- [ RunTime:0.000778s ]
INFO: [ app_end ] --START--
INFO: Run Behavior\ShowPageTraceBehavior [ RunTime:0.000680s ]
INFO: [ app_end ] --END-- [ RunTime:0.000906s ]

[ 2015-05-05T11:39:45+08:00 ] 127.0.0.1 /index.php/Admin/Adv/place_all.html
INFO: [ app_init ] --START--
INFO: Run Behavior\BuildLiteBehavior [ RunTime:0.000052s ]
INFO: [ app_init ] --END-- [ RunTime:0.000611s ]
INFO: [ app_begin ] --START--
INFO: Run Behavior\ReadHtmlCacheBehavior [ RunTime:0.000561s ]
INFO: [ app_begin ] --END-- [ RunTime:0.000792s ]
SQL: SHOW COLUMNS FROM `yzclub_admin_node` [ RunTime:0.1262s ]
SQL: SELECT * FROM `yzclub_admin_node` WHERE `name` = 'Adv' AND `level` = '1' LIMIT 1   [ RunTime:0.0008s ]
SQL: SELECT * FROM `yzclub_admin_node` WHERE `name` = 'place_all' AND `pid` = 52 LIMIT 1   [ RunTime:0.0007s ]
SQL: SHOW COLUMNS FROM `yzclub_adv_place` [ RunTime:0.1429s ]
SQL: SELECT * FROM `yzclub_adv_place`  [ RunTime:0.0005s ]
ERR: 非法操作:place_all

[ 2015-05-05T11:39:52+08:00 ] 127.0.0.1 /index.php/Admin/Adv/placeAll.html
INFO: [ app_init ] --START--
INFO: Run Behavior\BuildLiteBehavior [ RunTime:0.000054s ]
INFO: [ app_init ] --END-- [ RunTime:0.000673s ]
INFO: [ app_begin ] --START--
INFO: Run Behavior\ReadHtmlCacheBehavior [ RunTime:0.000577s ]
INFO: [ app_begin ] --END-- [ RunTime:0.000810s ]
SQL: SHOW COLUMNS FROM `yzclub_admin_node` [ RunTime:0.0974s ]
SQL: SELECT * FROM `yzclub_admin_node` WHERE `name` = 'Adv' AND `level` = '1' LIMIT 1   [ RunTime:0.0007s ]
SQL: SELECT * FROM `yzclub_admin_node` WHERE `name` = 'placeAll' AND `pid` = 52 LIMIT 1   [ RunTime:0.0007s ]
NOTIC: [2] Illegal string offset 'title' E:\server\Apache2.4\htdocs\club\Application\Common\Controller\BaseController.class.php 第 29 行.
SQL: SHOW COLUMNS FROM `yzclub_adv_place` [ RunTime:0.1594s ]
SQL: SELECT * FROM `yzclub_adv_place`  [ RunTime:0.0003s ]
SQL: SELECT COUNT(*) AS tp_count FROM `yzclub_adv_place` LIMIT 1   [ RunTime:0.0003s ]
SQL: SELECT * FROM `yzclub_adv_place` ORDER BY `id` desc LIMIT 0,20   [ RunTime:0.0006s ]
INFO: [ view_parse ] --START--
INFO: [ template_filter ] --START--
INFO: Run Behavior\ContentReplaceBehavior [ RunTime:0.000182s ]
INFO: [ template_filter ] --END-- [ RunTime:0.000437s ]
INFO: Run Behavior\ParseTemplateBehavior [ RunTime:0.026443s ]
INFO: [ view_parse ] --END-- [ RunTime:0.026726s ]
INFO: [ view_filter ] --START--
INFO: Run Behavior\WriteHtmlCacheBehavior [ RunTime:0.000636s ]
INFO: [ view_filter ] --END-- [ RunTime:0.000862s ]
INFO: [ app_end ] --START--
INFO: Run Behavior\ShowPageTraceBehavior [ RunTime:0.000790s ]
INFO: [ app_end ] --END-- [ RunTime:0.001017s ]

[ 2015-05-05T11:42:32+08:00 ] 127.0.0.1 /index.php/Admin/Adv/placeAll.html
INFO: [ app_init ] --START--
INFO: Run Behavior\BuildLiteBehavior [ RunTime:0.000056s ]
INFO: [ app_init ] --END-- [ RunTime:0.000722s ]
INFO: [ app_begin ] --START--
INFO: Run Behavior\ReadHtmlCacheBehavior [ RunTime:0.000778s ]
INFO: [ app_begin ] --END-- [ RunTime:0.001042s ]
SQL: SHOW COLUMNS FROM `yzclub_admin_node` [ RunTime:0.0111s ]
SQL: SELECT * FROM `yzclub_admin_node` WHERE `name` = 'Adv' AND `level` = '1' LIMIT 1   [ RunTime:0.0006s ]
SQL: SELECT * FROM `yzclub_admin_node` WHERE `name` = 'placeAll' AND `pid` = 52 LIMIT 1   [ RunTime:0.0006s ]
NOTIC: [2] Illegal string offset 'title' E:\server\Apache2.4\htdocs\club\Application\Common\Controller\BaseController.class.php 第 29 行.
SQL: SHOW COLUMNS FROM `yzclub_adv_place` [ RunTime:0.0102s ]
SQL: SELECT * FROM `yzclub_adv_place`  [ RunTime:0.0004s ]
SQL: SELECT COUNT(*) AS tp_count FROM `yzclub_adv_place` LIMIT 1   [ RunTime:0.0004s ]
SQL: SELECT * FROM `yzclub_adv_place` ORDER BY `id` desc LIMIT 0,20   [ RunTime:0.0004s ]
INFO: [ view_parse ] --START--
INFO: [ template_filter ] --START--
INFO: Run Behavior\ContentReplaceBehavior [ RunTime:0.000180s ]
INFO: [ template_filter ] --END-- [ RunTime:0.000423s ]
INFO: Run Behavior\ParseTemplateBehavior [ RunTime:0.017550s ]
INFO: [ view_parse ] --END-- [ RunTime:0.017831s ]
INFO: [ view_filter ] --START--
INFO: Run Behavior\WriteHtmlCacheBehavior [ RunTime:0.000583s ]
INFO: [ view_filter ] --END-- [ RunTime:0.000809s ]
INFO: [ app_end ] --START--
INFO: Run Behavior\ShowPageTraceBehavior [ RunTime:0.000722s ]
INFO: [ app_end ] --END-- [ RunTime:0.000951s ]

[ 2015-05-05T11:42:40+08:00 ] 127.0.0.1 /index.php/Admin/Adv/placeAdd.html
INFO: [ app_init ] --START--
INFO: Run Behavior\BuildLiteBehavior [ RunTime:0.000047s ]
INFO: [ app_init ] --END-- [ RunTime:0.000613s ]
INFO: [ app_begin ] --START--
INFO: Run Behavior\ReadHtmlCacheBehavior [ RunTime:0.000946s ]
INFO: [ app_begin ] --END-- [ RunTime:0.001322s ]
SQL: SHOW COLUMNS FROM `yzclub_admin_node` [ RunTime:0.0109s ]
SQL: SELECT * FROM `yzclub_admin_node` WHERE `name` = 'Adv' AND `level` = '1' LIMIT 1   [ RunTime:0.0006s ]
SQL: SELECT * FROM `yzclub_admin_node` WHERE `name` = 'placeAdd' AND `pid` = 52 LIMIT 1   [ RunTime:0.0005s ]
NOTIC: [2] Illegal string offset 'title' E:\server\Apache2.4\htdocs\club\Application\Common\Controller\BaseController.class.php 第 29 行.
SQL: SHOW COLUMNS FROM `yzclub_adv_place` [ RunTime:0.0089s ]
SQL: SELECT * FROM `yzclub_adv_place`  [ RunTime:0.0005s ]
INFO: [ view_parse ] --START--
INFO: [ template_filter ] --START--
INFO: Run Behavior\ContentReplaceBehavior [ RunTime:0.000186s ]
INFO: [ template_filter ] --END-- [ RunTime:0.000439s ]
INFO: Run Behavior\ParseTemplateBehavior [ RunTime:0.049935s ]
INFO: [ view_parse ] --END-- [ RunTime:0.050223s ]
INFO: [ view_filter ] --START--
INFO: Run Behavior\WriteHtmlCacheBehavior [ RunTime:0.000564s ]
INFO: [ view_filter ] --END-- [ RunTime:0.000792s ]
INFO: [ app_end ] --START--
INFO: Run Behavior\ShowPageTraceBehavior [ RunTime:0.000747s ]
INFO: [ app_end ] --END-- [ RunTime:0.000982s ]

[ 2015-05-05T11:43:47+08:00 ] 127.0.0.1 /index.php/Admin/Adv/placeAdd.html
INFO: [ app_init ] --START--
INFO: Run Behavior\BuildLiteBehavior [ RunTime:0.000058s ]
INFO: [ app_init ] --END-- [ RunTime:0.000637s ]
INFO: [ app_begin ] --START--
INFO: Run Behavior\ReadHtmlCacheBehavior [ RunTime:0.000711s ]
INFO: [ app_begin ] --END-- [ RunTime:0.000964s ]
SQL: SHOW COLUMNS FROM `yzclub_admin_node` [ RunTime:0.0116s ]
SQL: SELECT * FROM `yzclub_admin_node` WHERE `name` = 'Adv' AND `level` = '1' LIMIT 1   [ RunTime:0.0006s ]
SQL: SELECT * FROM `yzclub_admin_node` WHERE `name` = 'placeAdd' AND `pid` = 52 LIMIT 1   [ RunTime:0.0006s ]
NOTIC: [2] Illegal string offset 'title' E:\server\Apache2.4\htdocs\club\Application\Common\Controller\BaseController.class.php 第 29 行.
SQL: SHOW COLUMNS FROM `yzclub_adv_place` [ RunTime:0.0096s ]
SQL: SELECT * FROM `yzclub_adv_place`  [ RunTime:0.0005s ]
SQL: INSERT INTO `yzclub_adv_place` (`name`,`title`,`width`,`height`) VALUES ('introduction_pic','俱乐部头部广告','1200','300') [ RunTime:0.0261s ]
INFO: [ view_parse ] --START--
INFO: [ template_filter ] --START--
INFO: Run Behavior\ContentReplaceBehavior [ RunTime:0.000168s ]
INFO: [ template_filter ] --END-- [ RunTime:0.000537s ]
INFO: Run Behavior\ParseTemplateBehavior [ RunTime:0.010200s ]
INFO: [ view_parse ] --END-- [ RunTime:0.010458s ]
INFO: [ view_filter ] --START--
INFO: Run Behavior\WriteHtmlCacheBehavior [ RunTime:0.000490s ]
INFO: [ view_filter ] --END-- [ RunTime:0.000712s ]
INFO: [ app_end ] --START--
INFO: Run Behavior\ShowPageTraceBehavior [ RunTime:0.000702s ]
INFO: [ app_end ] --END-- [ RunTime:0.000929s ]

[ 2015-05-05T11:43:50+08:00 ] 127.0.0.1 /index.php/Admin/Adv/placeAll.html
INFO: [ app_init ] --START--
INFO: Run Behavior\BuildLiteBehavior [ RunTime:0.000070s ]
INFO: [ app_init ] --END-- [ RunTime:0.000807s ]
INFO: [ app_begin ] --START--
INFO: Run Behavior\ReadHtmlCacheBehavior [ RunTime:0.000573s ]
INFO: [ app_begin ] --END-- [ RunTime:0.000819s ]
SQL: SHOW COLUMNS FROM `yzclub_admin_node` [ RunTime:0.0101s ]
SQL: SELECT * FROM `yzclub_admin_node` WHERE `name` = 'Adv' AND `level` = '1' LIMIT 1   [ RunTime:0.0005s ]
SQL: SELECT * FROM `yzclub_admin_node` WHERE `name` = 'placeAll' AND `pid` = 52 LIMIT 1   [ RunTime:0.0003s ]
NOTIC: [2] Illegal string offset 'title' E:\server\Apache2.4\htdocs\club\Application\Common\Controller\BaseController.class.php 第 29 行.
SQL: SHOW COLUMNS FROM `yzclub_adv_place` [ RunTime:0.0116s ]
SQL: SELECT * FROM `yzclub_adv_place`  [ RunTime:0.0005s ]
SQL: SELECT COUNT(*) AS tp_count FROM `yzclub_adv_place` LIMIT 1   [ RunTime:0.0005s ]
SQL: SELECT * FROM `yzclub_adv_place` ORDER BY `id` desc LIMIT 0,20   [ RunTime:0.0007s ]
INFO: [ view_parse ] --START--
INFO: [ template_filter ] --START--
INFO: Run Behavior\ContentReplaceBehavior [ RunTime:0.000219s ]
INFO: [ template_filter ] --END-- [ RunTime:0.000531s ]
INFO: Run Behavior\ParseTemplateBehavior [ RunTime:0.032674s ]
INFO: [ view_parse ] --END-- [ RunTime:0.032949s ]
INFO: [ view_filter ] --START--
INFO: Run Behavior\WriteHtmlCacheBehavior [ RunTime:0.000541s ]
INFO: [ view_filter ] --END-- [ RunTime:0.000778s ]
INFO: [ app_end ] --START--
INFO: Run Behavior\ShowPageTraceBehavior [ RunTime:0.000745s ]
INFO: [ app_end ] --END-- [ RunTime:0.000976s ]

[ 2015-05-05T15:22:56+08:00 ] 127.0.0.1 /admin
INFO: [ app_init ] --START--
INFO: Run Behavior\BuildLiteBehavior [ RunTime:0.000051s ]
INFO: [ app_init ] --END-- [ RunTime:0.001353s ]
INFO: [ app_begin ] --START--
INFO: Run Behavior\ReadHtmlCacheBehavior [ RunTime:0.002015s ]
INFO: [ app_begin ] --END-- [ RunTime:0.002407s ]
SQL: SHOW COLUMNS FROM `yzclub_admin_node` [ RunTime:0.0246s ]
SQL: SELECT * FROM `yzclub_admin_node` WHERE `name` = 'Index' AND `level` = '1' LIMIT 1   [ RunTime:0.0872s ]
SQL: SELECT * FROM `yzclub_admin_node` WHERE `name` = 'index' AND `pid` = null LIMIT 1   [ RunTime:0.0144s ]
NOTIC: [8] Undefined index: authId E:\server\Apache2.4\htdocs\club\Application\Common\Controller\BaseController.class.php 第 36 行.

[ 2015-05-05T15:22:56+08:00 ] 127.0.0.1 /index.php/admin/public/login
INFO: [ app_init ] --START--
INFO: Run Behavior\BuildLiteBehavior [ RunTime:0.000052s ]
INFO: [ app_init ] --END-- [ RunTime:0.001205s ]
INFO: [ app_begin ] --START--
INFO: Run Behavior\ReadHtmlCacheBehavior [ RunTime:0.001180s ]
INFO: [ app_begin ] --END-- [ RunTime:0.001443s ]
SQL: SHOW COLUMNS FROM `yzclub_admin_node` [ RunTime:0.0194s ]
SQL: SELECT * FROM `yzclub_admin_node` WHERE `name` = 'Public' AND `level` = '1' LIMIT 1   [ RunTime:0.0013s ]
SQL: SELECT * FROM `yzclub_admin_node` WHERE `name` = 'login' AND `pid` = null LIMIT 1   [ RunTime:0.0012s ]
NOTIC: [8] Undefined index: authId E:\server\Apache2.4\htdocs\club\Application\Common\Controller\BaseController.class.php 第 36 行.
INFO: [ view_parse ] --START--
INFO: [ template_filter ] --START--
INFO: Run Behavior\ContentReplaceBehavior [ RunTime:0.000122s ]
INFO: [ template_filter ] --END-- [ RunTime:0.000375s ]
INFO: Run Behavior\ParseTemplateBehavior [ RunTime:0.109109s ]
INFO: [ view_parse ] --END-- [ RunTime:0.109391s ]
INFO: [ view_filter ] --START--
INFO: Run Behavior\WriteHtmlCacheBehavior [ RunTime:0.001825s ]
INFO: [ view_filter ] --END-- [ RunTime:0.002091s ]
INFO: [ app_end ] --START--
INFO: Run Behavior\ShowPageTraceBehavior [ RunTime:0.001817s ]
INFO: [ app_end ] --END-- [ RunTime:0.002051s ]

