[ 2015-05-30T10:37:22+08:00 ] 10.159.51.232 /admin
INFO: [ app_init ] --START--
INFO: Run Behavior\BuildLiteBehavior [ RunTime:0.000021s ]
INFO: [ app_init ] --END-- [ RunTime:0.000155s ]
INFO: [ app_begin ] --START--
INFO: Run Behavior\ReadHtmlCacheBehavior [ RunTime:0.000155s ]
INFO: [ app_begin ] --END-- [ RunTime:0.000240s ]
SQL: SHOW COLUMNS FROM `yzclub_admin_node` [ RunTime:0.0019s ]
SQL: SELECT * FROM `yzclub_admin_node` WHERE `name` = 'Index' AND `level` = '1' LIMIT 1   [ RunTime:0.0014s ]
SQL: SELECT * FROM `yzclub_admin_node` WHERE `name` = 'index' AND `pid` = null LIMIT 1   [ RunTime:0.0027s ]
NOTIC: [8] Undefined index: authId /alidata/www/club.yaozh.com/Application/Common/Controller/BaseController.class.php 第 36 行.

[ 2015-05-30T10:37:22+08:00 ] 10.159.51.5 /index.php/admin/public/login
INFO: [ app_init ] --START--
INFO: Run Behavior\BuildLiteBehavior [ RunTime:0.000014s ]
INFO: [ app_init ] --END-- [ RunTime:0.000105s ]
INFO: [ app_begin ] --START--
INFO: Run Behavior\ReadHtmlCacheBehavior [ RunTime:0.000060s ]
INFO: [ app_begin ] --END-- [ RunTime:0.000146s ]
SQL: SHOW COLUMNS FROM `yzclub_admin_node` [ RunTime:0.0020s ]
SQL: SELECT * FROM `yzclub_admin_node` WHERE `name` = 'Public' AND `level` = '1' LIMIT 1   [ RunTime:0.0011s ]
SQL: SELECT * FROM `yzclub_admin_node` WHERE `name` = 'login' AND `pid` = null LIMIT 1   [ RunTime:0.0011s ]
NOTIC: [8] Undefined index: authId /alidata/www/club.yaozh.com/Application/Common/Controller/BaseController.class.php 第 36 行.
INFO: [ view_parse ] --START--
INFO: [ template_filter ] --START--
INFO: Run Behavior\ContentReplaceBehavior [ RunTime:0.000041s ]
INFO: [ template_filter ] --END-- [ RunTime:0.000114s ]
INFO: Run Behavior\ParseTemplateBehavior [ RunTime:0.018715s ]
INFO: [ view_parse ] --END-- [ RunTime:0.018829s ]
INFO: [ view_filter ] --START--
INFO: Run Behavior\WriteHtmlCacheBehavior [ RunTime:0.000142s ]
INFO: [ view_filter ] --END-- [ RunTime:0.000209s ]
INFO: [ app_end ] --START--
INFO: Run Behavior\ShowPageTraceBehavior [ RunTime:0.000097s ]
INFO: [ app_end ] --END-- [ RunTime:0.000149s ]

[ 2015-05-30T10:37:24+08:00 ] 10.159.63.120 /index.php/admin/public/login
INFO: [ app_init ] --START--
INFO: Run Behavior\BuildLiteBehavior [ RunTime:0.000022s ]
INFO: [ app_init ] --END-- [ RunTime:0.000154s ]
INFO: [ app_begin ] --START--
INFO: Run Behavior\ReadHtmlCacheBehavior [ RunTime:0.000053s ]
INFO: [ app_begin ] --END-- [ RunTime:0.000101s ]
SQL: SHOW COLUMNS FROM `yzclub_admin_node` [ RunTime:0.0015s ]
SQL: SELECT * FROM `yzclub_admin_node` WHERE `name` = 'Public' AND `level` = '1' LIMIT 1   [ RunTime:0.0008s ]
SQL: SELECT * FROM `yzclub_admin_node` WHERE `name` = 'login' AND `pid` = null LIMIT 1   [ RunTime:0.0008s ]
NOTIC: [8] Undefined index: authId /alidata/www/club.yaozh.com/Application/Common/Controller/BaseController.class.php 第 36 行.
SQL: SHOW COLUMNS FROM `yzclub_admin` [ RunTime:0.0025s ]
SQL: SELECT * FROM `yzclub_admin` WHERE `username` = 'zhoubo' AND `status` > 0 LIMIT 1   [ RunTime:0.0010s ]
INFO: [ view_parse ] --START--
INFO: [ template_filter ] --START--
INFO: Run Behavior\ContentReplaceBehavior [ RunTime:0.000043s ]
INFO: [ template_filter ] --END-- [ RunTime:0.000108s ]
INFO: Run Behavior\ParseTemplateBehavior [ RunTime:0.015524s ]
INFO: [ view_parse ] --END-- [ RunTime:0.015613s ]
INFO: [ view_filter ] --START--
INFO: Run Behavior\WriteHtmlCacheBehavior [ RunTime:0.000078s ]
INFO: [ view_filter ] --END-- [ RunTime:0.000131s ]

[ 2015-05-30T10:37:25+08:00 ] 10.159.63.123 /index.php/admin/public/login
INFO: [ app_init ] --START--
INFO: Run Behavior\BuildLiteBehavior [ RunTime:0.000019s ]
INFO: [ app_init ] --END-- [ RunTime:0.000154s ]
INFO: [ app_begin ] --START--
INFO: Run Behavior\ReadHtmlCacheBehavior [ RunTime:0.000099s ]
INFO: [ app_begin ] --END-- [ RunTime:0.000161s ]
SQL: SHOW COLUMNS FROM `yzclub_admin_node` [ RunTime:0.0035s ]
SQL: SELECT * FROM `yzclub_admin_node` WHERE `name` = 'Public' AND `level` = '1' LIMIT 1   [ RunTime:0.0014s ]
SQL: SELECT * FROM `yzclub_admin_node` WHERE `name` = 'login' AND `pid` = null LIMIT 1   [ RunTime:0.0010s ]
NOTIC: [8] Undefined index: authId /alidata/www/club.yaozh.com/Application/Common/Controller/BaseController.class.php 第 36 行.
INFO: [ view_parse ] --START--
INFO: [ template_filter ] --START--
INFO: Run Behavior\ContentReplaceBehavior [ RunTime:0.000038s ]
INFO: [ template_filter ] --END-- [ RunTime:0.000092s ]
INFO: Run Behavior\ParseTemplateBehavior [ RunTime:0.015843s ]
INFO: [ view_parse ] --END-- [ RunTime:0.015938s ]
INFO: [ view_filter ] --START--
INFO: Run Behavior\WriteHtmlCacheBehavior [ RunTime:0.000107s ]
INFO: [ view_filter ] --END-- [ RunTime:0.000174s ]
INFO: [ app_end ] --START--
INFO: Run Behavior\ShowPageTraceBehavior [ RunTime:0.000085s ]
INFO: [ app_end ] --END-- [ RunTime:0.000129s ]

[ 2015-05-30T10:37:30+08:00 ] 10.159.63.122 /index.php/admin/public/login
INFO: [ app_init ] --START--
INFO: Run Behavior\BuildLiteBehavior [ RunTime:0.000016s ]
INFO: [ app_init ] --END-- [ RunTime:0.000127s ]
INFO: [ app_begin ] --START--
INFO: Run Behavior\ReadHtmlCacheBehavior [ RunTime:0.000088s ]
INFO: [ app_begin ] --END-- [ RunTime:0.000136s ]
SQL: SHOW COLUMNS FROM `yzclub_admin_node` [ RunTime:0.0014s ]
SQL: SELECT * FROM `yzclub_admin_node` WHERE `name` = 'Public' AND `level` = '1' LIMIT 1   [ RunTime:0.0008s ]
SQL: SELECT * FROM `yzclub_admin_node` WHERE `name` = 'login' AND `pid` = null LIMIT 1   [ RunTime:0.0008s ]
NOTIC: [8] Undefined index: authId /alidata/www/club.yaozh.com/Application/Common/Controller/BaseController.class.php 第 36 行.
SQL: SHOW COLUMNS FROM `yzclub_admin` [ RunTime:0.0012s ]
SQL: SELECT * FROM `yzclub_admin` WHERE `username` = 'uper' AND `status` > 0 LIMIT 1   [ RunTime:0.0009s ]
SQL: UPDATE `yzclub_admin` SET `last_login_time`='1432953450',`login_count`=login_count+1,`last_login_ip`='10.159.63.122' WHERE `id` = 2 [ RunTime:0.0013s ]
INFO: [ view_parse ] --START--
INFO: [ template_filter ] --START--
INFO: Run Behavior\ContentReplaceBehavior [ RunTime:0.000036s ]
INFO: [ template_filter ] --END-- [ RunTime:0.000086s ]
INFO: Run Behavior\ParseTemplateBehavior [ RunTime:0.016655s ]
INFO: [ view_parse ] --END-- [ RunTime:0.016716s ]
INFO: [ view_filter ] --START--
INFO: Run Behavior\WriteHtmlCacheBehavior [ RunTime:0.000099s ]
INFO: [ view_filter ] --END-- [ RunTime:0.000152s ]
INFO: [ app_end ] --START--
INFO: Run Behavior\ShowPageTraceBehavior [ RunTime:0.000078s ]
INFO: [ app_end ] --END-- [ RunTime:0.000122s ]

[ 2015-05-30T10:37:31+08:00 ] 10.159.63.125 /index.php/admin
INFO: [ app_init ] --START--
INFO: Run Behavior\BuildLiteBehavior [ RunTime:0.000015s ]
INFO: [ app_init ] --END-- [ RunTime:0.000110s ]
INFO: [ app_begin ] --START--
INFO: Run Behavior\ReadHtmlCacheBehavior [ RunTime:0.000052s ]
INFO: [ app_begin ] --END-- [ RunTime:0.000119s ]
SQL: SHOW COLUMNS FROM `yzclub_admin_node` [ RunTime:0.0016s ]
SQL: SELECT * FROM `yzclub_admin_node` WHERE `name` = 'Index' AND `level` = '1' LIMIT 1   [ RunTime:0.0009s ]
SQL: SELECT * FROM `yzclub_admin_node` WHERE `name` = 'index' AND `pid` = null LIMIT 1   [ RunTime:0.0014s ]
INFO: [ view_parse ] --START--
INFO: [ template_filter ] --START--
INFO: Run Behavior\ContentReplaceBehavior [ RunTime:0.000039s ]
INFO: [ template_filter ] --END-- [ RunTime:0.000094s ]
INFO: Run Behavior\ParseTemplateBehavior [ RunTime:0.019586s ]
INFO: [ view_parse ] --END-- [ RunTime:0.019666s ]
INFO: [ view_filter ] --START--
INFO: Run Behavior\WriteHtmlCacheBehavior [ RunTime:0.000070s ]
INFO: [ view_filter ] --END-- [ RunTime:0.000113s ]
INFO: [ app_end ] --START--
INFO: Run Behavior\ShowPageTraceBehavior [ RunTime:0.000091s ]
INFO: [ app_end ] --END-- [ RunTime:0.000136s ]

[ 2015-05-30T10:37:31+08:00 ] 10.159.63.125 /index.php/admin/index/top
INFO: [ app_init ] --START--
INFO: Run Behavior\BuildLiteBehavior [ RunTime:0.000016s ]
INFO: [ app_init ] --END-- [ RunTime:0.000151s ]
INFO: [ app_begin ] --START--
INFO: Run Behavior\ReadHtmlCacheBehavior [ RunTime:0.000063s ]
INFO: [ app_begin ] --END-- [ RunTime:0.000111s ]
SQL: SHOW COLUMNS FROM `yzclub_admin_node` [ RunTime:0.0021s ]
SQL: SELECT * FROM `yzclub_admin_node` WHERE `name` = 'Index' AND `level` = '1' LIMIT 1   [ RunTime:0.0010s ]
SQL: SELECT * FROM `yzclub_admin_node` WHERE `name` = 'top' AND `pid` = null LIMIT 1   [ RunTime:0.0011s ]
SQL: SELECT * FROM `yzclub_admin_node` WHERE ( level="0" ) ORDER BY sort asc  [ RunTime:0.0016s ]
INFO: [ view_parse ] --START--
INFO: [ template_filter ] --START--
INFO: Run Behavior\ContentReplaceBehavior [ RunTime:0.000036s ]
INFO: [ template_filter ] --END-- [ RunTime:0.000086s ]
INFO: Run Behavior\ParseTemplateBehavior [ RunTime:0.017711s ]
INFO: [ view_parse ] --END-- [ RunTime:0.017806s ]
INFO: [ view_filter ] --START--
INFO: Run Behavior\WriteHtmlCacheBehavior [ RunTime:0.000092s ]
INFO: [ view_filter ] --END-- [ RunTime:0.000148s ]
INFO: [ app_end ] --START--
INFO: Run Behavior\ShowPageTraceBehavior [ RunTime:0.000065s ]
INFO: [ app_end ] --END-- [ RunTime:0.000107s ]

[ 2015-05-30T10:37:31+08:00 ] 10.159.63.38 /index.php/admin/index/right
INFO: [ app_init ] --START--
INFO: Run Behavior\BuildLiteBehavior [ RunTime:0.000012s ]
INFO: [ app_init ] --END-- [ RunTime:0.000084s ]
INFO: [ app_begin ] --START--
INFO: Run Behavior\ReadHtmlCacheBehavior [ RunTime:0.000064s ]
INFO: [ app_begin ] --END-- [ RunTime:0.000111s ]
SQL: SHOW COLUMNS FROM `yzclub_admin_node` [ RunTime:0.0018s ]
SQL: SELECT * FROM `yzclub_admin_node` WHERE `name` = 'Index' AND `level` = '1' LIMIT 1   [ RunTime:0.0010s ]
SQL: SELECT * FROM `yzclub_admin_node` WHERE `name` = 'right' AND `pid` = null LIMIT 1   [ RunTime:0.0010s ]
SQL: SHOW COLUMNS FROM `yzclub_admin` [ RunTime:0.0018s ]
SQL: SELECT * FROM `yzclub_admin` WHERE `id` = 2 LIMIT 1   [ RunTime:0.0016s ]
INFO: [ view_parse ] --START--
INFO: [ template_filter ] --START--
INFO: Run Behavior\ContentReplaceBehavior [ RunTime:0.000064s ]
INFO: [ template_filter ] --END-- [ RunTime:0.000145s ]
NOTIC: [8] Undefined index: role_name /alidata/www/club.yaozh.com/Application/Runtime/Cache/Admin/7e2e2045534c88122b0a2676c2fd3203.php 第 29 行.
NOTIC: [8] Undefined variable: count /alidata/www/club.yaozh.com/Application/Runtime/Cache/Admin/7e2e2045534c88122b0a2676c2fd3203.php 第 43 行.
NOTIC: [8] Undefined variable: count /alidata/www/club.yaozh.com/Application/Runtime/Cache/Admin/7e2e2045534c88122b0a2676c2fd3203.php 第 44 行.
NOTIC: [8] Undefined variable: count /alidata/www/club.yaozh.com/Application/Runtime/Cache/Admin/7e2e2045534c88122b0a2676c2fd3203.php 第 45 行.
NOTIC: [8] Undefined variable: count /alidata/www/club.yaozh.com/Application/Runtime/Cache/Admin/7e2e2045534c88122b0a2676c2fd3203.php 第 46 行.
NOTIC: [8] Undefined variable: count /alidata/www/club.yaozh.com/Application/Runtime/Cache/Admin/7e2e2045534c88122b0a2676c2fd3203.php 第 47 行.
NOTIC: [8] Undefined variable: count /alidata/www/club.yaozh.com/Application/Runtime/Cache/Admin/7e2e2045534c88122b0a2676c2fd3203.php 第 48 行.
NOTIC: [8] Undefined variable: count /alidata/www/club.yaozh.com/Application/Runtime/Cache/Admin/7e2e2045534c88122b0a2676c2fd3203.php 第 54 行.
NOTIC: [8] Undefined variable: count /alidata/www/club.yaozh.com/Application/Runtime/Cache/Admin/7e2e2045534c88122b0a2676c2fd3203.php 第 55 行.
NOTIC: [8] Undefined variable: count /alidata/www/club.yaozh.com/Application/Runtime/Cache/Admin/7e2e2045534c88122b0a2676c2fd3203.php 第 61 行.
NOTIC: [8] Undefined variable: count /alidata/www/club.yaozh.com/Application/Runtime/Cache/Admin/7e2e2045534c88122b0a2676c2fd3203.php 第 62 行.
NOTIC: [2048] Only variables should be passed by reference /alidata/www/club.yaozh.com/Application/Runtime/Cache/Admin/7e2e2045534c88122b0a2676c2fd3203.php 第 102 行.
NOTIC: [2048] Only variables should be passed by reference /alidata/www/club.yaozh.com/Application/Runtime/Cache/Admin/7e2e2045534c88122b0a2676c2fd3203.php 第 102 行.
NOTIC: [2048] Only variables should be passed by reference /alidata/www/club.yaozh.com/Application/Runtime/Cache/Admin/7e2e2045534c88122b0a2676c2fd3203.php 第 102 行.
NOTIC: [2048] Only variables should be passed by reference /alidata/www/club.yaozh.com/Application/Runtime/Cache/Admin/7e2e2045534c88122b0a2676c2fd3203.php 第 102 行.
NOTIC: [2048] Only variables should be passed by reference /alidata/www/club.yaozh.com/Application/Runtime/Cache/Admin/7e2e2045534c88122b0a2676c2fd3203.php 第 102 行.
NOTIC: [2048] Only variables should be passed by reference /alidata/www/club.yaozh.com/Application/Runtime/Cache/Admin/7e2e2045534c88122b0a2676c2fd3203.php 第 102 行.
NOTIC: [2048] Only variables should be passed by reference /alidata/www/club.yaozh.com/Application/Runtime/Cache/Admin/7e2e2045534c88122b0a2676c2fd3203.php 第 102 行.
NOTIC: [2048] Only variables should be passed by reference /alidata/www/club.yaozh.com/Application/Runtime/Cache/Admin/7e2e2045534c88122b0a2676c2fd3203.php 第 102 行.
NOTIC: [2048] Only variables should be passed by reference /alidata/www/club.yaozh.com/Application/Runtime/Cache/Admin/7e2e2045534c88122b0a2676c2fd3203.php 第 102 行.
NOTIC: [2048] Only variables should be passed by reference /alidata/www/club.yaozh.com/Application/Runtime/Cache/Admin/7e2e2045534c88122b0a2676c2fd3203.php 第 102 行.
NOTIC: [2048] Only variables should be passed by reference /alidata/www/club.yaozh.com/Application/Runtime/Cache/Admin/7e2e2045534c88122b0a2676c2fd3203.php 第 102 行.
NOTIC: [2048] Only variables should be passed by reference /alidata/www/club.yaozh.com/Application/Runtime/Cache/Admin/7e2e2045534c88122b0a2676c2fd3203.php 第 102 行.
NOTIC: [2048] Only variables should be passed by reference /alidata/www/club.yaozh.com/Application/Runtime/Cache/Admin/7e2e2045534c88122b0a2676c2fd3203.php 第 102 行.
NOTIC: [2048] Only variables should be passed by reference /alidata/www/club.yaozh.com/Application/Runtime/Cache/Admin/7e2e2045534c88122b0a2676c2fd3203.php 第 102 行.
NOTIC: [2048] Only variables should be passed by reference /alidata/www/club.yaozh.com/Application/Runtime/Cache/Admin/7e2e2045534c88122b0a2676c2fd3203.php 第 102 行.
NOTIC: [2048] Only variables should be passed by reference /alidata/www/club.yaozh.com/Application/Runtime/Cache/Admin/7e2e2045534c88122b0a2676c2fd3203.php 第 102 行.
NOTIC: [2048] Only variables should be passed by reference /alidata/www/club.yaozh.com/Application/Runtime/Cache/Admin/7e2e2045534c88122b0a2676c2fd3203.php 第 102 行.
NOTIC: [2048] Only variables should be passed by reference /alidata/www/club.yaozh.com/Application/Runtime/Cache/Admin/7e2e2045534c88122b0a2676c2fd3203.php 第 102 行.
NOTIC: [2048] Only variables should be passed by reference /alidata/www/club.yaozh.com/Application/Runtime/Cache/Admin/7e2e2045534c88122b0a2676c2fd3203.php 第 102 行.
NOTIC: [2048] Only variables should be passed by reference /alidata/www/club.yaozh.com/Application/Runtime/Cache/Admin/7e2e2045534c88122b0a2676c2fd3203.php 第 102 行.
NOTIC: [2048] Only variables should be passed by reference /alidata/www/club.yaozh.com/Application/Runtime/Cache/Admin/7e2e2045534c88122b0a2676c2fd3203.php 第 102 行.
NOTIC: [2048] Only variables should be passed by reference /alidata/www/club.yaozh.com/Application/Runtime/Cache/Admin/7e2e2045534c88122b0a2676c2fd3203.php 第 102 行.
NOTIC: [2048] Only variables should be passed by reference /alidata/www/club.yaozh.com/Application/Runtime/Cache/Admin/7e2e2045534c88122b0a2676c2fd3203.php 第 102 行.
NOTIC: [2048] Only variables should be passed by reference /alidata/www/club.yaozh.com/Application/Runtime/Cache/Admin/7e2e2045534c88122b0a2676c2fd3203.php 第 102 行.
NOTIC: [2048] Only variables should be passed by reference /alidata/www/club.yaozh.com/Application/Runtime/Cache/Admin/7e2e2045534c88122b0a2676c2fd3203.php 第 102 行.
NOTIC: [2048] Only variables should be passed by reference /alidata/www/club.yaozh.com/Application/Runtime/Cache/Admin/7e2e2045534c88122b0a2676c2fd3203.php 第 102 行.
INFO: Run Behavior\ParseTemplateBehavior [ RunTime:0.025736s ]
INFO: [ view_parse ] --END-- [ RunTime:0.025823s ]
INFO: [ view_filter ] --START--
INFO: Run Behavior\WriteHtmlCacheBehavior [ RunTime:0.000100s ]
INFO: [ view_filter ] --END-- [ RunTime:0.000140s ]
INFO: [ app_end ] --START--
INFO: Run Behavior\ShowPageTraceBehavior [ RunTime:0.000064s ]
INFO: [ app_end ] --END-- [ RunTime:0.000128s ]

[ 2015-05-30T10:37:31+08:00 ] 10.159.51.14 /index.php/admin/index/left
INFO: [ app_init ] --START--
INFO: Run Behavior\BuildLiteBehavior [ RunTime:0.000019s ]
INFO: [ app_init ] --END-- [ RunTime:0.000136s ]
INFO: [ app_begin ] --START--
INFO: Run Behavior\ReadHtmlCacheBehavior [ RunTime:0.000056s ]
INFO: [ app_begin ] --END-- [ RunTime:0.000135s ]
SQL: SHOW COLUMNS FROM `yzclub_admin_node` [ RunTime:0.0024s ]
SQL: SELECT * FROM `yzclub_admin_node` WHERE `name` = 'Index' AND `level` = '1' LIMIT 1   [ RunTime:0.0014s ]
SQL: SELECT * FROM `yzclub_admin_node` WHERE `name` = 'left' AND `pid` = null LIMIT 1   [ RunTime:0.0009s ]
SQL: SELECT * FROM `yzclub_admin_node` WHERE ( level != "-1" and status > 0 ) ORDER BY id asc  [ RunTime:0.0018s ]
INFO: [ view_parse ] --START--
INFO: [ template_filter ] --START--
INFO: Run Behavior\ContentReplaceBehavior [ RunTime:0.000050s ]
INFO: [ template_filter ] --END-- [ RunTime:0.000124s ]
NOTIC: [8] Undefined index: _child /alidata/www/club.yaozh.com/Application/Runtime/Cache/Admin/6778f0baf40e879d2b8c18d2052abd0c.php 第 25 行.
NOTIC: [8] Undefined index: _child /alidata/www/club.yaozh.com/Application/Runtime/Cache/Admin/6778f0baf40e879d2b8c18d2052abd0c.php 第 25 行.
NOTIC: [8] Undefined index: _child /alidata/www/club.yaozh.com/Application/Runtime/Cache/Admin/6778f0baf40e879d2b8c18d2052abd0c.php 第 22 行.
INFO: Run Behavior\ParseTemplateBehavior [ RunTime:0.023852s ]
INFO: [ view_parse ] --END-- [ RunTime:0.023960s ]
INFO: [ view_filter ] --START--
INFO: Run Behavior\WriteHtmlCacheBehavior [ RunTime:0.000110s ]
INFO: [ view_filter ] --END-- [ RunTime:0.000166s ]
INFO: [ app_end ] --START--
INFO: Run Behavior\ShowPageTraceBehavior [ RunTime:0.000072s ]
INFO: [ app_end ] --END-- [ RunTime:0.000117s ]

[ 2015-05-30T10:37:35+08:00 ] 10.159.63.106 /admin/News/index
INFO: [ app_init ] --START--
INFO: Run Behavior\BuildLiteBehavior [ RunTime:0.000019s ]
INFO: [ app_init ] --END-- [ RunTime:0.000162s ]
INFO: [ app_begin ] --START--
INFO: Run Behavior\ReadHtmlCacheBehavior [ RunTime:0.000068s ]
INFO: [ app_begin ] --END-- [ RunTime:0.000116s ]
SQL: SHOW COLUMNS FROM `yzclub_admin_node` [ RunTime:0.0021s ]
SQL: SELECT * FROM `yzclub_admin_node` WHERE `name` = 'News' AND `level` = '1' LIMIT 1   [ RunTime:0.0039s ]
SQL: SELECT * FROM `yzclub_admin_node` WHERE `name` = 'index' AND `pid` = 134 LIMIT 1   [ RunTime:0.0013s ]
NOTIC: [2] Illegal string offset 'title' /alidata/www/club.yaozh.com/Application/Common/Controller/BaseController.class.php 第 29 行.
SQL: select node.id,node.name from yzclub_admin_role as role,yzclub_admin_role_user as user,yzclub_admin_access as access ,yzclub_admin_node as node where user.user_id='2' and user.role_id=role.id and ( access.role_id=role.id  or (access.role_id=role.pid and role.pid!=0 ) ) and role.status=1 and access.node_id=node.id and node.level='1' and node.status=1 [ RunTime:0.0014s ]
INFO: [ view_parse ] --START--
INFO: [ template_filter ] --START--
INFO: Run Behavior\ContentReplaceBehavior [ RunTime:0.000067s ]
INFO: [ template_filter ] --END-- [ RunTime:0.000132s ]
INFO: Run Behavior\ParseTemplateBehavior [ RunTime:0.020307s ]
INFO: [ view_parse ] --END-- [ RunTime:0.020369s ]
INFO: [ view_filter ] --START--
INFO: Run Behavior\WriteHtmlCacheBehavior [ RunTime:0.000093s ]
INFO: [ view_filter ] --END-- [ RunTime:0.000135s ]

[ 2015-05-30T10:37:38+08:00 ] 10.159.63.107 /index.php/admin/
INFO: [ app_init ] --START--
INFO: Run Behavior\BuildLiteBehavior [ RunTime:0.000015s ]
INFO: [ app_init ] --END-- [ RunTime:0.000120s ]
INFO: [ app_begin ] --START--
INFO: Run Behavior\ReadHtmlCacheBehavior [ RunTime:0.000073s ]
INFO: [ app_begin ] --END-- [ RunTime:0.000119s ]
SQL: SHOW COLUMNS FROM `yzclub_admin_node` [ RunTime:0.0018s ]
SQL: SELECT * FROM `yzclub_admin_node` WHERE `name` = 'Index' AND `level` = '1' LIMIT 1   [ RunTime:0.0008s ]
SQL: SELECT * FROM `yzclub_admin_node` WHERE `name` = 'index' AND `pid` = null LIMIT 1   [ RunTime:0.0008s ]
INFO: [ view_parse ] --START--
INFO: [ template_filter ] --START--
INFO: Run Behavior\ContentReplaceBehavior [ RunTime:0.000034s ]
INFO: [ template_filter ] --END-- [ RunTime:0.000084s ]
INFO: Run Behavior\ParseTemplateBehavior [ RunTime:0.016100s ]
INFO: [ view_parse ] --END-- [ RunTime:0.016171s ]
INFO: [ view_filter ] --START--
INFO: Run Behavior\WriteHtmlCacheBehavior [ RunTime:0.000091s ]
INFO: [ view_filter ] --END-- [ RunTime:0.000135s ]
INFO: [ app_end ] --START--
INFO: Run Behavior\ShowPageTraceBehavior [ RunTime:0.000078s ]
INFO: [ app_end ] --END-- [ RunTime:0.000117s ]

[ 2015-05-30T10:37:38+08:00 ] 10.159.63.98 /index.php/admin/index/top
INFO: [ app_init ] --START--
INFO: Run Behavior\BuildLiteBehavior [ RunTime:0.000015s ]
INFO: [ app_init ] --END-- [ RunTime:0.000121s ]
INFO: [ app_begin ] --START--
INFO: Run Behavior\ReadHtmlCacheBehavior [ RunTime:0.000055s ]
INFO: [ app_begin ] --END-- [ RunTime:0.000103s ]
SQL: SHOW COLUMNS FROM `yzclub_admin_node` [ RunTime:0.0028s ]
SQL: SELECT * FROM `yzclub_admin_node` WHERE `name` = 'Index' AND `level` = '1' LIMIT 1   [ RunTime:0.0019s ]
SQL: SELECT * FROM `yzclub_admin_node` WHERE `name` = 'top' AND `pid` = null LIMIT 1   [ RunTime:0.0015s ]
SQL: SELECT * FROM `yzclub_admin_node` WHERE ( level="0" ) ORDER BY sort asc  [ RunTime:0.0017s ]
INFO: [ view_parse ] --START--
INFO: [ template_filter ] --START--
INFO: Run Behavior\ContentReplaceBehavior [ RunTime:0.000037s ]
INFO: [ template_filter ] --END-- [ RunTime:0.000086s ]
INFO: Run Behavior\ParseTemplateBehavior [ RunTime:0.017271s ]
INFO: [ view_parse ] --END-- [ RunTime:0.017352s ]
INFO: [ view_filter ] --START--
INFO: Run Behavior\WriteHtmlCacheBehavior [ RunTime:0.000080s ]
INFO: [ view_filter ] --END-- [ RunTime:0.000123s ]
INFO: [ app_end ] --START--
INFO: Run Behavior\ShowPageTraceBehavior [ RunTime:0.000066s ]
INFO: [ app_end ] --END-- [ RunTime:0.000115s ]

[ 2015-05-30T10:37:38+08:00 ] 10.159.51.157 /index.php/admin/index/left
INFO: [ app_init ] --START--
INFO: Run Behavior\BuildLiteBehavior [ RunTime:0.000013s ]
INFO: [ app_init ] --END-- [ RunTime:0.000107s ]
INFO: [ app_begin ] --START--
INFO: Run Behavior\ReadHtmlCacheBehavior [ RunTime:0.000077s ]
INFO: [ app_begin ] --END-- [ RunTime:0.000197s ]
SQL: SHOW COLUMNS FROM `yzclub_admin_node` [ RunTime:0.0019s ]
SQL: SELECT * FROM `yzclub_admin_node` WHERE `name` = 'Index' AND `level` = '1' LIMIT 1   [ RunTime:0.0019s ]
SQL: SELECT * FROM `yzclub_admin_node` WHERE `name` = 'left' AND `pid` = null LIMIT 1   [ RunTime:0.0009s ]
SQL: SELECT * FROM `yzclub_admin_node` WHERE ( level != "-1" and status > 0 ) ORDER BY id asc  [ RunTime:0.0017s ]
INFO: [ view_parse ] --START--
INFO: [ template_filter ] --START--
INFO: Run Behavior\ContentReplaceBehavior [ RunTime:0.000056s ]
INFO: [ template_filter ] --END-- [ RunTime:0.000153s ]
NOTIC: [8] Undefined index: _child /alidata/www/club.yaozh.com/Application/Runtime/Cache/Admin/6778f0baf40e879d2b8c18d2052abd0c.php 第 25 行.
NOTIC: [8] Undefined index: _child /alidata/www/club.yaozh.com/Application/Runtime/Cache/Admin/6778f0baf40e879d2b8c18d2052abd0c.php 第 25 行.
NOTIC: [8] Undefined index: _child /alidata/www/club.yaozh.com/Application/Runtime/Cache/Admin/6778f0baf40e879d2b8c18d2052abd0c.php 第 22 行.
INFO: Run Behavior\ParseTemplateBehavior [ RunTime:0.019983s ]
INFO: [ view_parse ] --END-- [ RunTime:0.020069s ]
INFO: [ view_filter ] --START--
INFO: Run Behavior\WriteHtmlCacheBehavior [ RunTime:0.000084s ]
INFO: [ view_filter ] --END-- [ RunTime:0.000130s ]
INFO: [ app_end ] --START--
INFO: Run Behavior\ShowPageTraceBehavior [ RunTime:0.000083s ]
INFO: [ app_end ] --END-- [ RunTime:0.000127s ]

[ 2015-05-30T10:37:38+08:00 ] 10.159.43.150 /index.php/admin/index/right
INFO: [ app_init ] --START--
INFO: Run Behavior\BuildLiteBehavior [ RunTime:0.000012s ]
INFO: [ app_init ] --END-- [ RunTime:0.000076s ]
INFO: [ app_begin ] --START--
INFO: Run Behavior\ReadHtmlCacheBehavior [ RunTime:0.000051s ]
INFO: [ app_begin ] --END-- [ RunTime:0.000097s ]
SQL: SHOW COLUMNS FROM `yzclub_admin_node` [ RunTime:0.0015s ]
SQL: SELECT * FROM `yzclub_admin_node` WHERE `name` = 'Index' AND `level` = '1' LIMIT 1   [ RunTime:0.0012s ]
SQL: SELECT * FROM `yzclub_admin_node` WHERE `name` = 'right' AND `pid` = null LIMIT 1   [ RunTime:0.0021s ]
SQL: SHOW COLUMNS FROM `yzclub_admin` [ RunTime:0.0018s ]
SQL: SELECT * FROM `yzclub_admin` WHERE `id` = 2 LIMIT 1   [ RunTime:0.0010s ]
INFO: [ view_parse ] --START--
INFO: [ template_filter ] --START--
INFO: Run Behavior\ContentReplaceBehavior [ RunTime:0.000048s ]
INFO: [ template_filter ] --END-- [ RunTime:0.000100s ]
NOTIC: [8] Undefined index: role_name /alidata/www/club.yaozh.com/Application/Runtime/Cache/Admin/7e2e2045534c88122b0a2676c2fd3203.php 第 29 行.
NOTIC: [8] Undefined variable: count /alidata/www/club.yaozh.com/Application/Runtime/Cache/Admin/7e2e2045534c88122b0a2676c2fd3203.php 第 43 行.
NOTIC: [8] Undefined variable: count /alidata/www/club.yaozh.com/Application/Runtime/Cache/Admin/7e2e2045534c88122b0a2676c2fd3203.php 第 44 行.
NOTIC: [8] Undefined variable: count /alidata/www/club.yaozh.com/Application/Runtime/Cache/Admin/7e2e2045534c88122b0a2676c2fd3203.php 第 45 行.
NOTIC: [8] Undefined variable: count /alidata/www/club.yaozh.com/Application/Runtime/Cache/Admin/7e2e2045534c88122b0a2676c2fd3203.php 第 46 行.
NOTIC: [8] Undefined variable: count /alidata/www/club.yaozh.com/Application/Runtime/Cache/Admin/7e2e2045534c88122b0a2676c2fd3203.php 第 47 行.
NOTIC: [8] Undefined variable: count /alidata/www/club.yaozh.com/Application/Runtime/Cache/Admin/7e2e2045534c88122b0a2676c2fd3203.php 第 48 行.
NOTIC: [8] Undefined variable: count /alidata/www/club.yaozh.com/Application/Runtime/Cache/Admin/7e2e2045534c88122b0a2676c2fd3203.php 第 54 行.
NOTIC: [8] Undefined variable: count /alidata/www/club.yaozh.com/Application/Runtime/Cache/Admin/7e2e2045534c88122b0a2676c2fd3203.php 第 55 行.
NOTIC: [8] Undefined variable: count /alidata/www/club.yaozh.com/Application/Runtime/Cache/Admin/7e2e2045534c88122b0a2676c2fd3203.php 第 61 行.
NOTIC: [8] Undefined variable: count /alidata/www/club.yaozh.com/Application/Runtime/Cache/Admin/7e2e2045534c88122b0a2676c2fd3203.php 第 62 行.
NOTIC: [2048] Only variables should be passed by reference /alidata/www/club.yaozh.com/Application/Runtime/Cache/Admin/7e2e2045534c88122b0a2676c2fd3203.php 第 102 行.
NOTIC: [2048] Only variables should be passed by reference /alidata/www/club.yaozh.com/Application/Runtime/Cache/Admin/7e2e2045534c88122b0a2676c2fd3203.php 第 102 行.
NOTIC: [2048] Only variables should be passed by reference /alidata/www/club.yaozh.com/Application/Runtime/Cache/Admin/7e2e2045534c88122b0a2676c2fd3203.php 第 102 行.
NOTIC: [2048] Only variables should be passed by reference /alidata/www/club.yaozh.com/Application/Runtime/Cache/Admin/7e2e2045534c88122b0a2676c2fd3203.php 第 102 行.
NOTIC: [2048] Only variables should be passed by reference /alidata/www/club.yaozh.com/Application/Runtime/Cache/Admin/7e2e2045534c88122b0a2676c2fd3203.php 第 102 行.
NOTIC: [2048] Only variables should be passed by reference /alidata/www/club.yaozh.com/Application/Runtime/Cache/Admin/7e2e2045534c88122b0a2676c2fd3203.php 第 102 行.
NOTIC: [2048] Only variables should be passed by reference /alidata/www/club.yaozh.com/Application/Runtime/Cache/Admin/7e2e2045534c88122b0a2676c2fd3203.php 第 102 行.
NOTIC: [2048] Only variables should be passed by reference /alidata/www/club.yaozh.com/Application/Runtime/Cache/Admin/7e2e2045534c88122b0a2676c2fd3203.php 第 102 行.
NOTIC: [2048] Only variables should be passed by reference /alidata/www/club.yaozh.com/Application/Runtime/Cache/Admin/7e2e2045534c88122b0a2676c2fd3203.php 第 102 行.
NOTIC: [2048] Only variables should be passed by reference /alidata/www/club.yaozh.com/Application/Runtime/Cache/Admin/7e2e2045534c88122b0a2676c2fd3203.php 第 102 行.
NOTIC: [2048] Only variables should be passed by reference /alidata/www/club.yaozh.com/Application/Runtime/Cache/Admin/7e2e2045534c88122b0a2676c2fd3203.php 第 102 行.
NOTIC: [2048] Only variables should be passed by reference /alidata/www/club.yaozh.com/Application/Runtime/Cache/Admin/7e2e2045534c88122b0a2676c2fd3203.php 第 102 行.
NOTIC: [2048] Only variables should be passed by reference /alidata/www/club.yaozh.com/Application/Runtime/Cache/Admin/7e2e2045534c88122b0a2676c2fd3203.php 第 102 行.
NOTIC: [2048] Only variables should be passed by reference /alidata/www/club.yaozh.com/Application/Runtime/Cache/Admin/7e2e2045534c88122b0a2676c2fd3203.php 第 102 行.
NOTIC: [2048] Only variables should be passed by reference /alidata/www/club.yaozh.com/Application/Runtime/Cache/Admin/7e2e2045534c88122b0a2676c2fd3203.php 第 102 行.
NOTIC: [2048] Only variables should be passed by reference /alidata/www/club.yaozh.com/Application/Runtime/Cache/Admin/7e2e2045534c88122b0a2676c2fd3203.php 第 102 行.
NOTIC: [2048] Only variables should be passed by reference /alidata/www/club.yaozh.com/Application/Runtime/Cache/Admin/7e2e2045534c88122b0a2676c2fd3203.php 第 102 行.
NOTIC: [2048] Only variables should be passed by reference /alidata/www/club.yaozh.com/Application/Runtime/Cache/Admin/7e2e2045534c88122b0a2676c2fd3203.php 第 102 行.
NOTIC: [2048] Only variables should be passed by reference /alidata/www/club.yaozh.com/Application/Runtime/Cache/Admin/7e2e2045534c88122b0a2676c2fd3203.php 第 102 行.
NOTIC: [2048] Only variables should be passed by reference /alidata/www/club.yaozh.com/Application/Runtime/Cache/Admin/7e2e2045534c88122b0a2676c2fd3203.php 第 102 行.
NOTIC: [2048] Only variables should be passed by reference /alidata/www/club.yaozh.com/Application/Runtime/Cache/Admin/7e2e2045534c88122b0a2676c2fd3203.php 第 102 行.
NOTIC: [2048] Only variables should be passed by reference /alidata/www/club.yaozh.com/Application/Runtime/Cache/Admin/7e2e2045534c88122b0a2676c2fd3203.php 第 102 行.
NOTIC: [2048] Only variables should be passed by reference /alidata/www/club.yaozh.com/Application/Runtime/Cache/Admin/7e2e2045534c88122b0a2676c2fd3203.php 第 102 行.
NOTIC: [2048] Only variables should be passed by reference /alidata/www/club.yaozh.com/Application/Runtime/Cache/Admin/7e2e2045534c88122b0a2676c2fd3203.php 第 102 行.
NOTIC: [2048] Only variables should be passed by reference /alidata/www/club.yaozh.com/Application/Runtime/Cache/Admin/7e2e2045534c88122b0a2676c2fd3203.php 第 102 行.
NOTIC: [2048] Only variables should be passed by reference /alidata/www/club.yaozh.com/Application/Runtime/Cache/Admin/7e2e2045534c88122b0a2676c2fd3203.php 第 102 行.
INFO: Run Behavior\ParseTemplateBehavior [ RunTime:0.021686s ]
INFO: [ view_parse ] --END-- [ RunTime:0.021751s ]
INFO: [ view_filter ] --START--
INFO: Run Behavior\WriteHtmlCacheBehavior [ RunTime:0.000068s ]
INFO: [ view_filter ] --END-- [ RunTime:0.000105s ]
INFO: [ app_end ] --START--
INFO: Run Behavior\ShowPageTraceBehavior [ RunTime:0.000061s ]
INFO: [ app_end ] --END-- [ RunTime:0.000104s ]

[ 2015-05-30T10:37:42+08:00 ] 10.159.43.154 /admin/index/all
INFO: [ app_init ] --START--
INFO: Run Behavior\BuildLiteBehavior [ RunTime:0.000017s ]
INFO: [ app_init ] --END-- [ RunTime:0.000185s ]
INFO: [ app_begin ] --START--
INFO: Run Behavior\ReadHtmlCacheBehavior [ RunTime:0.000073s ]
INFO: [ app_begin ] --END-- [ RunTime:0.000117s ]
SQL: SHOW COLUMNS FROM `yzclub_admin_node` [ RunTime:0.0020s ]
SQL: SELECT * FROM `yzclub_admin_node` WHERE `name` = 'Index' AND `level` = '1' LIMIT 1   [ RunTime:0.0011s ]
SQL: SELECT * FROM `yzclub_admin_node` WHERE `name` = 'all' AND `pid` = null LIMIT 1   [ RunTime:0.0011s ]
SQL: SELECT * FROM `yzclub_admin_node` WHERE ( level != "-1" and status > 0 )  [ RunTime:0.0015s ]
INFO: [ view_parse ] --START--
INFO: [ template_filter ] --START--
INFO: Run Behavior\ContentReplaceBehavior [ RunTime:0.000039s ]
INFO: [ template_filter ] --END-- [ RunTime:0.000111s ]
NOTIC: [8] Undefined index: _child /alidata/www/club.yaozh.com/Application/Runtime/Cache/Admin/f3cbbd0bfc30500bc4905a546f6771a9.php 第 35 行.
NOTIC: [8] Undefined index: _child /alidata/www/club.yaozh.com/Application/Runtime/Cache/Admin/f3cbbd0bfc30500bc4905a546f6771a9.php 第 35 行.
NOTIC: [8] Undefined index: _child /alidata/www/club.yaozh.com/Application/Runtime/Cache/Admin/f3cbbd0bfc30500bc4905a546f6771a9.php 第 29 行.
INFO: Run Behavior\ParseTemplateBehavior [ RunTime:0.021604s ]
INFO: [ view_parse ] --END-- [ RunTime:0.021671s ]
INFO: [ view_filter ] --START--
INFO: Run Behavior\WriteHtmlCacheBehavior [ RunTime:0.000108s ]
INFO: [ view_filter ] --END-- [ RunTime:0.000148s ]
INFO: [ app_end ] --START--
INFO: Run Behavior\ShowPageTraceBehavior [ RunTime:0.000079s ]
INFO: [ app_end ] --END-- [ RunTime:0.000124s ]

[ 2015-05-30T10:37:44+08:00 ] 10.159.43.216 /admin/Admin/add
INFO: [ app_init ] --START--
INFO: Run Behavior\BuildLiteBehavior [ RunTime:0.000015s ]
INFO: [ app_init ] --END-- [ RunTime:0.000135s ]
INFO: [ app_begin ] --START--
INFO: Run Behavior\ReadHtmlCacheBehavior [ RunTime:0.000058s ]
INFO: [ app_begin ] --END-- [ RunTime:0.000103s ]
SQL: SHOW COLUMNS FROM `yzclub_admin_node` [ RunTime:0.0016s ]
SQL: SELECT * FROM `yzclub_admin_node` WHERE `name` = 'Admin' AND `level` = '1' LIMIT 1   [ RunTime:0.0016s ]
SQL: SELECT * FROM `yzclub_admin_node` WHERE `name` = 'add' AND `pid` = 33 LIMIT 1   [ RunTime:0.0018s ]
NOTIC: [2] Illegal string offset 'title' /alidata/www/club.yaozh.com/Application/Common/Controller/BaseController.class.php 第 29 行.
SQL: select node.id,node.name from yzclub_admin_role as role,yzclub_admin_role_user as user,yzclub_admin_access as access ,yzclub_admin_node as node where user.user_id='2' and user.role_id=role.id and ( access.role_id=role.id  or (access.role_id=role.pid and role.pid!=0 ) ) and role.status=1 and access.node_id=node.id and node.level='1' and node.status=1 [ RunTime:0.0007s ]
INFO: [ view_parse ] --START--
INFO: [ template_filter ] --START--
INFO: Run Behavior\ContentReplaceBehavior [ RunTime:0.000039s ]
INFO: [ template_filter ] --END-- [ RunTime:0.000090s ]
INFO: Run Behavior\ParseTemplateBehavior [ RunTime:0.015506s ]
INFO: [ view_parse ] --END-- [ RunTime:0.015759s ]
INFO: [ view_filter ] --START--
INFO: Run Behavior\WriteHtmlCacheBehavior [ RunTime:0.000174s ]
INFO: [ view_filter ] --END-- [ RunTime:0.000236s ]

[ 2015-05-30T10:37:45+08:00 ] 10.159.43.71 /admin/Admin/index
INFO: [ app_init ] --START--
INFO: Run Behavior\BuildLiteBehavior [ RunTime:0.000016s ]
INFO: [ app_init ] --END-- [ RunTime:0.000142s ]
INFO: [ app_begin ] --START--
INFO: Run Behavior\ReadHtmlCacheBehavior [ RunTime:0.000065s ]
INFO: [ app_begin ] --END-- [ RunTime:0.000110s ]
SQL: SHOW COLUMNS FROM `yzclub_admin_node` [ RunTime:0.0033s ]
SQL: SELECT * FROM `yzclub_admin_node` WHERE `name` = 'Admin' AND `level` = '1' LIMIT 1   [ RunTime:0.0011s ]
SQL: SELECT * FROM `yzclub_admin_node` WHERE `name` = 'index' AND `pid` = 33 LIMIT 1   [ RunTime:0.0015s ]
NOTIC: [2] Illegal string offset 'title' /alidata/www/club.yaozh.com/Application/Common/Controller/BaseController.class.php 第 29 行.
SQL: select node.id,node.name from yzclub_admin_role as role,yzclub_admin_role_user as user,yzclub_admin_access as access ,yzclub_admin_node as node where user.user_id='2' and user.role_id=role.id and ( access.role_id=role.id  or (access.role_id=role.pid and role.pid!=0 ) ) and role.status=1 and access.node_id=node.id and node.level='1' and node.status=1 [ RunTime:0.0025s ]
INFO: [ view_parse ] --START--
INFO: [ template_filter ] --START--
INFO: Run Behavior\ContentReplaceBehavior [ RunTime:0.000041s ]
INFO: [ template_filter ] --END-- [ RunTime:0.000102s ]
INFO: Run Behavior\ParseTemplateBehavior [ RunTime:0.017056s ]
INFO: [ view_parse ] --END-- [ RunTime:0.017135s ]
INFO: [ view_filter ] --START--
INFO: Run Behavior\WriteHtmlCacheBehavior [ RunTime:0.000091s ]
INFO: [ view_filter ] --END-- [ RunTime:0.000132s ]

